           1
          50          50
           1
   29920000000000.000        29920000000000.000     
 0.60000000000000E+05
  
 0.14069967958815E-28
 0.14069967958815E-28
 0.14069967958815E-28
 0.14069967958815E-28
 0.14069967958815E-28
 0.14069967958815E-28
 0.14069967958815E-28
 0.14069967958815E-28
 0.14069967958815E-28
 0.14069967958815E-28
 0.14069967958815E-28
 0.14069967958815E-28
 0.14069967958815E-28
 0.14069967958815E-28
 0.14069967958815E-28
 0.14069967958815E-28
 0.14069967958815E-28
 0.14069967958815E-28
 0.14069967958815E-28
 0.14069967958815E-28
 0.14069967958815E-28
 0.14069967958815E-28
 0.14069967958815E-28
 0.14069967958815E-28
 0.14069967958815E-28
 0.14069967958815E-28
 0.14069967958815E-28
 0.14069967958815E-28
 0.14069967958815E-28
 0.14069967958815E-28
 0.14069967958815E-28
 0.14069967958815E-28
 0.14069967958815E-28
 0.14069967958815E-28
 0.14069967958815E-28
 0.14069967958815E-28
 0.14069967958815E-28
 0.14069967958815E-28
 0.14069967958815E-28
 0.14069967958815E-28
 0.14069967958815E-28
 0.14069967958815E-28
 0.34970396365669E-17
 0.10064330536150E-16
 0.66795012675581E-16
 0.51900936438117E-16
 0.57711808875398E-16
 0.83313710437668E-16
 0.49955241338017E-16
 0.10067020279277E-15
 0.14069967958815E-28
 0.14069967958815E-28
 0.14069967958815E-28
 0.14069967958815E-28
 0.14069967958815E-28
 0.14069967958815E-28
 0.14069967958815E-28
 0.14069967958815E-28
 0.14069967958815E-28
 0.14069967958815E-28
 0.14069967958815E-28
 0.14069967958815E-28
 0.14069967958815E-28
 0.14069967958815E-28
 0.14069967958815E-28
 0.14069967958815E-28
 0.14069967958815E-28
 0.14069967958815E-28
 0.14069967958815E-28
 0.14069967958815E-28
 0.14069967958815E-28
 0.14069967958815E-28
 0.14069967958815E-28
 0.14069967958815E-28
 0.14069967958815E-28
 0.14069967958815E-28
 0.14069967958815E-28
 0.14069967958815E-28
 0.14069967958815E-28
 0.14069967958815E-28
 0.14069967958815E-28
 0.14069967958815E-28
 0.14069967958815E-28
 0.14069967958815E-28
 0.14069967958815E-28
 0.14069967958815E-28
 0.14069967958815E-28
 0.14069967958815E-28
 0.14069967958815E-28
 0.14069967958815E-28
 0.14069967958815E-28
 0.14069967958815E-28
 0.14931544860858E-16
 0.49808182717575E-16
 0.64426863051298E-16
 0.78278695718326E-16
 0.60215017621770E-16
 0.81235247759867E-16
 0.94767972455791E-16
 0.94592708370097E-16
 0.14069967958815E-28
 0.14069967958815E-28
 0.14069967958815E-28
 0.14069967958815E-28
 0.14069967958815E-28
 0.14069967958815E-28
 0.14069967958815E-28
 0.14069967958815E-28
 0.14069967958815E-28
 0.14069967958815E-28
 0.14069967958815E-28
 0.14069967958815E-28
 0.14069967958815E-28
 0.14069967958815E-28
 0.14069967958815E-28
 0.14069967958815E-28
 0.14069967958815E-28
 0.14069967958815E-28
 0.14069967958815E-28
 0.14069967958815E-28
 0.14069967958815E-28
 0.14069967958815E-28
 0.14069967958815E-28
 0.14069967958815E-28
 0.14069967958815E-28
 0.14069967958815E-28
 0.14069967958815E-28
 0.14069967958815E-28
 0.14069967958815E-28
 0.14069967958815E-28
 0.14069967958815E-28
 0.14069967958815E-28
 0.14069967958815E-28
 0.14069967958815E-28
 0.14069967958815E-28
 0.14069967958815E-28
 0.14069967958815E-28
 0.14069967958815E-28
 0.14069967958815E-28
 0.14069967958815E-28
 0.14069967958815E-28
 0.14949951540041E-16
 0.36167747625226E-16
 0.71923525172782E-16
 0.83673015090214E-16
 0.92447741171012E-16
 0.14389326622749E-15
 0.11458761298082E-15
 0.86929899510314E-16
 0.11073239155346E-15
 0.14069967958815E-28
 0.14069967958815E-28
 0.14069967958815E-28
 0.14069967958815E-28
 0.14069967958815E-28
 0.14069967958815E-28
 0.14069967958815E-28
 0.14069967958815E-28
 0.14069967958815E-28
 0.14069967958815E-28
 0.14069967958815E-28
 0.14069967958815E-28
 0.14069967958815E-28
 0.14069967958815E-28
 0.14069967958815E-28
 0.14069967958815E-28
 0.14069967958815E-28
 0.14069967958815E-28
 0.14069967958815E-28
 0.14069967958815E-28
 0.14069967958815E-28
 0.14069967958815E-28
 0.14069967958815E-28
 0.14069967958815E-28
 0.14069967958815E-28
 0.14069967958815E-28
 0.14069967958815E-28
 0.14069967958815E-28
 0.14069967958815E-28
 0.14069967958815E-28
 0.14069967958815E-28
 0.14069967958815E-28
 0.14069967958815E-28
 0.14069967958815E-28
 0.14069967958815E-28
 0.14069967958815E-28
 0.14069967958815E-28
 0.14069967958815E-28
 0.14069967958815E-28
 0.53268070742516E-17
 0.39974520636070E-16
 0.60915520503149E-16
 0.43117724017364E-16
 0.10906137733635E-15
 0.66049511359913E-16
 0.99377305008164E-16
 0.12601088250079E-15
 0.97164971884336E-16
 0.13944527355685E-15
 0.11761135868435E-15
 0.14069967958815E-28
 0.14069967958815E-28
 0.14069967958815E-28
 0.14069967958815E-28
 0.14069967958815E-28
 0.14069967958815E-28
 0.14069967958815E-28
 0.14069967958815E-28
 0.14069967958815E-28
 0.14069967958815E-28
 0.14069967958815E-28
 0.14069967958815E-28
 0.14069967958815E-28
 0.14069967958815E-28
 0.14069967958815E-28
 0.14069967958815E-28
 0.14069967958815E-28
 0.14069967958815E-28
 0.14069967958815E-28
 0.14069967958815E-28
 0.14069967958815E-28
 0.14069967958815E-28
 0.14069967958815E-28
 0.14069967958815E-28
 0.14069967958815E-28
 0.14069967958815E-28
 0.14069967958815E-28
 0.14069967958815E-28
 0.14069967958815E-28
 0.14069967958815E-28
 0.14069967958815E-28
 0.14069967958815E-28
 0.14069967958815E-28
 0.14069967958815E-28
 0.14069967958815E-28
 0.14069967958815E-28
 0.14069967958815E-28
 0.14069967958815E-28
 0.61955206815320E-17
 0.52815491046544E-16
 0.79442374609160E-16
 0.88838720483998E-16
 0.16172727735637E-15
 0.15913800394822E-15
 0.14107356669776E-15
 0.13696728802032E-15
 0.14551884016377E-15
 0.18730346820644E-15
 0.88861262221389E-16
 0.15892526650320E-15
 0.14069967958815E-28
 0.14069967958815E-28
 0.14069967958815E-28
 0.14069967958815E-28
 0.14069967958815E-28
 0.14069967958815E-28
 0.14069967958815E-28
 0.14069967958815E-28
 0.14069967958815E-28
 0.14069967958815E-28
 0.14069967958815E-28
 0.14069967958815E-28
 0.14069967958815E-28
 0.14069967958815E-28
 0.14069967958815E-28
 0.14069967958815E-28
 0.14069967958815E-28
 0.14069967958815E-28
 0.14069967958815E-28
 0.14069967958815E-28
 0.14069967958815E-28
 0.14069967958815E-28
 0.14069967958815E-28
 0.14069967958815E-28
 0.14069967958815E-28
 0.14069967958815E-28
 0.14069967958815E-28
 0.14069967958815E-28
 0.14069967958815E-28
 0.14069967958815E-28
 0.14069967958815E-28
 0.14069967958815E-28
 0.14069967958815E-28
 0.14069967958815E-28
 0.14069967958815E-28
 0.14069967958815E-28
 0.14069967958815E-28
 0.14069967958815E-28
 0.44484580892938E-16
 0.91488156771373E-16
 0.15772613135020E-15
 0.22736591894696E-15
 0.13924932026285E-15
 0.15822145377650E-15
 0.12323131066334E-15
 0.19513467458632E-15
 0.13557652520646E-15
 0.21047747899610E-15
 0.13577049188627E-15
 0.17592687211009E-15
 0.14069967958815E-28
 0.14069967958815E-28
 0.14069967958815E-28
 0.14069967958815E-28
 0.14069967958815E-28
 0.14069967958815E-28
 0.14069967958815E-28
 0.14069967958815E-28
 0.14069967958815E-28
 0.14069967958815E-28
 0.14069967958815E-28
 0.14069967958815E-28
 0.14069967958815E-28
 0.14069967958815E-28
 0.14069967958815E-28
 0.14069967958815E-28
 0.14069967958815E-28
 0.14069967958815E-28
 0.14069967958815E-28
 0.14069967958815E-28
 0.14069967958815E-28
 0.14069967958815E-28
 0.14069967958815E-28
 0.14069967958815E-28
 0.14069967958815E-28
 0.14069967958815E-28
 0.14069967958815E-28
 0.14069967958815E-28
 0.14069967958815E-28
 0.14069967958815E-28
 0.14069967958815E-28
 0.14069967958815E-28
 0.14069967958815E-28
 0.14069967958815E-28
 0.14069967958815E-28
 0.14069967958815E-28
 0.44838956708463E-17
 0.14214626914549E-15
 0.13424917976301E-15
 0.14163701324817E-15
 0.17351952198969E-15
 0.16891111533394E-15
 0.15385361711841E-15
 0.19338401748068E-15
 0.21066968031762E-15
 0.16231401626263E-15
 0.25437978586625E-15
 0.17963677530795E-15
 0.14607973974590E-15
 0.17229937582520E-15
 0.14069967958815E-28
 0.14069967958815E-28
 0.14069967958815E-28
 0.14069967958815E-28
 0.14069967958815E-28
 0.14069967958815E-28
 0.14069967958815E-28
 0.14069967958815E-28
 0.14069967958815E-28
 0.14069967958815E-28
 0.14069967958815E-28
 0.14069967958815E-28
 0.14069967958815E-28
 0.14069967958815E-28
 0.14069967958815E-28
 0.14069967958815E-28
 0.14069967958815E-28
 0.14069967958815E-28
 0.14069967958815E-28
 0.14069967958815E-28
 0.14069967958815E-28
 0.14069967958815E-28
 0.14069967958815E-28
 0.14069967958815E-28
 0.14069967958815E-28
 0.14069967958815E-28
 0.14069967958815E-28
 0.14069967958815E-28
 0.14069967958815E-28
 0.14069967958815E-28
 0.14069967958815E-28
 0.14069967958815E-28
 0.14069967958815E-28
 0.14069967958815E-28
 0.14069967958815E-28
 0.14069967958815E-28
 0.12542413059934E-15
 0.26671987356771E-15
 0.20402827983718E-15
 0.22968172853539E-15
 0.21346858191848E-15
 0.28637779758675E-15
 0.20761722243812E-15
 0.25379483591557E-15
 0.23000026508335E-15
 0.22112907221606E-15
 0.28127977306861E-15
 0.18436471005287E-15
 0.15852790526983E-15
 0.17302718842152E-15
 0.14069967958815E-28
 0.14069967958815E-28
 0.14069967958815E-28
 0.14069967958815E-28
 0.14069967958815E-28
 0.14069967958815E-28
 0.14069967958815E-28
 0.14069967958815E-28
 0.14069967958815E-28
 0.14069967958815E-28
 0.14069967958815E-28
 0.14069967958815E-28
 0.14069967958815E-28
 0.14069967958815E-28
 0.14069967958815E-28
 0.14069967958815E-28
 0.14069967958815E-28
 0.14069967958815E-28
 0.14069967958815E-28
 0.14069967958815E-28
 0.14069967958815E-28
 0.14069967958815E-28
 0.14069967958815E-28
 0.14069967958815E-28
 0.14069967958815E-28
 0.14069967958815E-28
 0.14069967958815E-28
 0.14069967958815E-28
 0.14069967958815E-28
 0.14069967958815E-28
 0.14069967958815E-28
 0.14069967958815E-28
 0.14069967958815E-28
 0.14069967958815E-28
 0.14069967958815E-28
 0.54979151331381E-16
 0.23595375053716E-15
 0.24925776995346E-15
 0.37448346892513E-15
 0.36160853933018E-15
 0.26636072108216E-15
 0.34298669164910E-15
 0.30702640318210E-15
 0.33433715495995E-15
 0.28036033247479E-15
 0.28727717871579E-15
 0.26957088637298E-15
 0.17985169243472E-15
 0.20703709812939E-15
 0.23281352619803E-15
 0.14069967958815E-28
 0.14069967958815E-28
 0.14069967958815E-28
 0.14069967958815E-28
 0.14069967958815E-28
 0.14069967958815E-28
 0.14069967958815E-28
 0.14069967958815E-28
 0.14069967958815E-28
 0.14069967958815E-28
 0.14069967958815E-28
 0.14069967958815E-28
 0.14069967958815E-28
 0.14069967958815E-28
 0.14069967958815E-28
 0.14069967958815E-28
 0.14069967958815E-28
 0.14069967958815E-28
 0.14069967958815E-28
 0.14069967958815E-28
 0.14069967958815E-28
 0.14069967958815E-28
 0.14069967958815E-28
 0.14069967958815E-28
 0.14069967958815E-28
 0.14069967958815E-28
 0.14069967958815E-28
 0.14069967958815E-28
 0.14069967958815E-28
 0.14069967958815E-28
 0.14069967958815E-28
 0.14069967958815E-28
 0.14069967958815E-28
 0.14069967958815E-28
 0.15968296792028E-15
 0.25329001802771E-15
 0.35828663200103E-15
 0.37840289996625E-15
 0.45191599787616E-15
 0.40981670722376E-15
 0.33884611865676E-15
 0.35423631613065E-15
 0.39531530707921E-15
 0.32117684889340E-15
 0.29649781670616E-15
 0.29631576732130E-15
 0.26577316135226E-15
 0.26034223334750E-15
 0.29187963210936E-15
 0.23078413857714E-15
 0.14069967958815E-28
 0.14069967958815E-28
 0.14069967958815E-28
 0.14069967958815E-28
 0.14069967958815E-28
 0.14069967958815E-28
 0.14069967958815E-28
 0.14069967958815E-28
 0.14069967958815E-28
 0.14069967958815E-28
 0.14069967958815E-28
 0.14069967958815E-28
 0.14069967958815E-28
 0.14069967958815E-28
 0.14069967958815E-28
 0.14069967958815E-28
 0.14069967958815E-28
 0.14069967958815E-28
 0.14069967958815E-28
 0.14069967958815E-28
 0.14069967958815E-28
 0.14069967958815E-28
 0.14069967958815E-28
 0.14069967958815E-28
 0.14069967958815E-28
 0.14069967958815E-28
 0.14069967958815E-28
 0.14069967958815E-28
 0.14069967958815E-28
 0.14069967958815E-28
 0.14069967958815E-28
 0.14069967958815E-28
 0.14069967958815E-28
 0.92118315622664E-16
 0.44863236550750E-15
 0.52302713229005E-15
 0.67898823363079E-15
 0.65224832561019E-15
 0.54008238188514E-15
 0.54886014213876E-15
 0.52505190800362E-15
 0.39820167164004E-15
 0.52119666082604E-15
 0.41389669488504E-15
 0.39410073961378E-15
 0.39330283565141E-15
 0.31907122041422E-15
 0.35551066288075E-15
 0.23910411600380E-15
 0.32521781245543E-15
 0.14069967958815E-28
 0.14069967958815E-28
 0.14069967958815E-28
 0.14069967958815E-28
 0.14069967958815E-28
 0.14069967958815E-28
 0.14069967958815E-28
 0.14069967958815E-28
 0.14069967958815E-28
 0.14069967958815E-28
 0.14069967958815E-28
 0.14069967958815E-28
 0.14069967958815E-28
 0.14069967958815E-28
 0.14069967958815E-28
 0.14069967958815E-28
 0.14069967958815E-28
 0.14069967958815E-28
 0.14069967958815E-28
 0.14069967958815E-28
 0.14069967958815E-28
 0.14069967958815E-28
 0.14069967958815E-28
 0.14069967958815E-28
 0.14069967958815E-28
 0.14069967958815E-28
 0.14069967958815E-28
 0.14069967958815E-28
 0.14069967958815E-28
 0.14069967958815E-28
 0.14069967958815E-28
 0.14069967958815E-28
 0.10899722685720E-15
 0.43349487740741E-15
 0.58145416275800E-15
 0.57569184049297E-15
 0.76831806563055E-15
 0.85567475449052E-15
 0.64278222050135E-15
 0.56037099762585E-15
 0.51872964825574E-15
 0.47614187981247E-15
 0.43257736583691E-15
 0.38435578087056E-15
 0.52341903232475E-15
 0.46530204809693E-15
 0.38292886200731E-15
 0.37064200688056E-15
 0.35031784689094E-15
 0.38745062547029E-15
 0.14069967958815E-28
 0.14069967958815E-28
 0.14069967958815E-28
 0.14069967958815E-28
 0.14069967958815E-28
 0.14069967958815E-28
 0.14069967958815E-28
 0.14069967958815E-28
 0.14069967958815E-28
 0.14069967958815E-28
 0.14069967958815E-28
 0.14069967958815E-28
 0.14069967958815E-28
 0.14069967958815E-28
 0.14069967958815E-28
 0.14069967958815E-28
 0.14069967958815E-28
 0.14069967958815E-28
 0.14069967958815E-28
 0.14069967958815E-28
 0.14069967958815E-28
 0.14069967958815E-28
 0.14069967958815E-28
 0.14069967958815E-28
 0.14069967958815E-28
 0.14069967958815E-28
 0.14069967958815E-28
 0.14069967958815E-28
 0.14069967958815E-28
 0.14069967958815E-28
 0.14069967958815E-28
 0.48223216687352E-16
 0.63817790097717E-15
 0.95017798655093E-15
 0.95248842053341E-15
 0.10580644967856E-14
 0.95096739078158E-15
 0.82940204360678E-15
 0.74167402044851E-15
 0.71039617948793E-15
 0.74480010287074E-15
 0.56659132410627E-15
 0.57358444764885E-15
 0.70373139704376E-15
 0.52746324491733E-15
 0.56898857018867E-15
 0.56702768247919E-15
 0.50964113747960E-15
 0.37165365425284E-15
 0.48079063960120E-15
 0.14069967958815E-28
 0.14069967958815E-28
 0.14069967958815E-28
 0.14069967958815E-28
 0.14069967958815E-28
 0.14069967958815E-28
 0.14069967958815E-28
 0.14069967958815E-28
 0.14069967958815E-28
 0.14069967958815E-28
 0.14069967958815E-28
 0.14069967958815E-28
 0.14069967958815E-28
 0.14069967958815E-28
 0.14069967958815E-28
 0.14069967958815E-28
 0.14069967958815E-28
 0.14069967958815E-28
 0.14069967958815E-28
 0.14069967958815E-28
 0.14069967958815E-28
 0.14069967958815E-28
 0.14069967958815E-28
 0.14069967958815E-28
 0.14069967958815E-28
 0.14069967958815E-28
 0.14069967958815E-28
 0.14069967958815E-28
 0.14069967958815E-28
 0.14069967958815E-28
 0.43769364665334E-16
 0.73798783088547E-15
 0.12956735249500E-14
 0.14430863382712E-14
 0.96036539350955E-15
 0.12008629626739E-14
 0.10033494731393E-14
 0.96943043225279E-15
 0.13034983404404E-14
 0.10204689738668E-14
 0.10241537445443E-14
 0.74626366704876E-15
 0.70382142690899E-15
 0.67677914984638E-15
 0.63401069434506E-15
 0.68294326693247E-15
 0.58570786807382E-15
 0.55505038302452E-15
 0.50867311534143E-15
 0.49077639122708E-15
 0.14069967958815E-28
 0.14069967958815E-28
 0.14069967958815E-28
 0.14069967958815E-28
 0.14069967958815E-28
 0.14069967958815E-28
 0.14069967958815E-28
 0.14069967958815E-28
 0.14069967958815E-28
 0.14069967958815E-28
 0.14069967958815E-28
 0.14069967958815E-28
 0.14069967958815E-28
 0.14069967958815E-28
 0.14069967958815E-28
 0.14069967958815E-28
 0.14069967958815E-28
 0.14069967958815E-28
 0.14069967958815E-28
 0.14069967958815E-28
 0.14069967958815E-28
 0.14069967958815E-28
 0.14069967958815E-28
 0.14069967958815E-28
 0.14069967958815E-28
 0.14069967958815E-28
 0.14069967958815E-28
 0.14069967958815E-28
 0.14069967958815E-28
 0.14069967958815E-28
 0.42863261831145E-15
 0.14650558470365E-14
 0.20654931340283E-14
 0.16711188029982E-14
 0.13547670046085E-14
 0.14403201004916E-14
 0.13838186031356E-14
 0.14587012363516E-14
 0.95973035782382E-15
 0.10677321871068E-14
 0.11744446652728E-14
 0.94440716697726E-15
 0.84006026830577E-15
 0.79189252271417E-15
 0.91310953643969E-15
 0.97908882839648E-15
 0.85640036619624E-15
 0.65282363553425E-15
 0.55834225037409E-15
 0.39036739934310E-15
 0.14069967958815E-28
 0.14069967958815E-28
 0.14069967958815E-28
 0.14069967958815E-28
 0.14069967958815E-28
 0.14069967958815E-28
 0.14069967958815E-28
 0.14069967958815E-28
 0.14069967958815E-28
 0.14069967958815E-28
 0.14069967958815E-28
 0.14069967958815E-28
 0.14069967958815E-28
 0.14069967958815E-28
 0.14069967958815E-28
 0.14069967958815E-28
 0.14069967958815E-28
 0.14069967958815E-28
 0.14069967958815E-28
 0.14069967958815E-28
 0.14069967958815E-28
 0.14069967958815E-28
 0.14069967958815E-28
 0.14069967958815E-28
 0.14069967958815E-28
 0.14069967958815E-28
 0.14069967958815E-28
 0.14069967958815E-28
 0.14069967958815E-28
 0.21749969800148E-15
 0.18328935057962E-14
 0.25816880275473E-14
 0.24239040870977E-14
 0.26295576183784E-14
 0.20501394625698E-14
 0.18945039287514E-14
 0.19444897246106E-14
 0.15536641828255E-14
 0.16205799466952E-14
 0.14120281971435E-14
 0.15640574586769E-14
 0.13257242857476E-14
 0.11833934864502E-14
 0.98536656200430E-15
 0.10502949194439E-14
 0.77197448758844E-15
 0.64710036035800E-15
 0.55142175145867E-15
 0.41431267271068E-15
 0.40904892855614E-15
 0.14069967958815E-28
 0.14069967958815E-28
 0.14069967958815E-28
 0.14069967958815E-28
 0.14069967958815E-28
 0.14069967958815E-28
 0.14069967958815E-28
 0.14069967958815E-28
 0.14069967958815E-28
 0.14069967958815E-28
 0.14069967958815E-28
 0.14069967958815E-28
 0.14069967958815E-28
 0.14069967958815E-28
 0.14069967958815E-28
 0.14069967958815E-28
 0.14069967958815E-28
 0.14069967958815E-28
 0.14069967958815E-28
 0.14069967958815E-28
 0.14069967958815E-28
 0.14069967958815E-28
 0.14069967958815E-28
 0.14069967958815E-28
 0.14069967958815E-28
 0.14069967958815E-28
 0.14069967958815E-28
 0.14069967958815E-28
 0.60004836893881E-15
 0.25665655632699E-14
 0.38269810987000E-14
 0.40458849061554E-14
 0.38164192083336E-14
 0.32907975307911E-14
 0.29943215640077E-14
 0.24772369270385E-14
 0.24439237740500E-14
 0.23668584428584E-14
 0.20035713013110E-14
 0.18235535143212E-14
 0.16748487653747E-14
 0.17390818617070E-14
 0.13447339527002E-14
 0.10525920025064E-14
 0.92310367398004E-15
 0.71505238911768E-15
 0.55073093809767E-15
 0.51565149865338E-15
 0.34997550138417E-15
 0.27670274797618E-15
 0.14069967958815E-28
 0.14069967958815E-28
 0.14069967958815E-28
 0.14069967958815E-28
 0.14069967958815E-28
 0.14069967958815E-28
 0.14069967958815E-28
 0.14069967958815E-28
 0.14069967958815E-28
 0.14069967958815E-28
 0.14069967958815E-28
 0.14069967958815E-28
 0.14069967958815E-28
 0.14069967958815E-28
 0.14069967958815E-28
 0.14069967958815E-28
 0.14069967958815E-28
 0.14069967958815E-28
 0.14069967958815E-28
 0.14069967958815E-28
 0.14069967958815E-28
 0.14069967958815E-28
 0.14069967958815E-28
 0.14069967958815E-28
 0.14069967958815E-28
 0.14069967958815E-28
 0.14069967958815E-28
 0.14069967958815E-28
 0.48947130670825E-14
 0.58187756709778E-14
 0.64227480271736E-14
 0.64313137134270E-14
 0.51905295804159E-14
 0.54158695153741E-14
 0.44919510693941E-14
 0.35764230734103E-14
 0.29470476827793E-14
 0.27933813753445E-14
 0.25361152776401E-14
 0.22364316809964E-14
 0.20496864689169E-14
 0.14202858255632E-14
 0.12530592672829E-14
 0.86989921468865E-15
 0.68135867019219E-15
 0.54067402410926E-15
 0.58546747686917E-15
 0.53229266266513E-15
 0.31525954547794E-15
 0.27507635012547E-15
 0.14069967958815E-28
 0.14069967958815E-28
 0.14069967958815E-28
 0.14069967958815E-28
 0.14069967958815E-28
 0.14069967958815E-28
 0.14069967958815E-28
 0.14069967958815E-28
 0.14069967958815E-28
 0.14069967958815E-28
 0.14069967958815E-28
 0.14069967958815E-28
 0.14069967958815E-28
 0.14069967958815E-28
 0.14069967958815E-28
 0.14069967958815E-28
 0.14069967958815E-28
 0.14069967958815E-28
 0.14069967958815E-28
 0.14069967958815E-28
 0.14069967958815E-28
 0.14069967958815E-28
 0.14069967958815E-28
 0.14069967958815E-28
 0.14069967958815E-28
 0.14069967958815E-28
 0.14069967958815E-28
 0.33403071840678E-14
 0.92679891042241E-14
 0.12080944144860E-13
 0.94067765663983E-14
 0.87058904234692E-14
 0.68089177211254E-14
 0.66279748310652E-14
 0.51775176091029E-14
 0.40656368831730E-14
 0.35586115200153E-14
 0.37284220906660E-14
 0.31593720438493E-14
 0.24939434222443E-14
 0.18258744132672E-14
 0.13522913447117E-14
 0.10212323118265E-14
 0.89252537677593E-15
 0.74900831129255E-15
 0.56571214763618E-15
 0.50731823205893E-15
 0.43085456257594E-15
 0.42406948348557E-15
 0.26756850668703E-15
 0.14069967958815E-28
 0.14069967958815E-28
 0.14069967958815E-28
 0.14069967958815E-28
 0.14069967958815E-28
 0.14069967958815E-28
 0.14069967958815E-28
 0.14069967958815E-28
 0.14069967958815E-28
 0.14069967958815E-28
 0.14069967958815E-28
 0.14069967958815E-28
 0.14069967958815E-28
 0.14069967958815E-28
 0.14069967958815E-28
 0.14069967958815E-28
 0.14069967958815E-28
 0.14069967958815E-28
 0.14069967958815E-28
 0.14069967958815E-28
 0.14069967958815E-28
 0.14069967958815E-28
 0.14069967958815E-28
 0.14069967958815E-28
 0.14069967958815E-28
 0.14069967958815E-28
 0.16636162725721E-14
 0.16105256400424E-13
 0.20762947339581E-13
 0.16421952153665E-13
 0.14171077048477E-13
 0.11020603265137E-13
 0.95139039533327E-14
 0.74936443916616E-14
 0.73943584820929E-14
 0.72257338565241E-14
 0.50375828681506E-14
 0.33957739135623E-14
 0.25112610514730E-14
 0.20231009343180E-14
 0.16318456927832E-14
 0.14660729489609E-14
 0.12754266854035E-14
 0.69682085587858E-15
 0.84049136612444E-15
 0.69759553497256E-15
 0.51000700470463E-15
 0.48765621640888E-15
 0.31957346068090E-15
 0.26148376800008E-15
 0.14069967958815E-28
 0.14069967958815E-28
 0.14069967958815E-28
 0.14069967958815E-28
 0.14069967958815E-28
 0.14069967958815E-28
 0.14069967958815E-28
 0.14069967958815E-28
 0.14069967958815E-28
 0.14069967958815E-28
 0.14069967958815E-28
 0.14069967958815E-28
 0.14069967958815E-28
 0.14069967958815E-28
 0.14069967958815E-28
 0.14069967958815E-28
 0.14069967958815E-28
 0.14069967958815E-28
 0.14069967958815E-28
 0.14069967958815E-28
 0.14069967958815E-28
 0.14069967958815E-28
 0.14069967958815E-28
 0.14069967958815E-28
 0.14069967958815E-28
 0.14069967958815E-28
 0.20215491207290E-13
 0.36192700108729E-13
 0.32196127315089E-13
 0.27471464884798E-13
 0.18561123981980E-13
 0.15135281659241E-13
 0.13319699663039E-13
 0.11924679006280E-13
 0.92499840271215E-14
 0.68267548644816E-14
 0.41670580501961E-14
 0.34248600760449E-14
 0.21668996472418E-14
 0.18231811637494E-14
 0.18166927001422E-14
 0.13154025932666E-14
 0.10665771856324E-14
 0.85900833171205E-15
 0.57550207731325E-15
 0.58346194366882E-15
 0.44115923121616E-15
 0.45388132899541E-15
 0.33045697390772E-15
 0.23456945994776E-15
 0.14069967958815E-28
 0.14069967958815E-28
 0.14069967958815E-28
 0.14069967958815E-28
 0.14069967958815E-28
 0.14069967958815E-28
 0.14069967958815E-28
 0.14069967958815E-28
 0.14069967958815E-28
 0.14069967958815E-28
 0.14069967958815E-28
 0.14069967958815E-28
 0.14069967958815E-28
 0.14069967958815E-28
 0.14069967958815E-28
 0.14069967958815E-28
 0.14069967958815E-28
 0.14069967958815E-28
 0.14069967958815E-28
 0.14069967958815E-28
 0.14069967958815E-28
 0.14069967958815E-28
 0.14069967958815E-28
 0.14069967958815E-28
 0.14069967958815E-28
 0.88916950910649E-14
 0.55835444587880E-13
 0.56150073834225E-13
 0.43003445929578E-13
 0.38119840034753E-13
 0.30616360337625E-13
 0.22206231540672E-13
 0.18063181493121E-13
 0.12017409159130E-13
 0.76328358198091E-14
 0.58892841725437E-14
 0.40835518358032E-14
 0.34329645075347E-14
 0.23469587798542E-14
 0.18808470699534E-14
 0.13931146819055E-14
 0.10917350918165E-14
 0.10497038612811E-14
 0.84410726238334E-15
 0.58465825863671E-15
 0.62851784794631E-15
 0.44435231321168E-15
 0.36218307715130E-15
 0.32545827357846E-15
 0.16203739386302E-15
 0.14069967958815E-28
 0.14069967958815E-28
 0.14069967958815E-28
 0.14069967958815E-28
 0.14069967958815E-28
 0.14069967958815E-28
 0.14069967958815E-28
 0.14069967958815E-28
 0.14069967958815E-28
 0.14069967958815E-28
 0.14069967958815E-28
 0.19533925849049E-16
 0.81140152475351E-16
 0.30040674976971E-16
 0.35396287696196E-16
 0.45247253829512E-16
 0.14069967958815E-28
 0.14069967958815E-28
 0.14069967958815E-28
 0.14069967958815E-28
 0.14069967958815E-28
 0.14069967958815E-28
 0.14069967958815E-28
 0.14069967958815E-28
 0.14069967958815E-28
 0.43970658812609E-13
 0.75088604765939E-13
 0.70889779990747E-13
 0.62825896612626E-13
 0.50412293555810E-13
 0.36707801805722E-13
 0.23557506199161E-13
 0.15890223834491E-13
 0.10905160785346E-13
 0.73014049917162E-14
 0.46388618588519E-14
 0.36849128381004E-14
 0.31817837162982E-14
 0.22690619693570E-14
 0.17548579077841E-14
 0.14852419896067E-14
 0.10045487506207E-14
 0.88559952506812E-15
 0.57799427806761E-15
 0.50687770217827E-15
 0.56300768335412E-15
 0.45079598927560E-15
 0.37715929675029E-15
 0.23373143585119E-15
 0.25883547637203E-15
 0.14069967958815E-28
 0.69086070000009E-17
 0.31456998636790E-16
 0.13586655721028E-16
 0.43664131853296E-16
 0.91539583805870E-16
 0.14683739483011E-15
 0.16574674072622E-15
 0.20778293636893E-15
 0.26816854148518E-15
 0.42093567367739E-15
 0.96225287778324E-15
 0.71617930561939E-15
 0.13867529197089E-14
 0.16762391642545E-14
 0.38836704385542E-14
 0.46973689850433E-14
 0.61681079363226E-14
 0.78755275345009E-14
 0.15987244062801E-13
 0.25005141046554E-13
 0.23592700875924E-13
 0.14904580149184E-13
 0.35957769983954E-14
 0.23971848445973E-14
 0.68319767635905E-13
 0.76693224522651E-13
 0.75779500910038E-13
 0.69878480935629E-13
 0.51883644339526E-13
 0.34666374454762E-13
 0.22158338805068E-13
 0.14984376305034E-13
 0.10545062812559E-13
 0.72719717867499E-14
 0.46729288889242E-14
 0.45602621849406E-14
 0.35716745905973E-14
 0.21790965661845E-14
 0.14961199753764E-14
 0.11868959220089E-14
 0.12160004388551E-14
 0.77427413983181E-15
 0.68816697795688E-15
 0.45939306332233E-15
 0.41733009342330E-15
 0.35932901062638E-15
 0.28934663095787E-15
 0.23778583326217E-15
 0.22765136522631E-15
 0.76915535807755E-16
 0.60777870501961E-16
 0.16394998052396E-15
 0.20833426482859E-15
 0.26641797724333E-15
 0.23099718932534E-15
 0.41308742062487E-15
 0.55148142574660E-15
 0.63774280220903E-15
 0.72822958823451E-15
 0.82040340434148E-15
 0.13412885499139E-14
 0.19896105397551E-14
 0.24172899910176E-14
 0.37480664217378E-14
 0.54032768615186E-14
 0.87111870161871E-14
 0.11086726982873E-13
 0.20743237261630E-13
 0.33375870666343E-13
 0.46908920365710E-13
 0.67224047492821E-13
 0.76442606711326E-13
 0.70716759292718E-13
 0.21574663601376E-13
 0.61128213537231E-13
 0.76709882903018E-13
 0.76389756536531E-13
 0.71513030018153E-13
 0.51545643627166E-13
 0.29887677311431E-13
 0.22658733084175E-13
 0.13837881002873E-13
 0.82420289670875E-14
 0.64673279664220E-14
 0.50523105527018E-14
 0.34565733648880E-14
 0.26567948492384E-14
 0.16258874314364E-14
 0.12047903403239E-14
 0.10243744620056E-14
 0.64525320945526E-15
 0.77216928632191E-15
 0.75408219431626E-15
 0.55766065907261E-15
 0.37324221001190E-15
 0.33085082675298E-15
 0.16655549219710E-15
 0.20824103489244E-15
 0.17551668482755E-15
 0.17551668482755E-15
 0.20824103489245E-15
 0.16655549219710E-15
 0.33085082675298E-15
 0.37324221001190E-15
 0.55766065907261E-15
 0.75408219431626E-15
 0.77216928632190E-15
 0.64525320945527E-15
 0.10243744620056E-14
 0.12047903403239E-14
 0.16258874314364E-14
 0.26567948492383E-14
 0.34565733648880E-14
 0.50523105527018E-14
 0.64673279664220E-14
 0.82420289670875E-14
 0.13837881002873E-13
 0.22658733084175E-13
 0.29887677311431E-13
 0.51545643627166E-13
 0.71513030018153E-13
 0.76389756536531E-13
 0.76709882903018E-13
 0.61128213537231E-13
 0.21574663601376E-13
 0.70716759292718E-13
 0.76442606711326E-13
 0.67224047492821E-13
 0.46908920365710E-13
 0.33375870666343E-13
 0.20743237261630E-13
 0.11086726982873E-13
 0.87111870161870E-14
 0.54032768615185E-14
 0.37480664217378E-14
 0.24172899910176E-14
 0.19896105397551E-14
 0.13412885499139E-14
 0.82040340434148E-15
 0.72822958823452E-15
 0.63774280220903E-15
 0.55148142574660E-15
 0.41308742062487E-15
 0.23099718932534E-15
 0.26641797724332E-15
 0.20833426482860E-15
 0.16394998052396E-15
 0.60777870501961E-16
 0.76915535807754E-16
 0.22765136522631E-15
 0.23778583326217E-15
 0.28934663095787E-15
 0.35932901062639E-15
 0.41733009342329E-15
 0.45939306332234E-15
 0.68816697795689E-15
 0.77427413983182E-15
 0.12160004388551E-14
 0.11868959220089E-14
 0.14961199753764E-14
 0.21790965661845E-14
 0.35716745905973E-14
 0.45602621849406E-14
 0.46729288889241E-14
 0.72719717867498E-14
 0.10545062812559E-13
 0.14984376305034E-13
 0.22158338805068E-13
 0.34666374454762E-13
 0.51883644339527E-13
 0.69878480935629E-13
 0.75779500910038E-13
 0.76693224522651E-13
 0.68319767635905E-13
 0.23971848445973E-14
 0.35957769983954E-14
 0.14904580149184E-13
 0.23592700875924E-13
 0.25005141046554E-13
 0.15987244062801E-13
 0.78755275345010E-14
 0.61681079363226E-14
 0.46973689850433E-14
 0.38836704385542E-14
 0.16762391642545E-14
 0.13867529197089E-14
 0.71617930561939E-15
 0.96225287778323E-15
 0.42093567367739E-15
 0.26816854148518E-15
 0.20778293636893E-15
 0.16574674072622E-15
 0.14683739483011E-15
 0.91539583805871E-16
 0.43664131853296E-16
 0.13586655721027E-16
 0.31456998636790E-16
 0.69086070000009E-17
 0.14069967958815E-28
 0.25883547637203E-15
 0.23373143585119E-15
 0.37715929675029E-15
 0.45079598927559E-15
 0.56300768335411E-15
 0.50687770217828E-15
 0.57799427806762E-15
 0.88559952506811E-15
 0.10045487506207E-14
 0.14852419896067E-14
 0.17548579077841E-14
 0.22690619693570E-14
 0.31817837162982E-14
 0.36849128381004E-14
 0.46388618588519E-14
 0.73014049917161E-14
 0.10905160785346E-13
 0.15890223834491E-13
 0.23557506199161E-13
 0.36707801805722E-13
 0.50412293555810E-13
 0.62825896612626E-13
 0.70889779990747E-13
 0.75088604765939E-13
 0.43970658812609E-13
 0.14069967958815E-28
 0.14069967958815E-28
 0.14069967958815E-28
 0.14069967958815E-28
 0.14069967958815E-28
 0.14069967958815E-28
 0.14069967958815E-28
 0.14069967958815E-28
 0.14069967958815E-28
 0.45247253829512E-16
 0.35396287696196E-16
 0.30040674976972E-16
 0.81140152475351E-16
 0.19533925849049E-16
 0.14069967958815E-28
 0.14069967958815E-28
 0.14069967958815E-28
 0.14069967958815E-28
 0.14069967958815E-28
 0.14069967958815E-28
 0.14069967958815E-28
 0.14069967958815E-28
 0.14069967958815E-28
 0.14069967958815E-28
 0.14069967958815E-28
 0.16203739386302E-15
 0.32545827357846E-15
 0.36218307715130E-15
 0.44435231321167E-15
 0.62851784794631E-15
 0.58465825863670E-15
 0.84410726238335E-15
 0.10497038612811E-14
 0.10917350918165E-14
 0.13931146819055E-14
 0.18808470699534E-14
 0.23469587798542E-14
 0.34329645075347E-14
 0.40835518358032E-14
 0.58892841725437E-14
 0.76328358198091E-14
 0.12017409159130E-13
 0.18063181493121E-13
 0.22206231540672E-13
 0.30616360337625E-13
 0.38119840034753E-13
 0.43003445929578E-13
 0.56150073834225E-13
 0.55835444587880E-13
 0.88916950910649E-14
 0.14069967958815E-28
 0.14069967958815E-28
 0.14069967958815E-28
 0.14069967958815E-28
 0.14069967958815E-28
 0.14069967958815E-28
 0.14069967958815E-28
 0.14069967958815E-28
 0.14069967958815E-28
 0.14069967958815E-28
 0.14069967958815E-28
 0.14069967958815E-28
 0.14069967958815E-28
 0.14069967958815E-28
 0.14069967958815E-28
 0.14069967958815E-28
 0.14069967958815E-28
 0.14069967958815E-28
 0.14069967958815E-28
 0.14069967958815E-28
 0.14069967958815E-28
 0.14069967958815E-28
 0.14069967958815E-28
 0.14069967958815E-28
 0.14069967958815E-28
 0.23456945994776E-15
 0.33045697390772E-15
 0.45388132899540E-15
 0.44115923121616E-15
 0.58346194366882E-15
 0.57550207731325E-15
 0.85900833171206E-15
 0.10665771856324E-14
 0.13154025932666E-14
 0.18166927001422E-14
 0.18231811637494E-14
 0.21668996472418E-14
 0.34248600760449E-14
 0.41670580501961E-14
 0.68267548644816E-14
 0.92499840271214E-14
 0.11924679006280E-13
 0.13319699663039E-13
 0.15135281659241E-13
 0.18561123981980E-13
 0.27471464884798E-13
 0.32196127315089E-13
 0.36192700108729E-13
 0.20215491207290E-13
 0.14069967958815E-28
 0.14069967958815E-28
 0.14069967958815E-28
 0.14069967958815E-28
 0.14069967958815E-28
 0.14069967958815E-28
 0.14069967958815E-28
 0.14069967958815E-28
 0.14069967958815E-28
 0.14069967958815E-28
 0.14069967958815E-28
 0.14069967958815E-28
 0.14069967958815E-28
 0.14069967958815E-28
 0.14069967958815E-28
 0.14069967958815E-28
 0.14069967958815E-28
 0.14069967958815E-28
 0.14069967958815E-28
 0.14069967958815E-28
 0.14069967958815E-28
 0.14069967958815E-28
 0.14069967958815E-28
 0.14069967958815E-28
 0.14069967958815E-28
 0.14069967958815E-28
 0.26148376800008E-15
 0.31957346068090E-15
 0.48765621640889E-15
 0.51000700470463E-15
 0.69759553497256E-15
 0.84049136612444E-15
 0.69682085587858E-15
 0.12754266854035E-14
 0.14660729489609E-14
 0.16318456927832E-14
 0.20231009343180E-14
 0.25112610514730E-14
 0.33957739135623E-14
 0.50375828681506E-14
 0.72257338565241E-14
 0.73943584820929E-14
 0.74936443916617E-14
 0.95139039533327E-14
 0.11020603265137E-13
 0.14171077048478E-13
 0.16421952153665E-13
 0.20762947339581E-13
 0.16105256400424E-13
 0.16636162725721E-14
 0.14069967958815E-28
 0.14069967958815E-28
 0.14069967958815E-28
 0.14069967958815E-28
 0.14069967958815E-28
 0.14069967958815E-28
 0.14069967958815E-28
 0.14069967958815E-28
 0.14069967958815E-28
 0.14069967958815E-28
 0.14069967958815E-28
 0.14069967958815E-28
 0.14069967958815E-28
 0.14069967958815E-28
 0.14069967958815E-28
 0.14069967958815E-28
 0.14069967958815E-28
 0.14069967958815E-28
 0.14069967958815E-28
 0.14069967958815E-28
 0.14069967958815E-28
 0.14069967958815E-28
 0.14069967958815E-28
 0.14069967958815E-28
 0.14069967958815E-28
 0.14069967958815E-28
 0.26756850668703E-15
 0.42406948348557E-15
 0.43085456257594E-15
 0.50731823205893E-15
 0.56571214763618E-15
 0.74900831129255E-15
 0.89252537677593E-15
 0.10212323118265E-14
 0.13522913447117E-14
 0.18258744132672E-14
 0.24939434222443E-14
 0.31593720438493E-14
 0.37284220906660E-14
 0.35586115200153E-14
 0.40656368831730E-14
 0.51775176091029E-14
 0.66279748310652E-14
 0.68089177211253E-14
 0.87058904234692E-14
 0.94067765663983E-14
 0.12080944144860E-13
 0.92679891042241E-14
 0.33403071840678E-14
 0.14069967958815E-28
 0.14069967958815E-28
 0.14069967958815E-28
 0.14069967958815E-28
 0.14069967958815E-28
 0.14069967958815E-28
 0.14069967958815E-28
 0.14069967958815E-28
 0.14069967958815E-28
 0.14069967958815E-28
 0.14069967958815E-28
 0.14069967958815E-28
 0.14069967958815E-28
 0.14069967958815E-28
 0.14069967958815E-28
 0.14069967958815E-28
 0.14069967958815E-28
 0.14069967958815E-28
 0.14069967958815E-28
 0.14069967958815E-28
 0.14069967958815E-28
 0.14069967958815E-28
 0.14069967958815E-28
 0.14069967958815E-28
 0.14069967958815E-28
 0.14069967958815E-28
 0.14069967958815E-28
 0.27507635012547E-15
 0.31525954547794E-15
 0.53229266266513E-15
 0.58546747686917E-15
 0.54067402410926E-15
 0.68135867019220E-15
 0.86989921468865E-15
 0.12530592672829E-14
 0.14202858255632E-14
 0.20496864689169E-14
 0.22364316809964E-14
 0.25361152776401E-14
 0.27933813753445E-14
 0.29470476827793E-14
 0.35764230734103E-14
 0.44919510693941E-14
 0.54158695153740E-14
 0.51905295804159E-14
 0.64313137134270E-14
 0.64227480271736E-14
 0.58187756709777E-14
 0.48947130670825E-14
 0.14069967958815E-28
 0.14069967958815E-28
 0.14069967958815E-28
 0.14069967958815E-28
 0.14069967958815E-28
 0.14069967958815E-28
 0.14069967958815E-28
 0.14069967958815E-28
 0.14069967958815E-28
 0.14069967958815E-28
 0.14069967958815E-28
 0.14069967958815E-28
 0.14069967958815E-28
 0.14069967958815E-28
 0.14069967958815E-28
 0.14069967958815E-28
 0.14069967958815E-28
 0.14069967958815E-28
 0.14069967958815E-28
 0.14069967958815E-28
 0.14069967958815E-28
 0.14069967958815E-28
 0.14069967958815E-28
 0.14069967958815E-28
 0.14069967958815E-28
 0.14069967958815E-28
 0.14069967958815E-28
 0.14069967958815E-28
 0.27670274797619E-15
 0.34997550138417E-15
 0.51565149865338E-15
 0.55073093809766E-15
 0.71505238911768E-15
 0.92310367398004E-15
 0.10525920025064E-14
 0.13447339527002E-14
 0.17390818617070E-14
 0.16748487653747E-14
 0.18235535143212E-14
 0.20035713013110E-14
 0.23668584428584E-14
 0.24439237740500E-14
 0.24772369270385E-14
 0.29943215640077E-14
 0.32907975307911E-14
 0.38164192083336E-14
 0.40458849061554E-14
 0.38269810987000E-14
 0.25665655632699E-14
 0.60004836893881E-15
 0.14069967958815E-28
 0.14069967958815E-28
 0.14069967958815E-28
 0.14069967958815E-28
 0.14069967958815E-28
 0.14069967958815E-28
 0.14069967958815E-28
 0.14069967958815E-28
 0.14069967958815E-28
 0.14069967958815E-28
 0.14069967958815E-28
 0.14069967958815E-28
 0.14069967958815E-28
 0.14069967958815E-28
 0.14069967958815E-28
 0.14069967958815E-28
 0.14069967958815E-28
 0.14069967958815E-28
 0.14069967958815E-28
 0.14069967958815E-28
 0.14069967958815E-28
 0.14069967958815E-28
 0.14069967958815E-28
 0.14069967958815E-28
 0.14069967958815E-28
 0.14069967958815E-28
 0.14069967958815E-28
 0.14069967958815E-28
 0.40904892855614E-15
 0.41431267271068E-15
 0.55142175145867E-15
 0.64710036035800E-15
 0.77197448758843E-15
 0.10502949194439E-14
 0.98536656200430E-15
 0.11833934864502E-14
 0.13257242857476E-14
 0.15640574586769E-14
 0.14120281971436E-14
 0.16205799466951E-14
 0.15536641828255E-14
 0.19444897246106E-14
 0.18945039287514E-14
 0.20501394625698E-14
 0.26295576183784E-14
 0.24239040870977E-14
 0.25816880275473E-14
 0.18328935057962E-14
 0.21749969800148E-15
 0.14069967958815E-28
 0.14069967958815E-28
 0.14069967958815E-28
 0.14069967958815E-28
 0.14069967958815E-28
 0.14069967958815E-28
 0.14069967958815E-28
 0.14069967958815E-28
 0.14069967958815E-28
 0.14069967958815E-28
 0.14069967958815E-28
 0.14069967958815E-28
 0.14069967958815E-28
 0.14069967958815E-28
 0.14069967958815E-28
 0.14069967958815E-28
 0.14069967958815E-28
 0.14069967958815E-28
 0.14069967958815E-28
 0.14069967958815E-28
 0.14069967958815E-28
 0.14069967958815E-28
 0.14069967958815E-28
 0.14069967958815E-28
 0.14069967958815E-28
 0.14069967958815E-28
 0.14069967958815E-28
 0.14069967958815E-28
 0.14069967958815E-28
 0.39036739934310E-15
 0.55834225037409E-15
 0.65282363553426E-15
 0.85640036619624E-15
 0.97908882839648E-15
 0.91310953643969E-15
 0.79189252271417E-15
 0.84006026830578E-15
 0.94440716697726E-15
 0.11744446652728E-14
 0.10677321871068E-14
 0.95973035782382E-15
 0.14587012363516E-14
 0.13838186031356E-14
 0.14403201004916E-14
 0.13547670046085E-14
 0.16711188029981E-14
 0.20654931340283E-14
 0.14650558470365E-14
 0.42863261831145E-15
 0.14069967958815E-28
 0.14069967958815E-28
 0.14069967958815E-28
 0.14069967958815E-28
 0.14069967958815E-28
 0.14069967958815E-28
 0.14069967958815E-28
 0.14069967958815E-28
 0.14069967958815E-28
 0.14069967958815E-28
 0.14069967958815E-28
 0.14069967958815E-28
 0.14069967958815E-28
 0.14069967958815E-28
 0.14069967958815E-28
 0.14069967958815E-28
 0.14069967958815E-28
 0.14069967958815E-28
 0.14069967958815E-28
 0.14069967958815E-28
 0.14069967958815E-28
 0.14069967958815E-28
 0.14069967958815E-28
 0.14069967958815E-28
 0.14069967958815E-28
 0.14069967958815E-28
 0.14069967958815E-28
 0.14069967958815E-28
 0.14069967958815E-28
 0.14069967958815E-28
 0.49077639122708E-15
 0.50867311534143E-15
 0.55505038302452E-15
 0.58570786807383E-15
 0.68294326693248E-15
 0.63401069434506E-15
 0.67677914984639E-15
 0.70382142690900E-15
 0.74626366704875E-15
 0.10241537445443E-14
 0.10204689738668E-14
 0.13034983404404E-14
 0.96943043225279E-15
 0.10033494731393E-14
 0.12008629626739E-14
 0.96036539350954E-15
 0.14430863382712E-14
 0.12956735249500E-14
 0.73798783088547E-15
 0.43769364665333E-16
 0.14069967958815E-28
 0.14069967958815E-28
 0.14069967958815E-28
 0.14069967958815E-28
 0.14069967958815E-28
 0.14069967958815E-28
 0.14069967958815E-28
 0.14069967958815E-28
 0.14069967958815E-28
 0.14069967958815E-28
 0.14069967958815E-28
 0.14069967958815E-28
 0.14069967958815E-28
 0.14069967958815E-28
 0.14069967958815E-28
 0.14069967958815E-28
 0.14069967958815E-28
 0.14069967958815E-28
 0.14069967958815E-28
 0.14069967958815E-28
 0.14069967958815E-28
 0.14069967958815E-28
 0.14069967958815E-28
 0.14069967958815E-28
 0.14069967958815E-28
 0.14069967958815E-28
 0.14069967958815E-28
 0.14069967958815E-28
 0.14069967958815E-28
 0.14069967958815E-28
 0.48079063960120E-15
 0.37165365425284E-15
 0.50964113747959E-15
 0.56702768247920E-15
 0.56898857018868E-15
 0.52746324491734E-15
 0.70373139704377E-15
 0.57358444764886E-15
 0.56659132410627E-15
 0.74480010287074E-15
 0.71039617948793E-15
 0.74167402044850E-15
 0.82940204360678E-15
 0.95096739078157E-15
 0.10580644967856E-14
 0.95248842053342E-15
 0.95017798655095E-15
 0.63817790097717E-15
 0.48223216687352E-16
 0.14069967958815E-28
 0.14069967958815E-28
 0.14069967958815E-28
 0.14069967958815E-28
 0.14069967958815E-28
 0.14069967958815E-28
 0.14069967958815E-28
 0.14069967958815E-28
 0.14069967958815E-28
 0.14069967958815E-28
 0.14069967958815E-28
 0.14069967958815E-28
 0.14069967958815E-28
 0.14069967958815E-28
 0.14069967958815E-28
 0.14069967958815E-28
 0.14069967958815E-28
 0.14069967958815E-28
 0.14069967958815E-28
 0.14069967958815E-28
 0.14069967958815E-28
 0.14069967958815E-28
 0.14069967958815E-28
 0.14069967958815E-28
 0.14069967958815E-28
 0.14069967958815E-28
 0.14069967958815E-28
 0.14069967958815E-28
 0.14069967958815E-28
 0.14069967958815E-28
 0.14069967958815E-28
 0.38745062547030E-15
 0.35031784689095E-15
 0.37064200688057E-15
 0.38292886200731E-15
 0.46530204809693E-15
 0.52341903232475E-15
 0.38435578087055E-15
 0.43257736583691E-15
 0.47614187981248E-15
 0.51872964825574E-15
 0.56037099762586E-15
 0.64278222050136E-15
 0.85567475449052E-15
 0.76831806563056E-15
 0.57569184049297E-15
 0.58145416275800E-15
 0.43349487740741E-15
 0.10899722685720E-15
 0.14069967958815E-28
 0.14069967958815E-28
 0.14069967958815E-28
 0.14069967958815E-28
 0.14069967958815E-28
 0.14069967958815E-28
 0.14069967958815E-28
 0.14069967958815E-28
 0.14069967958815E-28
 0.14069967958815E-28
 0.14069967958815E-28
 0.14069967958815E-28
 0.14069967958815E-28
 0.14069967958815E-28
 0.14069967958815E-28
 0.14069967958815E-28
 0.14069967958815E-28
 0.14069967958815E-28
 0.14069967958815E-28
 0.14069967958815E-28
 0.14069967958815E-28
 0.14069967958815E-28
 0.14069967958815E-28
 0.14069967958815E-28
 0.14069967958815E-28
 0.14069967958815E-28
 0.14069967958815E-28
 0.14069967958815E-28
 0.14069967958815E-28
 0.14069967958815E-28
 0.14069967958815E-28
 0.14069967958815E-28
 0.32521781245542E-15
 0.23910411600380E-15
 0.35551066288074E-15
 0.31907122041423E-15
 0.39330283565140E-15
 0.39410073961378E-15
 0.41389669488504E-15
 0.52119666082605E-15
 0.39820167164004E-15
 0.52505190800362E-15
 0.54886014213877E-15
 0.54008238188515E-15
 0.65224832561019E-15
 0.67898823363078E-15
 0.52302713229005E-15
 0.44863236550750E-15
 0.92118315622663E-16
 0.14069967958815E-28
 0.14069967958815E-28
 0.14069967958815E-28
 0.14069967958815E-28
 0.14069967958815E-28
 0.14069967958815E-28
 0.14069967958815E-28
 0.14069967958815E-28
 0.14069967958815E-28
 0.14069967958815E-28
 0.14069967958815E-28
 0.14069967958815E-28
 0.14069967958815E-28
 0.14069967958815E-28
 0.14069967958815E-28
 0.14069967958815E-28
 0.14069967958815E-28
 0.14069967958815E-28
 0.14069967958815E-28
 0.14069967958815E-28
 0.14069967958815E-28
 0.14069967958815E-28
 0.14069967958815E-28
 0.14069967958815E-28
 0.14069967958815E-28
 0.14069967958815E-28
 0.14069967958815E-28
 0.14069967958815E-28
 0.14069967958815E-28
 0.14069967958815E-28
 0.14069967958815E-28
 0.14069967958815E-28
 0.14069967958815E-28
 0.23078413857714E-15
 0.29187963210936E-15
 0.26034223334750E-15
 0.26577316135226E-15
 0.29631576732130E-15
 0.29649781670616E-15
 0.32117684889339E-15
 0.39531530707922E-15
 0.35423631613065E-15
 0.33884611865677E-15
 0.40981670722376E-15
 0.45191599787616E-15
 0.37840289996625E-15
 0.35828663200103E-15
 0.25329001802771E-15
 0.15968296792028E-15
 0.14069967958815E-28
 0.14069967958815E-28
 0.14069967958815E-28
 0.14069967958815E-28
 0.14069967958815E-28
 0.14069967958815E-28
 0.14069967958815E-28
 0.14069967958815E-28
 0.14069967958815E-28
 0.14069967958815E-28
 0.14069967958815E-28
 0.14069967958815E-28
 0.14069967958815E-28
 0.14069967958815E-28
 0.14069967958815E-28
 0.14069967958815E-28
 0.14069967958815E-28
 0.14069967958815E-28
 0.14069967958815E-28
 0.14069967958815E-28
 0.14069967958815E-28
 0.14069967958815E-28
 0.14069967958815E-28
 0.14069967958815E-28
 0.14069967958815E-28
 0.14069967958815E-28
 0.14069967958815E-28
 0.14069967958815E-28
 0.14069967958815E-28
 0.14069967958815E-28
 0.14069967958815E-28
 0.14069967958815E-28
 0.14069967958815E-28
 0.14069967958815E-28
 0.23281352619803E-15
 0.20703709812940E-15
 0.17985169243472E-15
 0.26957088637299E-15
 0.28727717871580E-15
 0.28036033247480E-15
 0.33433715495995E-15
 0.30702640318210E-15
 0.34298669164910E-15
 0.26636072108216E-15
 0.36160853933019E-15
 0.37448346892513E-15
 0.24925776995346E-15
 0.23595375053716E-15
 0.54979151331381E-16
 0.14069967958815E-28
 0.14069967958815E-28
 0.14069967958815E-28
 0.14069967958815E-28
 0.14069967958815E-28
 0.14069967958815E-28
 0.14069967958815E-28
 0.14069967958815E-28
 0.14069967958815E-28
 0.14069967958815E-28
 0.14069967958815E-28
 0.14069967958815E-28
 0.14069967958815E-28
 0.14069967958815E-28
 0.14069967958815E-28
 0.14069967958815E-28
 0.14069967958815E-28
 0.14069967958815E-28
 0.14069967958815E-28
 0.14069967958815E-28
 0.14069967958815E-28
 0.14069967958815E-28
 0.14069967958815E-28
 0.14069967958815E-28
 0.14069967958815E-28
 0.14069967958815E-28
 0.14069967958815E-28
 0.14069967958815E-28
 0.14069967958815E-28
 0.14069967958815E-28
 0.14069967958815E-28
 0.14069967958815E-28
 0.14069967958815E-28
 0.14069967958815E-28
 0.14069967958815E-28
 0.17302718842153E-15
 0.15852790526983E-15
 0.18436471005287E-15
 0.28127977306860E-15
 0.22112907221606E-15
 0.23000026508336E-15
 0.25379483591557E-15
 0.20761722243812E-15
 0.28637779758676E-15
 0.21346858191848E-15
 0.22968172853540E-15
 0.20402827983719E-15
 0.26671987356770E-15
 0.12542413059934E-15
 0.14069967958815E-28
 0.14069967958815E-28
 0.14069967958815E-28
 0.14069967958815E-28
 0.14069967958815E-28
 0.14069967958815E-28
 0.14069967958815E-28
 0.14069967958815E-28
 0.14069967958815E-28
 0.14069967958815E-28
 0.14069967958815E-28
 0.14069967958815E-28
 0.14069967958815E-28
 0.14069967958815E-28
 0.14069967958815E-28
 0.14069967958815E-28
 0.14069967958815E-28
 0.14069967958815E-28
 0.14069967958815E-28
 0.14069967958815E-28
 0.14069967958815E-28
 0.14069967958815E-28
 0.14069967958815E-28
 0.14069967958815E-28
 0.14069967958815E-28
 0.14069967958815E-28
 0.14069967958815E-28
 0.14069967958815E-28
 0.14069967958815E-28
 0.14069967958815E-28
 0.14069967958815E-28
 0.14069967958815E-28
 0.14069967958815E-28
 0.14069967958815E-28
 0.14069967958815E-28
 0.14069967958815E-28
 0.17229937582520E-15
 0.14607973974590E-15
 0.17963677530794E-15
 0.25437978586624E-15
 0.16231401626263E-15
 0.21066968031762E-15
 0.19338401748068E-15
 0.15385361711841E-15
 0.16891111533394E-15
 0.17351952198969E-15
 0.14163701324817E-15
 0.13424917976301E-15
 0.14214626914549E-15
 0.44838956708463E-17
 0.14069967958815E-28
 0.14069967958815E-28
 0.14069967958815E-28
 0.14069967958815E-28
 0.14069967958815E-28
 0.14069967958815E-28
 0.14069967958815E-28
 0.14069967958815E-28
 0.14069967958815E-28
 0.14069967958815E-28
 0.14069967958815E-28
 0.14069967958815E-28
 0.14069967958815E-28
 0.14069967958815E-28
 0.14069967958815E-28
 0.14069967958815E-28
 0.14069967958815E-28
 0.14069967958815E-28
 0.14069967958815E-28
 0.14069967958815E-28
 0.14069967958815E-28
 0.14069967958815E-28
 0.14069967958815E-28
 0.14069967958815E-28
 0.14069967958815E-28
 0.14069967958815E-28
 0.14069967958815E-28
 0.14069967958815E-28
 0.14069967958815E-28
 0.14069967958815E-28
 0.14069967958815E-28
 0.14069967958815E-28
 0.14069967958815E-28
 0.14069967958815E-28
 0.14069967958815E-28
 0.14069967958815E-28
 0.17592687211009E-15
 0.13577049188627E-15
 0.21047747899610E-15
 0.13557652520646E-15
 0.19513467458631E-15
 0.12323131066334E-15
 0.15822145377650E-15
 0.13924932026285E-15
 0.22736591894697E-15
 0.15772613135020E-15
 0.91488156771373E-16
 0.44484580892939E-16
 0.14069967958815E-28
 0.14069967958815E-28
 0.14069967958815E-28
 0.14069967958815E-28
 0.14069967958815E-28
 0.14069967958815E-28
 0.14069967958815E-28
 0.14069967958815E-28
 0.14069967958815E-28
 0.14069967958815E-28
 0.14069967958815E-28
 0.14069967958815E-28
 0.14069967958815E-28
 0.14069967958815E-28
 0.14069967958815E-28
 0.14069967958815E-28
 0.14069967958815E-28
 0.14069967958815E-28
 0.14069967958815E-28
 0.14069967958815E-28
 0.14069967958815E-28
 0.14069967958815E-28
 0.14069967958815E-28
 0.14069967958815E-28
 0.14069967958815E-28
 0.14069967958815E-28
 0.14069967958815E-28
 0.14069967958815E-28
 0.14069967958815E-28
 0.14069967958815E-28
 0.14069967958815E-28
 0.14069967958815E-28
 0.14069967958815E-28
 0.14069967958815E-28
 0.14069967958815E-28
 0.14069967958815E-28
 0.14069967958815E-28
 0.14069967958815E-28
 0.15892526650320E-15
 0.88861262221387E-16
 0.18730346820644E-15
 0.14551884016376E-15
 0.13696728802031E-15
 0.14107356669776E-15
 0.15913800394822E-15
 0.16172727735637E-15
 0.88838720483998E-16
 0.79442374609159E-16
 0.52815491046544E-16
 0.61955206815320E-17
 0.14069967958815E-28
 0.14069967958815E-28
 0.14069967958815E-28
 0.14069967958815E-28
 0.14069967958815E-28
 0.14069967958815E-28
 0.14069967958815E-28
 0.14069967958815E-28
 0.14069967958815E-28
 0.14069967958815E-28
 0.14069967958815E-28
 0.14069967958815E-28
 0.14069967958815E-28
 0.14069967958815E-28
 0.14069967958815E-28
 0.14069967958815E-28
 0.14069967958815E-28
 0.14069967958815E-28
 0.14069967958815E-28
 0.14069967958815E-28
 0.14069967958815E-28
 0.14069967958815E-28
 0.14069967958815E-28
 0.14069967958815E-28
 0.14069967958815E-28
 0.14069967958815E-28
 0.14069967958815E-28
 0.14069967958815E-28
 0.14069967958815E-28
 0.14069967958815E-28
 0.14069967958815E-28
 0.14069967958815E-28
 0.14069967958815E-28
 0.14069967958815E-28
 0.14069967958815E-28
 0.14069967958815E-28
 0.14069967958815E-28
 0.14069967958815E-28
 0.11761135868435E-15
 0.13944527355686E-15
 0.97164971884333E-16
 0.12601088250079E-15
 0.99377305008163E-16
 0.66049511359912E-16
 0.10906137733635E-15
 0.43117724017364E-16
 0.60915520503148E-16
 0.39974520636070E-16
 0.53268070742518E-17
 0.14069967958815E-28
 0.14069967958815E-28
 0.14069967958815E-28
 0.14069967958815E-28
 0.14069967958815E-28
 0.14069967958815E-28
 0.14069967958815E-28
 0.14069967958815E-28
 0.14069967958815E-28
 0.14069967958815E-28
 0.14069967958815E-28
 0.14069967958815E-28
 0.14069967958815E-28
 0.14069967958815E-28
 0.14069967958815E-28
 0.14069967958815E-28
 0.14069967958815E-28
 0.14069967958815E-28
 0.14069967958815E-28
 0.14069967958815E-28
 0.14069967958815E-28
 0.14069967958815E-28
 0.14069967958815E-28
 0.14069967958815E-28
 0.14069967958815E-28
 0.14069967958815E-28
 0.14069967958815E-28
 0.14069967958815E-28
 0.14069967958815E-28
 0.14069967958815E-28
 0.14069967958815E-28
 0.14069967958815E-28
 0.14069967958815E-28
 0.14069967958815E-28
 0.14069967958815E-28
 0.14069967958815E-28
 0.14069967958815E-28
 0.14069967958815E-28
 0.14069967958815E-28
 0.11073239155346E-15
 0.86929899510313E-16
 0.11458761298082E-15
 0.14389326622750E-15
 0.92447741171012E-16
 0.83673015090213E-16
 0.71923525172783E-16
 0.36167747625226E-16
 0.14949951540041E-16
 0.14069967958815E-28
 0.14069967958815E-28
 0.14069967958815E-28
 0.14069967958815E-28
 0.14069967958815E-28
 0.14069967958815E-28
 0.14069967958815E-28
 0.14069967958815E-28
 0.14069967958815E-28
 0.14069967958815E-28
 0.14069967958815E-28
 0.14069967958815E-28
 0.14069967958815E-28
 0.14069967958815E-28
 0.14069967958815E-28
 0.14069967958815E-28
 0.14069967958815E-28
 0.14069967958815E-28
 0.14069967958815E-28
 0.14069967958815E-28
 0.14069967958815E-28
 0.14069967958815E-28
 0.14069967958815E-28
 0.14069967958815E-28
 0.14069967958815E-28
 0.14069967958815E-28
 0.14069967958815E-28
 0.14069967958815E-28
 0.14069967958815E-28
 0.14069967958815E-28
 0.14069967958815E-28
 0.14069967958815E-28
 0.14069967958815E-28
 0.14069967958815E-28
 0.14069967958815E-28
 0.14069967958815E-28
 0.14069967958815E-28
 0.14069967958815E-28
 0.14069967958815E-28
 0.14069967958815E-28
 0.14069967958815E-28
 0.94592708370094E-16
 0.94767972455795E-16
 0.81235247759867E-16
 0.60215017621770E-16
 0.78278695718325E-16
 0.64426863051299E-16
 0.49808182717575E-16
 0.14931544860859E-16
 0.14069967958815E-28
 0.14069967958815E-28
 0.14069967958815E-28
 0.14069967958815E-28
 0.14069967958815E-28
 0.14069967958815E-28
 0.14069967958815E-28
 0.14069967958815E-28
 0.14069967958815E-28
 0.14069967958815E-28
 0.14069967958815E-28
 0.14069967958815E-28
 0.14069967958815E-28
 0.14069967958815E-28
 0.14069967958815E-28
 0.14069967958815E-28
 0.14069967958815E-28
 0.14069967958815E-28
 0.14069967958815E-28
 0.14069967958815E-28
 0.14069967958815E-28
 0.14069967958815E-28
 0.14069967958815E-28
 0.14069967958815E-28
 0.14069967958815E-28
 0.14069967958815E-28
 0.14069967958815E-28
 0.14069967958815E-28
 0.14069967958815E-28
 0.14069967958815E-28
 0.14069967958815E-28
 0.14069967958815E-28
 0.14069967958815E-28
 0.14069967958815E-28
 0.14069967958815E-28
 0.14069967958815E-28
 0.14069967958815E-28
 0.14069967958815E-28
 0.14069967958815E-28
 0.14069967958815E-28
 0.14069967958815E-28
 0.14069967958815E-28
 0.10067020279277E-15
 0.49955241338018E-16
 0.83313710437668E-16
 0.57711808875396E-16
 0.51900936438118E-16
 0.66795012675582E-16
 0.10064330536150E-16
 0.34970396365668E-17
 0.14069967958815E-28
 0.14069967958815E-28
 0.14069967958815E-28
 0.14069967958815E-28
 0.14069967958815E-28
 0.14069967958815E-28
 0.14069967958815E-28
 0.14069967958815E-28
 0.14069967958815E-28
 0.14069967958815E-28
 0.14069967958815E-28
 0.14069967958815E-28
 0.14069967958815E-28
 0.14069967958815E-28
 0.14069967958815E-28
 0.14069967958815E-28
 0.14069967958815E-28
 0.14069967958815E-28
 0.14069967958815E-28
 0.14069967958815E-28
 0.14069967958815E-28
 0.14069967958815E-28
 0.14069967958815E-28
 0.14069967958815E-28
 0.14069967958815E-28
 0.14069967958815E-28
 0.14069967958815E-28
 0.14069967958815E-28
 0.14069967958815E-28
 0.14069967958815E-28
 0.14069967958815E-28
 0.14069967958815E-28
 0.14069967958815E-28
 0.14069967958815E-28
 0.14069967958815E-28
 0.14069967958815E-28
 0.14069967958815E-28
 0.14069967958815E-28
 0.14069967958815E-28
 0.14069967958815E-28
 0.14069967958815E-28
 0.14069967958815E-28
  
