           1
          50          50
           1
   29920000000000.000        29920000000000.000     
 0.60000000000000E+05
  
 0.14069967958816E-28
 0.14069967958816E-28
 0.14069967958816E-28
 0.14069967958816E-28
 0.14069967958816E-28
 0.14069967958816E-28
 0.14069967958816E-28
 0.14069967958816E-28
 0.14069967958816E-28
 0.14069967958816E-28
 0.14069967958816E-28
 0.14069967958816E-28
 0.14069967958816E-28
 0.14069967958816E-28
 0.14069967958816E-28
 0.14069967958816E-28
 0.14069967958816E-28
 0.14069967958816E-28
 0.14069967958816E-28
 0.14069967958816E-28
 0.14069967958816E-28
 0.14069967958816E-28
 0.14069967958816E-28
 0.14069967958816E-28
 0.14069967958816E-28
 0.14069967958816E-28
 0.14069967958816E-28
 0.14069967958816E-28
 0.14069967958816E-28
 0.14069967958816E-28
 0.14069967958816E-28
 0.14069967958816E-28
 0.14069967958816E-28
 0.14069967958816E-28
 0.14069967958816E-28
 0.14069967958816E-28
 0.14069967958816E-28
 0.14069967958816E-28
 0.14069967958816E-28
 0.14069967958816E-28
 0.14069967958816E-28
 0.14069967958816E-28
 0.14069967958816E-28
 0.14069967958816E-28
 0.14069967958816E-28
 0.14069967958816E-28
 0.14069967958816E-28
 0.14069967958816E-28
 0.14069967958816E-28
 0.14069967958816E-28
 0.14069967958816E-28
 0.14069967958816E-28
 0.14069967958816E-28
 0.14069967958816E-28
 0.14069967958816E-28
 0.14069967958816E-28
 0.14069967958816E-28
 0.14069967958816E-28
 0.14069967958816E-28
 0.14069967958816E-28
 0.14069967958816E-28
 0.14069967958816E-28
 0.14069967958816E-28
 0.14069967958816E-28
 0.14069967958816E-28
 0.14069967958816E-28
 0.14069967958816E-28
 0.14069967958816E-28
 0.14069967958816E-28
 0.14069967958816E-28
 0.14069967958816E-28
 0.14069967958816E-28
 0.14069967958816E-28
 0.14069967958816E-28
 0.14069967958816E-28
 0.14069967958816E-28
 0.14069967958816E-28
 0.14069967958816E-28
 0.14069967958816E-28
 0.14069967958816E-28
 0.14069967958816E-28
 0.14069967958816E-28
 0.14069967958816E-28
 0.14069967958816E-28
 0.14069967958816E-28
 0.14069967958816E-28
 0.14069967958816E-28
 0.14069967958816E-28
 0.14069967958816E-28
 0.14069967958816E-28
 0.14069967958816E-28
 0.14069967958816E-28
 0.14069967958816E-28
 0.14069967958816E-28
 0.14069967958816E-28
 0.14069967958816E-28
 0.14069967958816E-28
 0.14069967958816E-28
 0.14069967958816E-28
 0.14069967958816E-28
 0.14069967958816E-28
 0.14069967958816E-28
 0.14069967958816E-28
 0.14069967958816E-28
 0.14069967958816E-28
 0.14069967958816E-28
 0.14069967958816E-28
 0.14069967958816E-28
 0.14069967958816E-28
 0.14069967958816E-28
 0.14069967958816E-28
 0.14069967958816E-28
 0.14069967958816E-28
 0.14069967958816E-28
 0.14069967958816E-28
 0.14069967958816E-28
 0.14069967958816E-28
 0.14069967958816E-28
 0.14069967958816E-28
 0.14069967958816E-28
 0.14069967958816E-28
 0.14069967958816E-28
 0.14069967958816E-28
 0.14069967958816E-28
 0.14069967958816E-28
 0.14069967958816E-28
 0.14069967958816E-28
 0.14069967958816E-28
 0.14069967958816E-28
 0.14069967958816E-28
 0.14069967958816E-28
 0.14069967958816E-28
 0.14069967958816E-28
 0.14069967958816E-28
 0.14069967958816E-28
 0.14069967958816E-28
 0.14069967958816E-28
 0.14069967958816E-28
 0.14069967958816E-28
 0.14069967958816E-28
 0.14069967958816E-28
 0.14069967958816E-28
 0.14069967958816E-28
 0.14069967958816E-28
 0.14069967958816E-28
 0.14069967958816E-28
 0.14069967958816E-28
 0.14069967958816E-28
 0.14069967958816E-28
 0.14069967958816E-28
 0.14069967958816E-28
 0.14069967958816E-28
 0.14069967958816E-28
 0.14069967958816E-28
 0.14069967958816E-28
 0.14069967958816E-28
 0.14069967958816E-28
 0.14069967958816E-28
 0.14069967958816E-28
 0.14069967958816E-28
 0.14069967958816E-28
 0.14069967958816E-28
 0.14069967958816E-28
 0.14069967958816E-28
 0.14069967958816E-28
 0.14069967958816E-28
 0.14069967958816E-28
 0.14069967958816E-28
 0.14069967958816E-28
 0.14069967958816E-28
 0.14069967958816E-28
 0.14069967958816E-28
 0.14069967958816E-28
 0.14069967958816E-28
 0.14069967958816E-28
 0.14069967958816E-28
 0.14069967958816E-28
 0.14069967958816E-28
 0.14069967958816E-28
 0.14069967958816E-28
 0.14069967958816E-28
 0.14069967958816E-28
 0.14069967958816E-28
 0.14069967958816E-28
 0.14069967958816E-28
 0.14069967958816E-28
 0.14069967958816E-28
 0.14069967958816E-28
 0.14069967958816E-28
 0.14069967958816E-28
 0.14069967958816E-28
 0.14069967958816E-28
 0.14069967958816E-28
 0.14069967958816E-28
 0.14069967958816E-28
 0.14069967958816E-28
 0.14069967958816E-28
 0.14069967958816E-28
 0.79880425489304E-17
 0.64889101290811E-15
 0.14069967958816E-28
 0.14069967958816E-28
 0.14069967958816E-28
 0.14069967958816E-28
 0.14069967958816E-28
 0.14069967958816E-28
 0.14069967958816E-28
 0.14069967958816E-28
 0.14069967958816E-28
 0.14069967958816E-28
 0.14069967958816E-28
 0.14069967958816E-28
 0.14069967958816E-28
 0.14069967958816E-28
 0.14069967958816E-28
 0.14069967958816E-28
 0.14069967958816E-28
 0.14069967958816E-28
 0.14069967958816E-28
 0.14069967958816E-28
 0.14069967958816E-28
 0.14069967958816E-28
 0.14069967958816E-28
 0.14069967958816E-28
 0.14069967958816E-28
 0.14069967958816E-28
 0.14069967958816E-28
 0.14069967958816E-28
 0.14069967958816E-28
 0.14069967958816E-28
 0.14069967958816E-28
 0.14069967958816E-28
 0.14069967958816E-28
 0.14069967958816E-28
 0.14069967958816E-28
 0.14069967958816E-28
 0.14069967958816E-28
 0.14069967958816E-28
 0.14069967958816E-28
 0.14069967958816E-28
 0.14069967958816E-28
 0.14069967958816E-28
 0.14069967958816E-28
 0.14069967958816E-28
 0.14069967958816E-28
 0.14069967958816E-28
 0.14069967958816E-28
 0.85394892603261E-16
 0.10691564233166E-14
 0.20978778493834E-14
 0.14069967958816E-28
 0.14069967958816E-28
 0.14069967958816E-28
 0.14069967958816E-28
 0.14069967958816E-28
 0.14069967958816E-28
 0.14069967958816E-28
 0.14069967958816E-28
 0.14069967958816E-28
 0.14069967958816E-28
 0.14069967958816E-28
 0.14069967958816E-28
 0.14069967958816E-28
 0.14069967958816E-28
 0.14069967958816E-28
 0.14069967958816E-28
 0.14069967958816E-28
 0.14069967958816E-28
 0.14069967958816E-28
 0.14069967958816E-28
 0.14069967958816E-28
 0.14069967958816E-28
 0.14069967958816E-28
 0.14069967958816E-28
 0.14069967958816E-28
 0.14069967958816E-28
 0.14069967958816E-28
 0.14069967958816E-28
 0.14069967958816E-28
 0.14069967958816E-28
 0.14069967958816E-28
 0.14069967958816E-28
 0.14069967958816E-28
 0.14069967958816E-28
 0.14069967958816E-28
 0.14069967958816E-28
 0.14069967958816E-28
 0.14069967958816E-28
 0.14069967958816E-28
 0.14069967958816E-28
 0.14069967958816E-28
 0.14069967958816E-28
 0.14069967958816E-28
 0.14069967958816E-28
 0.14069967958816E-28
 0.14069967958816E-28
 0.43109916958373E-15
 0.18257983945807E-14
 0.24037094616786E-14
 0.29807240630751E-14
 0.14069967958816E-28
 0.14069967958816E-28
 0.14069967958816E-28
 0.14069967958816E-28
 0.14069967958816E-28
 0.14069967958816E-28
 0.14069967958816E-28
 0.14069967958816E-28
 0.14069967958816E-28
 0.14069967958816E-28
 0.14069967958816E-28
 0.14069967958816E-28
 0.14069967958816E-28
 0.14069967958816E-28
 0.14069967958816E-28
 0.14069967958816E-28
 0.14069967958816E-28
 0.14069967958816E-28
 0.14069967958816E-28
 0.14069967958816E-28
 0.14069967958816E-28
 0.14069967958816E-28
 0.14069967958816E-28
 0.14069967958816E-28
 0.14069967958816E-28
 0.14069967958816E-28
 0.14069967958816E-28
 0.14069967958816E-28
 0.14069967958816E-28
 0.14069967958816E-28
 0.14069967958816E-28
 0.14069967958816E-28
 0.14069967958816E-28
 0.14069967958816E-28
 0.14069967958816E-28
 0.14069967958816E-28
 0.14069967958816E-28
 0.14069967958816E-28
 0.14069967958816E-28
 0.14069967958816E-28
 0.14069967958816E-28
 0.14069967958816E-28
 0.14069967958816E-28
 0.14069967958816E-28
 0.63371286658775E-16
 0.10730128351389E-14
 0.27346624459649E-14
 0.35142039645433E-14
 0.36599938850046E-14
 0.43643526545770E-14
 0.14069967958816E-28
 0.14069967958816E-28
 0.14069967958816E-28
 0.14069967958816E-28
 0.14069967958816E-28
 0.14069967958816E-28
 0.14069967958816E-28
 0.14069967958816E-28
 0.14069967958816E-28
 0.14069967958816E-28
 0.14069967958816E-28
 0.14069967958816E-28
 0.14069967958816E-28
 0.14069967958816E-28
 0.14069967958816E-28
 0.14069967958816E-28
 0.14069967958816E-28
 0.14069967958816E-28
 0.14069967958816E-28
 0.14069967958816E-28
 0.14069967958816E-28
 0.14069967958816E-28
 0.14069967958816E-28
 0.14069967958816E-28
 0.14069967958816E-28
 0.14069967958816E-28
 0.14069967958816E-28
 0.14069967958816E-28
 0.14069967958816E-28
 0.14069967958816E-28
 0.14069967958816E-28
 0.14069967958816E-28
 0.14069967958816E-28
 0.14069967958816E-28
 0.14069967958816E-28
 0.14069967958816E-28
 0.14069967958816E-28
 0.14069967958816E-28
 0.14069967958816E-28
 0.14069967958816E-28
 0.14069967958816E-28
 0.14069967958816E-28
 0.14069967958816E-28
 0.22608853841737E-15
 0.19635457752411E-14
 0.35120946813835E-14
 0.42723340861001E-14
 0.45317118851557E-14
 0.53306684418568E-14
 0.54481049359052E-14
 0.14069967958816E-28
 0.14069967958816E-28
 0.14069967958816E-28
 0.14069967958816E-28
 0.14069967958816E-28
 0.14069967958816E-28
 0.14069967958816E-28
 0.14069967958816E-28
 0.14069967958816E-28
 0.14069967958816E-28
 0.14069967958816E-28
 0.14069967958816E-28
 0.14069967958816E-28
 0.14069967958816E-28
 0.14069967958816E-28
 0.14069967958816E-28
 0.14069967958816E-28
 0.14069967958816E-28
 0.14069967958816E-28
 0.14069967958816E-28
 0.14069967958816E-28
 0.14069967958816E-28
 0.14069967958816E-28
 0.14069967958816E-28
 0.14069967958816E-28
 0.14069967958816E-28
 0.14069967958816E-28
 0.14069967958816E-28
 0.14069967958816E-28
 0.14069967958816E-28
 0.14069967958816E-28
 0.14069967958816E-28
 0.14069967958816E-28
 0.14069967958816E-28
 0.14069967958816E-28
 0.14069967958816E-28
 0.14069967958816E-28
 0.14069967958816E-28
 0.14069967958816E-28
 0.14069967958816E-28
 0.14069967958816E-28
 0.14069967958816E-28
 0.69632427459973E-15
 0.32192108887456E-14
 0.48096903526201E-14
 0.56033350000443E-14
 0.62769057285728E-14
 0.68142946031961E-14
 0.69700982730297E-14
 0.69766583454908E-14
 0.14069967958816E-28
 0.14069967958816E-28
 0.14069967958816E-28
 0.14069967958816E-28
 0.14069967958816E-28
 0.14069967958816E-28
 0.14069967958816E-28
 0.14069967958816E-28
 0.14069967958816E-28
 0.14069967958816E-28
 0.14069967958816E-28
 0.14069967958816E-28
 0.14069967958816E-28
 0.14069967958816E-28
 0.14069967958816E-28
 0.14069967958816E-28
 0.14069967958816E-28
 0.14069967958816E-28
 0.14069967958816E-28
 0.14069967958816E-28
 0.14069967958816E-28
 0.14069967958816E-28
 0.14069967958816E-28
 0.14069967958816E-28
 0.14069967958816E-28
 0.14069967958816E-28
 0.14069967958816E-28
 0.14069967958816E-28
 0.14069967958816E-28
 0.14069967958816E-28
 0.14069967958816E-28
 0.14069967958816E-28
 0.14069967958816E-28
 0.14069967958816E-28
 0.14069967958816E-28
 0.14069967958816E-28
 0.14069967958816E-28
 0.14069967958816E-28
 0.14069967958816E-28
 0.14069967958816E-28
 0.37465893935950E-16
 0.21159978884276E-14
 0.52640836187731E-14
 0.61587297164921E-14
 0.70993452919096E-14
 0.78054004702747E-14
 0.83860510673492E-14
 0.90312785664201E-14
 0.89972140822266E-14
 0.88084496152148E-14
 0.14069967958816E-28
 0.14069967958816E-28
 0.14069967958816E-28
 0.14069967958816E-28
 0.14069967958816E-28
 0.14069967958816E-28
 0.14069967958816E-28
 0.14069967958816E-28
 0.14069967958816E-28
 0.14069967958816E-28
 0.14069967958816E-28
 0.14069967958816E-28
 0.14069967958816E-28
 0.14069967958816E-28
 0.14069967958816E-28
 0.14069967958816E-28
 0.14069967958816E-28
 0.14069967958816E-28
 0.14069967958816E-28
 0.14069967958816E-28
 0.14069967958816E-28
 0.14069967958816E-28
 0.14069967958816E-28
 0.14069967958816E-28
 0.14069967958816E-28
 0.14069967958816E-28
 0.14069967958816E-28
 0.14069967958816E-28
 0.14069967958816E-28
 0.14069967958816E-28
 0.14069967958816E-28
 0.14069967958816E-28
 0.14069967958816E-28
 0.14069967958816E-28
 0.14069967958816E-28
 0.14069967958816E-28
 0.14069967958816E-28
 0.14069967958816E-28
 0.14069967958816E-28
 0.29255020659766E-15
 0.35099370973345E-14
 0.66985122088725E-14
 0.90922632855650E-14
 0.97878405324004E-14
 0.10545078689370E-13
 0.10674453083758E-13
 0.10833713559634E-13
 0.10549309666993E-13
 0.11202491992899E-13
 0.10690528957700E-13
 0.14069967958816E-28
 0.14069967958816E-28
 0.14069967958816E-28
 0.14069967958816E-28
 0.14069967958816E-28
 0.14069967958816E-28
 0.14069967958816E-28
 0.14069967958816E-28
 0.14069967958816E-28
 0.14069967958816E-28
 0.14069967958816E-28
 0.14069967958816E-28
 0.14069967958816E-28
 0.14069967958816E-28
 0.14069967958816E-28
 0.14069967958816E-28
 0.14069967958816E-28
 0.14069967958816E-28
 0.14069967958816E-28
 0.14069967958816E-28
 0.14069967958816E-28
 0.14069967958816E-28
 0.14069967958816E-28
 0.14069967958816E-28
 0.14069967958816E-28
 0.14069967958816E-28
 0.14069967958816E-28
 0.14069967958816E-28
 0.14069967958816E-28
 0.14069967958816E-28
 0.14069967958816E-28
 0.14069967958816E-28
 0.14069967958816E-28
 0.14069967958816E-28
 0.14069967958816E-28
 0.14069967958816E-28
 0.14069967958816E-28
 0.14069967958816E-28
 0.12628822500632E-14
 0.56166318680676E-14
 0.10013321114205E-13
 0.11081737860593E-13
 0.12196027898852E-13
 0.13240685918823E-13
 0.13878853604947E-13
 0.14044182857524E-13
 0.13572302366779E-13
 0.13519016700540E-13
 0.13546794407120E-13
 0.13876464868118E-13
 0.14069967958816E-28
 0.14069967958816E-28
 0.14069967958816E-28
 0.14069967958816E-28
 0.14069967958816E-28
 0.14069967958816E-28
 0.14069967958816E-28
 0.14069967958816E-28
 0.14069967958816E-28
 0.14069967958816E-28
 0.14069967958816E-28
 0.14069967958816E-28
 0.14069967958816E-28
 0.14069967958816E-28
 0.14069967958816E-28
 0.14069967958816E-28
 0.14069967958816E-28
 0.14069967958816E-28
 0.14069967958816E-28
 0.14069967958816E-28
 0.14069967958816E-28
 0.14069967958816E-28
 0.14069967958816E-28
 0.14069967958816E-28
 0.14069967958816E-28
 0.14069967958816E-28
 0.14069967958816E-28
 0.14069967958816E-28
 0.14069967958816E-28
 0.14069967958816E-28
 0.14069967958816E-28
 0.14069967958816E-28
 0.14069967958816E-28
 0.14069967958816E-28
 0.14069967958816E-28
 0.14069967958816E-28
 0.11096428841069E-16
 0.32327052026990E-14
 0.10254650291649E-13
 0.14151790168157E-13
 0.15241473748202E-13
 0.16573878972990E-13
 0.17734341695219E-13
 0.18364416402169E-13
 0.17459472684279E-13
 0.17046355418698E-13
 0.16976013207769E-13
 0.16740069259624E-13
 0.17479543205006E-13
 0.17327089065920E-13
 0.14069967958816E-28
 0.14069967958816E-28
 0.14069967958816E-28
 0.14069967958816E-28
 0.14069967958816E-28
 0.14069967958816E-28
 0.14069967958816E-28
 0.14069967958816E-28
 0.14069967958816E-28
 0.14069967958816E-28
 0.14069967958816E-28
 0.14069967958816E-28
 0.14069967958816E-28
 0.14069967958816E-28
 0.14069967958816E-28
 0.14069967958816E-28
 0.14069967958816E-28
 0.14069967958816E-28
 0.14069967958816E-28
 0.14069967958816E-28
 0.14069967958816E-28
 0.14069967958816E-28
 0.14069967958816E-28
 0.14069967958816E-28
 0.14069967958816E-28
 0.14069967958816E-28
 0.14069967958816E-28
 0.14069967958816E-28
 0.14069967958816E-28
 0.14069967958816E-28
 0.14069967958816E-28
 0.14069967958816E-28
 0.14069967958816E-28
 0.14069967958816E-28
 0.14069967958816E-28
 0.19080067575240E-15
 0.65451202573458E-14
 0.15022539005055E-13
 0.18182337575748E-13
 0.20253938296030E-13
 0.22331182837983E-13
 0.22321257134513E-13
 0.22208261769363E-13
 0.22353001390414E-13
 0.22166282819698E-13
 0.21723478452907E-13
 0.21369984621600E-13
 0.21833405267263E-13
 0.19621036216953E-13
 0.16514563691717E-13
 0.14069967958816E-28
 0.14069967958816E-28
 0.14069967958816E-28
 0.14069967958816E-28
 0.14069967958816E-28
 0.14069967958816E-28
 0.14069967958816E-28
 0.14069967958816E-28
 0.14069967958816E-28
 0.14069967958816E-28
 0.14069967958816E-28
 0.14069967958816E-28
 0.14069967958816E-28
 0.14069967958816E-28
 0.14069967958816E-28
 0.14069967958816E-28
 0.14069967958816E-28
 0.14069967958816E-28
 0.14069967958816E-28
 0.14069967958816E-28
 0.14069967958816E-28
 0.14069967958816E-28
 0.14069967958816E-28
 0.14069967958816E-28
 0.14069967958816E-28
 0.14069967958816E-28
 0.14069967958816E-28
 0.14069967958816E-28
 0.14069967958816E-28
 0.14069967958816E-28
 0.14069967958816E-28
 0.14069967958816E-28
 0.14069967958816E-28
 0.14069967958816E-28
 0.92962790509929E-15
 0.11384422844456E-13
 0.21550795774476E-13
 0.24646800519754E-13
 0.28056223346371E-13
 0.28692611085329E-13
 0.29386287292090E-13
 0.28391302935595E-13
 0.27667004649876E-13
 0.27432355665225E-13
 0.27989021301793E-13
 0.27107010411425E-13
 0.24460143072335E-13
 0.20869865716125E-13
 0.17396003696049E-13
 0.14370017111129E-13
 0.14069967958816E-28
 0.14069967958816E-28
 0.14069967958816E-28
 0.14069967958816E-28
 0.14069967958816E-28
 0.14069967958816E-28
 0.14069967958816E-28
 0.14069967958816E-28
 0.14069967958816E-28
 0.14069967958816E-28
 0.14069967958816E-28
 0.14069967958816E-28
 0.14069967958816E-28
 0.14069967958816E-28
 0.14069967958816E-28
 0.14069967958816E-28
 0.14069967958816E-28
 0.14069967958816E-28
 0.14069967958816E-28
 0.14069967958816E-28
 0.14069967958816E-28
 0.14069967958816E-28
 0.14069967958816E-28
 0.14069967958816E-28
 0.14069967958816E-28
 0.14069967958816E-28
 0.14069967958816E-28
 0.14069967958816E-28
 0.14069967958816E-28
 0.14069967958816E-28
 0.14069967958816E-28
 0.14069967958816E-28
 0.14069967958816E-28
 0.31820168063329E-14
 0.19968297031803E-13
 0.31604457819343E-13
 0.34764198624613E-13
 0.36525425637816E-13
 0.38697949509684E-13
 0.35787407397961E-13
 0.36501328498432E-13
 0.35224600538110E-13
 0.35351772198723E-13
 0.33543861853964E-13
 0.31176408005525E-13
 0.25705582814573E-13
 0.21768337495411E-13
 0.17746212891007E-13
 0.15352069052566E-13
 0.12624991243969E-13
 0.14069967958816E-28
 0.14069967958816E-28
 0.14069967958816E-28
 0.14069967958816E-28
 0.14069967958816E-28
 0.14069967958816E-28
 0.14069967958816E-28
 0.14069967958816E-28
 0.14069967958816E-28
 0.14069967958816E-28
 0.14069967958816E-28
 0.14069967958816E-28
 0.14069967958816E-28
 0.14069967958816E-28
 0.14069967958816E-28
 0.14069967958816E-28
 0.14069967958816E-28
 0.14069967958816E-28
 0.14069967958816E-28
 0.14069967958816E-28
 0.14069967958816E-28
 0.14069967958816E-28
 0.14069967958816E-28
 0.14069967958816E-28
 0.14069967958816E-28
 0.14069967958816E-28
 0.14069967958816E-28
 0.14069967958816E-28
 0.14069967958816E-28
 0.14069967958816E-28
 0.14069967958816E-28
 0.14069967958816E-28
 0.67545456714541E-14
 0.32723628805263E-13
 0.42610459530918E-13
 0.46086711798070E-13
 0.47345976775261E-13
 0.45478756232315E-13
 0.46165468067854E-13
 0.45235512418859E-13
 0.44673788102737E-13
 0.42493450622670E-13
 0.37959884758245E-13
 0.33443075073896E-13
 0.27368285248918E-13
 0.23026990240694E-13
 0.19146925196353E-13
 0.15574538288835E-13
 0.13136975381553E-13
 0.11262353011868E-13
 0.14069967958816E-28
 0.14069967958816E-28
 0.14069967958816E-28
 0.14069967958816E-28
 0.14069967958816E-28
 0.14069967958816E-28
 0.14069967958816E-28
 0.14069967958816E-28
 0.14069967958816E-28
 0.14069967958816E-28
 0.14069967958816E-28
 0.14069967958816E-28
 0.14069967958816E-28
 0.14069967958816E-28
 0.14069967958816E-28
 0.14069967958816E-28
 0.14069967958816E-28
 0.14069967958816E-28
 0.14069967958816E-28
 0.14069967958816E-28
 0.14069967958816E-28
 0.14069967958816E-28
 0.14069967958816E-28
 0.14069967958816E-28
 0.14069967958816E-28
 0.14069967958816E-28
 0.14069967958816E-28
 0.14069967958816E-28
 0.14069967958816E-28
 0.14069967958816E-28
 0.51226779865835E-16
 0.15536422576133E-13
 0.49170107695708E-13
 0.56345215938843E-13
 0.57901406559097E-13
 0.60175741372249E-13
 0.58242701164529E-13
 0.56141358919552E-13
 0.54874875346705E-13
 0.52683529701897E-13
 0.48674458979602E-13
 0.42780766157513E-13
 0.35685487273714E-13
 0.29176505147353E-13
 0.23788546623912E-13
 0.20840810673451E-13
 0.16861433068369E-13
 0.13327687138840E-13
 0.11415667699111E-13
 0.92421603592536E-14
 0.14069967958816E-28
 0.14069967958816E-28
 0.14069967958816E-28
 0.14069967958816E-28
 0.14069967958816E-28
 0.14069967958816E-28
 0.14069967958816E-28
 0.14069967958816E-28
 0.14069967958816E-28
 0.14069967958816E-28
 0.14069967958816E-28
 0.14069967958816E-28
 0.14069967958816E-28
 0.14069967958816E-28
 0.14069967958816E-28
 0.14069967958816E-28
 0.14069967958816E-28
 0.14069967958816E-28
 0.14069967958816E-28
 0.14069967958816E-28
 0.14069967958816E-28
 0.14069967958816E-28
 0.14069967958816E-28
 0.14069967958816E-28
 0.14069967958816E-28
 0.14069967958816E-28
 0.14069967958816E-28
 0.14069967958816E-28
 0.14069967958816E-28
 0.13332262655789E-15
 0.26332214669142E-13
 0.63795060867806E-13
 0.67907189287814E-13
 0.69071981018310E-13
 0.69104030687667E-13
 0.67516609184542E-13
 0.66199611423186E-13
 0.63861227803664E-13
 0.60070515545765E-13
 0.53354103704055E-13
 0.44848469264246E-13
 0.37804223395761E-13
 0.31902327578898E-13
 0.26906008644670E-13
 0.20274132860759E-13
 0.17262439489192E-13
 0.13433477915886E-13
 0.11074573620141E-13
 0.85525950906956E-14
 0.75282611293775E-14
 0.14069967958816E-28
 0.14069967958816E-28
 0.14069967958816E-28
 0.14069967958816E-28
 0.14069967958816E-28
 0.14069967958816E-28
 0.14069967958816E-28
 0.14069967958816E-28
 0.14069967958816E-28
 0.14069967958816E-28
 0.14069967958816E-28
 0.14069967958816E-28
 0.14069967958816E-28
 0.14069967958816E-28
 0.14069967958816E-28
 0.14069967958816E-28
 0.14069967958816E-28
 0.14069967958816E-28
 0.14069967958816E-28
 0.14069967958816E-28
 0.14069967958816E-28
 0.14069967958816E-28
 0.14069967958816E-28
 0.14069967958816E-28
 0.14069967958816E-28
 0.14069967958816E-28
 0.14069967958816E-28
 0.14069967958816E-28
 0.61036068042881E-15
 0.38560074283144E-13
 0.72947252724984E-13
 0.75218270572017E-13
 0.75372724080193E-13
 0.74557654719542E-13
 0.73986269795421E-13
 0.72447521823337E-13
 0.69240310101994E-13
 0.63710806264063E-13
 0.55827830710321E-13
 0.47523986803868E-13
 0.40908682133383E-13
 0.33753873091747E-13
 0.26988566682433E-13
 0.22012692351750E-13
 0.17702907835002E-13
 0.13513929692777E-13
 0.11224870187878E-13
 0.85584684752735E-14
 0.66131747654465E-14
 0.47769716387142E-14
 0.14069967958816E-28
 0.14069967958816E-28
 0.14069967958816E-28
 0.14069967958816E-28
 0.14069967958816E-28
 0.14069967958816E-28
 0.14069967958816E-28
 0.14069967958816E-28
 0.14069967958816E-28
 0.14069967958816E-28
 0.14069967958816E-28
 0.14069967958816E-28
 0.14069967958816E-28
 0.14069967958816E-28
 0.14069967958816E-28
 0.14069967958816E-28
 0.14069967958816E-28
 0.14069967958816E-28
 0.14069967958816E-28
 0.14069967958816E-28
 0.14069967958816E-28
 0.14069967958816E-28
 0.14069967958816E-28
 0.14069967958816E-28
 0.14069967958816E-28
 0.14069967958816E-28
 0.14069967958816E-28
 0.58765596324863E-15
 0.44900271434522E-13
 0.76363074328863E-13
 0.76646945336720E-13
 0.76621883502089E-13
 0.76475379350698E-13
 0.76247367957166E-13
 0.75266306105022E-13
 0.72705013940559E-13
 0.67961597667956E-13
 0.60655290119184E-13
 0.51764116924802E-13
 0.42337006883454E-13
 0.36154765984881E-13
 0.28455522721927E-13
 0.21814740045951E-13
 0.17197388081791E-13
 0.13377911315596E-13
 0.95078244753050E-14
 0.68292018453131E-14
 0.48373940957687E-14
 0.28635898514821E-14
 0.11599406866533E-14
 0.14069967958816E-28
 0.14069967958816E-28
 0.14069967958816E-28
 0.14069967958816E-28
 0.14069967958816E-28
 0.14069967958816E-28
 0.14069967958816E-28
 0.14069967958816E-28
 0.14069967958816E-28
 0.14069967958816E-28
 0.14069967958816E-28
 0.14069967958816E-28
 0.14069967958816E-28
 0.14069967958816E-28
 0.14069967958816E-28
 0.14069967958816E-28
 0.14069967958816E-28
 0.14069967958816E-28
 0.14069967958816E-28
 0.14069967958816E-28
 0.14069967958816E-28
 0.14069967958816E-28
 0.14069967958816E-28
 0.14069967958816E-28
 0.14069967958816E-28
 0.14069967958816E-28
 0.14069967958816E-28
 0.47485874134244E-13
 0.76706908907662E-13
 0.76709558993843E-13
 0.76709154852453E-13
 0.76706094176156E-13
 0.76641374362965E-13
 0.76299543457684E-13
 0.74612326295900E-13
 0.70530720867182E-13
 0.62865326901139E-13
 0.54907959688502E-13
 0.44160560844360E-13
 0.34762396591860E-13
 0.27454978944927E-13
 0.20582066822290E-13
 0.15155165543927E-13
 0.10591543898070E-13
 0.59941850987233E-14
 0.32344895081575E-14
 0.10748061134871E-14
 0.15137387983889E-15
 0.14069967958816E-28
 0.14069967958816E-28
 0.14069967958816E-28
 0.14069967958816E-28
 0.14069967958816E-28
 0.14069967958816E-28
 0.14069967958816E-28
 0.14069967958816E-28
 0.14069967958816E-28
 0.14069967958816E-28
 0.14069967958816E-28
 0.14069967958816E-28
 0.14069967958816E-28
 0.14069967958816E-28
 0.14069967958816E-28
 0.14069967958816E-28
 0.14069967958816E-28
 0.14069967958816E-28
 0.14069967958816E-28
 0.14069967958816E-28
 0.14069967958816E-28
 0.14069967958816E-28
 0.14069967958816E-28
 0.14069967958816E-28
 0.14069967958816E-28
 0.14069967958816E-28
 0.14069967958816E-28
 0.14069967958816E-28
 0.20832972763234E-14
 0.73414073831648E-13
 0.76709915027067E-13
 0.76709915013913E-13
 0.76709906363226E-13
 0.76706554601798E-13
 0.76616255304153E-13
 0.75639576222501E-13
 0.72263515197953E-13
 0.65214260662388E-13
 0.54752604255355E-13
 0.43694518342759E-13
 0.32655441891988E-13
 0.22715895540390E-13
 0.14060291592462E-13
 0.74278987961129E-14
 0.30743174210228E-14
 0.70439235171813E-15
 0.15287152981981E-16
 0.14069967958816E-28
 0.14069967958816E-28
 0.14069967958816E-28
 0.14069967958816E-28
 0.14069967958816E-28
 0.14069967958816E-28
 0.14069967958816E-28
 0.14069967958816E-28
 0.14069967958816E-28
 0.14069967958816E-28
 0.14069967958816E-28
 0.14069967958816E-28
 0.14069967958816E-28
 0.14069967958816E-28
 0.14069967958816E-28
 0.14069967958816E-28
 0.14069967958816E-28
 0.14069967958816E-28
 0.14069967958816E-28
 0.14069967958816E-28
 0.14069967958816E-28
 0.14069967958816E-28
 0.14069967958816E-28
 0.14069967958816E-28
 0.14069967958816E-28
 0.14069967958816E-28
 0.14069967958816E-28
 0.14069967958816E-28
 0.14069967958816E-28
 0.14069967958816E-28
 0.14069967958816E-28
 0.14069967958816E-28
 0.54804827764913E-13
 0.76709914322790E-13
 0.76709915022721E-13
 0.76709847592124E-13
 0.76665823418094E-13
 0.75950081116864E-13
 0.72399273898885E-13
 0.63166834731914E-13
 0.47689039356369E-13
 0.30686549165698E-13
 0.15138276064298E-13
 0.74298743850427E-14
 0.13590220778255E-14
 0.11274884342911E-15
 0.14069967958816E-28
 0.14069967958816E-28
 0.14069967958816E-28
 0.14069967958816E-28
 0.14069967958816E-28
 0.14069967958816E-28
 0.14069967958816E-28
 0.14069967958816E-28
 0.14069967958816E-28
 0.14069967958816E-28
 0.14069967958816E-28
 0.14069967958816E-28
 0.14069967958816E-28
 0.14069967958816E-28
 0.14069967958816E-28
 0.14069967958816E-28
 0.14069967958816E-28
 0.14069967958816E-28
 0.14069967958816E-28
 0.14069967958816E-28
 0.14069967958816E-28
 0.14069967958816E-28
 0.14069967958816E-28
 0.14069967958816E-28
 0.14069967958816E-28
 0.14069967958816E-28
 0.14069967958816E-28
 0.14069967958816E-28
 0.27108931575972E-14
 0.11283986908999E-13
 0.82368031118909E-14
 0.14069967958816E-28
 0.14069967958816E-28
 0.14069967958816E-28
 0.14069967958816E-28
 0.14069967958816E-28
 0.13072727535951E-13
 0.73240889866747E-13
 0.76707390341581E-13
 0.74025797238938E-13
 0.63689078109512E-13
 0.44155828207055E-13
 0.26012993780334E-13
 0.11289468584846E-13
 0.26792173344181E-14
 0.14069967958816E-28
 0.14069967958816E-28
 0.14069967958816E-28
 0.14069967958816E-28
 0.14069967958816E-28
 0.14069967958816E-28
 0.14069967958816E-28
 0.14069967958816E-28
 0.14069967958816E-28
 0.14069967958816E-28
 0.14069967958816E-28
 0.14069967958816E-28
 0.14069967958816E-28
 0.14069967958816E-28
 0.14069967958816E-28
 0.14069967958816E-28
 0.14069967958816E-28
 0.14069967958816E-28
 0.14069967958816E-28
 0.14069967958816E-28
 0.14069967958816E-28
 0.14069967958816E-28
 0.14069967958816E-28
 0.14069967958816E-28
 0.14069967958816E-28
 0.14069967958816E-28
 0.14069967958816E-28
 0.14069967958816E-28
 0.26792173344179E-14
 0.11289468584845E-13
 0.26012993780332E-13
 0.44155828207053E-13
 0.63689078109509E-13
 0.74025797238935E-13
 0.76707390341578E-13
 0.73240889866744E-13
 0.13072727535950E-13
 0.14069967958816E-28
 0.14069967958816E-28
 0.14069967958816E-28
 0.14069967958816E-28
 0.14069967958816E-28
 0.82368031118912E-14
 0.11283986909000E-13
 0.27108931575973E-14
 0.14069967958816E-28
 0.14069967958816E-28
 0.14069967958816E-28
 0.14069967958816E-28
 0.14069967958816E-28
 0.14069967958816E-28
 0.14069967958816E-28
 0.14069967958816E-28
 0.14069967958816E-28
 0.14069967958816E-28
 0.14069967958816E-28
 0.14069967958816E-28
 0.14069967958816E-28
 0.14069967958816E-28
 0.14069967958816E-28
 0.14069967958816E-28
 0.14069967958816E-28
 0.14069967958816E-28
 0.14069967958816E-28
 0.14069967958816E-28
 0.14069967958816E-28
 0.14069967958816E-28
 0.14069967958816E-28
 0.14069967958816E-28
 0.14069967958816E-28
 0.14069967958816E-28
 0.14069967958816E-28
 0.14069967958816E-28
 0.11274884342910E-15
 0.13590220778254E-14
 0.74298743850420E-14
 0.15138276064297E-13
 0.30686549165696E-13
 0.47689039356365E-13
 0.63166834731910E-13
 0.72399273898880E-13
 0.75950081116859E-13
 0.76665823418091E-13
 0.76709847592121E-13
 0.76709915022718E-13
 0.76709914322788E-13
 0.54804827764911E-13
 0.14069967958816E-28
 0.14069967958816E-28
 0.14069967958816E-28
 0.14069967958816E-28
 0.14069967958816E-28
 0.14069967958816E-28
 0.14069967958816E-28
 0.14069967958816E-28
 0.14069967958816E-28
 0.14069967958816E-28
 0.14069967958816E-28
 0.14069967958816E-28
 0.14069967958816E-28
 0.14069967958816E-28
 0.14069967958816E-28
 0.14069967958816E-28
 0.14069967958816E-28
 0.14069967958816E-28
 0.14069967958816E-28
 0.14069967958816E-28
 0.14069967958816E-28
 0.14069967958816E-28
 0.14069967958816E-28
 0.14069967958816E-28
 0.14069967958816E-28
 0.14069967958816E-28
 0.14069967958816E-28
 0.14069967958816E-28
 0.14069967958816E-28
 0.14069967958816E-28
 0.14069967958816E-28
 0.14069967958816E-28
 0.15287152981979E-16
 0.70439235171804E-15
 0.30743174210225E-14
 0.74278987961121E-14
 0.14060291592460E-13
 0.22715895540388E-13
 0.32655441891985E-13
 0.43694518342756E-13
 0.54752604255351E-13
 0.65214260662383E-13
 0.72263515197948E-13
 0.75639576222496E-13
 0.76616255304149E-13
 0.76706554601794E-13
 0.76709906363222E-13
 0.76709915013910E-13
 0.76709915027065E-13
 0.73414073831645E-13
 0.20832972763233E-14
 0.14069967958816E-28
 0.14069967958816E-28
 0.14069967958816E-28
 0.14069967958816E-28
 0.14069967958816E-28
 0.14069967958816E-28
 0.14069967958816E-28
 0.14069967958816E-28
 0.14069967958816E-28
 0.14069967958816E-28
 0.14069967958816E-28
 0.14069967958816E-28
 0.14069967958816E-28
 0.14069967958816E-28
 0.14069967958816E-28
 0.14069967958816E-28
 0.14069967958816E-28
 0.14069967958816E-28
 0.14069967958816E-28
 0.14069967958816E-28
 0.14069967958816E-28
 0.14069967958816E-28
 0.14069967958816E-28
 0.14069967958816E-28
 0.14069967958816E-28
 0.14069967958816E-28
 0.14069967958816E-28
 0.14069967958816E-28
 0.15137387983887E-15
 0.10748061134870E-14
 0.32344895081571E-14
 0.59941850987225E-14
 0.10591543898069E-13
 0.15155165543926E-13
 0.20582066822287E-13
 0.27454978944924E-13
 0.34762396591856E-13
 0.44160560844356E-13
 0.54907959688498E-13
 0.62865326901134E-13
 0.70530720867176E-13
 0.74612326295895E-13
 0.76299543457679E-13
 0.76641374362960E-13
 0.76706094176152E-13
 0.76709154852449E-13
 0.76709558993840E-13
 0.76706908907660E-13
 0.47485874134243E-13
 0.14069967958816E-28
 0.14069967958816E-28
 0.14069967958816E-28
 0.14069967958816E-28
 0.14069967958816E-28
 0.14069967958816E-28
 0.14069967958816E-28
 0.14069967958816E-28
 0.14069967958816E-28
 0.14069967958816E-28
 0.14069967958816E-28
 0.14069967958816E-28
 0.14069967958816E-28
 0.14069967958816E-28
 0.14069967958816E-28
 0.14069967958816E-28
 0.14069967958816E-28
 0.14069967958816E-28
 0.14069967958816E-28
 0.14069967958816E-28
 0.14069967958816E-28
 0.14069967958816E-28
 0.14069967958816E-28
 0.14069967958816E-28
 0.14069967958816E-28
 0.14069967958816E-28
 0.14069967958816E-28
 0.11599406866531E-14
 0.28635898514817E-14
 0.48373940957680E-14
 0.68292018453121E-14
 0.95078244753037E-14
 0.13377911315594E-13
 0.17197388081789E-13
 0.21814740045948E-13
 0.28455522721924E-13
 0.36154765984877E-13
 0.42337006883450E-13
 0.51764116924797E-13
 0.60655290119179E-13
 0.67961597667950E-13
 0.72705013940554E-13
 0.75266306105016E-13
 0.76247367957161E-13
 0.76475379350693E-13
 0.76621883502084E-13
 0.76646945336716E-13
 0.76363074328860E-13
 0.44900271434520E-13
 0.58765596324861E-15
 0.14069967958816E-28
 0.14069967958816E-28
 0.14069967958816E-28
 0.14069967958816E-28
 0.14069967958816E-28
 0.14069967958816E-28
 0.14069967958816E-28
 0.14069967958816E-28
 0.14069967958816E-28
 0.14069967958816E-28
 0.14069967958816E-28
 0.14069967958816E-28
 0.14069967958816E-28
 0.14069967958816E-28
 0.14069967958816E-28
 0.14069967958816E-28
 0.14069967958816E-28
 0.14069967958816E-28
 0.14069967958816E-28
 0.14069967958816E-28
 0.14069967958816E-28
 0.14069967958816E-28
 0.14069967958816E-28
 0.14069967958816E-28
 0.14069967958816E-28
 0.14069967958816E-28
 0.14069967958816E-28
 0.47769716387133E-14
 0.66131747654454E-14
 0.85584684752721E-14
 0.11224870187877E-13
 0.13513929692775E-13
 0.17702907835000E-13
 0.22012692351747E-13
 0.26988566682430E-13
 0.33753873091743E-13
 0.40908682133379E-13
 0.47523986803864E-13
 0.55827830710316E-13
 0.63710806264058E-13
 0.69240310101988E-13
 0.72447521823331E-13
 0.73986269795415E-13
 0.74557654719536E-13
 0.75372724080188E-13
 0.75218270572012E-13
 0.72947252724980E-13
 0.38560074283142E-13
 0.61036068042878E-15
 0.14069967958816E-28
 0.14069967958816E-28
 0.14069967958816E-28
 0.14069967958816E-28
 0.14069967958816E-28
 0.14069967958816E-28
 0.14069967958816E-28
 0.14069967958816E-28
 0.14069967958816E-28
 0.14069967958816E-28
 0.14069967958816E-28
 0.14069967958816E-28
 0.14069967958816E-28
 0.14069967958816E-28
 0.14069967958816E-28
 0.14069967958816E-28
 0.14069967958816E-28
 0.14069967958816E-28
 0.14069967958816E-28
 0.14069967958816E-28
 0.14069967958816E-28
 0.14069967958816E-28
 0.14069967958816E-28
 0.14069967958816E-28
 0.14069967958816E-28
 0.14069967958816E-28
 0.14069967958816E-28
 0.14069967958816E-28
 0.75282611293762E-14
 0.85525950906942E-14
 0.11074573620139E-13
 0.13433477915884E-13
 0.17262439489190E-13
 0.20274132860757E-13
 0.26906008644666E-13
 0.31902327578894E-13
 0.37804223395757E-13
 0.44848469264241E-13
 0.53354103704049E-13
 0.60070515545759E-13
 0.63861227803658E-13
 0.66199611423180E-13
 0.67516609184536E-13
 0.69104030687662E-13
 0.69071981018304E-13
 0.67907189287809E-13
 0.63795060867802E-13
 0.26332214669140E-13
 0.13332262655788E-15
 0.14069967958816E-28
 0.14069967958816E-28
 0.14069967958816E-28
 0.14069967958816E-28
 0.14069967958816E-28
 0.14069967958816E-28
 0.14069967958816E-28
 0.14069967958816E-28
 0.14069967958816E-28
 0.14069967958816E-28
 0.14069967958816E-28
 0.14069967958816E-28
 0.14069967958816E-28
 0.14069967958816E-28
 0.14069967958816E-28
 0.14069967958816E-28
 0.14069967958816E-28
 0.14069967958816E-28
 0.14069967958816E-28
 0.14069967958816E-28
 0.14069967958816E-28
 0.14069967958816E-28
 0.14069967958816E-28
 0.14069967958816E-28
 0.14069967958816E-28
 0.14069967958816E-28
 0.14069967958816E-28
 0.14069967958816E-28
 0.14069967958816E-28
 0.92421603592520E-14
 0.11415667699109E-13
 0.13327687138838E-13
 0.16861433068366E-13
 0.20840810673448E-13
 0.23788546623909E-13
 0.29176505147349E-13
 0.35685487273709E-13
 0.42780766157508E-13
 0.48674458979597E-13
 0.52683529701891E-13
 0.54874875346699E-13
 0.56141358919546E-13
 0.58242701164524E-13
 0.60175741372244E-13
 0.57901406559092E-13
 0.56345215938839E-13
 0.49170107695705E-13
 0.15536422576132E-13
 0.51226779865831E-16
 0.14069967958816E-28
 0.14069967958816E-28
 0.14069967958816E-28
 0.14069967958816E-28
 0.14069967958816E-28
 0.14069967958816E-28
 0.14069967958816E-28
 0.14069967958816E-28
 0.14069967958816E-28
 0.14069967958816E-28
 0.14069967958816E-28
 0.14069967958816E-28
 0.14069967958816E-28
 0.14069967958816E-28
 0.14069967958816E-28
 0.14069967958816E-28
 0.14069967958816E-28
 0.14069967958816E-28
 0.14069967958816E-28
 0.14069967958816E-28
 0.14069967958816E-28
 0.14069967958816E-28
 0.14069967958816E-28
 0.14069967958816E-28
 0.14069967958816E-28
 0.14069967958816E-28
 0.14069967958816E-28
 0.14069967958816E-28
 0.14069967958816E-28
 0.14069967958816E-28
 0.11262353011866E-13
 0.13136975381550E-13
 0.15574538288832E-13
 0.19146925196350E-13
 0.23026990240691E-13
 0.27368285248914E-13
 0.33443075073892E-13
 0.37959884758240E-13
 0.42493450622664E-13
 0.44673788102732E-13
 0.45235512418854E-13
 0.46165468067849E-13
 0.45478756232311E-13
 0.47345976775256E-13
 0.46086711798066E-13
 0.42610459530915E-13
 0.32723628805260E-13
 0.67545456714536E-14
 0.14069967958816E-28
 0.14069967958816E-28
 0.14069967958816E-28
 0.14069967958816E-28
 0.14069967958816E-28
 0.14069967958816E-28
 0.14069967958816E-28
 0.14069967958816E-28
 0.14069967958816E-28
 0.14069967958816E-28
 0.14069967958816E-28
 0.14069967958816E-28
 0.14069967958816E-28
 0.14069967958816E-28
 0.14069967958816E-28
 0.14069967958816E-28
 0.14069967958816E-28
 0.14069967958816E-28
 0.14069967958816E-28
 0.14069967958816E-28
 0.14069967958816E-28
 0.14069967958816E-28
 0.14069967958816E-28
 0.14069967958816E-28
 0.14069967958816E-28
 0.14069967958816E-28
 0.14069967958816E-28
 0.14069967958816E-28
 0.14069967958816E-28
 0.14069967958816E-28
 0.14069967958816E-28
 0.14069967958816E-28
 0.12624991243967E-13
 0.15352069052563E-13
 0.17746212891004E-13
 0.21768337495407E-13
 0.25705582814569E-13
 0.31176408005520E-13
 0.33543861853960E-13
 0.35351772198718E-13
 0.35224600538105E-13
 0.36501328498428E-13
 0.35787407397956E-13
 0.38697949509680E-13
 0.36525425637812E-13
 0.34764198624609E-13
 0.31604457819340E-13
 0.19968297031801E-13
 0.31820168063326E-14
 0.14069967958816E-28
 0.14069967958816E-28
 0.14069967958816E-28
 0.14069967958816E-28
 0.14069967958816E-28
 0.14069967958816E-28
 0.14069967958816E-28
 0.14069967958816E-28
 0.14069967958816E-28
 0.14069967958816E-28
 0.14069967958816E-28
 0.14069967958816E-28
 0.14069967958816E-28
 0.14069967958816E-28
 0.14069967958816E-28
 0.14069967958816E-28
 0.14069967958816E-28
 0.14069967958816E-28
 0.14069967958816E-28
 0.14069967958816E-28
 0.14069967958816E-28
 0.14069967958816E-28
 0.14069967958816E-28
 0.14069967958816E-28
 0.14069967958816E-28
 0.14069967958816E-28
 0.14069967958816E-28
 0.14069967958816E-28
 0.14069967958816E-28
 0.14069967958816E-28
 0.14069967958816E-28
 0.14069967958816E-28
 0.14069967958816E-28
 0.14370017111127E-13
 0.17396003696046E-13
 0.20869865716121E-13
 0.24460143072331E-13
 0.27107010411420E-13
 0.27989021301789E-13
 0.27432355665221E-13
 0.27667004649873E-13
 0.28391302935591E-13
 0.29386287292086E-13
 0.28692611085325E-13
 0.28056223346368E-13
 0.24646800519751E-13
 0.21550795774474E-13
 0.11384422844455E-13
 0.92962790509920E-15
 0.14069967958816E-28
 0.14069967958816E-28
 0.14069967958816E-28
 0.14069967958816E-28
 0.14069967958816E-28
 0.14069967958816E-28
 0.14069967958816E-28
 0.14069967958816E-28
 0.14069967958816E-28
 0.14069967958816E-28
 0.14069967958816E-28
 0.14069967958816E-28
 0.14069967958816E-28
 0.14069967958816E-28
 0.14069967958816E-28
 0.14069967958816E-28
 0.14069967958816E-28
 0.14069967958816E-28
 0.14069967958816E-28
 0.14069967958816E-28
 0.14069967958816E-28
 0.14069967958816E-28
 0.14069967958816E-28
 0.14069967958816E-28
 0.14069967958816E-28
 0.14069967958816E-28
 0.14069967958816E-28
 0.14069967958816E-28
 0.14069967958816E-28
 0.14069967958816E-28
 0.14069967958816E-28
 0.14069967958816E-28
 0.14069967958816E-28
 0.14069967958816E-28
 0.16514563691714E-13
 0.19621036216950E-13
 0.21833405267259E-13
 0.21369984621596E-13
 0.21723478452903E-13
 0.22166282819695E-13
 0.22353001390411E-13
 0.22208261769360E-13
 0.22321257134510E-13
 0.22331182837980E-13
 0.20253938296028E-13
 0.18182337575745E-13
 0.15022539005053E-13
 0.65451202573450E-14
 0.19080067575237E-15
 0.14069967958816E-28
 0.14069967958816E-28
 0.14069967958816E-28
 0.14069967958816E-28
 0.14069967958816E-28
 0.14069967958816E-28
 0.14069967958816E-28
 0.14069967958816E-28
 0.14069967958816E-28
 0.14069967958816E-28
 0.14069967958816E-28
 0.14069967958816E-28
 0.14069967958816E-28
 0.14069967958816E-28
 0.14069967958816E-28
 0.14069967958816E-28
 0.14069967958816E-28
 0.14069967958816E-28
 0.14069967958816E-28
 0.14069967958816E-28
 0.14069967958816E-28
 0.14069967958816E-28
 0.14069967958816E-28
 0.14069967958816E-28
 0.14069967958816E-28
 0.14069967958816E-28
 0.14069967958816E-28
 0.14069967958816E-28
 0.14069967958816E-28
 0.14069967958816E-28
 0.14069967958816E-28
 0.14069967958816E-28
 0.14069967958816E-28
 0.14069967958816E-28
 0.14069967958816E-28
 0.17327089065917E-13
 0.17479543205003E-13
 0.16740069259621E-13
 0.16976013207766E-13
 0.17046355418695E-13
 0.17459472684277E-13
 0.18364416402166E-13
 0.17734341695216E-13
 0.16573878972987E-13
 0.15241473748200E-13
 0.14151790168155E-13
 0.10254650291647E-13
 0.32327052026986E-14
 0.11096428841067E-16
 0.14069967958816E-28
 0.14069967958816E-28
 0.14069967958816E-28
 0.14069967958816E-28
 0.14069967958816E-28
 0.14069967958816E-28
 0.14069967958816E-28
 0.14069967958816E-28
 0.14069967958816E-28
 0.14069967958816E-28
 0.14069967958816E-28
 0.14069967958816E-28
 0.14069967958816E-28
 0.14069967958816E-28
 0.14069967958816E-28
 0.14069967958816E-28
 0.14069967958816E-28
 0.14069967958816E-28
 0.14069967958816E-28
 0.14069967958816E-28
 0.14069967958816E-28
 0.14069967958816E-28
 0.14069967958816E-28
 0.14069967958816E-28
 0.14069967958816E-28
 0.14069967958816E-28
 0.14069967958816E-28
 0.14069967958816E-28
 0.14069967958816E-28
 0.14069967958816E-28
 0.14069967958816E-28
 0.14069967958816E-28
 0.14069967958816E-28
 0.14069967958816E-28
 0.14069967958816E-28
 0.14069967958816E-28
 0.13876464868115E-13
 0.13546794407118E-13
 0.13519016700537E-13
 0.13572302366776E-13
 0.14044182857522E-13
 0.13878853604945E-13
 0.13240685918821E-13
 0.12196027898850E-13
 0.11081737860591E-13
 0.10013321114203E-13
 0.56166318680669E-14
 0.12628822500631E-14
 0.14069967958816E-28
 0.14069967958816E-28
 0.14069967958816E-28
 0.14069967958816E-28
 0.14069967958816E-28
 0.14069967958816E-28
 0.14069967958816E-28
 0.14069967958816E-28
 0.14069967958816E-28
 0.14069967958816E-28
 0.14069967958816E-28
 0.14069967958816E-28
 0.14069967958816E-28
 0.14069967958816E-28
 0.14069967958816E-28
 0.14069967958816E-28
 0.14069967958816E-28
 0.14069967958816E-28
 0.14069967958816E-28
 0.14069967958816E-28
 0.14069967958816E-28
 0.14069967958816E-28
 0.14069967958816E-28
 0.14069967958816E-28
 0.14069967958816E-28
 0.14069967958816E-28
 0.14069967958816E-28
 0.14069967958816E-28
 0.14069967958816E-28
 0.14069967958816E-28
 0.14069967958816E-28
 0.14069967958816E-28
 0.14069967958816E-28
 0.14069967958816E-28
 0.14069967958816E-28
 0.14069967958816E-28
 0.14069967958816E-28
 0.14069967958816E-28
 0.10690528957698E-13
 0.11202491992897E-13
 0.10549309666991E-13
 0.10833713559632E-13
 0.10674453083756E-13
 0.10545078689369E-13
 0.97878405323988E-14
 0.90922632855636E-14
 0.66985122088715E-14
 0.35099370973340E-14
 0.29255020659761E-15
 0.14069967958816E-28
 0.14069967958816E-28
 0.14069967958816E-28
 0.14069967958816E-28
 0.14069967958816E-28
 0.14069967958816E-28
 0.14069967958816E-28
 0.14069967958816E-28
 0.14069967958816E-28
 0.14069967958816E-28
 0.14069967958816E-28
 0.14069967958816E-28
 0.14069967958816E-28
 0.14069967958816E-28
 0.14069967958816E-28
 0.14069967958816E-28
 0.14069967958816E-28
 0.14069967958816E-28
 0.14069967958816E-28
 0.14069967958816E-28
 0.14069967958816E-28
 0.14069967958816E-28
 0.14069967958816E-28
 0.14069967958816E-28
 0.14069967958816E-28
 0.14069967958816E-28
 0.14069967958816E-28
 0.14069967958816E-28
 0.14069967958816E-28
 0.14069967958816E-28
 0.14069967958816E-28
 0.14069967958816E-28
 0.14069967958816E-28
 0.14069967958816E-28
 0.14069967958816E-28
 0.14069967958816E-28
 0.14069967958816E-28
 0.14069967958816E-28
 0.14069967958816E-28
 0.88084496152131E-14
 0.89972140822249E-14
 0.90312785664184E-14
 0.83860510673476E-14
 0.78054004702733E-14
 0.70993452919084E-14
 0.61587297164911E-14
 0.52640836187723E-14
 0.21159978884272E-14
 0.37465893935943E-16
 0.14069967958816E-28
 0.14069967958816E-28
 0.14069967958816E-28
 0.14069967958816E-28
 0.14069967958816E-28
 0.14069967958816E-28
 0.14069967958816E-28
 0.14069967958816E-28
 0.14069967958816E-28
 0.14069967958816E-28
 0.14069967958816E-28
 0.14069967958816E-28
 0.14069967958816E-28
 0.14069967958816E-28
 0.14069967958816E-28
 0.14069967958816E-28
 0.14069967958816E-28
 0.14069967958816E-28
 0.14069967958816E-28
 0.14069967958816E-28
 0.14069967958816E-28
 0.14069967958816E-28
 0.14069967958816E-28
 0.14069967958816E-28
 0.14069967958816E-28
 0.14069967958816E-28
 0.14069967958816E-28
 0.14069967958816E-28
 0.14069967958816E-28
 0.14069967958816E-28
 0.14069967958816E-28
 0.14069967958816E-28
 0.14069967958816E-28
 0.14069967958816E-28
 0.14069967958816E-28
 0.14069967958816E-28
 0.14069967958816E-28
 0.14069967958816E-28
 0.14069967958816E-28
 0.14069967958816E-28
 0.69766583454894E-14
 0.69700982730283E-14
 0.68142946031948E-14
 0.62769057285716E-14
 0.56033350000433E-14
 0.48096903526192E-14
 0.32192108887450E-14
 0.69632427459961E-15
 0.14069967958816E-28
 0.14069967958816E-28
 0.14069967958816E-28
 0.14069967958816E-28
 0.14069967958816E-28
 0.14069967958816E-28
 0.14069967958816E-28
 0.14069967958816E-28
 0.14069967958816E-28
 0.14069967958816E-28
 0.14069967958816E-28
 0.14069967958816E-28
 0.14069967958816E-28
 0.14069967958816E-28
 0.14069967958816E-28
 0.14069967958816E-28
 0.14069967958816E-28
 0.14069967958816E-28
 0.14069967958816E-28
 0.14069967958816E-28
 0.14069967958816E-28
 0.14069967958816E-28
 0.14069967958816E-28
 0.14069967958816E-28
 0.14069967958816E-28
 0.14069967958816E-28
 0.14069967958816E-28
 0.14069967958816E-28
 0.14069967958816E-28
 0.14069967958816E-28
 0.14069967958816E-28
 0.14069967958816E-28
 0.14069967958816E-28
 0.14069967958816E-28
 0.14069967958816E-28
 0.14069967958816E-28
 0.14069967958816E-28
 0.14069967958816E-28
 0.14069967958816E-28
 0.14069967958816E-28
 0.14069967958816E-28
 0.14069967958816E-28
 0.54481049359041E-14
 0.53306684418558E-14
 0.45317118851548E-14
 0.42723340860992E-14
 0.35120946813828E-14
 0.19635457752407E-14
 0.22608853841733E-15
 0.14069967958816E-28
 0.14069967958816E-28
 0.14069967958816E-28
 0.14069967958816E-28
 0.14069967958816E-28
 0.14069967958816E-28
 0.14069967958816E-28
 0.14069967958816E-28
 0.14069967958816E-28
 0.14069967958816E-28
 0.14069967958816E-28
 0.14069967958816E-28
 0.14069967958816E-28
 0.14069967958816E-28
 0.14069967958816E-28
 0.14069967958816E-28
 0.14069967958816E-28
 0.14069967958816E-28
 0.14069967958816E-28
 0.14069967958816E-28
 0.14069967958816E-28
 0.14069967958816E-28
 0.14069967958816E-28
 0.14069967958816E-28
 0.14069967958816E-28
 0.14069967958816E-28
 0.14069967958816E-28
 0.14069967958816E-28
 0.14069967958816E-28
 0.14069967958816E-28
 0.14069967958816E-28
 0.14069967958816E-28
 0.14069967958816E-28
 0.14069967958816E-28
 0.14069967958816E-28
 0.14069967958816E-28
 0.14069967958816E-28
 0.14069967958816E-28
 0.14069967958816E-28
 0.14069967958816E-28
 0.14069967958816E-28
 0.14069967958816E-28
 0.14069967958816E-28
 0.43643526545761E-14
 0.36599938850039E-14
 0.35142039645426E-14
 0.27346624459644E-14
 0.10730128351387E-14
 0.63371286658764E-16
 0.14069967958816E-28
 0.14069967958816E-28
 0.14069967958816E-28
 0.14069967958816E-28
 0.14069967958816E-28
 0.14069967958816E-28
 0.14069967958816E-28
 0.14069967958816E-28
 0.14069967958816E-28
 0.14069967958816E-28
 0.14069967958816E-28
 0.14069967958816E-28
 0.14069967958816E-28
 0.14069967958816E-28
 0.14069967958816E-28
 0.14069967958816E-28
 0.14069967958816E-28
 0.14069967958816E-28
 0.14069967958816E-28
 0.14069967958816E-28
 0.14069967958816E-28
 0.14069967958816E-28
 0.14069967958816E-28
 0.14069967958816E-28
 0.14069967958816E-28
 0.14069967958816E-28
 0.14069967958816E-28
 0.14069967958816E-28
 0.14069967958816E-28
 0.14069967958816E-28
 0.14069967958816E-28
 0.14069967958816E-28
 0.14069967958816E-28
 0.14069967958816E-28
 0.14069967958816E-28
 0.14069967958816E-28
 0.14069967958816E-28
 0.14069967958816E-28
 0.14069967958816E-28
 0.14069967958816E-28
 0.14069967958816E-28
 0.14069967958816E-28
 0.14069967958816E-28
 0.14069967958816E-28
 0.29807240630744E-14
 0.24037094616781E-14
 0.18257983945803E-14
 0.43109916958364E-15
 0.14069967958816E-28
 0.14069967958816E-28
 0.14069967958816E-28
 0.14069967958816E-28
 0.14069967958816E-28
 0.14069967958816E-28
 0.14069967958816E-28
 0.14069967958816E-28
 0.14069967958816E-28
 0.14069967958816E-28
 0.14069967958816E-28
 0.14069967958816E-28
 0.14069967958816E-28
 0.14069967958816E-28
 0.14069967958816E-28
 0.14069967958816E-28
 0.14069967958816E-28
 0.14069967958816E-28
 0.14069967958816E-28
 0.14069967958816E-28
 0.14069967958816E-28
 0.14069967958816E-28
 0.14069967958816E-28
 0.14069967958816E-28
 0.14069967958816E-28
 0.14069967958816E-28
 0.14069967958816E-28
 0.14069967958816E-28
 0.14069967958816E-28
 0.14069967958816E-28
 0.14069967958816E-28
 0.14069967958816E-28
 0.14069967958816E-28
 0.14069967958816E-28
 0.14069967958816E-28
 0.14069967958816E-28
 0.14069967958816E-28
 0.14069967958816E-28
 0.14069967958816E-28
 0.14069967958816E-28
 0.14069967958816E-28
 0.14069967958816E-28
 0.14069967958816E-28
 0.14069967958816E-28
 0.14069967958816E-28
 0.14069967958816E-28
 0.20978778493830E-14
 0.10691564233163E-14
 0.85394892603242E-16
 0.14069967958816E-28
 0.14069967958816E-28
 0.14069967958816E-28
 0.14069967958816E-28
 0.14069967958816E-28
 0.14069967958816E-28
 0.14069967958816E-28
 0.14069967958816E-28
 0.14069967958816E-28
 0.14069967958816E-28
 0.14069967958816E-28
 0.14069967958816E-28
 0.14069967958816E-28
 0.14069967958816E-28
 0.14069967958816E-28
 0.14069967958816E-28
 0.14069967958816E-28
 0.14069967958816E-28
 0.14069967958816E-28
 0.14069967958816E-28
 0.14069967958816E-28
 0.14069967958816E-28
 0.14069967958816E-28
 0.14069967958816E-28
 0.14069967958816E-28
 0.14069967958816E-28
 0.14069967958816E-28
 0.14069967958816E-28
 0.14069967958816E-28
 0.14069967958816E-28
 0.14069967958816E-28
 0.14069967958816E-28
 0.14069967958816E-28
 0.14069967958816E-28
 0.14069967958816E-28
 0.14069967958816E-28
 0.14069967958816E-28
 0.14069967958816E-28
 0.14069967958816E-28
 0.14069967958816E-28
 0.14069967958816E-28
 0.14069967958816E-28
 0.14069967958816E-28
 0.14069967958816E-28
 0.14069967958816E-28
 0.14069967958816E-28
 0.14069967958816E-28
 0.64889101290797E-15
 0.79880425489288E-17
 0.14069967958816E-28
 0.14069967958816E-28
 0.14069967958816E-28
 0.14069967958816E-28
 0.14069967958816E-28
 0.14069967958816E-28
 0.14069967958816E-28
 0.14069967958816E-28
 0.14069967958816E-28
 0.14069967958816E-28
 0.14069967958816E-28
 0.14069967958816E-28
 0.14069967958816E-28
 0.14069967958816E-28
 0.14069967958816E-28
 0.14069967958816E-28
 0.14069967958816E-28
 0.14069967958816E-28
 0.14069967958816E-28
 0.14069967958816E-28
 0.14069967958816E-28
 0.14069967958816E-28
 0.14069967958816E-28
 0.14069967958816E-28
 0.14069967958816E-28
 0.14069967958816E-28
 0.14069967958816E-28
 0.14069967958816E-28
 0.14069967958816E-28
 0.14069967958816E-28
 0.14069967958816E-28
 0.14069967958816E-28
 0.14069967958816E-28
 0.14069967958816E-28
 0.14069967958816E-28
 0.14069967958816E-28
 0.14069967958816E-28
 0.14069967958816E-28
 0.14069967958816E-28
 0.14069967958816E-28
 0.14069967958816E-28
 0.14069967958816E-28
 0.14069967958816E-28
 0.14069967958816E-28
 0.14069967958816E-28
 0.14069967958816E-28
 0.14069967958816E-28
 0.14069967958816E-28
 0.14069967958816E-28
 0.14069967958816E-28
 0.14069967958816E-28
 0.14069967958816E-28
 0.14069967958816E-28
 0.14069967958816E-28
 0.14069967958816E-28
 0.14069967958816E-28
 0.14069967958816E-28
 0.14069967958816E-28
 0.14069967958816E-28
 0.14069967958816E-28
 0.14069967958816E-28
 0.14069967958816E-28
 0.14069967958816E-28
 0.14069967958816E-28
 0.14069967958816E-28
 0.14069967958816E-28
 0.14069967958816E-28
 0.14069967958816E-28
 0.14069967958816E-28
 0.14069967958816E-28
 0.14069967958816E-28
 0.14069967958816E-28
 0.14069967958816E-28
 0.14069967958816E-28
 0.14069967958816E-28
 0.14069967958816E-28
 0.14069967958816E-28
 0.14069967958816E-28
 0.14069967958816E-28
 0.14069967958816E-28
 0.14069967958816E-28
 0.14069967958816E-28
 0.14069967958816E-28
 0.14069967958816E-28
 0.14069967958816E-28
 0.14069967958816E-28
 0.14069967958816E-28
 0.14069967958816E-28
 0.14069967958816E-28
 0.14069967958816E-28
 0.14069967958816E-28
 0.14069967958816E-28
 0.14069967958816E-28
 0.14069967958816E-28
 0.14069967958816E-28
 0.14069967958816E-28
 0.14069967958816E-28
 0.14069967958816E-28
 0.14069967958816E-28
 0.14069967958816E-28
 0.14069967958816E-28
 0.14069967958816E-28
 0.14069967958816E-28
 0.14069967958816E-28
 0.14069967958816E-28
 0.14069967958816E-28
 0.14069967958816E-28
 0.14069967958816E-28
 0.14069967958816E-28
 0.14069967958816E-28
 0.14069967958816E-28
 0.14069967958816E-28
 0.14069967958816E-28
 0.14069967958816E-28
 0.14069967958816E-28
 0.14069967958816E-28
 0.14069967958816E-28
 0.14069967958816E-28
 0.14069967958816E-28
 0.14069967958816E-28
 0.14069967958816E-28
 0.14069967958816E-28
 0.14069967958816E-28
 0.14069967958816E-28
 0.14069967958816E-28
 0.14069967958816E-28
 0.14069967958816E-28
 0.14069967958816E-28
 0.14069967958816E-28
 0.14069967958816E-28
 0.14069967958816E-28
 0.14069967958816E-28
 0.14069967958816E-28
 0.14069967958816E-28
 0.14069967958816E-28
 0.14069967958816E-28
 0.14069967958816E-28
 0.14069967958816E-28
 0.14069967958816E-28
 0.14069967958816E-28
 0.14069967958816E-28
 0.14069967958816E-28
 0.14069967958816E-28
 0.14069967958816E-28
 0.14069967958816E-28
 0.14069967958816E-28
 0.14069967958816E-28
 0.14069967958816E-28
 0.14069967958816E-28
 0.14069967958816E-28
 0.14069967958816E-28
 0.14069967958816E-28
 0.14069967958816E-28
 0.14069967958816E-28
 0.14069967958816E-28
 0.14069967958816E-28
 0.14069967958816E-28
 0.14069967958816E-28
 0.14069967958816E-28
 0.14069967958816E-28
 0.14069967958816E-28
 0.14069967958816E-28
 0.14069967958816E-28
 0.14069967958816E-28
 0.14069967958816E-28
 0.14069967958816E-28
 0.14069967958816E-28
 0.14069967958816E-28
 0.14069967958816E-28
 0.14069967958816E-28
 0.14069967958816E-28
 0.14069967958816E-28
 0.14069967958816E-28
 0.14069967958816E-28
 0.14069967958816E-28
 0.14069967958816E-28
 0.14069967958816E-28
 0.14069967958816E-28
 0.14069967958816E-28
 0.14069967958816E-28
 0.14069967958816E-28
 0.14069967958816E-28
 0.14069967958816E-28
 0.14069967958816E-28
 0.14069967958816E-28
 0.14069967958816E-28
 0.14069967958816E-28
 0.14069967958816E-28
 0.14069967958816E-28
 0.14069967958816E-28
 0.14069967958816E-28
 0.14069967958816E-28
 0.14069967958816E-28
 0.14069967958816E-28
 0.14069967958816E-28
 0.14069967958816E-28
 0.14069967958816E-28
 0.14069967958816E-28
  
