           1
          50          50
           1
   29920000000000.000        29920000000000.000     
 0.60000000000000E+05
  
 0.14069967958815E-28
 0.14069967958815E-28
 0.14069967958815E-28
 0.14069967958815E-28
 0.14069967958815E-28
 0.14069967958815E-28
 0.14069967958815E-28
 0.14069967958815E-28
 0.14069967958815E-28
 0.14069967958815E-28
 0.14069967958815E-28
 0.14069967958815E-28
 0.14069967958815E-28
 0.14069967958815E-28
 0.14069967958815E-28
 0.14069967958815E-28
 0.14069967958815E-28
 0.14069967958815E-28
 0.14069967958815E-28
 0.14069967958815E-28
 0.14069967958815E-28
 0.14069967958815E-28
 0.14069967958815E-28
 0.14069967958815E-28
 0.14069967958815E-28
 0.14069967958815E-28
 0.14069967958815E-28
 0.14069967958815E-28
 0.14069967958815E-28
 0.14069967958815E-28
 0.14069967958815E-28
 0.14069967958815E-28
 0.14069967958815E-28
 0.14069967958815E-28
 0.14069967958815E-28
 0.14069967958815E-28
 0.14069967958815E-28
 0.14069967958815E-28
 0.14069967958815E-28
 0.14069967958815E-28
 0.14069967958815E-28
 0.14069967958815E-28
 0.14069967958815E-28
 0.25781862019509E-16
 0.46754027464265E-16
 0.30607020060616E-16
 0.47447293767359E-16
 0.59526172726864E-16
 0.86505789217101E-16
 0.51422548953111E-16
 0.14069967958815E-28
 0.14069967958815E-28
 0.14069967958815E-28
 0.14069967958815E-28
 0.14069967958815E-28
 0.14069967958815E-28
 0.14069967958815E-28
 0.14069967958815E-28
 0.14069967958815E-28
 0.14069967958815E-28
 0.14069967958815E-28
 0.14069967958815E-28
 0.14069967958815E-28
 0.14069967958815E-28
 0.14069967958815E-28
 0.14069967958815E-28
 0.14069967958815E-28
 0.14069967958815E-28
 0.14069967958815E-28
 0.14069967958815E-28
 0.14069967958815E-28
 0.14069967958815E-28
 0.14069967958815E-28
 0.14069967958815E-28
 0.14069967958815E-28
 0.14069967958815E-28
 0.14069967958815E-28
 0.14069967958815E-28
 0.14069967958815E-28
 0.14069967958815E-28
 0.14069967958815E-28
 0.14069967958815E-28
 0.14069967958815E-28
 0.14069967958815E-28
 0.14069967958815E-28
 0.14069967958815E-28
 0.14069967958815E-28
 0.14069967958815E-28
 0.14069967958815E-28
 0.14069967958815E-28
 0.14069967958815E-28
 0.14069967958815E-28
 0.22366518189384E-16
 0.42935695283994E-16
 0.80201547766609E-16
 0.44871229357369E-16
 0.55013873202729E-16
 0.49424459988591E-16
 0.78442318001735E-16
 0.57690398695155E-16
 0.14069967958815E-28
 0.14069967958815E-28
 0.14069967958815E-28
 0.14069967958815E-28
 0.14069967958815E-28
 0.14069967958815E-28
 0.14069967958815E-28
 0.14069967958815E-28
 0.14069967958815E-28
 0.14069967958815E-28
 0.14069967958815E-28
 0.14069967958815E-28
 0.14069967958815E-28
 0.14069967958815E-28
 0.14069967958815E-28
 0.14069967958815E-28
 0.14069967958815E-28
 0.14069967958815E-28
 0.14069967958815E-28
 0.14069967958815E-28
 0.14069967958815E-28
 0.14069967958815E-28
 0.14069967958815E-28
 0.14069967958815E-28
 0.14069967958815E-28
 0.14069967958815E-28
 0.14069967958815E-28
 0.14069967958815E-28
 0.14069967958815E-28
 0.14069967958815E-28
 0.14069967958815E-28
 0.14069967958815E-28
 0.14069967958815E-28
 0.14069967958815E-28
 0.14069967958815E-28
 0.14069967958815E-28
 0.14069967958815E-28
 0.14069967958815E-28
 0.14069967958815E-28
 0.14069967958815E-28
 0.14069967958815E-28
 0.21770851613925E-16
 0.73204407160806E-16
 0.83157790792564E-16
 0.91905651895653E-16
 0.85609719259799E-16
 0.62742984016177E-16
 0.96962608022392E-16
 0.10138224979337E-15
 0.96033615920393E-16
 0.14069967958815E-28
 0.14069967958815E-28
 0.14069967958815E-28
 0.14069967958815E-28
 0.14069967958815E-28
 0.14069967958815E-28
 0.14069967958815E-28
 0.14069967958815E-28
 0.14069967958815E-28
 0.14069967958815E-28
 0.14069967958815E-28
 0.14069967958815E-28
 0.14069967958815E-28
 0.14069967958815E-28
 0.14069967958815E-28
 0.14069967958815E-28
 0.14069967958815E-28
 0.14069967958815E-28
 0.14069967958815E-28
 0.14069967958815E-28
 0.14069967958815E-28
 0.14069967958815E-28
 0.14069967958815E-28
 0.14069967958815E-28
 0.14069967958815E-28
 0.14069967958815E-28
 0.14069967958815E-28
 0.14069967958815E-28
 0.14069967958815E-28
 0.14069967958815E-28
 0.14069967958815E-28
 0.14069967958815E-28
 0.14069967958815E-28
 0.14069967958815E-28
 0.14069967958815E-28
 0.14069967958815E-28
 0.14069967958815E-28
 0.14069967958815E-28
 0.14069967958815E-28
 0.14069967958815E-28
 0.44929668715079E-16
 0.10094639453234E-15
 0.82073316407331E-16
 0.10902998667738E-15
 0.10128029547683E-15
 0.70236630400343E-16
 0.11273178185290E-15
 0.96798234267952E-16
 0.95425295084137E-16
 0.10399420207151E-15
 0.14069967958815E-28
 0.14069967958815E-28
 0.14069967958815E-28
 0.14069967958815E-28
 0.14069967958815E-28
 0.14069967958815E-28
 0.14069967958815E-28
 0.14069967958815E-28
 0.14069967958815E-28
 0.14069967958815E-28
 0.14069967958815E-28
 0.14069967958815E-28
 0.14069967958815E-28
 0.14069967958815E-28
 0.14069967958815E-28
 0.14069967958815E-28
 0.14069967958815E-28
 0.14069967958815E-28
 0.14069967958815E-28
 0.14069967958815E-28
 0.14069967958815E-28
 0.14069967958815E-28
 0.14069967958815E-28
 0.14069967958815E-28
 0.14069967958815E-28
 0.14069967958815E-28
 0.14069967958815E-28
 0.14069967958815E-28
 0.14069967958815E-28
 0.14069967958815E-28
 0.14069967958815E-28
 0.14069967958815E-28
 0.14069967958815E-28
 0.14069967958815E-28
 0.14069967958815E-28
 0.14069967958815E-28
 0.14069967958815E-28
 0.14069967958815E-28
 0.12569325384266E-16
 0.62739334809290E-16
 0.60794418299636E-16
 0.11847310547255E-15
 0.99687107996867E-16
 0.93759125030775E-16
 0.14328982165195E-15
 0.12921748022199E-15
 0.19438654348745E-15
 0.97480653399929E-16
 0.13191376937454E-15
 0.10516488990509E-15
 0.14069967958815E-28
 0.14069967958815E-28
 0.14069967958815E-28
 0.14069967958815E-28
 0.14069967958815E-28
 0.14069967958815E-28
 0.14069967958815E-28
 0.14069967958815E-28
 0.14069967958815E-28
 0.14069967958815E-28
 0.14069967958815E-28
 0.14069967958815E-28
 0.14069967958815E-28
 0.14069967958815E-28
 0.14069967958815E-28
 0.14069967958815E-28
 0.14069967958815E-28
 0.14069967958815E-28
 0.14069967958815E-28
 0.14069967958815E-28
 0.14069967958815E-28
 0.14069967958815E-28
 0.14069967958815E-28
 0.14069967958815E-28
 0.14069967958815E-28
 0.14069967958815E-28
 0.14069967958815E-28
 0.14069967958815E-28
 0.14069967958815E-28
 0.14069967958815E-28
 0.14069967958815E-28
 0.14069967958815E-28
 0.14069967958815E-28
 0.14069967958815E-28
 0.14069967958815E-28
 0.14069967958815E-28
 0.14069967958815E-28
 0.14069967958815E-28
 0.67621474208480E-16
 0.12351466142182E-15
 0.13146536440055E-15
 0.12295533797080E-15
 0.16137308089095E-15
 0.13744059297058E-15
 0.22777418700241E-15
 0.15725478471255E-15
 0.21709726065923E-15
 0.15788375647454E-15
 0.14522509156274E-15
 0.13563872845894E-15
 0.14069967958815E-28
 0.14069967958815E-28
 0.14069967958815E-28
 0.14069967958815E-28
 0.14069967958815E-28
 0.14069967958815E-28
 0.14069967958815E-28
 0.14069967958815E-28
 0.14069967958815E-28
 0.14069967958815E-28
 0.14069967958815E-28
 0.14069967958815E-28
 0.14069967958815E-28
 0.14069967958815E-28
 0.14069967958815E-28
 0.14069967958815E-28
 0.14069967958815E-28
 0.14069967958815E-28
 0.14069967958815E-28
 0.14069967958815E-28
 0.14069967958815E-28
 0.14069967958815E-28
 0.14069967958815E-28
 0.14069967958815E-28
 0.14069967958815E-28
 0.14069967958815E-28
 0.14069967958815E-28
 0.14069967958815E-28
 0.14069967958815E-28
 0.14069967958815E-28
 0.14069967958815E-28
 0.14069967958815E-28
 0.14069967958815E-28
 0.14069967958815E-28
 0.14069967958815E-28
 0.14069967958815E-28
 0.14069967958815E-28
 0.40947666248248E-16
 0.99585874574810E-16
 0.24330258451623E-15
 0.16371129651803E-15
 0.14401891660905E-15
 0.16409464767410E-15
 0.17083954589198E-15
 0.20531564456030E-15
 0.20677139299781E-15
 0.19951508555586E-15
 0.13032832648370E-15
 0.15355882659896E-15
 0.16359424590796E-15
 0.14069967958815E-28
 0.14069967958815E-28
 0.14069967958815E-28
 0.14069967958815E-28
 0.14069967958815E-28
 0.14069967958815E-28
 0.14069967958815E-28
 0.14069967958815E-28
 0.14069967958815E-28
 0.14069967958815E-28
 0.14069967958815E-28
 0.14069967958815E-28
 0.14069967958815E-28
 0.14069967958815E-28
 0.14069967958815E-28
 0.14069967958815E-28
 0.14069967958815E-28
 0.14069967958815E-28
 0.14069967958815E-28
 0.14069967958815E-28
 0.14069967958815E-28
 0.14069967958815E-28
 0.14069967958815E-28
 0.14069967958815E-28
 0.14069967958815E-28
 0.14069967958815E-28
 0.14069967958815E-28
 0.14069967958815E-28
 0.14069967958815E-28
 0.14069967958815E-28
 0.14069967958815E-28
 0.14069967958815E-28
 0.14069967958815E-28
 0.14069967958815E-28
 0.14069967958815E-28
 0.14069967958815E-28
 0.69636671687822E-16
 0.20057120936732E-15
 0.20565881523717E-15
 0.25669665300539E-15
 0.23143985407517E-15
 0.29760556908396E-15
 0.24344941070474E-15
 0.28460169857608E-15
 0.22468623060615E-15
 0.21009769188470E-15
 0.18727543013244E-15
 0.21015717436840E-15
 0.21910037981533E-15
 0.18722805139557E-15
 0.14069967958815E-28
 0.14069967958815E-28
 0.14069967958815E-28
 0.14069967958815E-28
 0.14069967958815E-28
 0.14069967958815E-28
 0.14069967958815E-28
 0.14069967958815E-28
 0.14069967958815E-28
 0.14069967958815E-28
 0.14069967958815E-28
 0.14069967958815E-28
 0.14069967958815E-28
 0.14069967958815E-28
 0.14069967958815E-28
 0.14069967958815E-28
 0.14069967958815E-28
 0.14069967958815E-28
 0.14069967958815E-28
 0.14069967958815E-28
 0.14069967958815E-28
 0.14069967958815E-28
 0.14069967958815E-28
 0.14069967958815E-28
 0.14069967958815E-28
 0.14069967958815E-28
 0.14069967958815E-28
 0.14069967958815E-28
 0.14069967958815E-28
 0.14069967958815E-28
 0.14069967958815E-28
 0.14069967958815E-28
 0.14069967958815E-28
 0.14069967958815E-28
 0.14069967958815E-28
 0.13628585965688E-15
 0.24972818449663E-15
 0.20631864388314E-15
 0.21563881517090E-15
 0.28226561822243E-15
 0.37223804667498E-15
 0.29592240852046E-15
 0.28448062828660E-15
 0.28980201751451E-15
 0.28340866966531E-15
 0.27132491310369E-15
 0.24328925793994E-15
 0.19314266997915E-15
 0.22870650030511E-15
 0.17279705921075E-15
 0.14069967958815E-28
 0.14069967958815E-28
 0.14069967958815E-28
 0.14069967958815E-28
 0.14069967958815E-28
 0.14069967958815E-28
 0.14069967958815E-28
 0.14069967958815E-28
 0.14069967958815E-28
 0.14069967958815E-28
 0.14069967958815E-28
 0.14069967958815E-28
 0.14069967958815E-28
 0.14069967958815E-28
 0.14069967958815E-28
 0.14069967958815E-28
 0.14069967958815E-28
 0.14069967958815E-28
 0.14069967958815E-28
 0.14069967958815E-28
 0.14069967958815E-28
 0.14069967958815E-28
 0.14069967958815E-28
 0.14069967958815E-28
 0.14069967958815E-28
 0.14069967958815E-28
 0.14069967958815E-28
 0.14069967958815E-28
 0.14069967958815E-28
 0.14069967958815E-28
 0.14069967958815E-28
 0.14069967958815E-28
 0.14069967958815E-28
 0.14069967958815E-28
 0.90379108119886E-16
 0.22452028463546E-15
 0.43774672475541E-15
 0.50555536889924E-15
 0.48372792022580E-15
 0.34987035629627E-15
 0.37552470870469E-15
 0.43076890990424E-15
 0.38282354734509E-15
 0.38311010109455E-15
 0.28965579367710E-15
 0.25198321325730E-15
 0.21321244901901E-15
 0.27240425942897E-15
 0.20792648756797E-15
 0.24111906271475E-15
 0.14069967958815E-28
 0.14069967958815E-28
 0.14069967958815E-28
 0.14069967958815E-28
 0.14069967958815E-28
 0.14069967958815E-28
 0.14069967958815E-28
 0.14069967958815E-28
 0.14069967958815E-28
 0.14069967958815E-28
 0.14069967958815E-28
 0.14069967958815E-28
 0.14069967958815E-28
 0.14069967958815E-28
 0.14069967958815E-28
 0.14069967958815E-28
 0.14069967958815E-28
 0.14069967958815E-28
 0.14069967958815E-28
 0.14069967958815E-28
 0.14069967958815E-28
 0.14069967958815E-28
 0.14069967958815E-28
 0.14069967958815E-28
 0.14069967958815E-28
 0.14069967958815E-28
 0.14069967958815E-28
 0.14069967958815E-28
 0.14069967958815E-28
 0.14069967958815E-28
 0.14069967958815E-28
 0.14069967958815E-28
 0.14069967958815E-28
 0.56408356671698E-16
 0.21495331972444E-15
 0.29988059465913E-15
 0.44317213158061E-15
 0.50964270647017E-15
 0.45461369181137E-15
 0.49404551097522E-15
 0.47268873503213E-15
 0.51466714643559E-15
 0.44339802570826E-15
 0.38540988219429E-15
 0.36314533508563E-15
 0.38361994145220E-15
 0.36398152186555E-15
 0.29904015937343E-15
 0.27176015497277E-15
 0.24992967644824E-15
 0.14069967958815E-28
 0.14069967958815E-28
 0.14069967958815E-28
 0.14069967958815E-28
 0.14069967958815E-28
 0.14069967958815E-28
 0.14069967958815E-28
 0.14069967958815E-28
 0.14069967958815E-28
 0.14069967958815E-28
 0.14069967958815E-28
 0.14069967958815E-28
 0.14069967958815E-28
 0.14069967958815E-28
 0.14069967958815E-28
 0.14069967958815E-28
 0.14069967958815E-28
 0.14069967958815E-28
 0.14069967958815E-28
 0.14069967958815E-28
 0.14069967958815E-28
 0.14069967958815E-28
 0.14069967958815E-28
 0.14069967958815E-28
 0.14069967958815E-28
 0.14069967958815E-28
 0.14069967958815E-28
 0.14069967958815E-28
 0.14069967958815E-28
 0.14069967958815E-28
 0.14069967958815E-28
 0.14069967958815E-28
 0.94353147880138E-16
 0.30827333581470E-15
 0.42887823855855E-15
 0.52430331532918E-15
 0.54716267164384E-15
 0.76264890033395E-15
 0.63683751108377E-15
 0.44760491095901E-15
 0.55365857937234E-15
 0.59109148301927E-15
 0.42357517008896E-15
 0.40390571923476E-15
 0.42783164328692E-15
 0.43104001079470E-15
 0.43386175849847E-15
 0.34738000403523E-15
 0.32575287323104E-15
 0.31691038605530E-15
 0.14069967958815E-28
 0.14069967958815E-28
 0.14069967958815E-28
 0.14069967958815E-28
 0.14069967958815E-28
 0.14069967958815E-28
 0.14069967958815E-28
 0.14069967958815E-28
 0.14069967958815E-28
 0.14069967958815E-28
 0.14069967958815E-28
 0.14069967958815E-28
 0.14069967958815E-28
 0.14069967958815E-28
 0.14069967958815E-28
 0.14069967958815E-28
 0.14069967958815E-28
 0.14069967958815E-28
 0.14069967958815E-28
 0.14069967958815E-28
 0.14069967958815E-28
 0.14069967958815E-28
 0.14069967958815E-28
 0.14069967958815E-28
 0.14069967958815E-28
 0.14069967958815E-28
 0.14069967958815E-28
 0.14069967958815E-28
 0.14069967958815E-28
 0.14069967958815E-28
 0.14069967958815E-28
 0.79468841320988E-16
 0.36548791523336E-15
 0.10073869153137E-14
 0.85723271016966E-15
 0.90772204593628E-15
 0.10554067632153E-14
 0.10329309658779E-14
 0.55968065913530E-15
 0.64817723679517E-15
 0.54456362382036E-15
 0.57956401996776E-15
 0.60100833865546E-15
 0.41581020293007E-15
 0.52440761427770E-15
 0.48574176809503E-15
 0.44610750578671E-15
 0.41288086917576E-15
 0.46092302846326E-15
 0.50969774885296E-15
 0.14069967958815E-28
 0.14069967958815E-28
 0.14069967958815E-28
 0.14069967958815E-28
 0.14069967958815E-28
 0.14069967958815E-28
 0.14069967958815E-28
 0.14069967958815E-28
 0.14069967958815E-28
 0.14069967958815E-28
 0.14069967958815E-28
 0.14069967958815E-28
 0.14069967958815E-28
 0.14069967958815E-28
 0.14069967958815E-28
 0.14069967958815E-28
 0.14069967958815E-28
 0.14069967958815E-28
 0.14069967958815E-28
 0.14069967958815E-28
 0.14069967958815E-28
 0.14069967958815E-28
 0.14069967958815E-28
 0.14069967958815E-28
 0.14069967958815E-28
 0.14069967958815E-28
 0.14069967958815E-28
 0.14069967958815E-28
 0.14069967958815E-28
 0.14069967958815E-28
 0.21827499934812E-16
 0.57677001735985E-15
 0.80242266400767E-15
 0.10415715202421E-14
 0.11299588614839E-14
 0.10087987338080E-14
 0.12056251327747E-14
 0.11690011201291E-14
 0.68347967590029E-15
 0.80827167071296E-15
 0.79959523612950E-15
 0.72272598592101E-15
 0.69061101891535E-15
 0.66946868793690E-15
 0.46348942982620E-15
 0.62095235593500E-15
 0.65335324438095E-15
 0.65916682901519E-15
 0.58432802071998E-15
 0.43065478459610E-15
 0.14069967958815E-28
 0.14069967958815E-28
 0.14069967958815E-28
 0.14069967958815E-28
 0.14069967958815E-28
 0.14069967958815E-28
 0.14069967958815E-28
 0.14069967958815E-28
 0.14069967958815E-28
 0.14069967958815E-28
 0.14069967958815E-28
 0.14069967958815E-28
 0.14069967958815E-28
 0.14069967958815E-28
 0.14069967958815E-28
 0.14069967958815E-28
 0.14069967958815E-28
 0.14069967958815E-28
 0.14069967958815E-28
 0.14069967958815E-28
 0.14069967958815E-28
 0.14069967958815E-28
 0.14069967958815E-28
 0.14069967958815E-28
 0.14069967958815E-28
 0.14069967958815E-28
 0.14069967958815E-28
 0.14069967958815E-28
 0.14069967958815E-28
 0.14069967958815E-28
 0.45552980494425E-15
 0.92490538836247E-15
 0.16137910779432E-14
 0.15201467581888E-14
 0.14747350657067E-14
 0.13696856099572E-14
 0.11728183407175E-14
 0.11607162237977E-14
 0.10626748527502E-14
 0.10428827448064E-14
 0.91843498883899E-15
 0.79547040153875E-15
 0.77152528718307E-15
 0.80358348542135E-15
 0.81703781280494E-15
 0.74580676158253E-15
 0.67334004872361E-15
 0.47646466768993E-15
 0.53885210497487E-15
 0.33052663151586E-15
 0.14069967958815E-28
 0.14069967958815E-28
 0.14069967958815E-28
 0.14069967958815E-28
 0.14069967958815E-28
 0.14069967958815E-28
 0.14069967958815E-28
 0.14069967958815E-28
 0.14069967958815E-28
 0.14069967958815E-28
 0.14069967958815E-28
 0.14069967958815E-28
 0.14069967958815E-28
 0.14069967958815E-28
 0.14069967958815E-28
 0.14069967958815E-28
 0.14069967958815E-28
 0.14069967958815E-28
 0.14069967958815E-28
 0.14069967958815E-28
 0.14069967958815E-28
 0.14069967958815E-28
 0.14069967958815E-28
 0.14069967958815E-28
 0.14069967958815E-28
 0.14069967958815E-28
 0.14069967958815E-28
 0.14069967958815E-28
 0.14069967958815E-28
 0.78628707441289E-15
 0.18194417551745E-14
 0.22012205775306E-14
 0.22412970229437E-14
 0.23458716615300E-14
 0.23145397706264E-14
 0.19181971376269E-14
 0.17219414988488E-14
 0.12122490105412E-14
 0.14043883111088E-14
 0.95206376489202E-15
 0.13811943523179E-14
 0.10262359561589E-14
 0.10875503496165E-14
 0.10797554047405E-14
 0.10032825776531E-14
 0.70990645181642E-15
 0.60547846775078E-15
 0.44810092538277E-15
 0.40010236188861E-15
 0.29991818114262E-15
 0.14069967958815E-28
 0.14069967958815E-28
 0.14069967958815E-28
 0.14069967958815E-28
 0.14069967958815E-28
 0.14069967958815E-28
 0.14069967958815E-28
 0.14069967958815E-28
 0.14069967958815E-28
 0.14069967958815E-28
 0.14069967958815E-28
 0.14069967958815E-28
 0.14069967958815E-28
 0.14069967958815E-28
 0.14069967958815E-28
 0.14069967958815E-28
 0.14069967958815E-28
 0.14069967958815E-28
 0.14069967958815E-28
 0.14069967958815E-28
 0.14069967958815E-28
 0.14069967958815E-28
 0.14069967958815E-28
 0.14069967958815E-28
 0.14069967958815E-28
 0.14069967958815E-28
 0.14069967958815E-28
 0.14069967958815E-28
 0.22405556322260E-15
 0.26719506718291E-14
 0.34136437476721E-14
 0.39854569933265E-14
 0.32657770124113E-14
 0.33492869528529E-14
 0.29747566254137E-14
 0.22724310537229E-14
 0.22424782853768E-14
 0.18924300124080E-14
 0.14656389539930E-14
 0.17897224888020E-14
 0.14217789443390E-14
 0.15276503586238E-14
 0.13474533189951E-14
 0.10278531990215E-14
 0.90321081638639E-15
 0.53797234279888E-15
 0.47908716702570E-15
 0.40735322660473E-15
 0.33688171225180E-15
 0.31502381900454E-15
 0.14069967958815E-28
 0.14069967958815E-28
 0.14069967958815E-28
 0.14069967958815E-28
 0.14069967958815E-28
 0.14069967958815E-28
 0.14069967958815E-28
 0.14069967958815E-28
 0.14069967958815E-28
 0.14069967958815E-28
 0.14069967958815E-28
 0.14069967958815E-28
 0.14069967958815E-28
 0.14069967958815E-28
 0.14069967958815E-28
 0.14069967958815E-28
 0.14069967958815E-28
 0.14069967958815E-28
 0.14069967958815E-28
 0.14069967958815E-28
 0.14069967958815E-28
 0.14069967958815E-28
 0.14069967958815E-28
 0.14069967958815E-28
 0.14069967958815E-28
 0.14069967958815E-28
 0.14069967958815E-28
 0.18662544141895E-15
 0.33869175761875E-14
 0.45666267228824E-14
 0.57592112030014E-14
 0.61515022359241E-14
 0.49877787938497E-14
 0.46907297005043E-14
 0.36113865319427E-14
 0.31594581041147E-14
 0.29981473372239E-14
 0.23802341806532E-14
 0.18961595188226E-14
 0.22743538245197E-14
 0.18929311058083E-14
 0.15892656460609E-14
 0.11839996132105E-14
 0.83861068116159E-15
 0.68558574659300E-15
 0.61243497538687E-15
 0.42623139167924E-15
 0.46911953905663E-15
 0.36879453027788E-15
 0.31625153708374E-15
 0.14069967958815E-28
 0.14069967958815E-28
 0.14069967958815E-28
 0.14069967958815E-28
 0.14069967958815E-28
 0.14069967958815E-28
 0.14069967958815E-28
 0.14069967958815E-28
 0.14069967958815E-28
 0.14069967958815E-28
 0.14069967958815E-28
 0.14069967958815E-28
 0.14069967958815E-28
 0.14069967958815E-28
 0.14069967958815E-28
 0.14069967958815E-28
 0.14069967958815E-28
 0.14069967958815E-28
 0.14069967958815E-28
 0.14069967958815E-28
 0.14069967958815E-28
 0.14069967958815E-28
 0.14069967958815E-28
 0.14069967958815E-28
 0.14069967958815E-28
 0.14069967958815E-28
 0.14069967958815E-28
 0.38794941576267E-14
 0.90733872137191E-14
 0.10083687968218E-13
 0.10024429742639E-13
 0.72121578342755E-14
 0.57972109040832E-14
 0.51297119247430E-14
 0.47501814628956E-14
 0.37921945387949E-14
 0.38439080021808E-14
 0.34834981527065E-14
 0.27516146578547E-14
 0.20182955882287E-14
 0.15934347755401E-14
 0.11439737170387E-14
 0.89815226355566E-15
 0.77693024726113E-15
 0.67244746079178E-15
 0.57002013072477E-15
 0.46420705049996E-15
 0.39379722001446E-15
 0.28422736605073E-15
 0.32266982809851E-15
 0.14069967958815E-28
 0.14069967958815E-28
 0.14069967958815E-28
 0.14069967958815E-28
 0.14069967958815E-28
 0.14069967958815E-28
 0.14069967958815E-28
 0.14069967958815E-28
 0.14069967958815E-28
 0.14069967958815E-28
 0.14069967958815E-28
 0.14069967958815E-28
 0.14069967958815E-28
 0.14069967958815E-28
 0.14069967958815E-28
 0.14069967958815E-28
 0.14069967958815E-28
 0.14069967958815E-28
 0.14069967958815E-28
 0.14069967958815E-28
 0.14069967958815E-28
 0.14069967958815E-28
 0.14069967958815E-28
 0.14069967958815E-28
 0.14069967958815E-28
 0.14069967958815E-28
 0.12140153866214E-14
 0.13633587738484E-13
 0.20113651834481E-13
 0.15646754341124E-13
 0.13476190733569E-13
 0.10597063215769E-13
 0.93964622779937E-14
 0.67338522945071E-14
 0.61991547315869E-14
 0.55928464466157E-14
 0.43241868882860E-14
 0.38300087792909E-14
 0.24858145945120E-14
 0.18023913483956E-14
 0.15468007620611E-14
 0.10849758458782E-14
 0.95389122676970E-15
 0.77362872016504E-15
 0.62548308198784E-15
 0.52805244007682E-15
 0.39333064023883E-15
 0.32894668354155E-15
 0.27967616371765E-15
 0.29982475161133E-15
 0.14069967958815E-28
 0.14069967958815E-28
 0.14069967958815E-28
 0.14069967958815E-28
 0.14069967958815E-28
 0.14069967958815E-28
 0.14069967958815E-28
 0.14069967958815E-28
 0.14069967958815E-28
 0.14069967958815E-28
 0.14069967958815E-28
 0.14069967958815E-28
 0.14069967958815E-28
 0.14069967958815E-28
 0.14069967958815E-28
 0.14069967958815E-28
 0.14069967958815E-28
 0.14069967958815E-28
 0.14069967958815E-28
 0.14069967958815E-28
 0.14069967958815E-28
 0.14069967958815E-28
 0.14069967958815E-28
 0.14069967958815E-28
 0.14069967958815E-28
 0.14069967958815E-28
 0.66039879313801E-15
 0.23907582526983E-13
 0.30463043050346E-13
 0.25731542561556E-13
 0.17884869177575E-13
 0.13475959239100E-13
 0.12498730410503E-13
 0.99225811586208E-14
 0.87970812792692E-14
 0.61726562387628E-14
 0.37890137671201E-14
 0.38711490146760E-14
 0.20820991061412E-14
 0.16580546528320E-14
 0.14367250362541E-14
 0.10057880599491E-14
 0.77335399991885E-15
 0.70578380278583E-15
 0.76743454419696E-15
 0.55026162625177E-15
 0.37524720469136E-15
 0.40565522034926E-15
 0.23872374590308E-15
 0.20806446360470E-15
 0.14069967958815E-28
 0.14069967958815E-28
 0.14069967958815E-28
 0.14069967958815E-28
 0.14069967958815E-28
 0.14069967958815E-28
 0.14069967958815E-28
 0.14069967958815E-28
 0.14069967958815E-28
 0.14069967958815E-28
 0.14069967958815E-28
 0.14069967958815E-28
 0.14069967958815E-28
 0.14069967958815E-28
 0.14069967958815E-28
 0.14069967958815E-28
 0.14069967958815E-28
 0.14069967958815E-28
 0.14069967958815E-28
 0.14069967958815E-28
 0.14069967958815E-28
 0.14069967958815E-28
 0.14069967958815E-28
 0.14069967958815E-28
 0.14069967958815E-28
 0.14069967958815E-28
 0.14069967958815E-28
 0.13998732962702E-13
 0.41524651430162E-13
 0.31909624119036E-13
 0.27522786295628E-13
 0.21960181192279E-13
 0.17170895744363E-13
 0.99325359442663E-14
 0.73390353609597E-14
 0.48286315034295E-14
 0.38213320706607E-14
 0.32886959081848E-14
 0.21621472582461E-14
 0.18055112561666E-14
 0.15899542422554E-14
 0.11321450925588E-14
 0.10098215507996E-14
 0.69036144782315E-15
 0.64858024852629E-15
 0.43586135558537E-15
 0.47383138650499E-15
 0.39394176918612E-15
 0.24935038158714E-15
 0.18886522233061E-15
 0.14069967958815E-28
 0.14069967958815E-28
 0.14069967958815E-28
 0.14069967958815E-28
 0.14069967958815E-28
 0.14069967958815E-28
 0.14069967958815E-28
 0.14069967958815E-28
 0.14069967958815E-28
 0.14069967958815E-28
 0.14069967958815E-28
 0.14069967958815E-28
 0.14069967958815E-28
 0.14069967958815E-28
 0.40671833314959E-16
 0.40671833314959E-16
 0.66016123353611E-16
 0.14069967958815E-28
 0.14069967958815E-28
 0.14069967958815E-28
 0.14069967958815E-28
 0.14069967958815E-28
 0.14069967958815E-28
 0.14069967958815E-28
 0.14069967958815E-28
 0.14069967958815E-28
 0.14069967958815E-28
 0.80153397684668E-15
 0.44338385231588E-13
 0.45894397257039E-13
 0.33987389582599E-13
 0.23785591474898E-13
 0.15186416682203E-13
 0.86796427263455E-14
 0.70106271309985E-14
 0.47010767005550E-14
 0.36025394686304E-14
 0.30827443466801E-14
 0.21581788125518E-14
 0.18283220794417E-14
 0.10169251806369E-14
 0.85774701057639E-15
 0.82190519389064E-15
 0.62217070645141E-15
 0.56171547968143E-15
 0.39916111638990E-15
 0.34577980325656E-15
 0.28056764925968E-15
 0.24617928123668E-15
 0.21716270614918E-15
 0.64984374238678E-17
 0.71932115591247E-17
 0.16434294123960E-16
 0.22499777369587E-16
 0.98820359085076E-17
 0.77183221176838E-16
 0.16774465081495E-15
 0.17074444085227E-15
 0.32150635678774E-15
 0.49148829480803E-15
 0.80297855029131E-15
 0.51643402481149E-15
 0.77368311678099E-15
 0.10769412169218E-14
 0.27293233978831E-14
 0.29005019125776E-14
 0.44007751079543E-14
 0.75968686274511E-14
 0.94430460592064E-14
 0.10561292350194E-13
 0.41753649468360E-15
 0.14069967958815E-28
 0.14069967958815E-28
 0.14069967958815E-28
 0.14069967958815E-28
 0.14069967958815E-28
 0.14069967958815E-28
 0.14069967958815E-28
 0.17982271391767E-13
 0.49265960439692E-13
 0.33480169627777E-13
 0.23465525161191E-13
 0.12531515511597E-13
 0.10868686934558E-13
 0.70115906518571E-14
 0.42916232315714E-14
 0.33815417308712E-14
 0.22483691911384E-14
 0.23812862218362E-14
 0.17938754168401E-14
 0.97095664842001E-15
 0.90813480744536E-15
 0.62074577486970E-15
 0.53554008013288E-15
 0.64493680939827E-15
 0.37947451992432E-15
 0.30606730700983E-15
 0.22946604919558E-15
 0.18694283227466E-15
 0.13773956121598E-15
 0.12883462728545E-15
 0.84710891592398E-16
 0.12490542838951E-15
 0.10971073992782E-15
 0.16017176975979E-15
 0.20304377666934E-15
 0.32859948042716E-15
 0.48661811829333E-15
 0.63194004412653E-15
 0.62812382328668E-15
 0.10662491364191E-14
 0.13660164252909E-14
 0.16944483022851E-14
 0.19561183699758E-14
 0.33026966475357E-14
 0.46215253790358E-14
 0.70505742351640E-14
 0.11857595224549E-13
 0.16579320373202E-13
 0.29066738034954E-13
 0.13724685852800E-13
 0.14069967958815E-28
 0.14069967958815E-28
 0.14069967958815E-28
 0.14069967958815E-28
 0.14069967958815E-28
 0.14069967958815E-28
 0.14069967958815E-28
 0.79149661750178E-15
 0.38764775066995E-13
 0.30757146618669E-13
 0.20532392514763E-13
 0.13451672948900E-13
 0.84484271383825E-14
 0.51958137030599E-14
 0.47402444746992E-14
 0.34947914238616E-14
 0.24965309091083E-14
 0.15659113858033E-14
 0.13722624058263E-14
 0.92066935239654E-15
 0.93953595853971E-15
 0.52456927488162E-15
 0.30814963614152E-15
 0.34334301982690E-15
 0.29708963886981E-15
 0.15600991850772E-15
 0.19851173539101E-15
 0.11911836048029E-15
 0.19222386009903E-15
 0.19222386009903E-15
 0.11911836048029E-15
 0.19851173539101E-15
 0.15600991850772E-15
 0.29708963886981E-15
 0.34334301982690E-15
 0.30814963614152E-15
 0.52456927488161E-15
 0.93953595853972E-15
 0.92066935239655E-15
 0.13722624058264E-14
 0.15659113858033E-14
 0.24965309091084E-14
 0.34947914238616E-14
 0.47402444746992E-14
 0.51958137030599E-14
 0.84484271383825E-14
 0.13451672948900E-13
 0.20532392514763E-13
 0.30757146618669E-13
 0.38764775066995E-13
 0.79149661750177E-15
 0.14069967958815E-28
 0.14069967958815E-28
 0.14069967958815E-28
 0.14069967958815E-28
 0.14069967958815E-28
 0.14069967958815E-28
 0.14069967958815E-28
 0.13724685852800E-13
 0.29066738034953E-13
 0.16579320373201E-13
 0.11857595224549E-13
 0.70505742351640E-14
 0.46215253790358E-14
 0.33026966475357E-14
 0.19561183699758E-14
 0.16944483022852E-14
 0.13660164252909E-14
 0.10662491364191E-14
 0.62812382328668E-15
 0.63194004412653E-15
 0.48661811829333E-15
 0.32859948042716E-15
 0.20304377666934E-15
 0.16017176975979E-15
 0.10971073992782E-15
 0.12490542838950E-15
 0.84710891592397E-16
 0.12883462728545E-15
 0.13773956121598E-15
 0.18694283227466E-15
 0.22946604919558E-15
 0.30606730700983E-15
 0.37947451992432E-15
 0.64493680939827E-15
 0.53554008013288E-15
 0.62074577486971E-15
 0.90813480744536E-15
 0.97095664842001E-15
 0.17938754168402E-14
 0.23812862218362E-14
 0.22483691911384E-14
 0.33815417308711E-14
 0.42916232315714E-14
 0.70115906518571E-14
 0.10868686934558E-13
 0.12531515511597E-13
 0.23465525161191E-13
 0.33480169627777E-13
 0.49265960439692E-13
 0.17982271391767E-13
 0.14069967958815E-28
 0.14069967958815E-28
 0.14069967958815E-28
 0.14069967958815E-28
 0.14069967958815E-28
 0.14069967958815E-28
 0.14069967958815E-28
 0.41753649468361E-15
 0.10561292350194E-13
 0.94430460592064E-14
 0.75968686274511E-14
 0.44007751079543E-14
 0.29005019125776E-14
 0.27293233978831E-14
 0.10769412169218E-14
 0.77368311678099E-15
 0.51643402481148E-15
 0.80297855029131E-15
 0.49148829480803E-15
 0.32150635678774E-15
 0.17074444085227E-15
 0.16774465081495E-15
 0.77183221176838E-16
 0.98820359085075E-17
 0.22499777369586E-16
 0.16434294123961E-16
 0.71932115591248E-17
 0.64984374238678E-17
 0.21716270614918E-15
 0.24617928123668E-15
 0.28056764925969E-15
 0.34577980325655E-15
 0.39916111638990E-15
 0.56171547968143E-15
 0.62217070645141E-15
 0.82190519389063E-15
 0.85774701057639E-15
 0.10169251806369E-14
 0.18283220794417E-14
 0.21581788125518E-14
 0.30827443466800E-14
 0.36025394686304E-14
 0.47010767005550E-14
 0.70106271309985E-14
 0.86796427263455E-14
 0.15186416682203E-13
 0.23785591474898E-13
 0.33987389582599E-13
 0.45894397257039E-13
 0.44338385231588E-13
 0.80153397684668E-15
 0.14069967958815E-28
 0.14069967958815E-28
 0.14069967958815E-28
 0.14069967958815E-28
 0.14069967958815E-28
 0.14069967958815E-28
 0.14069967958815E-28
 0.14069967958815E-28
 0.14069967958815E-28
 0.14069967958815E-28
 0.66016123353611E-16
 0.40671833314959E-16
 0.40671833314959E-16
 0.14069967958815E-28
 0.14069967958815E-28
 0.14069967958815E-28
 0.14069967958815E-28
 0.14069967958815E-28
 0.14069967958815E-28
 0.14069967958815E-28
 0.14069967958815E-28
 0.14069967958815E-28
 0.14069967958815E-28
 0.14069967958815E-28
 0.14069967958815E-28
 0.14069967958815E-28
 0.14069967958815E-28
 0.18886522233061E-15
 0.24935038158715E-15
 0.39394176918614E-15
 0.47383138650499E-15
 0.43586135558537E-15
 0.64858024852629E-15
 0.69036144782314E-15
 0.10098215507996E-14
 0.11321450925588E-14
 0.15899542422554E-14
 0.18055112561666E-14
 0.21621472582461E-14
 0.32886959081848E-14
 0.38213320706607E-14
 0.48286315034295E-14
 0.73390353609597E-14
 0.99325359442664E-14
 0.17170895744363E-13
 0.21960181192279E-13
 0.27522786295628E-13
 0.31909624119036E-13
 0.41524651430163E-13
 0.13998732962702E-13
 0.14069967958815E-28
 0.14069967958815E-28
 0.14069967958815E-28
 0.14069967958815E-28
 0.14069967958815E-28
 0.14069967958815E-28
 0.14069967958815E-28
 0.14069967958815E-28
 0.14069967958815E-28
 0.14069967958815E-28
 0.14069967958815E-28
 0.14069967958815E-28
 0.14069967958815E-28
 0.14069967958815E-28
 0.14069967958815E-28
 0.14069967958815E-28
 0.14069967958815E-28
 0.14069967958815E-28
 0.14069967958815E-28
 0.14069967958815E-28
 0.14069967958815E-28
 0.14069967958815E-28
 0.14069967958815E-28
 0.14069967958815E-28
 0.14069967958815E-28
 0.14069967958815E-28
 0.14069967958815E-28
 0.20806446360470E-15
 0.23872374590308E-15
 0.40565522034925E-15
 0.37524720469135E-15
 0.55026162625177E-15
 0.76743454419697E-15
 0.70578380278584E-15
 0.77335399991885E-15
 0.10057880599491E-14
 0.14367250362541E-14
 0.16580546528320E-14
 0.20820991061412E-14
 0.38711490146761E-14
 0.37890137671200E-14
 0.61726562387628E-14
 0.87970812792692E-14
 0.99225811586208E-14
 0.12498730410503E-13
 0.13475959239100E-13
 0.17884869177575E-13
 0.25731542561555E-13
 0.30463043050346E-13
 0.23907582526983E-13
 0.66039879313801E-15
 0.14069967958815E-28
 0.14069967958815E-28
 0.14069967958815E-28
 0.14069967958815E-28
 0.14069967958815E-28
 0.14069967958815E-28
 0.14069967958815E-28
 0.14069967958815E-28
 0.14069967958815E-28
 0.14069967958815E-28
 0.14069967958815E-28
 0.14069967958815E-28
 0.14069967958815E-28
 0.14069967958815E-28
 0.14069967958815E-28
 0.14069967958815E-28
 0.14069967958815E-28
 0.14069967958815E-28
 0.14069967958815E-28
 0.14069967958815E-28
 0.14069967958815E-28
 0.14069967958815E-28
 0.14069967958815E-28
 0.14069967958815E-28
 0.14069967958815E-28
 0.14069967958815E-28
 0.29982475161133E-15
 0.27967616371764E-15
 0.32894668354155E-15
 0.39333064023884E-15
 0.52805244007682E-15
 0.62548308198784E-15
 0.77362872016504E-15
 0.95389122676970E-15
 0.10849758458781E-14
 0.15468007620611E-14
 0.18023913483956E-14
 0.24858145945120E-14
 0.38300087792909E-14
 0.43241868882859E-14
 0.55928464466157E-14
 0.61991547315870E-14
 0.67338522945071E-14
 0.93964622779936E-14
 0.10597063215769E-13
 0.13476190733569E-13
 0.15646754341124E-13
 0.20113651834481E-13
 0.13633587738484E-13
 0.12140153866214E-14
 0.14069967958815E-28
 0.14069967958815E-28
 0.14069967958815E-28
 0.14069967958815E-28
 0.14069967958815E-28
 0.14069967958815E-28
 0.14069967958815E-28
 0.14069967958815E-28
 0.14069967958815E-28
 0.14069967958815E-28
 0.14069967958815E-28
 0.14069967958815E-28
 0.14069967958815E-28
 0.14069967958815E-28
 0.14069967958815E-28
 0.14069967958815E-28
 0.14069967958815E-28
 0.14069967958815E-28
 0.14069967958815E-28
 0.14069967958815E-28
 0.14069967958815E-28
 0.14069967958815E-28
 0.14069967958815E-28
 0.14069967958815E-28
 0.14069967958815E-28
 0.14069967958815E-28
 0.32266982809851E-15
 0.28422736605073E-15
 0.39379722001446E-15
 0.46420705049995E-15
 0.57002013072478E-15
 0.67244746079177E-15
 0.77693024726113E-15
 0.89815226355565E-15
 0.11439737170387E-14
 0.15934347755401E-14
 0.20182955882287E-14
 0.27516146578547E-14
 0.34834981527065E-14
 0.38439080021808E-14
 0.37921945387949E-14
 0.47501814628957E-14
 0.51297119247430E-14
 0.57972109040832E-14
 0.72121578342755E-14
 0.10024429742639E-13
 0.10083687968218E-13
 0.90733872137191E-14
 0.38794941576267E-14
 0.14069967958815E-28
 0.14069967958815E-28
 0.14069967958815E-28
 0.14069967958815E-28
 0.14069967958815E-28
 0.14069967958815E-28
 0.14069967958815E-28
 0.14069967958815E-28
 0.14069967958815E-28
 0.14069967958815E-28
 0.14069967958815E-28
 0.14069967958815E-28
 0.14069967958815E-28
 0.14069967958815E-28
 0.14069967958815E-28
 0.14069967958815E-28
 0.14069967958815E-28
 0.14069967958815E-28
 0.14069967958815E-28
 0.14069967958815E-28
 0.14069967958815E-28
 0.14069967958815E-28
 0.14069967958815E-28
 0.14069967958815E-28
 0.14069967958815E-28
 0.14069967958815E-28
 0.14069967958815E-28
 0.31625153708374E-15
 0.36879453027789E-15
 0.46911953905663E-15
 0.42623139167924E-15
 0.61243497538687E-15
 0.68558574659298E-15
 0.83861068116158E-15
 0.11839996132105E-14
 0.15892656460609E-14
 0.18929311058083E-14
 0.22743538245196E-14
 0.18961595188226E-14
 0.23802341806532E-14
 0.29981473372239E-14
 0.31594581041147E-14
 0.36113865319427E-14
 0.46907297005043E-14
 0.49877787938497E-14
 0.61515022359241E-14
 0.57592112030013E-14
 0.45666267228824E-14
 0.33869175761875E-14
 0.18662544141895E-15
 0.14069967958815E-28
 0.14069967958815E-28
 0.14069967958815E-28
 0.14069967958815E-28
 0.14069967958815E-28
 0.14069967958815E-28
 0.14069967958815E-28
 0.14069967958815E-28
 0.14069967958815E-28
 0.14069967958815E-28
 0.14069967958815E-28
 0.14069967958815E-28
 0.14069967958815E-28
 0.14069967958815E-28
 0.14069967958815E-28
 0.14069967958815E-28
 0.14069967958815E-28
 0.14069967958815E-28
 0.14069967958815E-28
 0.14069967958815E-28
 0.14069967958815E-28
 0.14069967958815E-28
 0.14069967958815E-28
 0.14069967958815E-28
 0.14069967958815E-28
 0.14069967958815E-28
 0.14069967958815E-28
 0.31502381900454E-15
 0.33688171225180E-15
 0.40735322660474E-15
 0.47908716702570E-15
 0.53797234279888E-15
 0.90321081638640E-15
 0.10278531990215E-14
 0.13474533189951E-14
 0.15276503586238E-14
 0.14217789443390E-14
 0.17897224888020E-14
 0.14656389539930E-14
 0.18924300124080E-14
 0.22424782853768E-14
 0.22724310537229E-14
 0.29747566254137E-14
 0.33492869528529E-14
 0.32657770124112E-14
 0.39854569933266E-14
 0.34136437476722E-14
 0.26719506718291E-14
 0.22405556322260E-15
 0.14069967958815E-28
 0.14069967958815E-28
 0.14069967958815E-28
 0.14069967958815E-28
 0.14069967958815E-28
 0.14069967958815E-28
 0.14069967958815E-28
 0.14069967958815E-28
 0.14069967958815E-28
 0.14069967958815E-28
 0.14069967958815E-28
 0.14069967958815E-28
 0.14069967958815E-28
 0.14069967958815E-28
 0.14069967958815E-28
 0.14069967958815E-28
 0.14069967958815E-28
 0.14069967958815E-28
 0.14069967958815E-28
 0.14069967958815E-28
 0.14069967958815E-28
 0.14069967958815E-28
 0.14069967958815E-28
 0.14069967958815E-28
 0.14069967958815E-28
 0.14069967958815E-28
 0.14069967958815E-28
 0.14069967958815E-28
 0.29991818114262E-15
 0.40010236188861E-15
 0.44810092538278E-15
 0.60547846775078E-15
 0.70990645181642E-15
 0.10032825776531E-14
 0.10797554047405E-14
 0.10875503496164E-14
 0.10262359561589E-14
 0.13811943523179E-14
 0.95206376489203E-15
 0.14043883111088E-14
 0.12122490105412E-14
 0.17219414988488E-14
 0.19181971376269E-14
 0.23145397706264E-14
 0.23458716615300E-14
 0.22412970229437E-14
 0.22012205775306E-14
 0.18194417551745E-14
 0.78628707441289E-15
 0.14069967958815E-28
 0.14069967958815E-28
 0.14069967958815E-28
 0.14069967958815E-28
 0.14069967958815E-28
 0.14069967958815E-28
 0.14069967958815E-28
 0.14069967958815E-28
 0.14069967958815E-28
 0.14069967958815E-28
 0.14069967958815E-28
 0.14069967958815E-28
 0.14069967958815E-28
 0.14069967958815E-28
 0.14069967958815E-28
 0.14069967958815E-28
 0.14069967958815E-28
 0.14069967958815E-28
 0.14069967958815E-28
 0.14069967958815E-28
 0.14069967958815E-28
 0.14069967958815E-28
 0.14069967958815E-28
 0.14069967958815E-28
 0.14069967958815E-28
 0.14069967958815E-28
 0.14069967958815E-28
 0.14069967958815E-28
 0.14069967958815E-28
 0.33052663151587E-15
 0.53885210497486E-15
 0.47646466768994E-15
 0.67334004872361E-15
 0.74580676158253E-15
 0.81703781280494E-15
 0.80358348542134E-15
 0.77152528718307E-15
 0.79547040153875E-15
 0.91843498883899E-15
 0.10428827448064E-14
 0.10626748527502E-14
 0.11607162237977E-14
 0.11728183407175E-14
 0.13696856099572E-14
 0.14747350657067E-14
 0.15201467581888E-14
 0.16137910779432E-14
 0.92490538836247E-15
 0.45552980494425E-15
 0.14069967958815E-28
 0.14069967958815E-28
 0.14069967958815E-28
 0.14069967958815E-28
 0.14069967958815E-28
 0.14069967958815E-28
 0.14069967958815E-28
 0.14069967958815E-28
 0.14069967958815E-28
 0.14069967958815E-28
 0.14069967958815E-28
 0.14069967958815E-28
 0.14069967958815E-28
 0.14069967958815E-28
 0.14069967958815E-28
 0.14069967958815E-28
 0.14069967958815E-28
 0.14069967958815E-28
 0.14069967958815E-28
 0.14069967958815E-28
 0.14069967958815E-28
 0.14069967958815E-28
 0.14069967958815E-28
 0.14069967958815E-28
 0.14069967958815E-28
 0.14069967958815E-28
 0.14069967958815E-28
 0.14069967958815E-28
 0.14069967958815E-28
 0.14069967958815E-28
 0.43065478459610E-15
 0.58432802071998E-15
 0.65916682901519E-15
 0.65335324438096E-15
 0.62095235593500E-15
 0.46348942982620E-15
 0.66946868793690E-15
 0.69061101891535E-15
 0.72272598592101E-15
 0.79959523612951E-15
 0.80827167071296E-15
 0.68347967590028E-15
 0.11690011201290E-14
 0.12056251327747E-14
 0.10087987338080E-14
 0.11299588614839E-14
 0.10415715202421E-14
 0.80242266400768E-15
 0.57677001735985E-15
 0.21827499934812E-16
 0.14069967958815E-28
 0.14069967958815E-28
 0.14069967958815E-28
 0.14069967958815E-28
 0.14069967958815E-28
 0.14069967958815E-28
 0.14069967958815E-28
 0.14069967958815E-28
 0.14069967958815E-28
 0.14069967958815E-28
 0.14069967958815E-28
 0.14069967958815E-28
 0.14069967958815E-28
 0.14069967958815E-28
 0.14069967958815E-28
 0.14069967958815E-28
 0.14069967958815E-28
 0.14069967958815E-28
 0.14069967958815E-28
 0.14069967958815E-28
 0.14069967958815E-28
 0.14069967958815E-28
 0.14069967958815E-28
 0.14069967958815E-28
 0.14069967958815E-28
 0.14069967958815E-28
 0.14069967958815E-28
 0.14069967958815E-28
 0.14069967958815E-28
 0.14069967958815E-28
 0.50969774885296E-15
 0.46092302846326E-15
 0.41288086917576E-15
 0.44610750578670E-15
 0.48574176809503E-15
 0.52440761427770E-15
 0.41581020293007E-15
 0.60100833865545E-15
 0.57956401996776E-15
 0.54456362382037E-15
 0.64817723679516E-15
 0.55968065913529E-15
 0.10329309658779E-14
 0.10554067632153E-14
 0.90772204593628E-15
 0.85723271016965E-15
 0.10073869153137E-14
 0.36548791523336E-15
 0.79468841320987E-16
 0.14069967958815E-28
 0.14069967958815E-28
 0.14069967958815E-28
 0.14069967958815E-28
 0.14069967958815E-28
 0.14069967958815E-28
 0.14069967958815E-28
 0.14069967958815E-28
 0.14069967958815E-28
 0.14069967958815E-28
 0.14069967958815E-28
 0.14069967958815E-28
 0.14069967958815E-28
 0.14069967958815E-28
 0.14069967958815E-28
 0.14069967958815E-28
 0.14069967958815E-28
 0.14069967958815E-28
 0.14069967958815E-28
 0.14069967958815E-28
 0.14069967958815E-28
 0.14069967958815E-28
 0.14069967958815E-28
 0.14069967958815E-28
 0.14069967958815E-28
 0.14069967958815E-28
 0.14069967958815E-28
 0.14069967958815E-28
 0.14069967958815E-28
 0.14069967958815E-28
 0.14069967958815E-28
 0.31691038605529E-15
 0.32575287323104E-15
 0.34738000403523E-15
 0.43386175849847E-15
 0.43104001079470E-15
 0.42783164328692E-15
 0.40390571923476E-15
 0.42357517008896E-15
 0.59109148301927E-15
 0.55365857937234E-15
 0.44760491095901E-15
 0.63683751108377E-15
 0.76264890033396E-15
 0.54716267164385E-15
 0.52430331532917E-15
 0.42887823855855E-15
 0.30827333581470E-15
 0.94353147880137E-16
 0.14069967958815E-28
 0.14069967958815E-28
 0.14069967958815E-28
 0.14069967958815E-28
 0.14069967958815E-28
 0.14069967958815E-28
 0.14069967958815E-28
 0.14069967958815E-28
 0.14069967958815E-28
 0.14069967958815E-28
 0.14069967958815E-28
 0.14069967958815E-28
 0.14069967958815E-28
 0.14069967958815E-28
 0.14069967958815E-28
 0.14069967958815E-28
 0.14069967958815E-28
 0.14069967958815E-28
 0.14069967958815E-28
 0.14069967958815E-28
 0.14069967958815E-28
 0.14069967958815E-28
 0.14069967958815E-28
 0.14069967958815E-28
 0.14069967958815E-28
 0.14069967958815E-28
 0.14069967958815E-28
 0.14069967958815E-28
 0.14069967958815E-28
 0.14069967958815E-28
 0.14069967958815E-28
 0.14069967958815E-28
 0.24992967644824E-15
 0.27176015497277E-15
 0.29904015937343E-15
 0.36398152186555E-15
 0.38361994145220E-15
 0.36314533508563E-15
 0.38540988219430E-15
 0.44339802570826E-15
 0.51466714643560E-15
 0.47268873503213E-15
 0.49404551097522E-15
 0.45461369181137E-15
 0.50964270647016E-15
 0.44317213158061E-15
 0.29988059465913E-15
 0.21495331972444E-15
 0.56408356671698E-16
 0.14069967958815E-28
 0.14069967958815E-28
 0.14069967958815E-28
 0.14069967958815E-28
 0.14069967958815E-28
 0.14069967958815E-28
 0.14069967958815E-28
 0.14069967958815E-28
 0.14069967958815E-28
 0.14069967958815E-28
 0.14069967958815E-28
 0.14069967958815E-28
 0.14069967958815E-28
 0.14069967958815E-28
 0.14069967958815E-28
 0.14069967958815E-28
 0.14069967958815E-28
 0.14069967958815E-28
 0.14069967958815E-28
 0.14069967958815E-28
 0.14069967958815E-28
 0.14069967958815E-28
 0.14069967958815E-28
 0.14069967958815E-28
 0.14069967958815E-28
 0.14069967958815E-28
 0.14069967958815E-28
 0.14069967958815E-28
 0.14069967958815E-28
 0.14069967958815E-28
 0.14069967958815E-28
 0.14069967958815E-28
 0.14069967958815E-28
 0.24111906271475E-15
 0.20792648756797E-15
 0.27240425942897E-15
 0.21321244901901E-15
 0.25198321325730E-15
 0.28965579367710E-15
 0.38311010109455E-15
 0.38282354734510E-15
 0.43076890990425E-15
 0.37552470870469E-15
 0.34987035629627E-15
 0.48372792022579E-15
 0.50555536889924E-15
 0.43774672475541E-15
 0.22452028463546E-15
 0.90379108119886E-16
 0.14069967958815E-28
 0.14069967958815E-28
 0.14069967958815E-28
 0.14069967958815E-28
 0.14069967958815E-28
 0.14069967958815E-28
 0.14069967958815E-28
 0.14069967958815E-28
 0.14069967958815E-28
 0.14069967958815E-28
 0.14069967958815E-28
 0.14069967958815E-28
 0.14069967958815E-28
 0.14069967958815E-28
 0.14069967958815E-28
 0.14069967958815E-28
 0.14069967958815E-28
 0.14069967958815E-28
 0.14069967958815E-28
 0.14069967958815E-28
 0.14069967958815E-28
 0.14069967958815E-28
 0.14069967958815E-28
 0.14069967958815E-28
 0.14069967958815E-28
 0.14069967958815E-28
 0.14069967958815E-28
 0.14069967958815E-28
 0.14069967958815E-28
 0.14069967958815E-28
 0.14069967958815E-28
 0.14069967958815E-28
 0.14069967958815E-28
 0.14069967958815E-28
 0.17279705921075E-15
 0.22870650030511E-15
 0.19314266997915E-15
 0.24328925793994E-15
 0.27132491310369E-15
 0.28340866966530E-15
 0.28980201751452E-15
 0.28448062828660E-15
 0.29592240852046E-15
 0.37223804667498E-15
 0.28226561822243E-15
 0.21563881517090E-15
 0.20631864388314E-15
 0.24972818449663E-15
 0.13628585965688E-15
 0.14069967958815E-28
 0.14069967958815E-28
 0.14069967958815E-28
 0.14069967958815E-28
 0.14069967958815E-28
 0.14069967958815E-28
 0.14069967958815E-28
 0.14069967958815E-28
 0.14069967958815E-28
 0.14069967958815E-28
 0.14069967958815E-28
 0.14069967958815E-28
 0.14069967958815E-28
 0.14069967958815E-28
 0.14069967958815E-28
 0.14069967958815E-28
 0.14069967958815E-28
 0.14069967958815E-28
 0.14069967958815E-28
 0.14069967958815E-28
 0.14069967958815E-28
 0.14069967958815E-28
 0.14069967958815E-28
 0.14069967958815E-28
 0.14069967958815E-28
 0.14069967958815E-28
 0.14069967958815E-28
 0.14069967958815E-28
 0.14069967958815E-28
 0.14069967958815E-28
 0.14069967958815E-28
 0.14069967958815E-28
 0.14069967958815E-28
 0.14069967958815E-28
 0.14069967958815E-28
 0.18722805139556E-15
 0.21910037981533E-15
 0.21015717436840E-15
 0.18727543013244E-15
 0.21009769188470E-15
 0.22468623060615E-15
 0.28460169857608E-15
 0.24344941070474E-15
 0.29760556908397E-15
 0.23143985407517E-15
 0.25669665300539E-15
 0.20565881523718E-15
 0.20057120936732E-15
 0.69636671687822E-16
 0.14069967958815E-28
 0.14069967958815E-28
 0.14069967958815E-28
 0.14069967958815E-28
 0.14069967958815E-28
 0.14069967958815E-28
 0.14069967958815E-28
 0.14069967958815E-28
 0.14069967958815E-28
 0.14069967958815E-28
 0.14069967958815E-28
 0.14069967958815E-28
 0.14069967958815E-28
 0.14069967958815E-28
 0.14069967958815E-28
 0.14069967958815E-28
 0.14069967958815E-28
 0.14069967958815E-28
 0.14069967958815E-28
 0.14069967958815E-28
 0.14069967958815E-28
 0.14069967958815E-28
 0.14069967958815E-28
 0.14069967958815E-28
 0.14069967958815E-28
 0.14069967958815E-28
 0.14069967958815E-28
 0.14069967958815E-28
 0.14069967958815E-28
 0.14069967958815E-28
 0.14069967958815E-28
 0.14069967958815E-28
 0.14069967958815E-28
 0.14069967958815E-28
 0.14069967958815E-28
 0.14069967958815E-28
 0.16359424590796E-15
 0.15355882659895E-15
 0.13032832648370E-15
 0.19951508555587E-15
 0.20677139299781E-15
 0.20531564456030E-15
 0.17083954589198E-15
 0.16409464767409E-15
 0.14401891660905E-15
 0.16371129651803E-15
 0.24330258451623E-15
 0.99585874574811E-16
 0.40947666248249E-16
 0.14069967958815E-28
 0.14069967958815E-28
 0.14069967958815E-28
 0.14069967958815E-28
 0.14069967958815E-28
 0.14069967958815E-28
 0.14069967958815E-28
 0.14069967958815E-28
 0.14069967958815E-28
 0.14069967958815E-28
 0.14069967958815E-28
 0.14069967958815E-28
 0.14069967958815E-28
 0.14069967958815E-28
 0.14069967958815E-28
 0.14069967958815E-28
 0.14069967958815E-28
 0.14069967958815E-28
 0.14069967958815E-28
 0.14069967958815E-28
 0.14069967958815E-28
 0.14069967958815E-28
 0.14069967958815E-28
 0.14069967958815E-28
 0.14069967958815E-28
 0.14069967958815E-28
 0.14069967958815E-28
 0.14069967958815E-28
 0.14069967958815E-28
 0.14069967958815E-28
 0.14069967958815E-28
 0.14069967958815E-28
 0.14069967958815E-28
 0.14069967958815E-28
 0.14069967958815E-28
 0.14069967958815E-28
 0.14069967958815E-28
 0.13563872845895E-15
 0.14522509156274E-15
 0.15788375647454E-15
 0.21709726065923E-15
 0.15725478471255E-15
 0.22777418700240E-15
 0.13744059297057E-15
 0.16137308089095E-15
 0.12295533797080E-15
 0.13146536440055E-15
 0.12351466142182E-15
 0.67621474208480E-16
 0.14069967958815E-28
 0.14069967958815E-28
 0.14069967958815E-28
 0.14069967958815E-28
 0.14069967958815E-28
 0.14069967958815E-28
 0.14069967958815E-28
 0.14069967958815E-28
 0.14069967958815E-28
 0.14069967958815E-28
 0.14069967958815E-28
 0.14069967958815E-28
 0.14069967958815E-28
 0.14069967958815E-28
 0.14069967958815E-28
 0.14069967958815E-28
 0.14069967958815E-28
 0.14069967958815E-28
 0.14069967958815E-28
 0.14069967958815E-28
 0.14069967958815E-28
 0.14069967958815E-28
 0.14069967958815E-28
 0.14069967958815E-28
 0.14069967958815E-28
 0.14069967958815E-28
 0.14069967958815E-28
 0.14069967958815E-28
 0.14069967958815E-28
 0.14069967958815E-28
 0.14069967958815E-28
 0.14069967958815E-28
 0.14069967958815E-28
 0.14069967958815E-28
 0.14069967958815E-28
 0.14069967958815E-28
 0.14069967958815E-28
 0.14069967958815E-28
 0.10516488990509E-15
 0.13191376937454E-15
 0.97480653399925E-16
 0.19438654348745E-15
 0.12921748022200E-15
 0.14328982165195E-15
 0.93759125030777E-16
 0.99687107996868E-16
 0.11847310547255E-15
 0.60794418299638E-16
 0.62739334809291E-16
 0.12569325384266E-16
 0.14069967958815E-28
 0.14069967958815E-28
 0.14069967958815E-28
 0.14069967958815E-28
 0.14069967958815E-28
 0.14069967958815E-28
 0.14069967958815E-28
 0.14069967958815E-28
 0.14069967958815E-28
 0.14069967958815E-28
 0.14069967958815E-28
 0.14069967958815E-28
 0.14069967958815E-28
 0.14069967958815E-28
 0.14069967958815E-28
 0.14069967958815E-28
 0.14069967958815E-28
 0.14069967958815E-28
 0.14069967958815E-28
 0.14069967958815E-28
 0.14069967958815E-28
 0.14069967958815E-28
 0.14069967958815E-28
 0.14069967958815E-28
 0.14069967958815E-28
 0.14069967958815E-28
 0.14069967958815E-28
 0.14069967958815E-28
 0.14069967958815E-28
 0.14069967958815E-28
 0.14069967958815E-28
 0.14069967958815E-28
 0.14069967958815E-28
 0.14069967958815E-28
 0.14069967958815E-28
 0.14069967958815E-28
 0.14069967958815E-28
 0.14069967958815E-28
 0.10399420207151E-15
 0.95425295084136E-16
 0.96798234267953E-16
 0.11273178185291E-15
 0.70236630400344E-16
 0.10128029547683E-15
 0.10902998667738E-15
 0.82073316407331E-16
 0.10094639453234E-15
 0.44929668715078E-16
 0.14069967958815E-28
 0.14069967958815E-28
 0.14069967958815E-28
 0.14069967958815E-28
 0.14069967958815E-28
 0.14069967958815E-28
 0.14069967958815E-28
 0.14069967958815E-28
 0.14069967958815E-28
 0.14069967958815E-28
 0.14069967958815E-28
 0.14069967958815E-28
 0.14069967958815E-28
 0.14069967958815E-28
 0.14069967958815E-28
 0.14069967958815E-28
 0.14069967958815E-28
 0.14069967958815E-28
 0.14069967958815E-28
 0.14069967958815E-28
 0.14069967958815E-28
 0.14069967958815E-28
 0.14069967958815E-28
 0.14069967958815E-28
 0.14069967958815E-28
 0.14069967958815E-28
 0.14069967958815E-28
 0.14069967958815E-28
 0.14069967958815E-28
 0.14069967958815E-28
 0.14069967958815E-28
 0.14069967958815E-28
 0.14069967958815E-28
 0.14069967958815E-28
 0.14069967958815E-28
 0.14069967958815E-28
 0.14069967958815E-28
 0.14069967958815E-28
 0.14069967958815E-28
 0.14069967958815E-28
 0.96033615920390E-16
 0.10138224979338E-15
 0.96962608022388E-16
 0.62742984016177E-16
 0.85609719259800E-16
 0.91905651895654E-16
 0.83157790792564E-16
 0.73204407160806E-16
 0.21770851613926E-16
 0.14069967958815E-28
 0.14069967958815E-28
 0.14069967958815E-28
 0.14069967958815E-28
 0.14069967958815E-28
 0.14069967958815E-28
 0.14069967958815E-28
 0.14069967958815E-28
 0.14069967958815E-28
 0.14069967958815E-28
 0.14069967958815E-28
 0.14069967958815E-28
 0.14069967958815E-28
 0.14069967958815E-28
 0.14069967958815E-28
 0.14069967958815E-28
 0.14069967958815E-28
 0.14069967958815E-28
 0.14069967958815E-28
 0.14069967958815E-28
 0.14069967958815E-28
 0.14069967958815E-28
 0.14069967958815E-28
 0.14069967958815E-28
 0.14069967958815E-28
 0.14069967958815E-28
 0.14069967958815E-28
 0.14069967958815E-28
 0.14069967958815E-28
 0.14069967958815E-28
 0.14069967958815E-28
 0.14069967958815E-28
 0.14069967958815E-28
 0.14069967958815E-28
 0.14069967958815E-28
 0.14069967958815E-28
 0.14069967958815E-28
 0.14069967958815E-28
 0.14069967958815E-28
 0.14069967958815E-28
 0.14069967958815E-28
 0.57690398695154E-16
 0.78442318001735E-16
 0.49424459988590E-16
 0.55013873202730E-16
 0.44871229357371E-16
 0.80201547766607E-16
 0.42935695283993E-16
 0.22366518189383E-16
 0.14069967958815E-28
 0.14069967958815E-28
 0.14069967958815E-28
 0.14069967958815E-28
 0.14069967958815E-28
 0.14069967958815E-28
 0.14069967958815E-28
 0.14069967958815E-28
 0.14069967958815E-28
 0.14069967958815E-28
 0.14069967958815E-28
 0.14069967958815E-28
 0.14069967958815E-28
 0.14069967958815E-28
 0.14069967958815E-28
 0.14069967958815E-28
 0.14069967958815E-28
 0.14069967958815E-28
 0.14069967958815E-28
 0.14069967958815E-28
 0.14069967958815E-28
 0.14069967958815E-28
 0.14069967958815E-28
 0.14069967958815E-28
 0.14069967958815E-28
 0.14069967958815E-28
 0.14069967958815E-28
 0.14069967958815E-28
 0.14069967958815E-28
 0.14069967958815E-28
 0.14069967958815E-28
 0.14069967958815E-28
 0.14069967958815E-28
 0.14069967958815E-28
 0.14069967958815E-28
 0.14069967958815E-28
 0.14069967958815E-28
 0.14069967958815E-28
 0.14069967958815E-28
 0.14069967958815E-28
 0.14069967958815E-28
 0.14069967958815E-28
 0.51422548953112E-16
 0.86505789217100E-16
 0.59526172726864E-16
 0.47447293767359E-16
 0.30607020060616E-16
 0.46754027464267E-16
 0.25781862019509E-16
 0.14069967958815E-28
 0.14069967958815E-28
 0.14069967958815E-28
 0.14069967958815E-28
 0.14069967958815E-28
 0.14069967958815E-28
 0.14069967958815E-28
 0.14069967958815E-28
 0.14069967958815E-28
 0.14069967958815E-28
 0.14069967958815E-28
 0.14069967958815E-28
 0.14069967958815E-28
 0.14069967958815E-28
 0.14069967958815E-28
 0.14069967958815E-28
 0.14069967958815E-28
 0.14069967958815E-28
 0.14069967958815E-28
 0.14069967958815E-28
 0.14069967958815E-28
 0.14069967958815E-28
 0.14069967958815E-28
 0.14069967958815E-28
 0.14069967958815E-28
 0.14069967958815E-28
 0.14069967958815E-28
 0.14069967958815E-28
 0.14069967958815E-28
 0.14069967958815E-28
 0.14069967958815E-28
 0.14069967958815E-28
 0.14069967958815E-28
 0.14069967958815E-28
 0.14069967958815E-28
 0.14069967958815E-28
 0.14069967958815E-28
 0.14069967958815E-28
 0.14069967958815E-28
 0.14069967958815E-28
 0.14069967958815E-28
 0.14069967958815E-28
 0.14069967958815E-28
  
