           1
          50          50
           1
   29920000000000.000        29920000000000.000     
 0.60000000000000E+05
  
 0.14069967958815E-28
 0.14069967958815E-28
 0.14069967958815E-28
 0.14069967958815E-28
 0.14069967958815E-28
 0.14069967958815E-28
 0.14069967958815E-28
 0.14069967958815E-28
 0.14069967958815E-28
 0.14069967958815E-28
 0.14069967958815E-28
 0.14069967958815E-28
 0.14069967958815E-28
 0.14069967958815E-28
 0.14069967958815E-28
 0.14069967958815E-28
 0.14069967958815E-28
 0.14069967958815E-28
 0.14069967958815E-28
 0.14069967958815E-28
 0.14069967958815E-28
 0.14069967958815E-28
 0.14069967958815E-28
 0.14069967958815E-28
 0.14069967958815E-28
 0.14069967958815E-28
 0.14069967958815E-28
 0.14069967958815E-28
 0.14069967958815E-28
 0.14069967958815E-28
 0.14069967958815E-28
 0.14069967958815E-28
 0.14069967958815E-28
 0.14069967958815E-28
 0.14069967958815E-28
 0.14069967958815E-28
 0.14069967958815E-28
 0.14069967958815E-28
 0.14069967958815E-28
 0.14069967958815E-28
 0.14069967958815E-28
 0.14069967958815E-28
 0.34597749600635E-17
 0.11690367031571E-16
 0.34388319809367E-16
 0.49111828226099E-16
 0.21677316276229E-16
 0.59294739685488E-16
 0.71107594034043E-16
 0.61798317936482E-16
 0.14069967958815E-28
 0.14069967958815E-28
 0.14069967958815E-28
 0.14069967958815E-28
 0.14069967958815E-28
 0.14069967958815E-28
 0.14069967958815E-28
 0.14069967958815E-28
 0.14069967958815E-28
 0.14069967958815E-28
 0.14069967958815E-28
 0.14069967958815E-28
 0.14069967958815E-28
 0.14069967958815E-28
 0.14069967958815E-28
 0.14069967958815E-28
 0.14069967958815E-28
 0.14069967958815E-28
 0.14069967958815E-28
 0.14069967958815E-28
 0.14069967958815E-28
 0.14069967958815E-28
 0.14069967958815E-28
 0.14069967958815E-28
 0.14069967958815E-28
 0.14069967958815E-28
 0.14069967958815E-28
 0.14069967958815E-28
 0.14069967958815E-28
 0.14069967958815E-28
 0.14069967958815E-28
 0.14069967958815E-28
 0.14069967958815E-28
 0.14069967958815E-28
 0.14069967958815E-28
 0.14069967958815E-28
 0.14069967958815E-28
 0.14069967958815E-28
 0.14069967958815E-28
 0.14069967958815E-28
 0.14069967958815E-28
 0.14069967958815E-28
 0.52303886231454E-16
 0.72688689316177E-16
 0.63005983447549E-16
 0.44976198920974E-16
 0.71265614004394E-16
 0.76854640051402E-16
 0.54123431681284E-16
 0.67016798456875E-16
 0.14069967958815E-28
 0.14069967958815E-28
 0.14069967958815E-28
 0.14069967958815E-28
 0.14069967958815E-28
 0.14069967958815E-28
 0.14069967958815E-28
 0.14069967958815E-28
 0.14069967958815E-28
 0.14069967958815E-28
 0.14069967958815E-28
 0.14069967958815E-28
 0.14069967958815E-28
 0.14069967958815E-28
 0.14069967958815E-28
 0.14069967958815E-28
 0.14069967958815E-28
 0.14069967958815E-28
 0.14069967958815E-28
 0.14069967958815E-28
 0.14069967958815E-28
 0.14069967958815E-28
 0.14069967958815E-28
 0.14069967958815E-28
 0.14069967958815E-28
 0.14069967958815E-28
 0.14069967958815E-28
 0.14069967958815E-28
 0.14069967958815E-28
 0.14069967958815E-28
 0.14069967958815E-28
 0.14069967958815E-28
 0.14069967958815E-28
 0.14069967958815E-28
 0.14069967958815E-28
 0.14069967958815E-28
 0.14069967958815E-28
 0.14069967958815E-28
 0.14069967958815E-28
 0.14069967958815E-28
 0.46708792498638E-17
 0.17345040646354E-16
 0.52701568898516E-16
 0.51037076853438E-16
 0.10191308922996E-15
 0.85864659683851E-16
 0.10171432269471E-15
 0.79470382729739E-16
 0.91291198933266E-16
 0.73901490015321E-16
 0.14069967958815E-28
 0.14069967958815E-28
 0.14069967958815E-28
 0.14069967958815E-28
 0.14069967958815E-28
 0.14069967958815E-28
 0.14069967958815E-28
 0.14069967958815E-28
 0.14069967958815E-28
 0.14069967958815E-28
 0.14069967958815E-28
 0.14069967958815E-28
 0.14069967958815E-28
 0.14069967958815E-28
 0.14069967958815E-28
 0.14069967958815E-28
 0.14069967958815E-28
 0.14069967958815E-28
 0.14069967958815E-28
 0.14069967958815E-28
 0.14069967958815E-28
 0.14069967958815E-28
 0.14069967958815E-28
 0.14069967958815E-28
 0.14069967958815E-28
 0.14069967958815E-28
 0.14069967958815E-28
 0.14069967958815E-28
 0.14069967958815E-28
 0.14069967958815E-28
 0.14069967958815E-28
 0.14069967958815E-28
 0.14069967958815E-28
 0.14069967958815E-28
 0.14069967958815E-28
 0.14069967958815E-28
 0.14069967958815E-28
 0.14069967958815E-28
 0.14069967958815E-28
 0.54484306539711E-17
 0.46143005529879E-16
 0.13359081885082E-15
 0.75007741458626E-16
 0.60093034418412E-16
 0.10958064199738E-15
 0.14217353125892E-15
 0.10201852051103E-15
 0.10447418110216E-15
 0.10275843472891E-15
 0.99736865867112E-16
 0.14069967958815E-28
 0.14069967958815E-28
 0.14069967958815E-28
 0.14069967958815E-28
 0.14069967958815E-28
 0.14069967958815E-28
 0.14069967958815E-28
 0.14069967958815E-28
 0.14069967958815E-28
 0.14069967958815E-28
 0.14069967958815E-28
 0.14069967958815E-28
 0.14069967958815E-28
 0.14069967958815E-28
 0.14069967958815E-28
 0.14069967958815E-28
 0.14069967958815E-28
 0.14069967958815E-28
 0.14069967958815E-28
 0.14069967958815E-28
 0.14069967958815E-28
 0.14069967958815E-28
 0.14069967958815E-28
 0.14069967958815E-28
 0.14069967958815E-28
 0.14069967958815E-28
 0.14069967958815E-28
 0.14069967958815E-28
 0.14069967958815E-28
 0.14069967958815E-28
 0.14069967958815E-28
 0.14069967958815E-28
 0.14069967958815E-28
 0.14069967958815E-28
 0.14069967958815E-28
 0.14069967958815E-28
 0.14069967958815E-28
 0.14069967958815E-28
 0.62573345661976E-17
 0.37903347685188E-16
 0.72771229856435E-16
 0.85868880668982E-16
 0.11940315788238E-15
 0.14296338137834E-15
 0.11681595220916E-15
 0.13480485260205E-15
 0.11673174241829E-15
 0.12647619159632E-15
 0.10325245737747E-15
 0.12437876865401E-15
 0.14069967958815E-28
 0.14069967958815E-28
 0.14069967958815E-28
 0.14069967958815E-28
 0.14069967958815E-28
 0.14069967958815E-28
 0.14069967958815E-28
 0.14069967958815E-28
 0.14069967958815E-28
 0.14069967958815E-28
 0.14069967958815E-28
 0.14069967958815E-28
 0.14069967958815E-28
 0.14069967958815E-28
 0.14069967958815E-28
 0.14069967958815E-28
 0.14069967958815E-28
 0.14069967958815E-28
 0.14069967958815E-28
 0.14069967958815E-28
 0.14069967958815E-28
 0.14069967958815E-28
 0.14069967958815E-28
 0.14069967958815E-28
 0.14069967958815E-28
 0.14069967958815E-28
 0.14069967958815E-28
 0.14069967958815E-28
 0.14069967958815E-28
 0.14069967958815E-28
 0.14069967958815E-28
 0.14069967958815E-28
 0.14069967958815E-28
 0.14069967958815E-28
 0.14069967958815E-28
 0.14069967958815E-28
 0.14069967958815E-28
 0.14069967958815E-28
 0.80672953044199E-16
 0.82704324149197E-16
 0.11898279285178E-15
 0.13926505061536E-15
 0.13860628769096E-15
 0.12990164504334E-15
 0.14136196136360E-15
 0.17011520010124E-15
 0.16723498095612E-15
 0.11013665833868E-15
 0.16461213976259E-15
 0.17056687999601E-15
 0.14069967958815E-28
 0.14069967958815E-28
 0.14069967958815E-28
 0.14069967958815E-28
 0.14069967958815E-28
 0.14069967958815E-28
 0.14069967958815E-28
 0.14069967958815E-28
 0.14069967958815E-28
 0.14069967958815E-28
 0.14069967958815E-28
 0.14069967958815E-28
 0.14069967958815E-28
 0.14069967958815E-28
 0.14069967958815E-28
 0.14069967958815E-28
 0.14069967958815E-28
 0.14069967958815E-28
 0.14069967958815E-28
 0.14069967958815E-28
 0.14069967958815E-28
 0.14069967958815E-28
 0.14069967958815E-28
 0.14069967958815E-28
 0.14069967958815E-28
 0.14069967958815E-28
 0.14069967958815E-28
 0.14069967958815E-28
 0.14069967958815E-28
 0.14069967958815E-28
 0.14069967958815E-28
 0.14069967958815E-28
 0.14069967958815E-28
 0.14069967958815E-28
 0.14069967958815E-28
 0.14069967958815E-28
 0.44123840679331E-17
 0.10204596997597E-15
 0.90450264474448E-16
 0.13963713281565E-15
 0.16247017896773E-15
 0.18366005263172E-15
 0.17381894370925E-15
 0.15377024685784E-15
 0.19394851785110E-15
 0.17638229320688E-15
 0.20476247885502E-15
 0.17742500783090E-15
 0.17108859938449E-15
 0.13541784932673E-15
 0.14069967958815E-28
 0.14069967958815E-28
 0.14069967958815E-28
 0.14069967958815E-28
 0.14069967958815E-28
 0.14069967958815E-28
 0.14069967958815E-28
 0.14069967958815E-28
 0.14069967958815E-28
 0.14069967958815E-28
 0.14069967958815E-28
 0.14069967958815E-28
 0.14069967958815E-28
 0.14069967958815E-28
 0.14069967958815E-28
 0.14069967958815E-28
 0.14069967958815E-28
 0.14069967958815E-28
 0.14069967958815E-28
 0.14069967958815E-28
 0.14069967958815E-28
 0.14069967958815E-28
 0.14069967958815E-28
 0.14069967958815E-28
 0.14069967958815E-28
 0.14069967958815E-28
 0.14069967958815E-28
 0.14069967958815E-28
 0.14069967958815E-28
 0.14069967958815E-28
 0.14069967958815E-28
 0.14069967958815E-28
 0.14069967958815E-28
 0.14069967958815E-28
 0.14069967958815E-28
 0.14069967958815E-28
 0.10166197280937E-16
 0.12306217335680E-15
 0.14230542767347E-15
 0.25860526824406E-15
 0.18921012371883E-15
 0.19458261046817E-15
 0.17774756348813E-15
 0.15781659543439E-15
 0.22721872853102E-15
 0.24770482128707E-15
 0.18124410428635E-15
 0.21391317450774E-15
 0.18667416642503E-15
 0.17621891707194E-15
 0.14069967958815E-28
 0.14069967958815E-28
 0.14069967958815E-28
 0.14069967958815E-28
 0.14069967958815E-28
 0.14069967958815E-28
 0.14069967958815E-28
 0.14069967958815E-28
 0.14069967958815E-28
 0.14069967958815E-28
 0.14069967958815E-28
 0.14069967958815E-28
 0.14069967958815E-28
 0.14069967958815E-28
 0.14069967958815E-28
 0.14069967958815E-28
 0.14069967958815E-28
 0.14069967958815E-28
 0.14069967958815E-28
 0.14069967958815E-28
 0.14069967958815E-28
 0.14069967958815E-28
 0.14069967958815E-28
 0.14069967958815E-28
 0.14069967958815E-28
 0.14069967958815E-28
 0.14069967958815E-28
 0.14069967958815E-28
 0.14069967958815E-28
 0.14069967958815E-28
 0.14069967958815E-28
 0.14069967958815E-28
 0.14069967958815E-28
 0.14069967958815E-28
 0.14069967958815E-28
 0.14360138558154E-15
 0.24410035493676E-15
 0.15370987646581E-15
 0.20583547004352E-15
 0.23432459329054E-15
 0.31505919923551E-15
 0.35538043218720E-15
 0.28251305281192E-15
 0.28730002861823E-15
 0.26288104062622E-15
 0.24187828635817E-15
 0.23006335799286E-15
 0.24701107807515E-15
 0.19999296370832E-15
 0.23894611937534E-15
 0.14069967958815E-28
 0.14069967958815E-28
 0.14069967958815E-28
 0.14069967958815E-28
 0.14069967958815E-28
 0.14069967958815E-28
 0.14069967958815E-28
 0.14069967958815E-28
 0.14069967958815E-28
 0.14069967958815E-28
 0.14069967958815E-28
 0.14069967958815E-28
 0.14069967958815E-28
 0.14069967958815E-28
 0.14069967958815E-28
 0.14069967958815E-28
 0.14069967958815E-28
 0.14069967958815E-28
 0.14069967958815E-28
 0.14069967958815E-28
 0.14069967958815E-28
 0.14069967958815E-28
 0.14069967958815E-28
 0.14069967958815E-28
 0.14069967958815E-28
 0.14069967958815E-28
 0.14069967958815E-28
 0.14069967958815E-28
 0.14069967958815E-28
 0.14069967958815E-28
 0.14069967958815E-28
 0.14069967958815E-28
 0.14069967958815E-28
 0.14069967958815E-28
 0.89682072633055E-16
 0.24259126182582E-15
 0.29224686564506E-15
 0.36356401294063E-15
 0.32399048507064E-15
 0.37361029058479E-15
 0.30835632714380E-15
 0.35047904771990E-15
 0.25538101637005E-15
 0.29079434552531E-15
 0.25033202742300E-15
 0.27110781055957E-15
 0.24973127101330E-15
 0.26986364719132E-15
 0.20722766275941E-15
 0.21997510074443E-15
 0.14069967958815E-28
 0.14069967958815E-28
 0.14069967958815E-28
 0.14069967958815E-28
 0.14069967958815E-28
 0.14069967958815E-28
 0.14069967958815E-28
 0.14069967958815E-28
 0.14069967958815E-28
 0.14069967958815E-28
 0.14069967958815E-28
 0.14069967958815E-28
 0.14069967958815E-28
 0.14069967958815E-28
 0.14069967958815E-28
 0.14069967958815E-28
 0.14069967958815E-28
 0.14069967958815E-28
 0.14069967958815E-28
 0.14069967958815E-28
 0.14069967958815E-28
 0.14069967958815E-28
 0.14069967958815E-28
 0.14069967958815E-28
 0.14069967958815E-28
 0.14069967958815E-28
 0.14069967958815E-28
 0.14069967958815E-28
 0.14069967958815E-28
 0.14069967958815E-28
 0.14069967958815E-28
 0.14069967958815E-28
 0.14069967958815E-28
 0.94068099055133E-16
 0.27763442414038E-15
 0.41481406111581E-15
 0.39081261447764E-15
 0.54898206089795E-15
 0.45720096312534E-15
 0.43939911475283E-15
 0.45943218558838E-15
 0.42123049785347E-15
 0.39745778539588E-15
 0.28157100967274E-15
 0.37947172591439E-15
 0.27597443809989E-15
 0.35804693054193E-15
 0.35616088783658E-15
 0.23646453948153E-15
 0.23973351770331E-15
 0.14069967958815E-28
 0.14069967958815E-28
 0.14069967958815E-28
 0.14069967958815E-28
 0.14069967958815E-28
 0.14069967958815E-28
 0.14069967958815E-28
 0.14069967958815E-28
 0.14069967958815E-28
 0.14069967958815E-28
 0.14069967958815E-28
 0.14069967958815E-28
 0.14069967958815E-28
 0.14069967958815E-28
 0.14069967958815E-28
 0.14069967958815E-28
 0.14069967958815E-28
 0.14069967958815E-28
 0.14069967958815E-28
 0.14069967958815E-28
 0.14069967958815E-28
 0.14069967958815E-28
 0.14069967958815E-28
 0.14069967958815E-28
 0.14069967958815E-28
 0.14069967958815E-28
 0.14069967958815E-28
 0.14069967958815E-28
 0.14069967958815E-28
 0.14069967958815E-28
 0.14069967958815E-28
 0.14069967958815E-28
 0.24058717577919E-16
 0.31102963472192E-15
 0.35480489229477E-15
 0.53024993080152E-15
 0.53312911426106E-15
 0.66947186217930E-15
 0.46396330958344E-15
 0.54106804604740E-15
 0.56636582306454E-15
 0.61935036874004E-15
 0.43503872213642E-15
 0.44307930794386E-15
 0.41138656756486E-15
 0.40428387877054E-15
 0.38320724079753E-15
 0.35789327375920E-15
 0.31498871331038E-15
 0.36578165373539E-15
 0.14069967958815E-28
 0.14069967958815E-28
 0.14069967958815E-28
 0.14069967958815E-28
 0.14069967958815E-28
 0.14069967958815E-28
 0.14069967958815E-28
 0.14069967958815E-28
 0.14069967958815E-28
 0.14069967958815E-28
 0.14069967958815E-28
 0.14069967958815E-28
 0.14069967958815E-28
 0.14069967958815E-28
 0.14069967958815E-28
 0.14069967958815E-28
 0.14069967958815E-28
 0.14069967958815E-28
 0.14069967958815E-28
 0.14069967958815E-28
 0.14069967958815E-28
 0.14069967958815E-28
 0.14069967958815E-28
 0.14069967958815E-28
 0.14069967958815E-28
 0.14069967958815E-28
 0.14069967958815E-28
 0.14069967958815E-28
 0.14069967958815E-28
 0.14069967958815E-28
 0.14069967958815E-28
 0.30579711969738E-16
 0.44995191015657E-15
 0.55627629276394E-15
 0.93872411629360E-15
 0.70353843391642E-15
 0.80065250554084E-15
 0.80432122878662E-15
 0.83846469327009E-15
 0.62829016245082E-15
 0.49106948220167E-15
 0.48202854845679E-15
 0.52822316041113E-15
 0.52248068924943E-15
 0.48148538770354E-15
 0.42236258838082E-15
 0.44126444235569E-15
 0.38090533043664E-15
 0.48501300238283E-15
 0.42141759556453E-15
 0.14069967958815E-28
 0.14069967958815E-28
 0.14069967958815E-28
 0.14069967958815E-28
 0.14069967958815E-28
 0.14069967958815E-28
 0.14069967958815E-28
 0.14069967958815E-28
 0.14069967958815E-28
 0.14069967958815E-28
 0.14069967958815E-28
 0.14069967958815E-28
 0.14069967958815E-28
 0.14069967958815E-28
 0.14069967958815E-28
 0.14069967958815E-28
 0.14069967958815E-28
 0.14069967958815E-28
 0.14069967958815E-28
 0.14069967958815E-28
 0.14069967958815E-28
 0.14069967958815E-28
 0.14069967958815E-28
 0.14069967958815E-28
 0.14069967958815E-28
 0.14069967958815E-28
 0.14069967958815E-28
 0.14069967958815E-28
 0.14069967958815E-28
 0.14069967958815E-28
 0.45275812274605E-16
 0.62578429245903E-15
 0.83345328273632E-15
 0.15156903055857E-14
 0.96630155355714E-15
 0.11695868573584E-14
 0.11842016719884E-14
 0.89821648378718E-15
 0.97447199665512E-15
 0.94205038449888E-15
 0.64876919981527E-15
 0.69228598321613E-15
 0.59215982300811E-15
 0.66215351464690E-15
 0.62311057107746E-15
 0.55860087523987E-15
 0.46638717219039E-15
 0.61422558077794E-15
 0.57263260720391E-15
 0.50405289445457E-15
 0.14069967958815E-28
 0.14069967958815E-28
 0.14069967958815E-28
 0.14069967958815E-28
 0.14069967958815E-28
 0.14069967958815E-28
 0.14069967958815E-28
 0.14069967958815E-28
 0.14069967958815E-28
 0.14069967958815E-28
 0.14069967958815E-28
 0.14069967958815E-28
 0.14069967958815E-28
 0.14069967958815E-28
 0.14069967958815E-28
 0.14069967958815E-28
 0.14069967958815E-28
 0.14069967958815E-28
 0.14069967958815E-28
 0.14069967958815E-28
 0.14069967958815E-28
 0.14069967958815E-28
 0.14069967958815E-28
 0.14069967958815E-28
 0.14069967958815E-28
 0.14069967958815E-28
 0.14069967958815E-28
 0.14069967958815E-28
 0.14069967958815E-28
 0.14069967958815E-28
 0.47816753462893E-15
 0.17537607886333E-14
 0.14793474311996E-14
 0.18683980626469E-14
 0.17172000191585E-14
 0.16307852536904E-14
 0.13655991178780E-14
 0.96550256159886E-15
 0.87100663977054E-15
 0.10514048148197E-14
 0.92396270204095E-15
 0.97369743635694E-15
 0.67104553029912E-15
 0.79453829401155E-15
 0.70726527056641E-15
 0.67420280625916E-15
 0.72905307294035E-15
 0.60924106935007E-15
 0.46476035549431E-15
 0.37839151256167E-15
 0.14069967958815E-28
 0.14069967958815E-28
 0.14069967958815E-28
 0.14069967958815E-28
 0.14069967958815E-28
 0.14069967958815E-28
 0.14069967958815E-28
 0.14069967958815E-28
 0.14069967958815E-28
 0.14069967958815E-28
 0.14069967958815E-28
 0.14069967958815E-28
 0.14069967958815E-28
 0.14069967958815E-28
 0.14069967958815E-28
 0.14069967958815E-28
 0.14069967958815E-28
 0.14069967958815E-28
 0.14069967958815E-28
 0.14069967958815E-28
 0.14069967958815E-28
 0.14069967958815E-28
 0.14069967958815E-28
 0.14069967958815E-28
 0.14069967958815E-28
 0.14069967958815E-28
 0.14069967958815E-28
 0.14069967958815E-28
 0.14069967958815E-28
 0.52058712799014E-15
 0.16637381999405E-14
 0.23977963271784E-14
 0.21232440430281E-14
 0.22658756228985E-14
 0.19211153824624E-14
 0.18940894835407E-14
 0.17288577084438E-14
 0.15083045455503E-14
 0.12363476776579E-14
 0.11262324718738E-14
 0.13247499580647E-14
 0.11022050685565E-14
 0.93414201361657E-15
 0.10548651338300E-14
 0.87696411004905E-15
 0.77314320560337E-15
 0.62298211631207E-15
 0.53834112886987E-15
 0.34578681559557E-15
 0.36441542366229E-15
 0.14069967958815E-28
 0.14069967958815E-28
 0.14069967958815E-28
 0.14069967958815E-28
 0.14069967958815E-28
 0.14069967958815E-28
 0.14069967958815E-28
 0.14069967958815E-28
 0.14069967958815E-28
 0.14069967958815E-28
 0.14069967958815E-28
 0.14069967958815E-28
 0.14069967958815E-28
 0.14069967958815E-28
 0.14069967958815E-28
 0.14069967958815E-28
 0.14069967958815E-28
 0.14069967958815E-28
 0.14069967958815E-28
 0.14069967958815E-28
 0.14069967958815E-28
 0.14069967958815E-28
 0.14069967958815E-28
 0.14069967958815E-28
 0.14069967958815E-28
 0.14069967958815E-28
 0.14069967958815E-28
 0.14069967958815E-28
 0.31152993270307E-15
 0.30074628706225E-14
 0.39960407706345E-14
 0.39264783014587E-14
 0.36532281256435E-14
 0.30499910551895E-14
 0.22585936342076E-14
 0.26342666002999E-14
 0.22242989083793E-14
 0.18529988678146E-14
 0.14245841445243E-14
 0.16271713259428E-14
 0.14978636395813E-14
 0.13968405712763E-14
 0.11898807529349E-14
 0.96621567164963E-15
 0.91645563360683E-15
 0.66911265064401E-15
 0.47367439383895E-15
 0.49532370713751E-15
 0.31393009185250E-15
 0.33986070159030E-15
 0.14069967958815E-28
 0.14069967958815E-28
 0.14069967958815E-28
 0.14069967958815E-28
 0.14069967958815E-28
 0.14069967958815E-28
 0.14069967958815E-28
 0.14069967958815E-28
 0.14069967958815E-28
 0.14069967958815E-28
 0.14069967958815E-28
 0.14069967958815E-28
 0.14069967958815E-28
 0.14069967958815E-28
 0.14069967958815E-28
 0.14069967958815E-28
 0.14069967958815E-28
 0.14069967958815E-28
 0.14069967958815E-28
 0.14069967958815E-28
 0.14069967958815E-28
 0.14069967958815E-28
 0.14069967958815E-28
 0.14069967958815E-28
 0.14069967958815E-28
 0.14069967958815E-28
 0.14069967958815E-28
 0.94380276296597E-16
 0.24851454072808E-14
 0.51323107670954E-14
 0.67143644013506E-14
 0.52148312066781E-14
 0.41698572829292E-14
 0.39326017835766E-14
 0.38944091727146E-14
 0.28345326703380E-14
 0.23088591198862E-14
 0.20817021662657E-14
 0.22442088995267E-14
 0.24069606097700E-14
 0.19318039688765E-14
 0.13256552664685E-14
 0.10019686280686E-14
 0.85354918911724E-15
 0.66617276806215E-15
 0.60725170285472E-15
 0.46970725069408E-15
 0.38164511241370E-15
 0.34982232057662E-15
 0.27579583831718E-15
 0.14069967958815E-28
 0.14069967958815E-28
 0.14069967958815E-28
 0.14069967958815E-28
 0.14069967958815E-28
 0.14069967958815E-28
 0.14069967958815E-28
 0.14069967958815E-28
 0.14069967958815E-28
 0.14069967958815E-28
 0.14069967958815E-28
 0.14069967958815E-28
 0.14069967958815E-28
 0.14069967958815E-28
 0.14069967958815E-28
 0.14069967958815E-28
 0.14069967958815E-28
 0.14069967958815E-28
 0.14069967958815E-28
 0.14069967958815E-28
 0.14069967958815E-28
 0.14069967958815E-28
 0.14069967958815E-28
 0.14069967958815E-28
 0.14069967958815E-28
 0.14069967958815E-28
 0.14069967958815E-28
 0.21128830674471E-14
 0.94488793350496E-14
 0.94883205540088E-14
 0.91218885498963E-14
 0.62202129772515E-14
 0.59704019329502E-14
 0.51670560864330E-14
 0.49255051380533E-14
 0.42813462613357E-14
 0.40517067257678E-14
 0.34367416719320E-14
 0.24036618239009E-14
 0.21233043484175E-14
 0.16144102356221E-14
 0.12215728043725E-14
 0.90204046971432E-15
 0.87914166954134E-15
 0.52746289704229E-15
 0.56721382177679E-15
 0.49151409007336E-15
 0.32468697099296E-15
 0.22820721538684E-15
 0.32558593641501E-15
 0.14069967958815E-28
 0.14069967958815E-28
 0.14069967958815E-28
 0.14069967958815E-28
 0.14069967958815E-28
 0.14069967958815E-28
 0.14069967958815E-28
 0.14069967958815E-28
 0.14069967958815E-28
 0.14069967958815E-28
 0.14069967958815E-28
 0.14069967958815E-28
 0.14069967958815E-28
 0.14069967958815E-28
 0.14069967958815E-28
 0.14069967958815E-28
 0.14069967958815E-28
 0.14069967958815E-28
 0.14069967958815E-28
 0.14069967958815E-28
 0.14069967958815E-28
 0.14069967958815E-28
 0.14069967958815E-28
 0.14069967958815E-28
 0.14069967958815E-28
 0.14069967958815E-28
 0.14069967958815E-28
 0.19840979429804E-14
 0.19977272456343E-13
 0.14222303961532E-13
 0.11617253266278E-13
 0.11089759646786E-13
 0.84568976651356E-14
 0.82103969122694E-14
 0.65964960884113E-14
 0.57029769466900E-14
 0.42830292845491E-14
 0.34728119505960E-14
 0.22345843686786E-14
 0.19553661060866E-14
 0.14563254991773E-14
 0.12657493766925E-14
 0.76677423399618E-15
 0.80807124399314E-15
 0.67465858028549E-15
 0.49318941086349E-15
 0.45193456791103E-15
 0.34047694356499E-15
 0.26756449270557E-15
 0.20103852568373E-15
 0.14069967958815E-28
 0.14069967958815E-28
 0.14069967958815E-28
 0.14069967958815E-28
 0.14069967958815E-28
 0.14069967958815E-28
 0.14069967958815E-28
 0.14069967958815E-28
 0.14069967958815E-28
 0.14069967958815E-28
 0.14069967958815E-28
 0.14069967958815E-28
 0.14069967958815E-28
 0.14069967958815E-28
 0.14069967958815E-28
 0.14069967958815E-28
 0.14069967958815E-28
 0.14069967958815E-28
 0.14069967958815E-28
 0.14069967958815E-28
 0.14069967958815E-28
 0.14069967958815E-28
 0.14069967958815E-28
 0.14069967958815E-28
 0.14069967958815E-28
 0.14069967958815E-28
 0.14069967958815E-28
 0.14069967958815E-28
 0.15548588690459E-13
 0.20920258404097E-13
 0.18982462796149E-13
 0.13777773584835E-13
 0.11588835758838E-13
 0.98867435532793E-14
 0.72556888023682E-14
 0.54120608524383E-14
 0.39075483004872E-14
 0.26653299791423E-14
 0.24109934937906E-14
 0.19249877699394E-14
 0.14583983462054E-14
 0.10162470260017E-14
 0.75847948109774E-15
 0.66090483243536E-15
 0.61040907252575E-15
 0.48305650849354E-15
 0.44001153484267E-15
 0.34828183976090E-15
 0.21939964329031E-15
 0.19720643231344E-15
 0.14069967958815E-28
 0.14069967958815E-28
 0.14069967958815E-28
 0.14069967958815E-28
 0.14069967958815E-28
 0.14069967958815E-28
 0.14069967958815E-28
 0.14069967958815E-28
 0.14069967958815E-28
 0.14069967958815E-28
 0.14069967958815E-28
 0.14069967958815E-28
 0.14069967958815E-28
 0.14069967958815E-28
 0.14069967958815E-28
 0.14069967958815E-28
 0.14069967958815E-28
 0.14069967958815E-28
 0.14069967958815E-28
 0.14069967958815E-28
 0.14069967958815E-28
 0.14069967958815E-28
 0.14069967958815E-28
 0.14069967958815E-28
 0.14069967958815E-28
 0.14069967958815E-28
 0.14069967958815E-28
 0.14069967958815E-28
 0.74136092042665E-14
 0.32596787949794E-13
 0.27181796647814E-13
 0.19939407324532E-13
 0.17146626286146E-13
 0.11520031232694E-13
 0.69324707294765E-14
 0.44997751410496E-14
 0.39605148461875E-14
 0.29295788900723E-14
 0.23735244713822E-14
 0.21540328663373E-14
 0.10270692263322E-14
 0.10434466255115E-14
 0.82291104644071E-15
 0.68299903003464E-15
 0.61440975115145E-15
 0.48018806127228E-15
 0.38651044051203E-15
 0.33798606562283E-15
 0.18914722076214E-15
 0.17970197275340E-15
 0.14069967958815E-28
 0.14069967958815E-28
 0.14069967958815E-28
 0.14069967958815E-28
 0.14069967958815E-28
 0.14069967958815E-28
 0.14069967958815E-28
 0.14069967958815E-28
 0.14069967958815E-28
 0.14069967958815E-28
 0.14069967958815E-28
 0.14069967958815E-28
 0.14069967958815E-28
 0.27533114838150E-16
 0.14069967958815E-28
 0.54428946333556E-16
 0.14069967958815E-28
 0.14069967958815E-28
 0.14069967958815E-28
 0.14069967958815E-28
 0.14069967958815E-28
 0.14069967958815E-28
 0.14069967958815E-28
 0.14069967958815E-28
 0.14069967958815E-28
 0.14069967958815E-28
 0.14069967958815E-28
 0.14069967958815E-28
 0.13901726859666E-15
 0.31276205059666E-13
 0.37073344543939E-13
 0.21136148641920E-13
 0.14733931334111E-13
 0.89683729128107E-14
 0.70386890930876E-14
 0.55528188577206E-14
 0.40574967540756E-14
 0.23384154548311E-14
 0.22465806202419E-14
 0.15362305983909E-14
 0.95829786980738E-15
 0.96082251112381E-15
 0.86777832025616E-15
 0.48184935707116E-15
 0.45530943489244E-15
 0.39922605339181E-15
 0.35586728965002E-15
 0.24663721284925E-15
 0.24683174820875E-15
 0.21779895565826E-15
 0.66233654131146E-17
 0.33958898706631E-17
 0.23375850600354E-16
 0.45599931719084E-16
 0.40847708903739E-16
 0.83516398706996E-16
 0.97880494597439E-16
 0.21524049120076E-15
 0.22755302625996E-15
 0.26394698162335E-15
 0.33898446639599E-15
 0.74471187660322E-15
 0.96626327617025E-15
 0.12214337308057E-14
 0.22777951181174E-14
 0.29991129933070E-14
 0.34471264063455E-14
 0.60233182039612E-14
 0.53404152012997E-14
 0.14069967958815E-28
 0.14069967958815E-28
 0.14069967958815E-28
 0.14069967958815E-28
 0.14069967958815E-28
 0.14069967958815E-28
 0.14069967958815E-28
 0.14069967958815E-28
 0.14069967958815E-28
 0.14069967958815E-28
 0.78935391783750E-14
 0.33922651464226E-13
 0.20160510385893E-13
 0.14397012131914E-13
 0.93117663279816E-14
 0.66312688569737E-14
 0.39803393011718E-14
 0.35233200671295E-14
 0.25063310148918E-14
 0.21450986631253E-14
 0.16608179961779E-14
 0.95380154713150E-15
 0.10293668457497E-14
 0.55958231272637E-15
 0.53479972110118E-15
 0.44289725781175E-15
 0.27966807138128E-15
 0.29778929442716E-15
 0.21323157162402E-15
 0.95147981835859E-16
 0.11513852041773E-15
 0.61220809938379E-16
 0.81859388887495E-16
 0.14511505115124E-15
 0.20378965029998E-15
 0.15467551238241E-15
 0.24422059610890E-15
 0.39888477816912E-15
 0.33410145919923E-15
 0.45938925803432E-15
 0.90060080222620E-15
 0.92464519164284E-15
 0.11188561780168E-14
 0.16239029432419E-14
 0.27326424907854E-14
 0.32720533708222E-14
 0.53326356457987E-14
 0.76007461323192E-14
 0.12113343589494E-13
 0.17259694818328E-13
 0.47923098376298E-14
 0.14069967958815E-28
 0.14069967958815E-28
 0.14069967958815E-28
 0.14069967958815E-28
 0.14069967958815E-28
 0.14069967958815E-28
 0.14069967958815E-28
 0.14069967958815E-28
 0.14069967958815E-28
 0.14069967958815E-28
 0.18772482184172E-13
 0.20393760582317E-13
 0.13864373757158E-13
 0.85787487530921E-14
 0.47043500395638E-14
 0.39467102293117E-14
 0.27078739341790E-14
 0.23165444612004E-14
 0.15588758357523E-14
 0.10018393305270E-14
 0.67760771911530E-15
 0.68353744815160E-15
 0.60041530736144E-15
 0.49213480573828E-15
 0.45221361262400E-15
 0.35240367839380E-15
 0.19454529216738E-15
 0.17915369112698E-15
 0.13882436012451E-15
 0.10713015965779E-15
 0.10713015965779E-15
 0.13882436012451E-15
 0.17915369112698E-15
 0.19454529216738E-15
 0.35240367839380E-15
 0.45221361262400E-15
 0.49213480573829E-15
 0.60041530736144E-15
 0.68353744815159E-15
 0.67760771911530E-15
 0.10018393305270E-14
 0.15588758357523E-14
 0.23165444612004E-14
 0.27078739341790E-14
 0.39467102293117E-14
 0.47043500395638E-14
 0.85787487530921E-14
 0.13864373757158E-13
 0.20393760582317E-13
 0.18772482184172E-13
 0.14069967958815E-28
 0.14069967958815E-28
 0.14069967958815E-28
 0.14069967958815E-28
 0.14069967958815E-28
 0.14069967958815E-28
 0.14069967958815E-28
 0.14069967958815E-28
 0.14069967958815E-28
 0.14069967958815E-28
 0.47923098376298E-14
 0.17259694818328E-13
 0.12113343589494E-13
 0.76007461323192E-14
 0.53326356457987E-14
 0.32720533708223E-14
 0.27326424907854E-14
 0.16239029432419E-14
 0.11188561780168E-14
 0.92464519164284E-15
 0.90060080222619E-15
 0.45938925803432E-15
 0.33410145919923E-15
 0.39888477816912E-15
 0.24422059610890E-15
 0.15467551238240E-15
 0.20378965029998E-15
 0.14511505115124E-15
 0.81859388887496E-16
 0.61220809938378E-16
 0.11513852041773E-15
 0.95147981835859E-16
 0.21323157162402E-15
 0.29778929442717E-15
 0.27966807138128E-15
 0.44289725781175E-15
 0.53479972110117E-15
 0.55958231272638E-15
 0.10293668457497E-14
 0.95380154713151E-15
 0.16608179961779E-14
 0.21450986631253E-14
 0.25063310148918E-14
 0.35233200671295E-14
 0.39803393011718E-14
 0.66312688569737E-14
 0.93117663279815E-14
 0.14397012131914E-13
 0.20160510385893E-13
 0.33922651464226E-13
 0.78935391783750E-14
 0.14069967958815E-28
 0.14069967958815E-28
 0.14069967958815E-28
 0.14069967958815E-28
 0.14069967958815E-28
 0.14069967958815E-28
 0.14069967958815E-28
 0.14069967958815E-28
 0.14069967958815E-28
 0.14069967958815E-28
 0.53404152012997E-14
 0.60233182039612E-14
 0.34471264063455E-14
 0.29991129933070E-14
 0.22777951181174E-14
 0.12214337308057E-14
 0.96626327617025E-15
 0.74471187660322E-15
 0.33898446639599E-15
 0.26394698162335E-15
 0.22755302625996E-15
 0.21524049120076E-15
 0.97880494597440E-16
 0.83516398706996E-16
 0.40847708903740E-16
 0.45599931719084E-16
 0.23375850600353E-16
 0.33958898706631E-17
 0.66233654131145E-17
 0.21779895565826E-15
 0.24683174820875E-15
 0.24663721284925E-15
 0.35586728965002E-15
 0.39922605339181E-15
 0.45530943489245E-15
 0.48184935707116E-15
 0.86777832025616E-15
 0.96082251112380E-15
 0.95829786980738E-15
 0.15362305983909E-14
 0.22465806202419E-14
 0.23384154548312E-14
 0.40574967540756E-14
 0.55528188577206E-14
 0.70386890930876E-14
 0.89683729128108E-14
 0.14733931334111E-13
 0.21136148641920E-13
 0.37073344543939E-13
 0.31276205059666E-13
 0.13901726859666E-15
 0.14069967958815E-28
 0.14069967958815E-28
 0.14069967958815E-28
 0.14069967958815E-28
 0.14069967958815E-28
 0.14069967958815E-28
 0.14069967958815E-28
 0.14069967958815E-28
 0.14069967958815E-28
 0.14069967958815E-28
 0.14069967958815E-28
 0.14069967958815E-28
 0.54428946333556E-16
 0.14069967958815E-28
 0.27533114838150E-16
 0.14069967958815E-28
 0.14069967958815E-28
 0.14069967958815E-28
 0.14069967958815E-28
 0.14069967958815E-28
 0.14069967958815E-28
 0.14069967958815E-28
 0.14069967958815E-28
 0.14069967958815E-28
 0.14069967958815E-28
 0.14069967958815E-28
 0.14069967958815E-28
 0.14069967958815E-28
 0.17970197275340E-15
 0.18914722076213E-15
 0.33798606562282E-15
 0.38651044051203E-15
 0.48018806127227E-15
 0.61440975115145E-15
 0.68299903003463E-15
 0.82291104644071E-15
 0.10434466255115E-14
 0.10270692263322E-14
 0.21540328663373E-14
 0.23735244713822E-14
 0.29295788900723E-14
 0.39605148461875E-14
 0.44997751410496E-14
 0.69324707294765E-14
 0.11520031232694E-13
 0.17146626286146E-13
 0.19939407324532E-13
 0.27181796647814E-13
 0.32596787949794E-13
 0.74136092042665E-14
 0.14069967958815E-28
 0.14069967958815E-28
 0.14069967958815E-28
 0.14069967958815E-28
 0.14069967958815E-28
 0.14069967958815E-28
 0.14069967958815E-28
 0.14069967958815E-28
 0.14069967958815E-28
 0.14069967958815E-28
 0.14069967958815E-28
 0.14069967958815E-28
 0.14069967958815E-28
 0.14069967958815E-28
 0.14069967958815E-28
 0.14069967958815E-28
 0.14069967958815E-28
 0.14069967958815E-28
 0.14069967958815E-28
 0.14069967958815E-28
 0.14069967958815E-28
 0.14069967958815E-28
 0.14069967958815E-28
 0.14069967958815E-28
 0.14069967958815E-28
 0.14069967958815E-28
 0.14069967958815E-28
 0.14069967958815E-28
 0.19720643231344E-15
 0.21939964329030E-15
 0.34828183976090E-15
 0.44001153484267E-15
 0.48305650849355E-15
 0.61040907252575E-15
 0.66090483243537E-15
 0.75847948109775E-15
 0.10162470260017E-14
 0.14583983462054E-14
 0.19249877699394E-14
 0.24109934937906E-14
 0.26653299791423E-14
 0.39075483004872E-14
 0.54120608524383E-14
 0.72556888023682E-14
 0.98867435532793E-14
 0.11588835758838E-13
 0.13777773584835E-13
 0.18982462796149E-13
 0.20920258404097E-13
 0.15548588690459E-13
 0.14069967958815E-28
 0.14069967958815E-28
 0.14069967958815E-28
 0.14069967958815E-28
 0.14069967958815E-28
 0.14069967958815E-28
 0.14069967958815E-28
 0.14069967958815E-28
 0.14069967958815E-28
 0.14069967958815E-28
 0.14069967958815E-28
 0.14069967958815E-28
 0.14069967958815E-28
 0.14069967958815E-28
 0.14069967958815E-28
 0.14069967958815E-28
 0.14069967958815E-28
 0.14069967958815E-28
 0.14069967958815E-28
 0.14069967958815E-28
 0.14069967958815E-28
 0.14069967958815E-28
 0.14069967958815E-28
 0.14069967958815E-28
 0.14069967958815E-28
 0.14069967958815E-28
 0.14069967958815E-28
 0.14069967958815E-28
 0.20103852568373E-15
 0.26756449270557E-15
 0.34047694356499E-15
 0.45193456791104E-15
 0.49318941086349E-15
 0.67465858028548E-15
 0.80807124399313E-15
 0.76677423399619E-15
 0.12657493766925E-14
 0.14563254991773E-14
 0.19553661060866E-14
 0.22345843686786E-14
 0.34728119505960E-14
 0.42830292845491E-14
 0.57029769466900E-14
 0.65964960884113E-14
 0.82103969122694E-14
 0.84568976651356E-14
 0.11089759646786E-13
 0.11617253266277E-13
 0.14222303961532E-13
 0.19977272456343E-13
 0.19840979429804E-14
 0.14069967958815E-28
 0.14069967958815E-28
 0.14069967958815E-28
 0.14069967958815E-28
 0.14069967958815E-28
 0.14069967958815E-28
 0.14069967958815E-28
 0.14069967958815E-28
 0.14069967958815E-28
 0.14069967958815E-28
 0.14069967958815E-28
 0.14069967958815E-28
 0.14069967958815E-28
 0.14069967958815E-28
 0.14069967958815E-28
 0.14069967958815E-28
 0.14069967958815E-28
 0.14069967958815E-28
 0.14069967958815E-28
 0.14069967958815E-28
 0.14069967958815E-28
 0.14069967958815E-28
 0.14069967958815E-28
 0.14069967958815E-28
 0.14069967958815E-28
 0.14069967958815E-28
 0.14069967958815E-28
 0.32558593641501E-15
 0.22820721538685E-15
 0.32468697099296E-15
 0.49151409007335E-15
 0.56721382177679E-15
 0.52746289704229E-15
 0.87914166954135E-15
 0.90204046971433E-15
 0.12215728043725E-14
 0.16144102356221E-14
 0.21233043484175E-14
 0.24036618239009E-14
 0.34367416719320E-14
 0.40517067257678E-14
 0.42813462613357E-14
 0.49255051380533E-14
 0.51670560864330E-14
 0.59704019329502E-14
 0.62202129772514E-14
 0.91218885498963E-14
 0.94883205540089E-14
 0.94488793350496E-14
 0.21128830674471E-14
 0.14069967958815E-28
 0.14069967958815E-28
 0.14069967958815E-28
 0.14069967958815E-28
 0.14069967958815E-28
 0.14069967958815E-28
 0.14069967958815E-28
 0.14069967958815E-28
 0.14069967958815E-28
 0.14069967958815E-28
 0.14069967958815E-28
 0.14069967958815E-28
 0.14069967958815E-28
 0.14069967958815E-28
 0.14069967958815E-28
 0.14069967958815E-28
 0.14069967958815E-28
 0.14069967958815E-28
 0.14069967958815E-28
 0.14069967958815E-28
 0.14069967958815E-28
 0.14069967958815E-28
 0.14069967958815E-28
 0.14069967958815E-28
 0.14069967958815E-28
 0.14069967958815E-28
 0.14069967958815E-28
 0.27579583831718E-15
 0.34982232057662E-15
 0.38164511241370E-15
 0.46970725069409E-15
 0.60725170285472E-15
 0.66617276806214E-15
 0.85354918911724E-15
 0.10019686280686E-14
 0.13256552664685E-14
 0.19318039688765E-14
 0.24069606097700E-14
 0.22442088995267E-14
 0.20817021662658E-14
 0.23088591198862E-14
 0.28345326703380E-14
 0.38944091727146E-14
 0.39326017835766E-14
 0.41698572829292E-14
 0.52148312066781E-14
 0.67143644013506E-14
 0.51323107670954E-14
 0.24851454072808E-14
 0.94380276296598E-16
 0.14069967958815E-28
 0.14069967958815E-28
 0.14069967958815E-28
 0.14069967958815E-28
 0.14069967958815E-28
 0.14069967958815E-28
 0.14069967958815E-28
 0.14069967958815E-28
 0.14069967958815E-28
 0.14069967958815E-28
 0.14069967958815E-28
 0.14069967958815E-28
 0.14069967958815E-28
 0.14069967958815E-28
 0.14069967958815E-28
 0.14069967958815E-28
 0.14069967958815E-28
 0.14069967958815E-28
 0.14069967958815E-28
 0.14069967958815E-28
 0.14069967958815E-28
 0.14069967958815E-28
 0.14069967958815E-28
 0.14069967958815E-28
 0.14069967958815E-28
 0.14069967958815E-28
 0.14069967958815E-28
 0.33986070159030E-15
 0.31393009185250E-15
 0.49532370713751E-15
 0.47367439383895E-15
 0.66911265064401E-15
 0.91645563360683E-15
 0.96621567164962E-15
 0.11898807529349E-14
 0.13968405712763E-14
 0.14978636395813E-14
 0.16271713259428E-14
 0.14245841445243E-14
 0.18529988678146E-14
 0.22242989083793E-14
 0.26342666002999E-14
 0.22585936342076E-14
 0.30499910551895E-14
 0.36532281256435E-14
 0.39264783014587E-14
 0.39960407706345E-14
 0.30074628706225E-14
 0.31152993270307E-15
 0.14069967958815E-28
 0.14069967958815E-28
 0.14069967958815E-28
 0.14069967958815E-28
 0.14069967958815E-28
 0.14069967958815E-28
 0.14069967958815E-28
 0.14069967958815E-28
 0.14069967958815E-28
 0.14069967958815E-28
 0.14069967958815E-28
 0.14069967958815E-28
 0.14069967958815E-28
 0.14069967958815E-28
 0.14069967958815E-28
 0.14069967958815E-28
 0.14069967958815E-28
 0.14069967958815E-28
 0.14069967958815E-28
 0.14069967958815E-28
 0.14069967958815E-28
 0.14069967958815E-28
 0.14069967958815E-28
 0.14069967958815E-28
 0.14069967958815E-28
 0.14069967958815E-28
 0.14069967958815E-28
 0.14069967958815E-28
 0.36441542366229E-15
 0.34578681559557E-15
 0.53834112886987E-15
 0.62298211631207E-15
 0.77314320560338E-15
 0.87696411004905E-15
 0.10548651338300E-14
 0.93414201361657E-15
 0.11022050685565E-14
 0.13247499580647E-14
 0.11262324718738E-14
 0.12363476776579E-14
 0.15083045455503E-14
 0.17288577084438E-14
 0.18940894835407E-14
 0.19211153824623E-14
 0.22658756228985E-14
 0.21232440430281E-14
 0.23977963271784E-14
 0.16637381999405E-14
 0.52058712799014E-15
 0.14069967958815E-28
 0.14069967958815E-28
 0.14069967958815E-28
 0.14069967958815E-28
 0.14069967958815E-28
 0.14069967958815E-28
 0.14069967958815E-28
 0.14069967958815E-28
 0.14069967958815E-28
 0.14069967958815E-28
 0.14069967958815E-28
 0.14069967958815E-28
 0.14069967958815E-28
 0.14069967958815E-28
 0.14069967958815E-28
 0.14069967958815E-28
 0.14069967958815E-28
 0.14069967958815E-28
 0.14069967958815E-28
 0.14069967958815E-28
 0.14069967958815E-28
 0.14069967958815E-28
 0.14069967958815E-28
 0.14069967958815E-28
 0.14069967958815E-28
 0.14069967958815E-28
 0.14069967958815E-28
 0.14069967958815E-28
 0.14069967958815E-28
 0.37839151256166E-15
 0.46476035549431E-15
 0.60924106935007E-15
 0.72905307294035E-15
 0.67420280625916E-15
 0.70726527056641E-15
 0.79453829401154E-15
 0.67104553029912E-15
 0.97369743635694E-15
 0.92396270204094E-15
 0.10514048148197E-14
 0.87100663977055E-15
 0.96550256159887E-15
 0.13655991178780E-14
 0.16307852536904E-14
 0.17172000191585E-14
 0.18683980626469E-14
 0.14793474311996E-14
 0.17537607886333E-14
 0.47816753462893E-15
 0.14069967958815E-28
 0.14069967958815E-28
 0.14069967958815E-28
 0.14069967958815E-28
 0.14069967958815E-28
 0.14069967958815E-28
 0.14069967958815E-28
 0.14069967958815E-28
 0.14069967958815E-28
 0.14069967958815E-28
 0.14069967958815E-28
 0.14069967958815E-28
 0.14069967958815E-28
 0.14069967958815E-28
 0.14069967958815E-28
 0.14069967958815E-28
 0.14069967958815E-28
 0.14069967958815E-28
 0.14069967958815E-28
 0.14069967958815E-28
 0.14069967958815E-28
 0.14069967958815E-28
 0.14069967958815E-28
 0.14069967958815E-28
 0.14069967958815E-28
 0.14069967958815E-28
 0.14069967958815E-28
 0.14069967958815E-28
 0.14069967958815E-28
 0.14069967958815E-28
 0.50405289445457E-15
 0.57263260720391E-15
 0.61422558077795E-15
 0.46638717219039E-15
 0.55860087523988E-15
 0.62311057107746E-15
 0.66215351464690E-15
 0.59215982300812E-15
 0.69228598321612E-15
 0.64876919981527E-15
 0.94205038449887E-15
 0.97447199665512E-15
 0.89821648378717E-15
 0.11842016719884E-14
 0.11695868573583E-14
 0.96630155355713E-15
 0.15156903055857E-14
 0.83345328273633E-15
 0.62578429245902E-15
 0.45275812274605E-16
 0.14069967958815E-28
 0.14069967958815E-28
 0.14069967958815E-28
 0.14069967958815E-28
 0.14069967958815E-28
 0.14069967958815E-28
 0.14069967958815E-28
 0.14069967958815E-28
 0.14069967958815E-28
 0.14069967958815E-28
 0.14069967958815E-28
 0.14069967958815E-28
 0.14069967958815E-28
 0.14069967958815E-28
 0.14069967958815E-28
 0.14069967958815E-28
 0.14069967958815E-28
 0.14069967958815E-28
 0.14069967958815E-28
 0.14069967958815E-28
 0.14069967958815E-28
 0.14069967958815E-28
 0.14069967958815E-28
 0.14069967958815E-28
 0.14069967958815E-28
 0.14069967958815E-28
 0.14069967958815E-28
 0.14069967958815E-28
 0.14069967958815E-28
 0.14069967958815E-28
 0.42141759556453E-15
 0.48501300238283E-15
 0.38090533043663E-15
 0.44126444235568E-15
 0.42236258838082E-15
 0.48148538770353E-15
 0.52248068924944E-15
 0.52822316041113E-15
 0.48202854845679E-15
 0.49106948220167E-15
 0.62829016245082E-15
 0.83846469327009E-15
 0.80432122878662E-15
 0.80065250554083E-15
 0.70353843391643E-15
 0.93872411629360E-15
 0.55627629276394E-15
 0.44995191015657E-15
 0.30579711969738E-16
 0.14069967958815E-28
 0.14069967958815E-28
 0.14069967958815E-28
 0.14069967958815E-28
 0.14069967958815E-28
 0.14069967958815E-28
 0.14069967958815E-28
 0.14069967958815E-28
 0.14069967958815E-28
 0.14069967958815E-28
 0.14069967958815E-28
 0.14069967958815E-28
 0.14069967958815E-28
 0.14069967958815E-28
 0.14069967958815E-28
 0.14069967958815E-28
 0.14069967958815E-28
 0.14069967958815E-28
 0.14069967958815E-28
 0.14069967958815E-28
 0.14069967958815E-28
 0.14069967958815E-28
 0.14069967958815E-28
 0.14069967958815E-28
 0.14069967958815E-28
 0.14069967958815E-28
 0.14069967958815E-28
 0.14069967958815E-28
 0.14069967958815E-28
 0.14069967958815E-28
 0.14069967958815E-28
 0.36578165373539E-15
 0.31498871331038E-15
 0.35789327375920E-15
 0.38320724079753E-15
 0.40428387877053E-15
 0.41138656756486E-15
 0.44307930794386E-15
 0.43503872213641E-15
 0.61935036874004E-15
 0.56636582306454E-15
 0.54106804604740E-15
 0.46396330958344E-15
 0.66947186217928E-15
 0.53312911426105E-15
 0.53024993080151E-15
 0.35480489229477E-15
 0.31102963472192E-15
 0.24058717577920E-16
 0.14069967958815E-28
 0.14069967958815E-28
 0.14069967958815E-28
 0.14069967958815E-28
 0.14069967958815E-28
 0.14069967958815E-28
 0.14069967958815E-28
 0.14069967958815E-28
 0.14069967958815E-28
 0.14069967958815E-28
 0.14069967958815E-28
 0.14069967958815E-28
 0.14069967958815E-28
 0.14069967958815E-28
 0.14069967958815E-28
 0.14069967958815E-28
 0.14069967958815E-28
 0.14069967958815E-28
 0.14069967958815E-28
 0.14069967958815E-28
 0.14069967958815E-28
 0.14069967958815E-28
 0.14069967958815E-28
 0.14069967958815E-28
 0.14069967958815E-28
 0.14069967958815E-28
 0.14069967958815E-28
 0.14069967958815E-28
 0.14069967958815E-28
 0.14069967958815E-28
 0.14069967958815E-28
 0.14069967958815E-28
 0.23973351770330E-15
 0.23646453948152E-15
 0.35616088783658E-15
 0.35804693054193E-15
 0.27597443809989E-15
 0.37947172591440E-15
 0.28157100967274E-15
 0.39745778539588E-15
 0.42123049785346E-15
 0.45943218558838E-15
 0.43939911475282E-15
 0.45720096312534E-15
 0.54898206089795E-15
 0.39081261447763E-15
 0.41481406111582E-15
 0.27763442414037E-15
 0.94068099055133E-16
 0.14069967958815E-28
 0.14069967958815E-28
 0.14069967958815E-28
 0.14069967958815E-28
 0.14069967958815E-28
 0.14069967958815E-28
 0.14069967958815E-28
 0.14069967958815E-28
 0.14069967958815E-28
 0.14069967958815E-28
 0.14069967958815E-28
 0.14069967958815E-28
 0.14069967958815E-28
 0.14069967958815E-28
 0.14069967958815E-28
 0.14069967958815E-28
 0.14069967958815E-28
 0.14069967958815E-28
 0.14069967958815E-28
 0.14069967958815E-28
 0.14069967958815E-28
 0.14069967958815E-28
 0.14069967958815E-28
 0.14069967958815E-28
 0.14069967958815E-28
 0.14069967958815E-28
 0.14069967958815E-28
 0.14069967958815E-28
 0.14069967958815E-28
 0.14069967958815E-28
 0.14069967958815E-28
 0.14069967958815E-28
 0.14069967958815E-28
 0.21997510074443E-15
 0.20722766275940E-15
 0.26986364719132E-15
 0.24973127101330E-15
 0.27110781055957E-15
 0.25033202742300E-15
 0.29079434552531E-15
 0.25538101637004E-15
 0.35047904771990E-15
 0.30835632714380E-15
 0.37361029058479E-15
 0.32399048507065E-15
 0.36356401294063E-15
 0.29224686564506E-15
 0.24259126182582E-15
 0.89682072633055E-16
 0.14069967958815E-28
 0.14069967958815E-28
 0.14069967958815E-28
 0.14069967958815E-28
 0.14069967958815E-28
 0.14069967958815E-28
 0.14069967958815E-28
 0.14069967958815E-28
 0.14069967958815E-28
 0.14069967958815E-28
 0.14069967958815E-28
 0.14069967958815E-28
 0.14069967958815E-28
 0.14069967958815E-28
 0.14069967958815E-28
 0.14069967958815E-28
 0.14069967958815E-28
 0.14069967958815E-28
 0.14069967958815E-28
 0.14069967958815E-28
 0.14069967958815E-28
 0.14069967958815E-28
 0.14069967958815E-28
 0.14069967958815E-28
 0.14069967958815E-28
 0.14069967958815E-28
 0.14069967958815E-28
 0.14069967958815E-28
 0.14069967958815E-28
 0.14069967958815E-28
 0.14069967958815E-28
 0.14069967958815E-28
 0.14069967958815E-28
 0.14069967958815E-28
 0.23894611937534E-15
 0.19999296370832E-15
 0.24701107807515E-15
 0.23006335799286E-15
 0.24187828635816E-15
 0.26288104062621E-15
 0.28730002861824E-15
 0.28251305281192E-15
 0.35538043218719E-15
 0.31505919923550E-15
 0.23432459329053E-15
 0.20583547004352E-15
 0.15370987646581E-15
 0.24410035493676E-15
 0.14360138558154E-15
 0.14069967958815E-28
 0.14069967958815E-28
 0.14069967958815E-28
 0.14069967958815E-28
 0.14069967958815E-28
 0.14069967958815E-28
 0.14069967958815E-28
 0.14069967958815E-28
 0.14069967958815E-28
 0.14069967958815E-28
 0.14069967958815E-28
 0.14069967958815E-28
 0.14069967958815E-28
 0.14069967958815E-28
 0.14069967958815E-28
 0.14069967958815E-28
 0.14069967958815E-28
 0.14069967958815E-28
 0.14069967958815E-28
 0.14069967958815E-28
 0.14069967958815E-28
 0.14069967958815E-28
 0.14069967958815E-28
 0.14069967958815E-28
 0.14069967958815E-28
 0.14069967958815E-28
 0.14069967958815E-28
 0.14069967958815E-28
 0.14069967958815E-28
 0.14069967958815E-28
 0.14069967958815E-28
 0.14069967958815E-28
 0.14069967958815E-28
 0.14069967958815E-28
 0.14069967958815E-28
 0.17621891707194E-15
 0.18667416642503E-15
 0.21391317450774E-15
 0.18124410428635E-15
 0.24770482128706E-15
 0.22721872853102E-15
 0.15781659543439E-15
 0.17774756348814E-15
 0.19458261046817E-15
 0.18921012371884E-15
 0.25860526824406E-15
 0.14230542767347E-15
 0.12306217335681E-15
 0.10166197280937E-16
 0.14069967958815E-28
 0.14069967958815E-28
 0.14069967958815E-28
 0.14069967958815E-28
 0.14069967958815E-28
 0.14069967958815E-28
 0.14069967958815E-28
 0.14069967958815E-28
 0.14069967958815E-28
 0.14069967958815E-28
 0.14069967958815E-28
 0.14069967958815E-28
 0.14069967958815E-28
 0.14069967958815E-28
 0.14069967958815E-28
 0.14069967958815E-28
 0.14069967958815E-28
 0.14069967958815E-28
 0.14069967958815E-28
 0.14069967958815E-28
 0.14069967958815E-28
 0.14069967958815E-28
 0.14069967958815E-28
 0.14069967958815E-28
 0.14069967958815E-28
 0.14069967958815E-28
 0.14069967958815E-28
 0.14069967958815E-28
 0.14069967958815E-28
 0.14069967958815E-28
 0.14069967958815E-28
 0.14069967958815E-28
 0.14069967958815E-28
 0.14069967958815E-28
 0.14069967958815E-28
 0.14069967958815E-28
 0.13541784932674E-15
 0.17108859938449E-15
 0.17742500783090E-15
 0.20476247885502E-15
 0.17638229320688E-15
 0.19394851785110E-15
 0.15377024685785E-15
 0.17381894370925E-15
 0.18366005263172E-15
 0.16247017896773E-15
 0.13963713281565E-15
 0.90450264474448E-16
 0.10204596997597E-15
 0.44123840679331E-17
 0.14069967958815E-28
 0.14069967958815E-28
 0.14069967958815E-28
 0.14069967958815E-28
 0.14069967958815E-28
 0.14069967958815E-28
 0.14069967958815E-28
 0.14069967958815E-28
 0.14069967958815E-28
 0.14069967958815E-28
 0.14069967958815E-28
 0.14069967958815E-28
 0.14069967958815E-28
 0.14069967958815E-28
 0.14069967958815E-28
 0.14069967958815E-28
 0.14069967958815E-28
 0.14069967958815E-28
 0.14069967958815E-28
 0.14069967958815E-28
 0.14069967958815E-28
 0.14069967958815E-28
 0.14069967958815E-28
 0.14069967958815E-28
 0.14069967958815E-28
 0.14069967958815E-28
 0.14069967958815E-28
 0.14069967958815E-28
 0.14069967958815E-28
 0.14069967958815E-28
 0.14069967958815E-28
 0.14069967958815E-28
 0.14069967958815E-28
 0.14069967958815E-28
 0.14069967958815E-28
 0.14069967958815E-28
 0.17056687999601E-15
 0.16461213976259E-15
 0.11013665833868E-15
 0.16723498095613E-15
 0.17011520010124E-15
 0.14136196136360E-15
 0.12990164504333E-15
 0.13860628769096E-15
 0.13926505061536E-15
 0.11898279285178E-15
 0.82704324149196E-16
 0.80672953044198E-16
 0.14069967958815E-28
 0.14069967958815E-28
 0.14069967958815E-28
 0.14069967958815E-28
 0.14069967958815E-28
 0.14069967958815E-28
 0.14069967958815E-28
 0.14069967958815E-28
 0.14069967958815E-28
 0.14069967958815E-28
 0.14069967958815E-28
 0.14069967958815E-28
 0.14069967958815E-28
 0.14069967958815E-28
 0.14069967958815E-28
 0.14069967958815E-28
 0.14069967958815E-28
 0.14069967958815E-28
 0.14069967958815E-28
 0.14069967958815E-28
 0.14069967958815E-28
 0.14069967958815E-28
 0.14069967958815E-28
 0.14069967958815E-28
 0.14069967958815E-28
 0.14069967958815E-28
 0.14069967958815E-28
 0.14069967958815E-28
 0.14069967958815E-28
 0.14069967958815E-28
 0.14069967958815E-28
 0.14069967958815E-28
 0.14069967958815E-28
 0.14069967958815E-28
 0.14069967958815E-28
 0.14069967958815E-28
 0.14069967958815E-28
 0.14069967958815E-28
 0.12437876865401E-15
 0.10325245737747E-15
 0.12647619159632E-15
 0.11673174241830E-15
 0.13480485260205E-15
 0.11681595220916E-15
 0.14296338137834E-15
 0.11940315788239E-15
 0.85868880668982E-16
 0.72771229856435E-16
 0.37903347685188E-16
 0.62573345661975E-17
 0.14069967958815E-28
 0.14069967958815E-28
 0.14069967958815E-28
 0.14069967958815E-28
 0.14069967958815E-28
 0.14069967958815E-28
 0.14069967958815E-28
 0.14069967958815E-28
 0.14069967958815E-28
 0.14069967958815E-28
 0.14069967958815E-28
 0.14069967958815E-28
 0.14069967958815E-28
 0.14069967958815E-28
 0.14069967958815E-28
 0.14069967958815E-28
 0.14069967958815E-28
 0.14069967958815E-28
 0.14069967958815E-28
 0.14069967958815E-28
 0.14069967958815E-28
 0.14069967958815E-28
 0.14069967958815E-28
 0.14069967958815E-28
 0.14069967958815E-28
 0.14069967958815E-28
 0.14069967958815E-28
 0.14069967958815E-28
 0.14069967958815E-28
 0.14069967958815E-28
 0.14069967958815E-28
 0.14069967958815E-28
 0.14069967958815E-28
 0.14069967958815E-28
 0.14069967958815E-28
 0.14069967958815E-28
 0.14069967958815E-28
 0.14069967958815E-28
 0.99736865867114E-16
 0.10275843472891E-15
 0.10447418110217E-15
 0.10201852051102E-15
 0.14217353125892E-15
 0.10958064199738E-15
 0.60093034418412E-16
 0.75007741458627E-16
 0.13359081885082E-15
 0.46143005529879E-16
 0.54484306539711E-17
 0.14069967958815E-28
 0.14069967958815E-28
 0.14069967958815E-28
 0.14069967958815E-28
 0.14069967958815E-28
 0.14069967958815E-28
 0.14069967958815E-28
 0.14069967958815E-28
 0.14069967958815E-28
 0.14069967958815E-28
 0.14069967958815E-28
 0.14069967958815E-28
 0.14069967958815E-28
 0.14069967958815E-28
 0.14069967958815E-28
 0.14069967958815E-28
 0.14069967958815E-28
 0.14069967958815E-28
 0.14069967958815E-28
 0.14069967958815E-28
 0.14069967958815E-28
 0.14069967958815E-28
 0.14069967958815E-28
 0.14069967958815E-28
 0.14069967958815E-28
 0.14069967958815E-28
 0.14069967958815E-28
 0.14069967958815E-28
 0.14069967958815E-28
 0.14069967958815E-28
 0.14069967958815E-28
 0.14069967958815E-28
 0.14069967958815E-28
 0.14069967958815E-28
 0.14069967958815E-28
 0.14069967958815E-28
 0.14069967958815E-28
 0.14069967958815E-28
 0.14069967958815E-28
 0.73901490015321E-16
 0.91291198933267E-16
 0.79470382729741E-16
 0.10171432269471E-15
 0.85864659683852E-16
 0.10191308922996E-15
 0.51037076853437E-16
 0.52701568898516E-16
 0.17345040646354E-16
 0.46708792498639E-17
 0.14069967958815E-28
 0.14069967958815E-28
 0.14069967958815E-28
 0.14069967958815E-28
 0.14069967958815E-28
 0.14069967958815E-28
 0.14069967958815E-28
 0.14069967958815E-28
 0.14069967958815E-28
 0.14069967958815E-28
 0.14069967958815E-28
 0.14069967958815E-28
 0.14069967958815E-28
 0.14069967958815E-28
 0.14069967958815E-28
 0.14069967958815E-28
 0.14069967958815E-28
 0.14069967958815E-28
 0.14069967958815E-28
 0.14069967958815E-28
 0.14069967958815E-28
 0.14069967958815E-28
 0.14069967958815E-28
 0.14069967958815E-28
 0.14069967958815E-28
 0.14069967958815E-28
 0.14069967958815E-28
 0.14069967958815E-28
 0.14069967958815E-28
 0.14069967958815E-28
 0.14069967958815E-28
 0.14069967958815E-28
 0.14069967958815E-28
 0.14069967958815E-28
 0.14069967958815E-28
 0.14069967958815E-28
 0.14069967958815E-28
 0.14069967958815E-28
 0.14069967958815E-28
 0.14069967958815E-28
 0.67016798456872E-16
 0.54123431681284E-16
 0.76854640051405E-16
 0.71265614004391E-16
 0.44976198920975E-16
 0.63005983447549E-16
 0.72688689316177E-16
 0.52303886231453E-16
 0.14069967958815E-28
 0.14069967958815E-28
 0.14069967958815E-28
 0.14069967958815E-28
 0.14069967958815E-28
 0.14069967958815E-28
 0.14069967958815E-28
 0.14069967958815E-28
 0.14069967958815E-28
 0.14069967958815E-28
 0.14069967958815E-28
 0.14069967958815E-28
 0.14069967958815E-28
 0.14069967958815E-28
 0.14069967958815E-28
 0.14069967958815E-28
 0.14069967958815E-28
 0.14069967958815E-28
 0.14069967958815E-28
 0.14069967958815E-28
 0.14069967958815E-28
 0.14069967958815E-28
 0.14069967958815E-28
 0.14069967958815E-28
 0.14069967958815E-28
 0.14069967958815E-28
 0.14069967958815E-28
 0.14069967958815E-28
 0.14069967958815E-28
 0.14069967958815E-28
 0.14069967958815E-28
 0.14069967958815E-28
 0.14069967958815E-28
 0.14069967958815E-28
 0.14069967958815E-28
 0.14069967958815E-28
 0.14069967958815E-28
 0.14069967958815E-28
 0.14069967958815E-28
 0.14069967958815E-28
 0.14069967958815E-28
 0.14069967958815E-28
 0.61798317936484E-16
 0.71107594034042E-16
 0.59294739685487E-16
 0.21677316276228E-16
 0.49111828226098E-16
 0.34388319809368E-16
 0.11690367031571E-16
 0.34597749600635E-17
 0.14069967958815E-28
 0.14069967958815E-28
 0.14069967958815E-28
 0.14069967958815E-28
 0.14069967958815E-28
 0.14069967958815E-28
 0.14069967958815E-28
 0.14069967958815E-28
 0.14069967958815E-28
 0.14069967958815E-28
 0.14069967958815E-28
 0.14069967958815E-28
 0.14069967958815E-28
 0.14069967958815E-28
 0.14069967958815E-28
 0.14069967958815E-28
 0.14069967958815E-28
 0.14069967958815E-28
 0.14069967958815E-28
 0.14069967958815E-28
 0.14069967958815E-28
 0.14069967958815E-28
 0.14069967958815E-28
 0.14069967958815E-28
 0.14069967958815E-28
 0.14069967958815E-28
 0.14069967958815E-28
 0.14069967958815E-28
 0.14069967958815E-28
 0.14069967958815E-28
 0.14069967958815E-28
 0.14069967958815E-28
 0.14069967958815E-28
 0.14069967958815E-28
 0.14069967958815E-28
 0.14069967958815E-28
 0.14069967958815E-28
 0.14069967958815E-28
 0.14069967958815E-28
 0.14069967958815E-28
 0.14069967958815E-28
 0.14069967958815E-28
  
