           1
          50          50
           1
   29920000000000.000        29920000000000.000     
 0.60000000000000E+05
  
 0.14069967958816E-28
 0.14069967958816E-28
 0.14069967958816E-28
 0.14069967958816E-28
 0.14069967958816E-28
 0.14069967958816E-28
 0.14069967958816E-28
 0.14069967958816E-28
 0.14069967958816E-28
 0.14069967958816E-28
 0.14069967958816E-28
 0.14069967958816E-28
 0.14069967958816E-28
 0.14069967958816E-28
 0.14069967958816E-28
 0.14069967958816E-28
 0.14069967958816E-28
 0.14069967958816E-28
 0.14069967958816E-28
 0.14069967958816E-28
 0.14069967958816E-28
 0.14069967958816E-28
 0.14069967958816E-28
 0.14069967958816E-28
 0.14069967958816E-28
 0.14069967958816E-28
 0.14069967958816E-28
 0.14069967958816E-28
 0.14069967958816E-28
 0.14069967958816E-28
 0.14069967958816E-28
 0.14069967958816E-28
 0.14069967958816E-28
 0.14069967958816E-28
 0.14069967958816E-28
 0.14069967958816E-28
 0.14069967958816E-28
 0.14069967958816E-28
 0.14069967958816E-28
 0.14069967958816E-28
 0.14069967958816E-28
 0.14069967958816E-28
 0.14069967958816E-28
 0.14069967958816E-28
 0.14069967958816E-28
 0.14069967958816E-28
 0.14069967958816E-28
 0.14069967958816E-28
 0.14069967958816E-28
 0.14069967958816E-28
 0.14069967958816E-28
 0.14069967958816E-28
 0.14069967958816E-28
 0.14069967958816E-28
 0.14069967958816E-28
 0.14069967958816E-28
 0.14069967958816E-28
 0.14069967958816E-28
 0.14069967958816E-28
 0.14069967958816E-28
 0.14069967958816E-28
 0.14069967958816E-28
 0.14069967958816E-28
 0.14069967958816E-28
 0.14069967958816E-28
 0.14069967958816E-28
 0.14069967958816E-28
 0.14069967958816E-28
 0.14069967958816E-28
 0.14069967958816E-28
 0.14069967958816E-28
 0.14069967958816E-28
 0.14069967958816E-28
 0.14069967958816E-28
 0.14069967958816E-28
 0.14069967958816E-28
 0.14069967958816E-28
 0.14069967958816E-28
 0.14069967958816E-28
 0.14069967958816E-28
 0.14069967958816E-28
 0.14069967958816E-28
 0.14069967958816E-28
 0.14069967958816E-28
 0.14069967958816E-28
 0.14069967958816E-28
 0.14069967958816E-28
 0.14069967958816E-28
 0.14069967958816E-28
 0.14069967958816E-28
 0.14069967958816E-28
 0.14069967958816E-28
 0.14069967958816E-28
 0.14069967958816E-28
 0.14069967958816E-28
 0.14069967958816E-28
 0.14069967958816E-28
 0.14069967958816E-28
 0.14069967958816E-28
 0.14069967958816E-28
 0.14069967958816E-28
 0.14069967958816E-28
 0.14069967958816E-28
 0.14069967958816E-28
 0.14069967958816E-28
 0.14069967958816E-28
 0.14069967958816E-28
 0.14069967958816E-28
 0.14069967958816E-28
 0.14069967958816E-28
 0.14069967958816E-28
 0.14069967958816E-28
 0.14069967958816E-28
 0.14069967958816E-28
 0.14069967958816E-28
 0.14069967958816E-28
 0.14069967958816E-28
 0.14069967958816E-28
 0.14069967958816E-28
 0.14069967958816E-28
 0.14069967958816E-28
 0.14069967958816E-28
 0.14069967958816E-28
 0.14069967958816E-28
 0.14069967958816E-28
 0.14069967958816E-28
 0.14069967958816E-28
 0.14069967958816E-28
 0.14069967958816E-28
 0.14069967958816E-28
 0.14069967958816E-28
 0.14069967958816E-28
 0.14069967958816E-28
 0.14069967958816E-28
 0.14069967958816E-28
 0.14069967958816E-28
 0.14069967958816E-28
 0.14069967958816E-28
 0.14069967958816E-28
 0.14069967958816E-28
 0.14069967958816E-28
 0.14069967958816E-28
 0.14069967958816E-28
 0.14069967958816E-28
 0.14069967958816E-28
 0.14069967958816E-28
 0.14069967958816E-28
 0.14069967958816E-28
 0.14069967958816E-28
 0.14069967958816E-28
 0.14069967958816E-28
 0.14069967958816E-28
 0.14069967958816E-28
 0.14069967958816E-28
 0.14069967958816E-28
 0.14069967958816E-28
 0.14069967958816E-28
 0.14069967958816E-28
 0.14069967958816E-28
 0.14069967958816E-28
 0.14069967958816E-28
 0.14069967958816E-28
 0.14069967958816E-28
 0.14069967958816E-28
 0.14069967958816E-28
 0.14069967958816E-28
 0.14069967958816E-28
 0.14069967958816E-28
 0.14069967958816E-28
 0.14069967958816E-28
 0.14069967958816E-28
 0.14069967958816E-28
 0.14069967958816E-28
 0.14069967958816E-28
 0.14069967958816E-28
 0.14069967958816E-28
 0.14069967958816E-28
 0.14069967958816E-28
 0.14069967958816E-28
 0.14069967958816E-28
 0.14069967958816E-28
 0.14069967958816E-28
 0.14069967958816E-28
 0.14069967958816E-28
 0.14069967958816E-28
 0.14069967958816E-28
 0.14069967958816E-28
 0.14069967958816E-28
 0.14069967958816E-28
 0.14069967958816E-28
 0.14069967958816E-28
 0.14069967958816E-28
 0.14069967958816E-28
 0.14069967958816E-28
 0.14069967958816E-28
 0.14069967958816E-28
 0.14069967958816E-28
 0.14069967958816E-28
 0.14069967958816E-28
 0.28179686751621E-18
 0.14069967958816E-28
 0.14069967958816E-28
 0.14069967958816E-28
 0.14069967958816E-28
 0.14069967958816E-28
 0.14069967958816E-28
 0.14069967958816E-28
 0.14069967958816E-28
 0.14069967958816E-28
 0.14069967958816E-28
 0.14069967958816E-28
 0.14069967958816E-28
 0.14069967958816E-28
 0.14069967958816E-28
 0.14069967958816E-28
 0.14069967958816E-28
 0.14069967958816E-28
 0.14069967958816E-28
 0.14069967958816E-28
 0.14069967958816E-28
 0.14069967958816E-28
 0.14069967958816E-28
 0.14069967958816E-28
 0.14069967958816E-28
 0.14069967958816E-28
 0.14069967958816E-28
 0.14069967958816E-28
 0.14069967958816E-28
 0.14069967958816E-28
 0.14069967958816E-28
 0.14069967958816E-28
 0.14069967958816E-28
 0.14069967958816E-28
 0.14069967958816E-28
 0.14069967958816E-28
 0.14069967958816E-28
 0.14069967958816E-28
 0.14069967958816E-28
 0.14069967958816E-28
 0.14069967958816E-28
 0.14069967958816E-28
 0.14069967958816E-28
 0.14069967958816E-28
 0.14069967958816E-28
 0.14069967958816E-28
 0.14069967958816E-28
 0.14069967958816E-28
 0.14069967958816E-28
 0.55835893644129E-17
 0.71243538481913E-16
 0.14069967958816E-28
 0.14069967958816E-28
 0.14069967958816E-28
 0.14069967958816E-28
 0.14069967958816E-28
 0.14069967958816E-28
 0.14069967958816E-28
 0.14069967958816E-28
 0.14069967958816E-28
 0.14069967958816E-28
 0.14069967958816E-28
 0.14069967958816E-28
 0.14069967958816E-28
 0.14069967958816E-28
 0.14069967958816E-28
 0.14069967958816E-28
 0.14069967958816E-28
 0.14069967958816E-28
 0.14069967958816E-28
 0.14069967958816E-28
 0.14069967958816E-28
 0.14069967958816E-28
 0.14069967958816E-28
 0.14069967958816E-28
 0.14069967958816E-28
 0.14069967958816E-28
 0.14069967958816E-28
 0.14069967958816E-28
 0.14069967958816E-28
 0.14069967958816E-28
 0.14069967958816E-28
 0.14069967958816E-28
 0.14069967958816E-28
 0.14069967958816E-28
 0.14069967958816E-28
 0.14069967958816E-28
 0.14069967958816E-28
 0.14069967958816E-28
 0.14069967958816E-28
 0.14069967958816E-28
 0.14069967958816E-28
 0.14069967958816E-28
 0.14069967958816E-28
 0.14069967958816E-28
 0.14069967958816E-28
 0.14069967958816E-28
 0.14069967958816E-28
 0.25343914965830E-16
 0.12145021409495E-15
 0.16165636007062E-15
 0.14069967958816E-28
 0.14069967958816E-28
 0.14069967958816E-28
 0.14069967958816E-28
 0.14069967958816E-28
 0.14069967958816E-28
 0.14069967958816E-28
 0.14069967958816E-28
 0.14069967958816E-28
 0.14069967958816E-28
 0.14069967958816E-28
 0.14069967958816E-28
 0.14069967958816E-28
 0.14069967958816E-28
 0.14069967958816E-28
 0.14069967958816E-28
 0.14069967958816E-28
 0.14069967958816E-28
 0.14069967958816E-28
 0.14069967958816E-28
 0.14069967958816E-28
 0.14069967958816E-28
 0.14069967958816E-28
 0.14069967958816E-28
 0.14069967958816E-28
 0.14069967958816E-28
 0.14069967958816E-28
 0.14069967958816E-28
 0.14069967958816E-28
 0.14069967958816E-28
 0.14069967958816E-28
 0.14069967958816E-28
 0.14069967958816E-28
 0.14069967958816E-28
 0.14069967958816E-28
 0.14069967958816E-28
 0.14069967958816E-28
 0.14069967958816E-28
 0.14069967958816E-28
 0.14069967958816E-28
 0.14069967958816E-28
 0.14069967958816E-28
 0.14069967958816E-28
 0.14069967958816E-28
 0.14069967958816E-28
 0.53063872150881E-17
 0.74901358927768E-16
 0.18645802721482E-15
 0.22978689314789E-15
 0.29105317359985E-15
 0.14069967958816E-28
 0.14069967958816E-28
 0.14069967958816E-28
 0.14069967958816E-28
 0.14069967958816E-28
 0.14069967958816E-28
 0.14069967958816E-28
 0.14069967958816E-28
 0.14069967958816E-28
 0.14069967958816E-28
 0.14069967958816E-28
 0.14069967958816E-28
 0.14069967958816E-28
 0.14069967958816E-28
 0.14069967958816E-28
 0.14069967958816E-28
 0.14069967958816E-28
 0.14069967958816E-28
 0.14069967958816E-28
 0.14069967958816E-28
 0.14069967958816E-28
 0.14069967958816E-28
 0.14069967958816E-28
 0.14069967958816E-28
 0.14069967958816E-28
 0.14069967958816E-28
 0.14069967958816E-28
 0.14069967958816E-28
 0.14069967958816E-28
 0.14069967958816E-28
 0.14069967958816E-28
 0.14069967958816E-28
 0.14069967958816E-28
 0.14069967958816E-28
 0.14069967958816E-28
 0.14069967958816E-28
 0.14069967958816E-28
 0.14069967958816E-28
 0.14069967958816E-28
 0.14069967958816E-28
 0.14069967958816E-28
 0.14069967958816E-28
 0.14069967958816E-28
 0.14069967958816E-28
 0.19216432419264E-16
 0.13068456713929E-15
 0.25578178112530E-15
 0.34973779866394E-15
 0.35683721723826E-15
 0.40830968593420E-15
 0.14069967958816E-28
 0.14069967958816E-28
 0.14069967958816E-28
 0.14069967958816E-28
 0.14069967958816E-28
 0.14069967958816E-28
 0.14069967958816E-28
 0.14069967958816E-28
 0.14069967958816E-28
 0.14069967958816E-28
 0.14069967958816E-28
 0.14069967958816E-28
 0.14069967958816E-28
 0.14069967958816E-28
 0.14069967958816E-28
 0.14069967958816E-28
 0.14069967958816E-28
 0.14069967958816E-28
 0.14069967958816E-28
 0.14069967958816E-28
 0.14069967958816E-28
 0.14069967958816E-28
 0.14069967958816E-28
 0.14069967958816E-28
 0.14069967958816E-28
 0.14069967958816E-28
 0.14069967958816E-28
 0.14069967958816E-28
 0.14069967958816E-28
 0.14069967958816E-28
 0.14069967958816E-28
 0.14069967958816E-28
 0.14069967958816E-28
 0.14069967958816E-28
 0.14069967958816E-28
 0.14069967958816E-28
 0.14069967958816E-28
 0.14069967958816E-28
 0.14069967958816E-28
 0.14069967958816E-28
 0.14069967958816E-28
 0.14069967958816E-28
 0.32260951863118E-18
 0.73197983126790E-16
 0.25205748189604E-15
 0.35079373006118E-15
 0.42024688214927E-15
 0.47593266730719E-15
 0.47991901208060E-15
 0.53706563061979E-15
 0.14069967958816E-28
 0.14069967958816E-28
 0.14069967958816E-28
 0.14069967958816E-28
 0.14069967958816E-28
 0.14069967958816E-28
 0.14069967958816E-28
 0.14069967958816E-28
 0.14069967958816E-28
 0.14069967958816E-28
 0.14069967958816E-28
 0.14069967958816E-28
 0.14069967958816E-28
 0.14069967958816E-28
 0.14069967958816E-28
 0.14069967958816E-28
 0.14069967958816E-28
 0.14069967958816E-28
 0.14069967958816E-28
 0.14069967958816E-28
 0.14069967958816E-28
 0.14069967958816E-28
 0.14069967958816E-28
 0.14069967958816E-28
 0.14069967958816E-28
 0.14069967958816E-28
 0.14069967958816E-28
 0.14069967958816E-28
 0.14069967958816E-28
 0.14069967958816E-28
 0.14069967958816E-28
 0.14069967958816E-28
 0.14069967958816E-28
 0.14069967958816E-28
 0.14069967958816E-28
 0.14069967958816E-28
 0.14069967958816E-28
 0.14069967958816E-28
 0.14069967958816E-28
 0.14069967958816E-28
 0.14069967958816E-28
 0.11770273689079E-16
 0.17174838188443E-15
 0.40057061853499E-15
 0.49803651772677E-15
 0.54251771680707E-15
 0.60031385898355E-15
 0.64113707859317E-15
 0.65890447237460E-15
 0.65625933122297E-15
 0.14069967958816E-28
 0.14069967958816E-28
 0.14069967958816E-28
 0.14069967958816E-28
 0.14069967958816E-28
 0.14069967958816E-28
 0.14069967958816E-28
 0.14069967958816E-28
 0.14069967958816E-28
 0.14069967958816E-28
 0.14069967958816E-28
 0.14069967958816E-28
 0.14069967958816E-28
 0.14069967958816E-28
 0.14069967958816E-28
 0.14069967958816E-28
 0.14069967958816E-28
 0.14069967958816E-28
 0.14069967958816E-28
 0.14069967958816E-28
 0.14069967958816E-28
 0.14069967958816E-28
 0.14069967958816E-28
 0.14069967958816E-28
 0.14069967958816E-28
 0.14069967958816E-28
 0.14069967958816E-28
 0.14069967958816E-28
 0.14069967958816E-28
 0.14069967958816E-28
 0.14069967958816E-28
 0.14069967958816E-28
 0.14069967958816E-28
 0.14069967958816E-28
 0.14069967958816E-28
 0.14069967958816E-28
 0.14069967958816E-28
 0.14069967958816E-28
 0.14069967958816E-28
 0.14069967958816E-28
 0.42104177026866E-16
 0.32315329493718E-15
 0.52979715573381E-15
 0.71490589116301E-15
 0.76533398936200E-15
 0.77665730771663E-15
 0.79838503059609E-15
 0.79979005296172E-15
 0.81439002871198E-15
 0.81865934894568E-15
 0.14069967958816E-28
 0.14069967958816E-28
 0.14069967958816E-28
 0.14069967958816E-28
 0.14069967958816E-28
 0.14069967958816E-28
 0.14069967958816E-28
 0.14069967958816E-28
 0.14069967958816E-28
 0.14069967958816E-28
 0.14069967958816E-28
 0.14069967958816E-28
 0.14069967958816E-28
 0.14069967958816E-28
 0.14069967958816E-28
 0.14069967958816E-28
 0.14069967958816E-28
 0.14069967958816E-28
 0.14069967958816E-28
 0.14069967958816E-28
 0.14069967958816E-28
 0.14069967958816E-28
 0.14069967958816E-28
 0.14069967958816E-28
 0.14069967958816E-28
 0.14069967958816E-28
 0.14069967958816E-28
 0.14069967958816E-28
 0.14069967958816E-28
 0.14069967958816E-28
 0.14069967958816E-28
 0.14069967958816E-28
 0.14069967958816E-28
 0.14069967958816E-28
 0.14069967958816E-28
 0.14069967958816E-28
 0.14069967958816E-28
 0.14069967958816E-28
 0.12076901073587E-17
 0.13039052210456E-15
 0.54242978642052E-15
 0.77149932733451E-15
 0.93162381896570E-15
 0.10680418862416E-14
 0.10754996020923E-14
 0.10242401063376E-14
 0.10530753657346E-14
 0.99078868069062E-15
 0.10307293010736E-14
 0.10020251671333E-14
 0.14069967958816E-28
 0.14069967958816E-28
 0.14069967958816E-28
 0.14069967958816E-28
 0.14069967958816E-28
 0.14069967958816E-28
 0.14069967958816E-28
 0.14069967958816E-28
 0.14069967958816E-28
 0.14069967958816E-28
 0.14069967958816E-28
 0.14069967958816E-28
 0.14069967958816E-28
 0.14069967958816E-28
 0.14069967958816E-28
 0.14069967958816E-28
 0.14069967958816E-28
 0.14069967958816E-28
 0.14069967958816E-28
 0.14069967958816E-28
 0.14069967958816E-28
 0.14069967958816E-28
 0.14069967958816E-28
 0.14069967958816E-28
 0.14069967958816E-28
 0.14069967958816E-28
 0.14069967958816E-28
 0.14069967958816E-28
 0.14069967958816E-28
 0.14069967958816E-28
 0.14069967958816E-28
 0.14069967958816E-28
 0.14069967958816E-28
 0.14069967958816E-28
 0.14069967958816E-28
 0.14069967958816E-28
 0.14069967958816E-28
 0.19863347766917E-16
 0.37296263399094E-15
 0.86460087800970E-15
 0.11402778130179E-14
 0.12138109803693E-14
 0.13120317424377E-14
 0.13315588445662E-14
 0.13411964888154E-14
 0.12562405773206E-14
 0.13066488836353E-14
 0.12582570972939E-14
 0.12780353231890E-14
 0.12521715475987E-14
 0.14069967958816E-28
 0.14069967958816E-28
 0.14069967958816E-28
 0.14069967958816E-28
 0.14069967958816E-28
 0.14069967958816E-28
 0.14069967958816E-28
 0.14069967958816E-28
 0.14069967958816E-28
 0.14069967958816E-28
 0.14069967958816E-28
 0.14069967958816E-28
 0.14069967958816E-28
 0.14069967958816E-28
 0.14069967958816E-28
 0.14069967958816E-28
 0.14069967958816E-28
 0.14069967958816E-28
 0.14069967958816E-28
 0.14069967958816E-28
 0.14069967958816E-28
 0.14069967958816E-28
 0.14069967958816E-28
 0.14069967958816E-28
 0.14069967958816E-28
 0.14069967958816E-28
 0.14069967958816E-28
 0.14069967958816E-28
 0.14069967958816E-28
 0.14069967958816E-28
 0.14069967958816E-28
 0.14069967958816E-28
 0.14069967958816E-28
 0.14069967958816E-28
 0.14069967958816E-28
 0.14069967958816E-28
 0.77074622947025E-16
 0.70315649659535E-15
 0.13986902315281E-14
 0.16482927923075E-14
 0.16850337258871E-14
 0.18249512577911E-14
 0.17878024914037E-14
 0.17282363027774E-14
 0.17889883798602E-14
 0.16435296709258E-14
 0.16121889076661E-14
 0.15311192365253E-14
 0.14629191880442E-14
 0.12111942737621E-14
 0.14069967958816E-28
 0.14069967958816E-28
 0.14069967958816E-28
 0.14069967958816E-28
 0.14069967958816E-28
 0.14069967958816E-28
 0.14069967958816E-28
 0.14069967958816E-28
 0.14069967958816E-28
 0.14069967958816E-28
 0.14069967958816E-28
 0.14069967958816E-28
 0.14069967958816E-28
 0.14069967958816E-28
 0.14069967958816E-28
 0.14069967958816E-28
 0.14069967958816E-28
 0.14069967958816E-28
 0.14069967958816E-28
 0.14069967958816E-28
 0.14069967958816E-28
 0.14069967958816E-28
 0.14069967958816E-28
 0.14069967958816E-28
 0.14069967958816E-28
 0.14069967958816E-28
 0.14069967958816E-28
 0.14069967958816E-28
 0.14069967958816E-28
 0.14069967958816E-28
 0.14069967958816E-28
 0.14069967958816E-28
 0.14069967958816E-28
 0.14069967958816E-28
 0.14069967958816E-28
 0.30976569381222E-15
 0.13435898276665E-14
 0.19688266122457E-14
 0.23265676158569E-14
 0.24937548396881E-14
 0.24670727495533E-14
 0.23773247293017E-14
 0.23394606442139E-14
 0.22689172689498E-14
 0.21739353391810E-14
 0.20624120128651E-14
 0.18067671785041E-14
 0.15746569287731E-14
 0.12711610352052E-14
 0.10399596774112E-14
 0.14069967958816E-28
 0.14069967958816E-28
 0.14069967958816E-28
 0.14069967958816E-28
 0.14069967958816E-28
 0.14069967958816E-28
 0.14069967958816E-28
 0.14069967958816E-28
 0.14069967958816E-28
 0.14069967958816E-28
 0.14069967958816E-28
 0.14069967958816E-28
 0.14069967958816E-28
 0.14069967958816E-28
 0.14069967958816E-28
 0.14069967958816E-28
 0.14069967958816E-28
 0.14069967958816E-28
 0.14069967958816E-28
 0.14069967958816E-28
 0.14069967958816E-28
 0.14069967958816E-28
 0.14069967958816E-28
 0.14069967958816E-28
 0.14069967958816E-28
 0.14069967958816E-28
 0.14069967958816E-28
 0.14069967958816E-28
 0.14069967958816E-28
 0.14069967958816E-28
 0.14069967958816E-28
 0.14069967958816E-28
 0.14069967958816E-28
 0.10805754663070E-16
 0.75146139423687E-15
 0.23726363686701E-14
 0.32239660569651E-14
 0.34598226500285E-14
 0.33418966916587E-14
 0.33096083064310E-14
 0.31841393878772E-14
 0.30324717562583E-14
 0.29560691016473E-14
 0.28303833477831E-14
 0.24840134247153E-14
 0.21160829860488E-14
 0.16497180631286E-14
 0.13519395308499E-14
 0.11543442283290E-14
 0.95538500747396E-15
 0.14069967958816E-28
 0.14069967958816E-28
 0.14069967958816E-28
 0.14069967958816E-28
 0.14069967958816E-28
 0.14069967958816E-28
 0.14069967958816E-28
 0.14069967958816E-28
 0.14069967958816E-28
 0.14069967958816E-28
 0.14069967958816E-28
 0.14069967958816E-28
 0.14069967958816E-28
 0.14069967958816E-28
 0.14069967958816E-28
 0.14069967958816E-28
 0.14069967958816E-28
 0.14069967958816E-28
 0.14069967958816E-28
 0.14069967958816E-28
 0.14069967958816E-28
 0.14069967958816E-28
 0.14069967958816E-28
 0.14069967958816E-28
 0.14069967958816E-28
 0.14069967958816E-28
 0.14069967958816E-28
 0.14069967958816E-28
 0.14069967958816E-28
 0.14069967958816E-28
 0.14069967958816E-28
 0.14069967958816E-28
 0.79186801247588E-16
 0.18366232521554E-14
 0.41061597197690E-14
 0.46793194395089E-14
 0.49525288182596E-14
 0.48588703017953E-14
 0.46125148613661E-14
 0.42888510608455E-14
 0.41119255436254E-14
 0.38696419068632E-14
 0.32859155664986E-14
 0.27734941971187E-14
 0.22592614520358E-14
 0.17947986679062E-14
 0.14715554414498E-14
 0.11441306283379E-14
 0.97912141580472E-15
 0.81197366877857E-15
 0.14069967958816E-28
 0.14069967958816E-28
 0.14069967958816E-28
 0.14069967958816E-28
 0.14069967958816E-28
 0.14069967958816E-28
 0.14069967958816E-28
 0.14069967958816E-28
 0.14069967958816E-28
 0.14069967958816E-28
 0.14069967958816E-28
 0.14069967958816E-28
 0.14069967958816E-28
 0.14069967958816E-28
 0.14069967958816E-28
 0.14069967958816E-28
 0.14069967958816E-28
 0.14069967958816E-28
 0.14069967958816E-28
 0.14069967958816E-28
 0.14069967958816E-28
 0.14069967958816E-28
 0.14069967958816E-28
 0.14069967958816E-28
 0.14069967958816E-28
 0.14069967958816E-28
 0.14069967958816E-28
 0.14069967958816E-28
 0.14069967958816E-28
 0.14069967958816E-28
 0.14069967958816E-28
 0.26279849728016E-15
 0.39519396587222E-14
 0.68445472742118E-14
 0.74196642092513E-14
 0.71981172241426E-14
 0.71689970469377E-14
 0.66543037188634E-14
 0.62160548337734E-14
 0.54132757355351E-14
 0.46969665351393E-14
 0.37647776604524E-14
 0.31497067441102E-14
 0.24776035193521E-14
 0.19764250557522E-14
 0.15223796868616E-14
 0.12349563861816E-14
 0.10196412347531E-14
 0.81741862401705E-15
 0.67287606110704E-15
 0.14069967958816E-28
 0.14069967958816E-28
 0.14069967958816E-28
 0.14069967958816E-28
 0.14069967958816E-28
 0.14069967958816E-28
 0.14069967958816E-28
 0.14069967958816E-28
 0.14069967958816E-28
 0.14069967958816E-28
 0.14069967958816E-28
 0.14069967958816E-28
 0.14069967958816E-28
 0.14069967958816E-28
 0.14069967958816E-28
 0.14069967958816E-28
 0.14069967958816E-28
 0.14069967958816E-28
 0.14069967958816E-28
 0.14069967958816E-28
 0.14069967958816E-28
 0.14069967958816E-28
 0.14069967958816E-28
 0.14069967958816E-28
 0.14069967958816E-28
 0.14069967958816E-28
 0.14069967958816E-28
 0.14069967958816E-28
 0.14069967958816E-28
 0.14069967958816E-28
 0.12169741181708E-14
 0.76247062227937E-14
 0.11287103516503E-13
 0.11653527872462E-13
 0.11034499309973E-13
 0.10130430873746E-13
 0.92330431963466E-14
 0.81103079015959E-14
 0.67871702532818E-14
 0.54770394734984E-14
 0.44845056112950E-14
 0.33700990877111E-14
 0.27112311429941E-14
 0.22256942084091E-14
 0.16784210868982E-14
 0.13421751082872E-14
 0.97814166815633E-15
 0.77082057518762E-15
 0.61200413535897E-15
 0.49661590531846E-15
 0.14069967958816E-28
 0.14069967958816E-28
 0.14069967958816E-28
 0.14069967958816E-28
 0.14069967958816E-28
 0.14069967958816E-28
 0.14069967958816E-28
 0.14069967958816E-28
 0.14069967958816E-28
 0.14069967958816E-28
 0.14069967958816E-28
 0.14069967958816E-28
 0.14069967958816E-28
 0.14069967958816E-28
 0.14069967958816E-28
 0.14069967958816E-28
 0.14069967958816E-28
 0.14069967958816E-28
 0.14069967958816E-28
 0.14069967958816E-28
 0.14069967958816E-28
 0.14069967958816E-28
 0.14069967958816E-28
 0.14069967958816E-28
 0.14069967958816E-28
 0.14069967958816E-28
 0.14069967958816E-28
 0.14069967958816E-28
 0.14069967958816E-28
 0.34407893238265E-14
 0.15109771903460E-13
 0.19555952821711E-13
 0.18826356080770E-13
 0.17122587925617E-13
 0.14967380028683E-13
 0.13025277446080E-13
 0.10883787479214E-13
 0.83302540503119E-14
 0.66270367658409E-14
 0.51096703083380E-14
 0.38566619512817E-14
 0.30213736170584E-14
 0.23424353466980E-14
 0.17691413038635E-14
 0.12724157463797E-14
 0.99708829275785E-15
 0.70929211342745E-15
 0.55999305098319E-15
 0.39617658290446E-15
 0.22348923843845E-15
 0.14069967958816E-28
 0.14069967958816E-28
 0.14069967958816E-28
 0.14069967958816E-28
 0.14069967958816E-28
 0.14069967958816E-28
 0.14069967958816E-28
 0.14069967958816E-28
 0.14069967958816E-28
 0.14069967958816E-28
 0.14069967958816E-28
 0.14069967958816E-28
 0.14069967958816E-28
 0.14069967958816E-28
 0.14069967958816E-28
 0.14069967958816E-28
 0.14069967958816E-28
 0.14069967958816E-28
 0.14069967958816E-28
 0.14069967958816E-28
 0.14069967958816E-28
 0.14069967958816E-28
 0.14069967958816E-28
 0.14069967958816E-28
 0.14069967958816E-28
 0.14069967958816E-28
 0.14069967958816E-28
 0.14069967958816E-28
 0.91986045423742E-14
 0.30468105017862E-13
 0.33418338782695E-13
 0.30110228164621E-13
 0.25351538269328E-13
 0.21769974015458E-13
 0.17597732616957E-13
 0.13641705535467E-13
 0.10503144642133E-13
 0.78454710639934E-14
 0.57726222590276E-14
 0.42364885717260E-14
 0.32291838101983E-14
 0.22894384648963E-14
 0.16823590268418E-14
 0.11541531433007E-14
 0.82292778427611E-15
 0.60373715761049E-15
 0.33139196038252E-15
 0.11233947798420E-15
 0.35743495665654E-16
 0.26857161499615E-17
 0.14069967958816E-28
 0.14069967958816E-28
 0.14069967958816E-28
 0.14069967958816E-28
 0.14069967958816E-28
 0.14069967958816E-28
 0.14069967958816E-28
 0.14069967958816E-28
 0.14069967958816E-28
 0.14069967958816E-28
 0.14069967958816E-28
 0.14069967958816E-28
 0.14069967958816E-28
 0.14069967958816E-28
 0.14069967958816E-28
 0.14069967958816E-28
 0.14069967958816E-28
 0.14069967958816E-28
 0.14069967958816E-28
 0.14069967958816E-28
 0.14069967958816E-28
 0.14069967958816E-28
 0.14069967958816E-28
 0.14069967958816E-28
 0.14069967958816E-28
 0.14069967958816E-28
 0.14069967958816E-28
 0.60272570343744E-14
 0.52550051396223E-13
 0.52721725363760E-13
 0.46115157323018E-13
 0.37429520778445E-13
 0.30262668352952E-13
 0.23319195091676E-13
 0.17301710196455E-13
 0.12157054963531E-13
 0.90975964239419E-14
 0.65923670376583E-14
 0.46614451552484E-14
 0.31264679824741E-14
 0.21402949212541E-14
 0.14009601822450E-14
 0.83988256959124E-15
 0.41761550330163E-15
 0.14005339477720E-15
 0.29157710037421E-16
 0.14069967958816E-28
 0.14069967958816E-28
 0.14069967958816E-28
 0.14069967958816E-28
 0.14069967958816E-28
 0.14069967958816E-28
 0.14069967958816E-28
 0.14069967958816E-28
 0.14069967958816E-28
 0.14069967958816E-28
 0.14069967958816E-28
 0.14069967958816E-28
 0.14069967958816E-28
 0.14069967958816E-28
 0.14069967958816E-28
 0.14069967958816E-28
 0.14069967958816E-28
 0.14069967958816E-28
 0.14069967958816E-28
 0.14069967958816E-28
 0.14069967958816E-28
 0.14069967958816E-28
 0.14069967958816E-28
 0.14069967958816E-28
 0.14069967958816E-28
 0.14069967958816E-28
 0.14069967958816E-28
 0.14069967958816E-28
 0.14069967958816E-28
 0.14069967958816E-28
 0.14069967958816E-28
 0.45850380740459E-15
 0.56345316919809E-13
 0.62823589117976E-13
 0.52308732027499E-13
 0.40636676676964E-13
 0.30048884588426E-13
 0.21184007771247E-13
 0.13873696213818E-13
 0.94904326148606E-14
 0.64688418606744E-14
 0.40238373035563E-14
 0.23687377999158E-14
 0.11765890753606E-14
 0.54217730368206E-15
 0.17578002623030E-15
 0.12261834257824E-16
 0.14069967958816E-28
 0.14069967958816E-28
 0.14069967958816E-28
 0.14069967958816E-28
 0.14069967958816E-28
 0.14069967958816E-28
 0.14069967958816E-28
 0.14069967958816E-28
 0.14069967958816E-28
 0.14069967958816E-28
 0.14069967958816E-28
 0.14069967958816E-28
 0.14069967958816E-28
 0.14069967958816E-28
 0.14069967958816E-28
 0.14069967958816E-28
 0.14069967958816E-28
 0.14069967958816E-28
 0.14069967958816E-28
 0.14069967958816E-28
 0.14069967958816E-28
 0.14069967958816E-28
 0.14069967958816E-28
 0.14069967958816E-28
 0.14069967958816E-28
 0.14069967958816E-28
 0.14069967958816E-28
 0.14069967958816E-28
 0.14069967958816E-28
 0.14069967958816E-28
 0.14069967958816E-28
 0.14069967958816E-28
 0.14069967958816E-28
 0.14069967958816E-28
 0.14069967958816E-28
 0.22586351493014E-13
 0.66073212437322E-13
 0.52924708618149E-13
 0.36610139208730E-13
 0.23254765016707E-13
 0.14437453418994E-13
 0.77793960975389E-14
 0.36468827275706E-14
 0.15576438867839E-14
 0.50874516385268E-15
 0.50739931975613E-16
 0.14069967958816E-28
 0.14069967958816E-28
 0.14069967958816E-28
 0.14069967958816E-28
 0.14069967958816E-28
 0.14069967958816E-28
 0.14069967958816E-28
 0.14069967958816E-28
 0.14069967958816E-28
 0.14069967958816E-28
 0.14069967958816E-28
 0.14069967958816E-28
 0.14069967958816E-28
 0.14069967958816E-28
 0.14069967958816E-28
 0.14069967958816E-28
 0.14069967958816E-28
 0.14069967958816E-28
 0.14069967958816E-28
 0.14069967958816E-28
 0.14069967958816E-28
 0.14069967958816E-28
 0.14069967958816E-28
 0.14069967958816E-28
 0.14069967958816E-28
 0.14069967958816E-28
 0.14069967958816E-28
 0.14069967958816E-28
 0.14069967958816E-28
 0.14069967958816E-28
 0.14069967958816E-28
 0.14069967958816E-28
 0.14069967958816E-28
 0.14069967958816E-28
 0.14069967958816E-28
 0.14069967958816E-28
 0.14069967958816E-28
 0.14069967958816E-28
 0.14069967958816E-28
 0.49831179069659E-15
 0.42549466302007E-13
 0.31105477947688E-13
 0.13506636384889E-13
 0.51038133261067E-14
 0.13921816037465E-14
 0.12748184853429E-15
 0.14069967958816E-28
 0.14069967958816E-28
 0.14069967958816E-28
 0.14069967958816E-28
 0.14069967958816E-28
 0.14069967958816E-28
 0.14069967958816E-28
 0.14069967958816E-28
 0.14069967958816E-28
 0.14069967958816E-28
 0.14069967958816E-28
 0.14069967958816E-28
 0.14069967958816E-28
 0.14069967958816E-28
 0.14069967958816E-28
 0.14069967958816E-28
 0.14069967958816E-28
 0.14069967958816E-28
 0.14069967958816E-28
 0.14069967958816E-28
 0.14069967958816E-28
 0.14069967958816E-28
 0.14069967958816E-28
 0.14069967958816E-28
 0.14069967958816E-28
 0.14069967958816E-28
 0.14069967958816E-28
 0.14069967958816E-28
 0.14069967958816E-28
 0.14069967958816E-28
 0.12748184853429E-15
 0.13921816037465E-14
 0.51038133261067E-14
 0.13506636384889E-13
 0.31105477947688E-13
 0.42549466302007E-13
 0.49831179069659E-15
 0.14069967958816E-28
 0.14069967958816E-28
 0.14069967958816E-28
 0.14069967958816E-28
 0.14069967958816E-28
 0.14069967958816E-28
 0.14069967958816E-28
 0.14069967958816E-28
 0.14069967958816E-28
 0.14069967958816E-28
 0.14069967958816E-28
 0.14069967958816E-28
 0.14069967958816E-28
 0.14069967958816E-28
 0.14069967958816E-28
 0.14069967958816E-28
 0.14069967958816E-28
 0.14069967958816E-28
 0.14069967958816E-28
 0.14069967958816E-28
 0.14069967958816E-28
 0.14069967958816E-28
 0.14069967958816E-28
 0.14069967958816E-28
 0.14069967958816E-28
 0.14069967958816E-28
 0.14069967958816E-28
 0.14069967958816E-28
 0.14069967958816E-28
 0.14069967958816E-28
 0.14069967958816E-28
 0.14069967958816E-28
 0.14069967958816E-28
 0.14069967958816E-28
 0.14069967958816E-28
 0.14069967958816E-28
 0.14069967958816E-28
 0.14069967958816E-28
 0.14069967958816E-28
 0.50739931975613E-16
 0.50874516385268E-15
 0.15576438867839E-14
 0.36468827275706E-14
 0.77793960975389E-14
 0.14437453418994E-13
 0.23254765016707E-13
 0.36610139208730E-13
 0.52924708618149E-13
 0.66073212437322E-13
 0.22586351493014E-13
 0.14069967958816E-28
 0.14069967958816E-28
 0.14069967958816E-28
 0.14069967958816E-28
 0.14069967958816E-28
 0.14069967958816E-28
 0.14069967958816E-28
 0.14069967958816E-28
 0.14069967958816E-28
 0.14069967958816E-28
 0.14069967958816E-28
 0.14069967958816E-28
 0.14069967958816E-28
 0.14069967958816E-28
 0.14069967958816E-28
 0.14069967958816E-28
 0.14069967958816E-28
 0.14069967958816E-28
 0.14069967958816E-28
 0.14069967958816E-28
 0.14069967958816E-28
 0.14069967958816E-28
 0.14069967958816E-28
 0.14069967958816E-28
 0.14069967958816E-28
 0.14069967958816E-28
 0.14069967958816E-28
 0.14069967958816E-28
 0.14069967958816E-28
 0.14069967958816E-28
 0.14069967958816E-28
 0.14069967958816E-28
 0.14069967958816E-28
 0.14069967958816E-28
 0.14069967958816E-28
 0.12261834257824E-16
 0.17578002623030E-15
 0.54217730368206E-15
 0.11765890753606E-14
 0.23687377999158E-14
 0.40238373035563E-14
 0.64688418606744E-14
 0.94904326148606E-14
 0.13873696213818E-13
 0.21184007771247E-13
 0.30048884588426E-13
 0.40636676676964E-13
 0.52308732027499E-13
 0.62823589117976E-13
 0.56345316919809E-13
 0.45850380740459E-15
 0.14069967958816E-28
 0.14069967958816E-28
 0.14069967958816E-28
 0.14069967958816E-28
 0.14069967958816E-28
 0.14069967958816E-28
 0.14069967958816E-28
 0.14069967958816E-28
 0.14069967958816E-28
 0.14069967958816E-28
 0.14069967958816E-28
 0.14069967958816E-28
 0.14069967958816E-28
 0.14069967958816E-28
 0.14069967958816E-28
 0.14069967958816E-28
 0.14069967958816E-28
 0.14069967958816E-28
 0.14069967958816E-28
 0.14069967958816E-28
 0.14069967958816E-28
 0.14069967958816E-28
 0.14069967958816E-28
 0.14069967958816E-28
 0.14069967958816E-28
 0.14069967958816E-28
 0.14069967958816E-28
 0.14069967958816E-28
 0.14069967958816E-28
 0.14069967958816E-28
 0.14069967958816E-28
 0.29157710037421E-16
 0.14005339477720E-15
 0.41761550330163E-15
 0.83988256959124E-15
 0.14009601822450E-14
 0.21402949212541E-14
 0.31264679824741E-14
 0.46614451552484E-14
 0.65923670376583E-14
 0.90975964239419E-14
 0.12157054963531E-13
 0.17301710196455E-13
 0.23319195091676E-13
 0.30262668352952E-13
 0.37429520778445E-13
 0.46115157323018E-13
 0.52721725363760E-13
 0.52550051396223E-13
 0.60272570343744E-14
 0.14069967958816E-28
 0.14069967958816E-28
 0.14069967958816E-28
 0.14069967958816E-28
 0.14069967958816E-28
 0.14069967958816E-28
 0.14069967958816E-28
 0.14069967958816E-28
 0.14069967958816E-28
 0.14069967958816E-28
 0.14069967958816E-28
 0.14069967958816E-28
 0.14069967958816E-28
 0.14069967958816E-28
 0.14069967958816E-28
 0.14069967958816E-28
 0.14069967958816E-28
 0.14069967958816E-28
 0.14069967958816E-28
 0.14069967958816E-28
 0.14069967958816E-28
 0.14069967958816E-28
 0.14069967958816E-28
 0.14069967958816E-28
 0.14069967958816E-28
 0.14069967958816E-28
 0.14069967958816E-28
 0.26857161499615E-17
 0.35743495665654E-16
 0.11233947798420E-15
 0.33139196038252E-15
 0.60373715761049E-15
 0.82292778427611E-15
 0.11541531433007E-14
 0.16823590268418E-14
 0.22894384648963E-14
 0.32291838101983E-14
 0.42364885717260E-14
 0.57726222590276E-14
 0.78454710639934E-14
 0.10503144642133E-13
 0.13641705535467E-13
 0.17597732616957E-13
 0.21769974015458E-13
 0.25351538269328E-13
 0.30110228164621E-13
 0.33418338782695E-13
 0.30468105017862E-13
 0.91986045423742E-14
 0.14069967958816E-28
 0.14069967958816E-28
 0.14069967958816E-28
 0.14069967958816E-28
 0.14069967958816E-28
 0.14069967958816E-28
 0.14069967958816E-28
 0.14069967958816E-28
 0.14069967958816E-28
 0.14069967958816E-28
 0.14069967958816E-28
 0.14069967958816E-28
 0.14069967958816E-28
 0.14069967958816E-28
 0.14069967958816E-28
 0.14069967958816E-28
 0.14069967958816E-28
 0.14069967958816E-28
 0.14069967958816E-28
 0.14069967958816E-28
 0.14069967958816E-28
 0.14069967958816E-28
 0.14069967958816E-28
 0.14069967958816E-28
 0.14069967958816E-28
 0.14069967958816E-28
 0.14069967958816E-28
 0.14069967958816E-28
 0.22348923843845E-15
 0.39617658290446E-15
 0.55999305098320E-15
 0.70929211342745E-15
 0.99708829275785E-15
 0.12724157463797E-14
 0.17691413038635E-14
 0.23424353466980E-14
 0.30213736170584E-14
 0.38566619512817E-14
 0.51096703083380E-14
 0.66270367658409E-14
 0.83302540503119E-14
 0.10883787479214E-13
 0.13025277446080E-13
 0.14967380028683E-13
 0.17122587925617E-13
 0.18826356080770E-13
 0.19555952821711E-13
 0.15109771903460E-13
 0.34407893238265E-14
 0.14069967958816E-28
 0.14069967958816E-28
 0.14069967958816E-28
 0.14069967958816E-28
 0.14069967958816E-28
 0.14069967958816E-28
 0.14069967958816E-28
 0.14069967958816E-28
 0.14069967958816E-28
 0.14069967958816E-28
 0.14069967958816E-28
 0.14069967958816E-28
 0.14069967958816E-28
 0.14069967958816E-28
 0.14069967958816E-28
 0.14069967958816E-28
 0.14069967958816E-28
 0.14069967958816E-28
 0.14069967958816E-28
 0.14069967958816E-28
 0.14069967958816E-28
 0.14069967958816E-28
 0.14069967958816E-28
 0.14069967958816E-28
 0.14069967958816E-28
 0.14069967958816E-28
 0.14069967958816E-28
 0.14069967958816E-28
 0.14069967958816E-28
 0.49661590531846E-15
 0.61200413535897E-15
 0.77082057518762E-15
 0.97814166815632E-15
 0.13421751082872E-14
 0.16784210868982E-14
 0.22256942084091E-14
 0.27112311429941E-14
 0.33700990877111E-14
 0.44845056112950E-14
 0.54770394734984E-14
 0.67871702532818E-14
 0.81103079015959E-14
 0.92330431963466E-14
 0.10130430873746E-13
 0.11034499309973E-13
 0.11653527872462E-13
 0.11287103516503E-13
 0.76247062227937E-14
 0.12169741181708E-14
 0.14069967958816E-28
 0.14069967958816E-28
 0.14069967958816E-28
 0.14069967958816E-28
 0.14069967958816E-28
 0.14069967958816E-28
 0.14069967958816E-28
 0.14069967958816E-28
 0.14069967958816E-28
 0.14069967958816E-28
 0.14069967958816E-28
 0.14069967958816E-28
 0.14069967958816E-28
 0.14069967958816E-28
 0.14069967958816E-28
 0.14069967958816E-28
 0.14069967958816E-28
 0.14069967958816E-28
 0.14069967958816E-28
 0.14069967958816E-28
 0.14069967958816E-28
 0.14069967958816E-28
 0.14069967958816E-28
 0.14069967958816E-28
 0.14069967958816E-28
 0.14069967958816E-28
 0.14069967958816E-28
 0.14069967958816E-28
 0.14069967958816E-28
 0.14069967958816E-28
 0.67287606110704E-15
 0.81741862401706E-15
 0.10196412347531E-14
 0.12349563861816E-14
 0.15223796868616E-14
 0.19764250557522E-14
 0.24776035193521E-14
 0.31497067441102E-14
 0.37647776604525E-14
 0.46969665351393E-14
 0.54132757355351E-14
 0.62160548337734E-14
 0.66543037188634E-14
 0.71689970469377E-14
 0.71981172241426E-14
 0.74196642092513E-14
 0.68445472742118E-14
 0.39519396587222E-14
 0.26279849728016E-15
 0.14069967958816E-28
 0.14069967958816E-28
 0.14069967958816E-28
 0.14069967958816E-28
 0.14069967958816E-28
 0.14069967958816E-28
 0.14069967958816E-28
 0.14069967958816E-28
 0.14069967958816E-28
 0.14069967958816E-28
 0.14069967958816E-28
 0.14069967958816E-28
 0.14069967958816E-28
 0.14069967958816E-28
 0.14069967958816E-28
 0.14069967958816E-28
 0.14069967958816E-28
 0.14069967958816E-28
 0.14069967958816E-28
 0.14069967958816E-28
 0.14069967958816E-28
 0.14069967958816E-28
 0.14069967958816E-28
 0.14069967958816E-28
 0.14069967958816E-28
 0.14069967958816E-28
 0.14069967958816E-28
 0.14069967958816E-28
 0.14069967958816E-28
 0.14069967958816E-28
 0.14069967958816E-28
 0.81197366877857E-15
 0.97912141580472E-15
 0.11441306283379E-14
 0.14715554414498E-14
 0.17947986679062E-14
 0.22592614520358E-14
 0.27734941971187E-14
 0.32859155664986E-14
 0.38696419068632E-14
 0.41119255436254E-14
 0.42888510608455E-14
 0.46125148613661E-14
 0.48588703017953E-14
 0.49525288182596E-14
 0.46793194395089E-14
 0.41061597197690E-14
 0.18366232521554E-14
 0.79186801247588E-16
 0.14069967958816E-28
 0.14069967958816E-28
 0.14069967958816E-28
 0.14069967958816E-28
 0.14069967958816E-28
 0.14069967958816E-28
 0.14069967958816E-28
 0.14069967958816E-28
 0.14069967958816E-28
 0.14069967958816E-28
 0.14069967958816E-28
 0.14069967958816E-28
 0.14069967958816E-28
 0.14069967958816E-28
 0.14069967958816E-28
 0.14069967958816E-28
 0.14069967958816E-28
 0.14069967958816E-28
 0.14069967958816E-28
 0.14069967958816E-28
 0.14069967958816E-28
 0.14069967958816E-28
 0.14069967958816E-28
 0.14069967958816E-28
 0.14069967958816E-28
 0.14069967958816E-28
 0.14069967958816E-28
 0.14069967958816E-28
 0.14069967958816E-28
 0.14069967958816E-28
 0.14069967958816E-28
 0.14069967958816E-28
 0.95538500747396E-15
 0.11543442283290E-14
 0.13519395308499E-14
 0.16497180631286E-14
 0.21160829860488E-14
 0.24840134247153E-14
 0.28303833477831E-14
 0.29560691016473E-14
 0.30324717562583E-14
 0.31841393878772E-14
 0.33096083064310E-14
 0.33418966916587E-14
 0.34598226500285E-14
 0.32239660569651E-14
 0.23726363686701E-14
 0.75146139423687E-15
 0.10805754663070E-16
 0.14069967958816E-28
 0.14069967958816E-28
 0.14069967958816E-28
 0.14069967958816E-28
 0.14069967958816E-28
 0.14069967958816E-28
 0.14069967958816E-28
 0.14069967958816E-28
 0.14069967958816E-28
 0.14069967958816E-28
 0.14069967958816E-28
 0.14069967958816E-28
 0.14069967958816E-28
 0.14069967958816E-28
 0.14069967958816E-28
 0.14069967958816E-28
 0.14069967958816E-28
 0.14069967958816E-28
 0.14069967958816E-28
 0.14069967958816E-28
 0.14069967958816E-28
 0.14069967958816E-28
 0.14069967958816E-28
 0.14069967958816E-28
 0.14069967958816E-28
 0.14069967958816E-28
 0.14069967958816E-28
 0.14069967958816E-28
 0.14069967958816E-28
 0.14069967958816E-28
 0.14069967958816E-28
 0.14069967958816E-28
 0.14069967958816E-28
 0.10399596774112E-14
 0.12711610352052E-14
 0.15746569287731E-14
 0.18067671785041E-14
 0.20624120128651E-14
 0.21739353391810E-14
 0.22689172689498E-14
 0.23394606442139E-14
 0.23773247293017E-14
 0.24670727495533E-14
 0.24937548396881E-14
 0.23265676158569E-14
 0.19688266122457E-14
 0.13435898276665E-14
 0.30976569381222E-15
 0.14069967958816E-28
 0.14069967958816E-28
 0.14069967958816E-28
 0.14069967958816E-28
 0.14069967958816E-28
 0.14069967958816E-28
 0.14069967958816E-28
 0.14069967958816E-28
 0.14069967958816E-28
 0.14069967958816E-28
 0.14069967958816E-28
 0.14069967958816E-28
 0.14069967958816E-28
 0.14069967958816E-28
 0.14069967958816E-28
 0.14069967958816E-28
 0.14069967958816E-28
 0.14069967958816E-28
 0.14069967958816E-28
 0.14069967958816E-28
 0.14069967958816E-28
 0.14069967958816E-28
 0.14069967958816E-28
 0.14069967958816E-28
 0.14069967958816E-28
 0.14069967958816E-28
 0.14069967958816E-28
 0.14069967958816E-28
 0.14069967958816E-28
 0.14069967958816E-28
 0.14069967958816E-28
 0.14069967958816E-28
 0.14069967958816E-28
 0.14069967958816E-28
 0.14069967958816E-28
 0.12111942737621E-14
 0.14629191880442E-14
 0.15311192365253E-14
 0.16121889076661E-14
 0.16435296709258E-14
 0.17889883798602E-14
 0.17282363027774E-14
 0.17878024914037E-14
 0.18249512577911E-14
 0.16850337258871E-14
 0.16482927923075E-14
 0.13986902315281E-14
 0.70315649659536E-15
 0.77074622947025E-16
 0.14069967958816E-28
 0.14069967958816E-28
 0.14069967958816E-28
 0.14069967958816E-28
 0.14069967958816E-28
 0.14069967958816E-28
 0.14069967958816E-28
 0.14069967958816E-28
 0.14069967958816E-28
 0.14069967958816E-28
 0.14069967958816E-28
 0.14069967958816E-28
 0.14069967958816E-28
 0.14069967958816E-28
 0.14069967958816E-28
 0.14069967958816E-28
 0.14069967958816E-28
 0.14069967958816E-28
 0.14069967958816E-28
 0.14069967958816E-28
 0.14069967958816E-28
 0.14069967958816E-28
 0.14069967958816E-28
 0.14069967958816E-28
 0.14069967958816E-28
 0.14069967958816E-28
 0.14069967958816E-28
 0.14069967958816E-28
 0.14069967958816E-28
 0.14069967958816E-28
 0.14069967958816E-28
 0.14069967958816E-28
 0.14069967958816E-28
 0.14069967958816E-28
 0.14069967958816E-28
 0.14069967958816E-28
 0.12521715475987E-14
 0.12780353231890E-14
 0.12582570972939E-14
 0.13066488836353E-14
 0.12562405773206E-14
 0.13411964888154E-14
 0.13315588445662E-14
 0.13120317424378E-14
 0.12138109803693E-14
 0.11402778130179E-14
 0.86460087800970E-15
 0.37296263399094E-15
 0.19863347766917E-16
 0.14069967958816E-28
 0.14069967958816E-28
 0.14069967958816E-28
 0.14069967958816E-28
 0.14069967958816E-28
 0.14069967958816E-28
 0.14069967958816E-28
 0.14069967958816E-28
 0.14069967958816E-28
 0.14069967958816E-28
 0.14069967958816E-28
 0.14069967958816E-28
 0.14069967958816E-28
 0.14069967958816E-28
 0.14069967958816E-28
 0.14069967958816E-28
 0.14069967958816E-28
 0.14069967958816E-28
 0.14069967958816E-28
 0.14069967958816E-28
 0.14069967958816E-28
 0.14069967958816E-28
 0.14069967958816E-28
 0.14069967958816E-28
 0.14069967958816E-28
 0.14069967958816E-28
 0.14069967958816E-28
 0.14069967958816E-28
 0.14069967958816E-28
 0.14069967958816E-28
 0.14069967958816E-28
 0.14069967958816E-28
 0.14069967958816E-28
 0.14069967958816E-28
 0.14069967958816E-28
 0.14069967958816E-28
 0.14069967958816E-28
 0.10020251671333E-14
 0.10307293010736E-14
 0.99078868069062E-15
 0.10530753657346E-14
 0.10242401063376E-14
 0.10754996020923E-14
 0.10680418862416E-14
 0.93162381896570E-15
 0.77149932733451E-15
 0.54242978642052E-15
 0.13039052210456E-15
 0.12076901073587E-17
 0.14069967958816E-28
 0.14069967958816E-28
 0.14069967958816E-28
 0.14069967958816E-28
 0.14069967958816E-28
 0.14069967958816E-28
 0.14069967958816E-28
 0.14069967958816E-28
 0.14069967958816E-28
 0.14069967958816E-28
 0.14069967958816E-28
 0.14069967958816E-28
 0.14069967958816E-28
 0.14069967958816E-28
 0.14069967958816E-28
 0.14069967958816E-28
 0.14069967958816E-28
 0.14069967958816E-28
 0.14069967958816E-28
 0.14069967958816E-28
 0.14069967958816E-28
 0.14069967958816E-28
 0.14069967958816E-28
 0.14069967958816E-28
 0.14069967958816E-28
 0.14069967958816E-28
 0.14069967958816E-28
 0.14069967958816E-28
 0.14069967958816E-28
 0.14069967958816E-28
 0.14069967958816E-28
 0.14069967958816E-28
 0.14069967958816E-28
 0.14069967958816E-28
 0.14069967958816E-28
 0.14069967958816E-28
 0.14069967958816E-28
 0.14069967958816E-28
 0.81865934894568E-15
 0.81439002871198E-15
 0.79979005296172E-15
 0.79838503059609E-15
 0.77665730771663E-15
 0.76533398936200E-15
 0.71490589116301E-15
 0.52979715573381E-15
 0.32315329493718E-15
 0.42104177026866E-16
 0.14069967958816E-28
 0.14069967958816E-28
 0.14069967958816E-28
 0.14069967958816E-28
 0.14069967958816E-28
 0.14069967958816E-28
 0.14069967958816E-28
 0.14069967958816E-28
 0.14069967958816E-28
 0.14069967958816E-28
 0.14069967958816E-28
 0.14069967958816E-28
 0.14069967958816E-28
 0.14069967958816E-28
 0.14069967958816E-28
 0.14069967958816E-28
 0.14069967958816E-28
 0.14069967958816E-28
 0.14069967958816E-28
 0.14069967958816E-28
 0.14069967958816E-28
 0.14069967958816E-28
 0.14069967958816E-28
 0.14069967958816E-28
 0.14069967958816E-28
 0.14069967958816E-28
 0.14069967958816E-28
 0.14069967958816E-28
 0.14069967958816E-28
 0.14069967958816E-28
 0.14069967958816E-28
 0.14069967958816E-28
 0.14069967958816E-28
 0.14069967958816E-28
 0.14069967958816E-28
 0.14069967958816E-28
 0.14069967958816E-28
 0.14069967958816E-28
 0.14069967958816E-28
 0.14069967958816E-28
 0.65625933122297E-15
 0.65890447237460E-15
 0.64113707859317E-15
 0.60031385898355E-15
 0.54251771680707E-15
 0.49803651772677E-15
 0.40057061853499E-15
 0.17174838188443E-15
 0.11770273689079E-16
 0.14069967958816E-28
 0.14069967958816E-28
 0.14069967958816E-28
 0.14069967958816E-28
 0.14069967958816E-28
 0.14069967958816E-28
 0.14069967958816E-28
 0.14069967958816E-28
 0.14069967958816E-28
 0.14069967958816E-28
 0.14069967958816E-28
 0.14069967958816E-28
 0.14069967958816E-28
 0.14069967958816E-28
 0.14069967958816E-28
 0.14069967958816E-28
 0.14069967958816E-28
 0.14069967958816E-28
 0.14069967958816E-28
 0.14069967958816E-28
 0.14069967958816E-28
 0.14069967958816E-28
 0.14069967958816E-28
 0.14069967958816E-28
 0.14069967958816E-28
 0.14069967958816E-28
 0.14069967958816E-28
 0.14069967958816E-28
 0.14069967958816E-28
 0.14069967958816E-28
 0.14069967958816E-28
 0.14069967958816E-28
 0.14069967958816E-28
 0.14069967958816E-28
 0.14069967958816E-28
 0.14069967958816E-28
 0.14069967958816E-28
 0.14069967958816E-28
 0.14069967958816E-28
 0.14069967958816E-28
 0.14069967958816E-28
 0.53706563061979E-15
 0.47991901208060E-15
 0.47593266730719E-15
 0.42024688214927E-15
 0.35079373006118E-15
 0.25205748189604E-15
 0.73197983126790E-16
 0.32260951863119E-18
 0.14069967958816E-28
 0.14069967958816E-28
 0.14069967958816E-28
 0.14069967958816E-28
 0.14069967958816E-28
 0.14069967958816E-28
 0.14069967958816E-28
 0.14069967958816E-28
 0.14069967958816E-28
 0.14069967958816E-28
 0.14069967958816E-28
 0.14069967958816E-28
 0.14069967958816E-28
 0.14069967958816E-28
 0.14069967958816E-28
 0.14069967958816E-28
 0.14069967958816E-28
 0.14069967958816E-28
 0.14069967958816E-28
 0.14069967958816E-28
 0.14069967958816E-28
 0.14069967958816E-28
 0.14069967958816E-28
 0.14069967958816E-28
 0.14069967958816E-28
 0.14069967958816E-28
 0.14069967958816E-28
 0.14069967958816E-28
 0.14069967958816E-28
 0.14069967958816E-28
 0.14069967958816E-28
 0.14069967958816E-28
 0.14069967958816E-28
 0.14069967958816E-28
 0.14069967958816E-28
 0.14069967958816E-28
 0.14069967958816E-28
 0.14069967958816E-28
 0.14069967958816E-28
 0.14069967958816E-28
 0.14069967958816E-28
 0.14069967958816E-28
 0.40830968593420E-15
 0.35683721723826E-15
 0.34973779866394E-15
 0.25578178112530E-15
 0.13068456713929E-15
 0.19216432419264E-16
 0.14069967958816E-28
 0.14069967958816E-28
 0.14069967958816E-28
 0.14069967958816E-28
 0.14069967958816E-28
 0.14069967958816E-28
 0.14069967958816E-28
 0.14069967958816E-28
 0.14069967958816E-28
 0.14069967958816E-28
 0.14069967958816E-28
 0.14069967958816E-28
 0.14069967958816E-28
 0.14069967958816E-28
 0.14069967958816E-28
 0.14069967958816E-28
 0.14069967958816E-28
 0.14069967958816E-28
 0.14069967958816E-28
 0.14069967958816E-28
 0.14069967958816E-28
 0.14069967958816E-28
 0.14069967958816E-28
 0.14069967958816E-28
 0.14069967958816E-28
 0.14069967958816E-28
 0.14069967958816E-28
 0.14069967958816E-28
 0.14069967958816E-28
 0.14069967958816E-28
 0.14069967958816E-28
 0.14069967958816E-28
 0.14069967958816E-28
 0.14069967958816E-28
 0.14069967958816E-28
 0.14069967958816E-28
 0.14069967958816E-28
 0.14069967958816E-28
 0.14069967958816E-28
 0.14069967958816E-28
 0.14069967958816E-28
 0.14069967958816E-28
 0.14069967958816E-28
 0.14069967958816E-28
 0.29105317359985E-15
 0.22978689314789E-15
 0.18645802721482E-15
 0.74901358927768E-16
 0.53063872150881E-17
 0.14069967958816E-28
 0.14069967958816E-28
 0.14069967958816E-28
 0.14069967958816E-28
 0.14069967958816E-28
 0.14069967958816E-28
 0.14069967958816E-28
 0.14069967958816E-28
 0.14069967958816E-28
 0.14069967958816E-28
 0.14069967958816E-28
 0.14069967958816E-28
 0.14069967958816E-28
 0.14069967958816E-28
 0.14069967958816E-28
 0.14069967958816E-28
 0.14069967958816E-28
 0.14069967958816E-28
 0.14069967958816E-28
 0.14069967958816E-28
 0.14069967958816E-28
 0.14069967958816E-28
 0.14069967958816E-28
 0.14069967958816E-28
 0.14069967958816E-28
 0.14069967958816E-28
 0.14069967958816E-28
 0.14069967958816E-28
 0.14069967958816E-28
 0.14069967958816E-28
 0.14069967958816E-28
 0.14069967958816E-28
 0.14069967958816E-28
 0.14069967958816E-28
 0.14069967958816E-28
 0.14069967958816E-28
 0.14069967958816E-28
 0.14069967958816E-28
 0.14069967958816E-28
 0.14069967958816E-28
 0.14069967958816E-28
 0.14069967958816E-28
 0.14069967958816E-28
 0.14069967958816E-28
 0.14069967958816E-28
 0.16165636007062E-15
 0.12145021409495E-15
 0.25343914965830E-16
 0.14069967958816E-28
 0.14069967958816E-28
 0.14069967958816E-28
 0.14069967958816E-28
 0.14069967958816E-28
 0.14069967958816E-28
 0.14069967958816E-28
 0.14069967958816E-28
 0.14069967958816E-28
 0.14069967958816E-28
 0.14069967958816E-28
 0.14069967958816E-28
 0.14069967958816E-28
 0.14069967958816E-28
 0.14069967958816E-28
 0.14069967958816E-28
 0.14069967958816E-28
 0.14069967958816E-28
 0.14069967958816E-28
 0.14069967958816E-28
 0.14069967958816E-28
 0.14069967958816E-28
 0.14069967958816E-28
 0.14069967958816E-28
 0.14069967958816E-28
 0.14069967958816E-28
 0.14069967958816E-28
 0.14069967958816E-28
 0.14069967958816E-28
 0.14069967958816E-28
 0.14069967958816E-28
 0.14069967958816E-28
 0.14069967958816E-28
 0.14069967958816E-28
 0.14069967958816E-28
 0.14069967958816E-28
 0.14069967958816E-28
 0.14069967958816E-28
 0.14069967958816E-28
 0.14069967958816E-28
 0.14069967958816E-28
 0.14069967958816E-28
 0.14069967958816E-28
 0.14069967958816E-28
 0.14069967958816E-28
 0.14069967958816E-28
 0.14069967958816E-28
 0.71243538481913E-16
 0.55835893644129E-17
 0.14069967958816E-28
 0.14069967958816E-28
 0.14069967958816E-28
 0.14069967958816E-28
 0.14069967958816E-28
 0.14069967958816E-28
 0.14069967958816E-28
 0.14069967958816E-28
 0.14069967958816E-28
 0.14069967958816E-28
 0.14069967958816E-28
 0.14069967958816E-28
 0.14069967958816E-28
 0.14069967958816E-28
 0.14069967958816E-28
 0.14069967958816E-28
 0.14069967958816E-28
 0.14069967958816E-28
 0.14069967958816E-28
 0.14069967958816E-28
 0.14069967958816E-28
 0.14069967958816E-28
 0.14069967958816E-28
 0.14069967958816E-28
 0.14069967958816E-28
 0.14069967958816E-28
 0.14069967958816E-28
 0.14069967958816E-28
 0.14069967958816E-28
 0.14069967958816E-28
 0.14069967958816E-28
 0.14069967958816E-28
 0.14069967958816E-28
 0.14069967958816E-28
 0.14069967958816E-28
 0.14069967958816E-28
 0.14069967958816E-28
 0.14069967958816E-28
 0.14069967958816E-28
 0.14069967958816E-28
 0.14069967958816E-28
 0.14069967958816E-28
 0.14069967958816E-28
 0.14069967958816E-28
 0.14069967958816E-28
 0.14069967958816E-28
 0.14069967958816E-28
 0.14069967958816E-28
 0.28179686751621E-18
 0.14069967958816E-28
 0.14069967958816E-28
 0.14069967958816E-28
 0.14069967958816E-28
 0.14069967958816E-28
 0.14069967958816E-28
 0.14069967958816E-28
 0.14069967958816E-28
 0.14069967958816E-28
 0.14069967958816E-28
 0.14069967958816E-28
 0.14069967958816E-28
 0.14069967958816E-28
 0.14069967958816E-28
 0.14069967958816E-28
 0.14069967958816E-28
 0.14069967958816E-28
 0.14069967958816E-28
 0.14069967958816E-28
 0.14069967958816E-28
 0.14069967958816E-28
 0.14069967958816E-28
 0.14069967958816E-28
 0.14069967958816E-28
 0.14069967958816E-28
 0.14069967958816E-28
 0.14069967958816E-28
 0.14069967958816E-28
 0.14069967958816E-28
 0.14069967958816E-28
 0.14069967958816E-28
 0.14069967958816E-28
 0.14069967958816E-28
 0.14069967958816E-28
 0.14069967958816E-28
 0.14069967958816E-28
 0.14069967958816E-28
 0.14069967958816E-28
 0.14069967958816E-28
 0.14069967958816E-28
 0.14069967958816E-28
 0.14069967958816E-28
 0.14069967958816E-28
 0.14069967958816E-28
 0.14069967958816E-28
 0.14069967958816E-28
 0.14069967958816E-28
 0.14069967958816E-28
 0.14069967958816E-28
 0.14069967958816E-28
 0.14069967958816E-28
 0.14069967958816E-28
 0.14069967958816E-28
 0.14069967958816E-28
 0.14069967958816E-28
 0.14069967958816E-28
 0.14069967958816E-28
 0.14069967958816E-28
 0.14069967958816E-28
 0.14069967958816E-28
 0.14069967958816E-28
 0.14069967958816E-28
 0.14069967958816E-28
 0.14069967958816E-28
 0.14069967958816E-28
 0.14069967958816E-28
 0.14069967958816E-28
 0.14069967958816E-28
 0.14069967958816E-28
 0.14069967958816E-28
 0.14069967958816E-28
 0.14069967958816E-28
 0.14069967958816E-28
 0.14069967958816E-28
 0.14069967958816E-28
 0.14069967958816E-28
 0.14069967958816E-28
 0.14069967958816E-28
 0.14069967958816E-28
 0.14069967958816E-28
 0.14069967958816E-28
 0.14069967958816E-28
 0.14069967958816E-28
 0.14069967958816E-28
 0.14069967958816E-28
 0.14069967958816E-28
 0.14069967958816E-28
 0.14069967958816E-28
 0.14069967958816E-28
 0.14069967958816E-28
 0.14069967958816E-28
 0.14069967958816E-28
 0.14069967958816E-28
 0.14069967958816E-28
 0.14069967958816E-28
 0.14069967958816E-28
 0.14069967958816E-28
 0.14069967958816E-28
 0.14069967958816E-28
 0.14069967958816E-28
 0.14069967958816E-28
 0.14069967958816E-28
 0.14069967958816E-28
 0.14069967958816E-28
 0.14069967958816E-28
 0.14069967958816E-28
 0.14069967958816E-28
 0.14069967958816E-28
 0.14069967958816E-28
 0.14069967958816E-28
 0.14069967958816E-28
 0.14069967958816E-28
 0.14069967958816E-28
 0.14069967958816E-28
 0.14069967958816E-28
 0.14069967958816E-28
 0.14069967958816E-28
 0.14069967958816E-28
 0.14069967958816E-28
 0.14069967958816E-28
 0.14069967958816E-28
 0.14069967958816E-28
 0.14069967958816E-28
 0.14069967958816E-28
 0.14069967958816E-28
 0.14069967958816E-28
 0.14069967958816E-28
 0.14069967958816E-28
 0.14069967958816E-28
 0.14069967958816E-28
 0.14069967958816E-28
 0.14069967958816E-28
 0.14069967958816E-28
 0.14069967958816E-28
 0.14069967958816E-28
 0.14069967958816E-28
 0.14069967958816E-28
 0.14069967958816E-28
 0.14069967958816E-28
 0.14069967958816E-28
 0.14069967958816E-28
 0.14069967958816E-28
 0.14069967958816E-28
 0.14069967958816E-28
 0.14069967958816E-28
 0.14069967958816E-28
 0.14069967958816E-28
 0.14069967958816E-28
 0.14069967958816E-28
 0.14069967958816E-28
 0.14069967958816E-28
 0.14069967958816E-28
 0.14069967958816E-28
 0.14069967958816E-28
 0.14069967958816E-28
 0.14069967958816E-28
 0.14069967958816E-28
 0.14069967958816E-28
 0.14069967958816E-28
 0.14069967958816E-28
 0.14069967958816E-28
 0.14069967958816E-28
 0.14069967958816E-28
 0.14069967958816E-28
 0.14069967958816E-28
 0.14069967958816E-28
 0.14069967958816E-28
 0.14069967958816E-28
 0.14069967958816E-28
 0.14069967958816E-28
 0.14069967958816E-28
 0.14069967958816E-28
 0.14069967958816E-28
 0.14069967958816E-28
 0.14069967958816E-28
 0.14069967958816E-28
 0.14069967958816E-28
 0.14069967958816E-28
 0.14069967958816E-28
 0.14069967958816E-28
 0.14069967958816E-28
 0.14069967958816E-28
 0.14069967958816E-28
 0.14069967958816E-28
 0.14069967958816E-28
 0.14069967958816E-28
 0.14069967958816E-28
 0.14069967958816E-28
 0.14069967958816E-28
 0.14069967958816E-28
 0.14069967958816E-28
 0.14069967958816E-28
 0.14069967958816E-28
 0.14069967958816E-28
 0.14069967958816E-28
 0.14069967958816E-28
 0.14069967958816E-28
 0.14069967958816E-28
 0.14069967958816E-28
  
