           1
          50          50
           1
   29920000000000.000        29920000000000.000     
 0.60000000000000E+05
  
 0.14069967958815E-28
 0.14069967958815E-28
 0.14069967958815E-28
 0.14069967958815E-28
 0.14069967958815E-28
 0.14069967958815E-28
 0.14069967958815E-28
 0.14069967958815E-28
 0.14069967958815E-28
 0.14069967958815E-28
 0.14069967958815E-28
 0.14069967958815E-28
 0.14069967958815E-28
 0.14069967958815E-28
 0.14069967958815E-28
 0.14069967958815E-28
 0.14069967958815E-28
 0.14069967958815E-28
 0.14069967958815E-28
 0.14069967958815E-28
 0.14069967958815E-28
 0.14069967958815E-28
 0.14069967958815E-28
 0.14069967958815E-28
 0.14069967958815E-28
 0.14069967958815E-28
 0.14069967958815E-28
 0.14069967958815E-28
 0.14069967958815E-28
 0.14069967958815E-28
 0.14069967958815E-28
 0.14069967958815E-28
 0.14069967958815E-28
 0.14069967958815E-28
 0.14069967958815E-28
 0.14069967958815E-28
 0.14069967958815E-28
 0.14069967958815E-28
 0.14069967958815E-28
 0.14069967958815E-28
 0.14069967958815E-28
 0.14069967958815E-28
 0.35273196128134E-17
 0.27917382116211E-16
 0.43505051843526E-16
 0.73618140005941E-16
 0.55766254831686E-16
 0.61469006618514E-16
 0.89002571057623E-16
 0.50597735345383E-16
 0.14069967958815E-28
 0.14069967958815E-28
 0.14069967958815E-28
 0.14069967958815E-28
 0.14069967958815E-28
 0.14069967958815E-28
 0.14069967958815E-28
 0.14069967958815E-28
 0.14069967958815E-28
 0.14069967958815E-28
 0.14069967958815E-28
 0.14069967958815E-28
 0.14069967958815E-28
 0.14069967958815E-28
 0.14069967958815E-28
 0.14069967958815E-28
 0.14069967958815E-28
 0.14069967958815E-28
 0.14069967958815E-28
 0.14069967958815E-28
 0.14069967958815E-28
 0.14069967958815E-28
 0.14069967958815E-28
 0.14069967958815E-28
 0.14069967958815E-28
 0.14069967958815E-28
 0.14069967958815E-28
 0.14069967958815E-28
 0.14069967958815E-28
 0.14069967958815E-28
 0.14069967958815E-28
 0.14069967958815E-28
 0.14069967958815E-28
 0.14069967958815E-28
 0.14069967958815E-28
 0.14069967958815E-28
 0.14069967958815E-28
 0.14069967958815E-28
 0.14069967958815E-28
 0.14069967958815E-28
 0.14069967958815E-28
 0.14069967958815E-28
 0.22289228399401E-16
 0.65308338746202E-16
 0.34843352762378E-16
 0.54451596061174E-16
 0.93094244433793E-16
 0.90069824305018E-16
 0.87937990749726E-16
 0.92866931766450E-16
 0.14069967958815E-28
 0.14069967958815E-28
 0.14069967958815E-28
 0.14069967958815E-28
 0.14069967958815E-28
 0.14069967958815E-28
 0.14069967958815E-28
 0.14069967958815E-28
 0.14069967958815E-28
 0.14069967958815E-28
 0.14069967958815E-28
 0.14069967958815E-28
 0.14069967958815E-28
 0.14069967958815E-28
 0.14069967958815E-28
 0.14069967958815E-28
 0.14069967958815E-28
 0.14069967958815E-28
 0.14069967958815E-28
 0.14069967958815E-28
 0.14069967958815E-28
 0.14069967958815E-28
 0.14069967958815E-28
 0.14069967958815E-28
 0.14069967958815E-28
 0.14069967958815E-28
 0.14069967958815E-28
 0.14069967958815E-28
 0.14069967958815E-28
 0.14069967958815E-28
 0.14069967958815E-28
 0.14069967958815E-28
 0.14069967958815E-28
 0.14069967958815E-28
 0.14069967958815E-28
 0.14069967958815E-28
 0.14069967958815E-28
 0.14069967958815E-28
 0.14069967958815E-28
 0.14069967958815E-28
 0.93728269459087E-17
 0.60264164847355E-16
 0.65380988501496E-16
 0.87798867623022E-16
 0.11436884194634E-15
 0.29572748345006E-16
 0.96170824391779E-16
 0.11330354754260E-15
 0.10425713537589E-15
 0.12511403524800E-15
 0.14069967958815E-28
 0.14069967958815E-28
 0.14069967958815E-28
 0.14069967958815E-28
 0.14069967958815E-28
 0.14069967958815E-28
 0.14069967958815E-28
 0.14069967958815E-28
 0.14069967958815E-28
 0.14069967958815E-28
 0.14069967958815E-28
 0.14069967958815E-28
 0.14069967958815E-28
 0.14069967958815E-28
 0.14069967958815E-28
 0.14069967958815E-28
 0.14069967958815E-28
 0.14069967958815E-28
 0.14069967958815E-28
 0.14069967958815E-28
 0.14069967958815E-28
 0.14069967958815E-28
 0.14069967958815E-28
 0.14069967958815E-28
 0.14069967958815E-28
 0.14069967958815E-28
 0.14069967958815E-28
 0.14069967958815E-28
 0.14069967958815E-28
 0.14069967958815E-28
 0.14069967958815E-28
 0.14069967958815E-28
 0.14069967958815E-28
 0.14069967958815E-28
 0.14069967958815E-28
 0.14069967958815E-28
 0.14069967958815E-28
 0.14069967958815E-28
 0.14069967958815E-28
 0.14069967958815E-28
 0.50103475390928E-16
 0.72261173853527E-16
 0.75759015043873E-16
 0.12694313716190E-15
 0.11546768997756E-15
 0.66451985674255E-16
 0.10952871976537E-15
 0.14559061608613E-15
 0.11733996706327E-15
 0.13855675502006E-15
 0.14069967958815E-28
 0.14069967958815E-28
 0.14069967958815E-28
 0.14069967958815E-28
 0.14069967958815E-28
 0.14069967958815E-28
 0.14069967958815E-28
 0.14069967958815E-28
 0.14069967958815E-28
 0.14069967958815E-28
 0.14069967958815E-28
 0.14069967958815E-28
 0.14069967958815E-28
 0.14069967958815E-28
 0.14069967958815E-28
 0.14069967958815E-28
 0.14069967958815E-28
 0.14069967958815E-28
 0.14069967958815E-28
 0.14069967958815E-28
 0.14069967958815E-28
 0.14069967958815E-28
 0.14069967958815E-28
 0.14069967958815E-28
 0.14069967958815E-28
 0.14069967958815E-28
 0.14069967958815E-28
 0.14069967958815E-28
 0.14069967958815E-28
 0.14069967958815E-28
 0.14069967958815E-28
 0.14069967958815E-28
 0.14069967958815E-28
 0.14069967958815E-28
 0.14069967958815E-28
 0.14069967958815E-28
 0.14069967958815E-28
 0.14069967958815E-28
 0.14069967958815E-28
 0.59079647925702E-16
 0.67694720750000E-16
 0.56351739841275E-16
 0.10498691666635E-15
 0.16802103503742E-15
 0.10809967544416E-15
 0.11385248368301E-15
 0.10565801960058E-15
 0.78301788219649E-16
 0.13365075580981E-15
 0.12281971535819E-15
 0.14069967958815E-28
 0.14069967958815E-28
 0.14069967958815E-28
 0.14069967958815E-28
 0.14069967958815E-28
 0.14069967958815E-28
 0.14069967958815E-28
 0.14069967958815E-28
 0.14069967958815E-28
 0.14069967958815E-28
 0.14069967958815E-28
 0.14069967958815E-28
 0.14069967958815E-28
 0.14069967958815E-28
 0.14069967958815E-28
 0.14069967958815E-28
 0.14069967958815E-28
 0.14069967958815E-28
 0.14069967958815E-28
 0.14069967958815E-28
 0.14069967958815E-28
 0.14069967958815E-28
 0.14069967958815E-28
 0.14069967958815E-28
 0.14069967958815E-28
 0.14069967958815E-28
 0.14069967958815E-28
 0.14069967958815E-28
 0.14069967958815E-28
 0.14069967958815E-28
 0.14069967958815E-28
 0.14069967958815E-28
 0.14069967958815E-28
 0.14069967958815E-28
 0.14069967958815E-28
 0.14069967958815E-28
 0.14069967958815E-28
 0.74527774123634E-17
 0.68994546560031E-16
 0.73394714615949E-16
 0.12002494099528E-15
 0.16909869467418E-15
 0.16967610960273E-15
 0.14702971163493E-15
 0.15440269859675E-15
 0.17227140294013E-15
 0.17220530698826E-15
 0.12055082212659E-15
 0.15338249380951E-15
 0.14457131569168E-15
 0.14069967958815E-28
 0.14069967958815E-28
 0.14069967958815E-28
 0.14069967958815E-28
 0.14069967958815E-28
 0.14069967958815E-28
 0.14069967958815E-28
 0.14069967958815E-28
 0.14069967958815E-28
 0.14069967958815E-28
 0.14069967958815E-28
 0.14069967958815E-28
 0.14069967958815E-28
 0.14069967958815E-28
 0.14069967958815E-28
 0.14069967958815E-28
 0.14069967958815E-28
 0.14069967958815E-28
 0.14069967958815E-28
 0.14069967958815E-28
 0.14069967958815E-28
 0.14069967958815E-28
 0.14069967958815E-28
 0.14069967958815E-28
 0.14069967958815E-28
 0.14069967958815E-28
 0.14069967958815E-28
 0.14069967958815E-28
 0.14069967958815E-28
 0.14069967958815E-28
 0.14069967958815E-28
 0.14069967958815E-28
 0.14069967958815E-28
 0.14069967958815E-28
 0.14069967958815E-28
 0.14069967958815E-28
 0.44654200586315E-17
 0.81267718671507E-16
 0.15052815604076E-15
 0.21763064806283E-15
 0.17062531226018E-15
 0.21974601570165E-15
 0.25984991401028E-15
 0.18194491669301E-15
 0.20454653534354E-15
 0.14190722873524E-15
 0.21450528181461E-15
 0.18013376009405E-15
 0.19598970300273E-15
 0.20119897601133E-15
 0.14069967958815E-28
 0.14069967958815E-28
 0.14069967958815E-28
 0.14069967958815E-28
 0.14069967958815E-28
 0.14069967958815E-28
 0.14069967958815E-28
 0.14069967958815E-28
 0.14069967958815E-28
 0.14069967958815E-28
 0.14069967958815E-28
 0.14069967958815E-28
 0.14069967958815E-28
 0.14069967958815E-28
 0.14069967958815E-28
 0.14069967958815E-28
 0.14069967958815E-28
 0.14069967958815E-28
 0.14069967958815E-28
 0.14069967958815E-28
 0.14069967958815E-28
 0.14069967958815E-28
 0.14069967958815E-28
 0.14069967958815E-28
 0.14069967958815E-28
 0.14069967958815E-28
 0.14069967958815E-28
 0.14069967958815E-28
 0.14069967958815E-28
 0.14069967958815E-28
 0.14069967958815E-28
 0.14069967958815E-28
 0.14069967958815E-28
 0.14069967958815E-28
 0.14069967958815E-28
 0.54624941144356E-17
 0.43718319283153E-16
 0.25432653265953E-15
 0.22396115228477E-15
 0.24721188582001E-15
 0.24730092148721E-15
 0.26885805065582E-15
 0.27110904068614E-15
 0.25879562159258E-15
 0.15627433619797E-15
 0.24318981558809E-15
 0.18209554912576E-15
 0.21757759248643E-15
 0.20736358251507E-15
 0.21615865678964E-15
 0.14069967958815E-28
 0.14069967958815E-28
 0.14069967958815E-28
 0.14069967958815E-28
 0.14069967958815E-28
 0.14069967958815E-28
 0.14069967958815E-28
 0.14069967958815E-28
 0.14069967958815E-28
 0.14069967958815E-28
 0.14069967958815E-28
 0.14069967958815E-28
 0.14069967958815E-28
 0.14069967958815E-28
 0.14069967958815E-28
 0.14069967958815E-28
 0.14069967958815E-28
 0.14069967958815E-28
 0.14069967958815E-28
 0.14069967958815E-28
 0.14069967958815E-28
 0.14069967958815E-28
 0.14069967958815E-28
 0.14069967958815E-28
 0.14069967958815E-28
 0.14069967958815E-28
 0.14069967958815E-28
 0.14069967958815E-28
 0.14069967958815E-28
 0.14069967958815E-28
 0.14069967958815E-28
 0.14069967958815E-28
 0.14069967958815E-28
 0.14069967958815E-28
 0.14069967958815E-28
 0.75742026296991E-16
 0.26247037007874E-15
 0.38072784192569E-15
 0.37305330237550E-15
 0.33081369879695E-15
 0.24872696684711E-15
 0.21080822097915E-15
 0.24195600658854E-15
 0.32932263363837E-15
 0.27501728196158E-15
 0.23073019496881E-15
 0.23353609981545E-15
 0.24618966759112E-15
 0.17372183484738E-15
 0.23126056071541E-15
 0.14069967958815E-28
 0.14069967958815E-28
 0.14069967958815E-28
 0.14069967958815E-28
 0.14069967958815E-28
 0.14069967958815E-28
 0.14069967958815E-28
 0.14069967958815E-28
 0.14069967958815E-28
 0.14069967958815E-28
 0.14069967958815E-28
 0.14069967958815E-28
 0.14069967958815E-28
 0.14069967958815E-28
 0.14069967958815E-28
 0.14069967958815E-28
 0.14069967958815E-28
 0.14069967958815E-28
 0.14069967958815E-28
 0.14069967958815E-28
 0.14069967958815E-28
 0.14069967958815E-28
 0.14069967958815E-28
 0.14069967958815E-28
 0.14069967958815E-28
 0.14069967958815E-28
 0.14069967958815E-28
 0.14069967958815E-28
 0.14069967958815E-28
 0.14069967958815E-28
 0.14069967958815E-28
 0.14069967958815E-28
 0.14069967958815E-28
 0.14069967958815E-28
 0.29593268758939E-16
 0.34383593736065E-15
 0.29876042903946E-15
 0.47698414468346E-15
 0.45121639717318E-15
 0.43395558903434E-15
 0.36585530089402E-15
 0.38175629822909E-15
 0.34212556926242E-15
 0.35313649546884E-15
 0.30181799552542E-15
 0.33028414906036E-15
 0.31866678787837E-15
 0.24999995731158E-15
 0.28745549322086E-15
 0.23561282205142E-15
 0.14069967958815E-28
 0.14069967958815E-28
 0.14069967958815E-28
 0.14069967958815E-28
 0.14069967958815E-28
 0.14069967958815E-28
 0.14069967958815E-28
 0.14069967958815E-28
 0.14069967958815E-28
 0.14069967958815E-28
 0.14069967958815E-28
 0.14069967958815E-28
 0.14069967958815E-28
 0.14069967958815E-28
 0.14069967958815E-28
 0.14069967958815E-28
 0.14069967958815E-28
 0.14069967958815E-28
 0.14069967958815E-28
 0.14069967958815E-28
 0.14069967958815E-28
 0.14069967958815E-28
 0.14069967958815E-28
 0.14069967958815E-28
 0.14069967958815E-28
 0.14069967958815E-28
 0.14069967958815E-28
 0.14069967958815E-28
 0.14069967958815E-28
 0.14069967958815E-28
 0.14069967958815E-28
 0.14069967958815E-28
 0.14069967958815E-28
 0.10121012640888E-15
 0.25614745221550E-15
 0.52559805735740E-15
 0.37349790802613E-15
 0.49050253809724E-15
 0.53878235546417E-15
 0.46771590756491E-15
 0.53908134229074E-15
 0.56597529670737E-15
 0.33580795244802E-15
 0.40776654719282E-15
 0.42808016251955E-15
 0.31279851338751E-15
 0.30421689076706E-15
 0.38808599491281E-15
 0.28118195420852E-15
 0.29822137818165E-15
 0.14069967958815E-28
 0.14069967958815E-28
 0.14069967958815E-28
 0.14069967958815E-28
 0.14069967958815E-28
 0.14069967958815E-28
 0.14069967958815E-28
 0.14069967958815E-28
 0.14069967958815E-28
 0.14069967958815E-28
 0.14069967958815E-28
 0.14069967958815E-28
 0.14069967958815E-28
 0.14069967958815E-28
 0.14069967958815E-28
 0.14069967958815E-28
 0.14069967958815E-28
 0.14069967958815E-28
 0.14069967958815E-28
 0.14069967958815E-28
 0.14069967958815E-28
 0.14069967958815E-28
 0.14069967958815E-28
 0.14069967958815E-28
 0.14069967958815E-28
 0.14069967958815E-28
 0.14069967958815E-28
 0.14069967958815E-28
 0.14069967958815E-28
 0.14069967958815E-28
 0.14069967958815E-28
 0.14069967958815E-28
 0.10902828295274E-15
 0.55039506193836E-15
 0.76836699275874E-15
 0.62180710179076E-15
 0.75587659691448E-15
 0.61491853236585E-15
 0.72540554797431E-15
 0.68647297453436E-15
 0.59697530694872E-15
 0.62751926453217E-15
 0.53963621188846E-15
 0.39267681551921E-15
 0.46777493115567E-15
 0.42624337069447E-15
 0.32672578506776E-15
 0.32864908348548E-15
 0.35050779068919E-15
 0.44790581492392E-15
 0.14069967958815E-28
 0.14069967958815E-28
 0.14069967958815E-28
 0.14069967958815E-28
 0.14069967958815E-28
 0.14069967958815E-28
 0.14069967958815E-28
 0.14069967958815E-28
 0.14069967958815E-28
 0.14069967958815E-28
 0.14069967958815E-28
 0.14069967958815E-28
 0.14069967958815E-28
 0.14069967958815E-28
 0.14069967958815E-28
 0.14069967958815E-28
 0.14069967958815E-28
 0.14069967958815E-28
 0.14069967958815E-28
 0.14069967958815E-28
 0.14069967958815E-28
 0.14069967958815E-28
 0.14069967958815E-28
 0.14069967958815E-28
 0.14069967958815E-28
 0.14069967958815E-28
 0.14069967958815E-28
 0.14069967958815E-28
 0.14069967958815E-28
 0.14069967958815E-28
 0.14069967958815E-28
 0.15945827759884E-16
 0.57306505361115E-15
 0.61392145720885E-15
 0.95140773398462E-15
 0.10485935026175E-14
 0.90819459246937E-15
 0.83573970173161E-15
 0.92086143479087E-15
 0.76561330453808E-15
 0.63872356482173E-15
 0.54051118671538E-15
 0.67147214088178E-15
 0.50067586403360E-15
 0.59763394628759E-15
 0.49811963166666E-15
 0.58015546387395E-15
 0.49725312667285E-15
 0.49242834035349E-15
 0.52779499937394E-15
 0.14069967958815E-28
 0.14069967958815E-28
 0.14069967958815E-28
 0.14069967958815E-28
 0.14069967958815E-28
 0.14069967958815E-28
 0.14069967958815E-28
 0.14069967958815E-28
 0.14069967958815E-28
 0.14069967958815E-28
 0.14069967958815E-28
 0.14069967958815E-28
 0.14069967958815E-28
 0.14069967958815E-28
 0.14069967958815E-28
 0.14069967958815E-28
 0.14069967958815E-28
 0.14069967958815E-28
 0.14069967958815E-28
 0.14069967958815E-28
 0.14069967958815E-28
 0.14069967958815E-28
 0.14069967958815E-28
 0.14069967958815E-28
 0.14069967958815E-28
 0.14069967958815E-28
 0.14069967958815E-28
 0.14069967958815E-28
 0.14069967958815E-28
 0.14069967958815E-28
 0.43412765856907E-16
 0.66794994468587E-15
 0.12141011326442E-14
 0.83081244013204E-15
 0.11826335863015E-14
 0.10575375940370E-14
 0.11456044187872E-14
 0.12145329358675E-14
 0.10000890799486E-14
 0.83399359704915E-15
 0.67655314699164E-15
 0.73893529946124E-15
 0.72152007348030E-15
 0.71313328298308E-15
 0.69804578292182E-15
 0.66007436118423E-15
 0.70128991359935E-15
 0.68150577493120E-15
 0.57660162169189E-15
 0.50316277468773E-15
 0.14069967958815E-28
 0.14069967958815E-28
 0.14069967958815E-28
 0.14069967958815E-28
 0.14069967958815E-28
 0.14069967958815E-28
 0.14069967958815E-28
 0.14069967958815E-28
 0.14069967958815E-28
 0.14069967958815E-28
 0.14069967958815E-28
 0.14069967958815E-28
 0.14069967958815E-28
 0.14069967958815E-28
 0.14069967958815E-28
 0.14069967958815E-28
 0.14069967958815E-28
 0.14069967958815E-28
 0.14069967958815E-28
 0.14069967958815E-28
 0.14069967958815E-28
 0.14069967958815E-28
 0.14069967958815E-28
 0.14069967958815E-28
 0.14069967958815E-28
 0.14069967958815E-28
 0.14069967958815E-28
 0.14069967958815E-28
 0.14069967958815E-28
 0.14069967958815E-28
 0.86762370127537E-15
 0.16096213146042E-14
 0.17545135706916E-14
 0.18604932192909E-14
 0.19026252035287E-14
 0.16341683237475E-14
 0.14060902819905E-14
 0.16143975108504E-14
 0.14597034022597E-14
 0.11595192057974E-14
 0.94269749420618E-15
 0.98062185329717E-15
 0.88142869120280E-15
 0.84096085444877E-15
 0.96046147948632E-15
 0.98610481767203E-15
 0.75027522638150E-15
 0.60888426294530E-15
 0.41546451222725E-15
 0.35165395309043E-15
 0.14069967958815E-28
 0.14069967958815E-28
 0.14069967958815E-28
 0.14069967958815E-28
 0.14069967958815E-28
 0.14069967958815E-28
 0.14069967958815E-28
 0.14069967958815E-28
 0.14069967958815E-28
 0.14069967958815E-28
 0.14069967958815E-28
 0.14069967958815E-28
 0.14069967958815E-28
 0.14069967958815E-28
 0.14069967958815E-28
 0.14069967958815E-28
 0.14069967958815E-28
 0.14069967958815E-28
 0.14069967958815E-28
 0.14069967958815E-28
 0.14069967958815E-28
 0.14069967958815E-28
 0.14069967958815E-28
 0.14069967958815E-28
 0.14069967958815E-28
 0.14069967958815E-28
 0.14069967958815E-28
 0.14069967958815E-28
 0.14069967958815E-28
 0.27051974703478E-15
 0.19900775639353E-14
 0.23829478395733E-14
 0.24185509929993E-14
 0.21197708377161E-14
 0.25510496781065E-14
 0.20273691555902E-14
 0.20877450747209E-14
 0.18270778933466E-14
 0.18929397539276E-14
 0.14197840297153E-14
 0.10376886338847E-14
 0.11503566654434E-14
 0.11382090813951E-14
 0.12638643440602E-14
 0.99918499496145E-15
 0.83216505345517E-15
 0.60790742947664E-15
 0.50408369224281E-15
 0.39820212152732E-15
 0.37887968638150E-15
 0.14069967958815E-28
 0.14069967958815E-28
 0.14069967958815E-28
 0.14069967958815E-28
 0.14069967958815E-28
 0.14069967958815E-28
 0.14069967958815E-28
 0.14069967958815E-28
 0.14069967958815E-28
 0.14069967958815E-28
 0.14069967958815E-28
 0.14069967958815E-28
 0.14069967958815E-28
 0.14069967958815E-28
 0.14069967958815E-28
 0.14069967958815E-28
 0.14069967958815E-28
 0.14069967958815E-28
 0.14069967958815E-28
 0.14069967958815E-28
 0.14069967958815E-28
 0.14069967958815E-28
 0.14069967958815E-28
 0.14069967958815E-28
 0.14069967958815E-28
 0.14069967958815E-28
 0.14069967958815E-28
 0.14069967958815E-28
 0.32702804114896E-15
 0.38199282759493E-14
 0.38030790850619E-14
 0.37154544234806E-14
 0.36603262435479E-14
 0.33741146521428E-14
 0.30863546211743E-14
 0.24068492178438E-14
 0.25289759188997E-14
 0.20887838020021E-14
 0.18930280623553E-14
 0.17246745888838E-14
 0.18001559881882E-14
 0.16217688716326E-14
 0.14934428870108E-14
 0.11940938962014E-14
 0.84574816010018E-15
 0.70042124009766E-15
 0.46527171057049E-15
 0.49479146711762E-15
 0.37271195863518E-15
 0.31992367853444E-15
 0.14069967958815E-28
 0.14069967958815E-28
 0.14069967958815E-28
 0.14069967958815E-28
 0.14069967958815E-28
 0.14069967958815E-28
 0.14069967958815E-28
 0.14069967958815E-28
 0.14069967958815E-28
 0.14069967958815E-28
 0.14069967958815E-28
 0.14069967958815E-28
 0.14069967958815E-28
 0.14069967958815E-28
 0.14069967958815E-28
 0.14069967958815E-28
 0.14069967958815E-28
 0.14069967958815E-28
 0.14069967958815E-28
 0.14069967958815E-28
 0.14069967958815E-28
 0.14069967958815E-28
 0.14069967958815E-28
 0.14069967958815E-28
 0.14069967958815E-28
 0.14069967958815E-28
 0.14069967958815E-28
 0.92351908334047E-16
 0.32297183657517E-14
 0.69796110434994E-14
 0.54761847630078E-14
 0.53279922756437E-14
 0.48994365724605E-14
 0.43382023757736E-14
 0.41094944322441E-14
 0.34446653940201E-14
 0.35204104096973E-14
 0.27098704872250E-14
 0.28393093936197E-14
 0.21980783143485E-14
 0.20144981437419E-14
 0.14949514580726E-14
 0.11907587409902E-14
 0.82617369463084E-15
 0.92648770918538E-15
 0.58321923072676E-15
 0.48386696091126E-15
 0.41870760051167E-15
 0.34267205982740E-15
 0.29808664295639E-15
 0.14069967958815E-28
 0.14069967958815E-28
 0.14069967958815E-28
 0.14069967958815E-28
 0.14069967958815E-28
 0.14069967958815E-28
 0.14069967958815E-28
 0.14069967958815E-28
 0.14069967958815E-28
 0.14069967958815E-28
 0.14069967958815E-28
 0.14069967958815E-28
 0.14069967958815E-28
 0.14069967958815E-28
 0.14069967958815E-28
 0.14069967958815E-28
 0.14069967958815E-28
 0.14069967958815E-28
 0.14069967958815E-28
 0.14069967958815E-28
 0.14069967958815E-28
 0.14069967958815E-28
 0.14069967958815E-28
 0.14069967958815E-28
 0.14069967958815E-28
 0.14069967958815E-28
 0.14069967958815E-28
 0.36699536153882E-14
 0.12411883053255E-13
 0.12605473309966E-13
 0.94967119870449E-14
 0.88151052408185E-14
 0.75794932986180E-14
 0.56460276543362E-14
 0.52455094012276E-14
 0.44521594047066E-14
 0.34736122936878E-14
 0.39288972404268E-14
 0.34091546162460E-14
 0.21076276571115E-14
 0.18174562099126E-14
 0.14255223630925E-14
 0.11795811084076E-14
 0.87918179307024E-15
 0.70860945910960E-15
 0.63157916352979E-15
 0.50714285531960E-15
 0.39096393381390E-15
 0.38220203058880E-15
 0.30156030690055E-15
 0.14069967958815E-28
 0.14069967958815E-28
 0.14069967958815E-28
 0.14069967958815E-28
 0.14069967958815E-28
 0.14069967958815E-28
 0.14069967958815E-28
 0.14069967958815E-28
 0.14069967958815E-28
 0.14069967958815E-28
 0.14069967958815E-28
 0.14069967958815E-28
 0.14069967958815E-28
 0.14069967958815E-28
 0.14069967958815E-28
 0.14069967958815E-28
 0.14069967958815E-28
 0.14069967958815E-28
 0.14069967958815E-28
 0.14069967958815E-28
 0.14069967958815E-28
 0.14069967958815E-28
 0.14069967958815E-28
 0.14069967958815E-28
 0.14069967958815E-28
 0.14069967958815E-28
 0.24405704936725E-14
 0.19219612518049E-13
 0.19313326214894E-13
 0.17716467109123E-13
 0.14272049446298E-13
 0.11322164685181E-13
 0.89092675202235E-14
 0.80094649566609E-14
 0.68241871309374E-14
 0.61298586467883E-14
 0.50626639923921E-14
 0.38199937238379E-14
 0.28913243254925E-14
 0.20047665673369E-14
 0.15495673276056E-14
 0.12091805076610E-14
 0.11690298511734E-14
 0.10066544816325E-14
 0.76686842900008E-15
 0.62488527744946E-15
 0.49314254123108E-15
 0.39069028514445E-15
 0.33792344376419E-15
 0.25934393131069E-15
 0.14069967958815E-28
 0.14069967958815E-28
 0.14069967958815E-28
 0.14069967958815E-28
 0.14069967958815E-28
 0.14069967958815E-28
 0.14069967958815E-28
 0.14069967958815E-28
 0.14069967958815E-28
 0.14069967958815E-28
 0.14069967958815E-28
 0.14069967958815E-28
 0.14069967958815E-28
 0.14069967958815E-28
 0.14069967958815E-28
 0.14069967958815E-28
 0.14069967958815E-28
 0.14069967958815E-28
 0.14069967958815E-28
 0.14069967958815E-28
 0.14069967958815E-28
 0.14069967958815E-28
 0.14069967958815E-28
 0.14069967958815E-28
 0.14069967958815E-28
 0.14069967958815E-28
 0.21615089963257E-13
 0.39259431900705E-13
 0.34547396900158E-13
 0.25873986081628E-13
 0.20294121015265E-13
 0.16859162891677E-13
 0.13139002540104E-13
 0.10593739412663E-13
 0.83920573840927E-14
 0.56507845508168E-14
 0.40068672108890E-14
 0.30770416578391E-14
 0.25538922885524E-14
 0.21441117935729E-14
 0.14857512555323E-14
 0.11565304992222E-14
 0.79290345900656E-15
 0.83158618785170E-15
 0.62206080026068E-15
 0.54236759995013E-15
 0.32741522934033E-15
 0.40966227940516E-15
 0.36719599664183E-15
 0.29103295263274E-15
 0.14069967958815E-28
 0.14069967958815E-28
 0.14069967958815E-28
 0.14069967958815E-28
 0.14069967958815E-28
 0.14069967958815E-28
 0.14069967958815E-28
 0.14069967958815E-28
 0.14069967958815E-28
 0.14069967958815E-28
 0.14069967958815E-28
 0.14069967958815E-28
 0.14069967958815E-28
 0.14069967958815E-28
 0.14069967958815E-28
 0.14069967958815E-28
 0.14069967958815E-28
 0.14069967958815E-28
 0.14069967958815E-28
 0.14069967958815E-28
 0.14069967958815E-28
 0.14069967958815E-28
 0.14069967958815E-28
 0.14069967958815E-28
 0.14069967958815E-28
 0.85287372176397E-14
 0.57508747164803E-13
 0.58389022546047E-13
 0.44763047592294E-13
 0.37605179921281E-13
 0.27899847670015E-13
 0.23152792377319E-13
 0.18111157845879E-13
 0.11771232522863E-13
 0.76399591895789E-14
 0.52789619082350E-14
 0.37365111538979E-14
 0.25062460969349E-14
 0.28043861453866E-14
 0.16041791781830E-14
 0.13443369719962E-14
 0.12346506495539E-14
 0.10405783057725E-14
 0.81717977123781E-15
 0.66133274531124E-15
 0.43850352581778E-15
 0.44231951807325E-15
 0.42006059032581E-15
 0.41105575749273E-15
 0.24867316465664E-15
 0.14069967958815E-28
 0.14069967958815E-28
 0.14069967958815E-28
 0.14069967958815E-28
 0.14069967958815E-28
 0.14069967958815E-28
 0.14069967958815E-28
 0.14069967958815E-28
 0.14069967958815E-28
 0.14069967958815E-28
 0.14069967958815E-28
 0.14069967958815E-28
 0.14069967958815E-28
 0.31116540901628E-16
 0.31116540901628E-16
 0.14386269670241E-15
 0.54424302049075E-16
 0.14069967958815E-28
 0.14069967958815E-28
 0.14069967958815E-28
 0.14069967958815E-28
 0.14069967958815E-28
 0.14069967958815E-28
 0.14069967958815E-28
 0.14069967958815E-28
 0.46013936461748E-13
 0.74745451319280E-13
 0.70454580310442E-13
 0.58187093929172E-13
 0.47285464711726E-13
 0.32611599079858E-13
 0.24941881561767E-13
 0.14950864148939E-13
 0.10974146993425E-13
 0.79227112801863E-14
 0.49763743441864E-14
 0.33884003435681E-14
 0.30793116924986E-14
 0.21983567112584E-14
 0.11477588546722E-14
 0.14463187585720E-14
 0.12637730900181E-14
 0.72485327644666E-15
 0.65027562174188E-15
 0.40205278807640E-15
 0.36835986272266E-15
 0.37647862032617E-15
 0.36888518715528E-15
 0.26552529861333E-15
 0.20336765295667E-15
 0.97236618233213E-17
 0.14069967958815E-28
 0.15529105728679E-16
 0.32318287139909E-16
 0.10011108322680E-16
 0.11532898534248E-15
 0.15375443773030E-15
 0.95612780212509E-16
 0.25243770859988E-15
 0.48294320527013E-15
 0.29500022143844E-15
 0.64092023852373E-15
 0.11344471150210E-14
 0.10397178299580E-14
 0.21227150360847E-14
 0.35671883090639E-14
 0.46427596811346E-14
 0.64654558648346E-14
 0.12162023739586E-13
 0.16181927795418E-13
 0.21763287702245E-13
 0.22061003237533E-13
 0.16140317304795E-13
 0.23971609670419E-14
 0.14069967958815E-28
 0.55133393711431E-13
 0.76632117456211E-13
 0.74963184234485E-13
 0.70145167197490E-13
 0.49373649310604E-13
 0.34363547387160E-13
 0.22446743823296E-13
 0.15005829032511E-13
 0.10572587947800E-13
 0.66923591945862E-14
 0.57080692044369E-14
 0.34061603514147E-14
 0.25466009308992E-14
 0.23059230423592E-14
 0.15982741289683E-14
 0.13776530676676E-14
 0.10977737207956E-14
 0.56999992386936E-15
 0.58163613641259E-15
 0.53862346809327E-15
 0.48536098338712E-15
 0.35019882144676E-15
 0.18343632106634E-15
 0.24009972986272E-15
 0.18486166869453E-15
 0.70191499135767E-16
 0.13369754063996E-15
 0.14090926146127E-15
 0.23674123808048E-15
 0.14891013209920E-15
 0.31055950265662E-15
 0.36264679654264E-15
 0.59855271708964E-15
 0.52746906364137E-15
 0.65473721818548E-15
 0.90196503830052E-15
 0.10448392283209E-14
 0.16302105757461E-14
 0.26769209081641E-14
 0.35481739392425E-14
 0.56974684509301E-14
 0.75155221645413E-14
 0.14321222363771E-13
 0.21117856479049E-13
 0.28805194050207E-13
 0.54814708579111E-13
 0.68833143187653E-13
 0.76122752459702E-13
 0.52738038396534E-13
 0.14069967958815E-28
 0.17978385545771E-13
 0.75510930448200E-13
 0.76311379136461E-13
 0.69437668331104E-13
 0.52791670705745E-13
 0.33010987959432E-13
 0.22042546523804E-13
 0.15290513369525E-13
 0.12244729507030E-13
 0.72871483231147E-14
 0.50429872328561E-14
 0.32146179392432E-14
 0.24576843517837E-14
 0.19861352841881E-14
 0.14226573784140E-14
 0.84711426103501E-15
 0.67605859967081E-15
 0.50170652525923E-15
 0.60184098892302E-15
 0.41388967411720E-15
 0.36927905804847E-15
 0.26209201946911E-15
 0.25645113770658E-15
 0.20758617329138E-15
 0.16257640447509E-15
 0.16257640447509E-15
 0.20758617329138E-15
 0.25645113770658E-15
 0.26209201946911E-15
 0.36927905804847E-15
 0.41388967411720E-15
 0.60184098892302E-15
 0.50170652525923E-15
 0.67605859967080E-15
 0.84711426103501E-15
 0.14226573784140E-14
 0.19861352841881E-14
 0.24576843517837E-14
 0.32146179392432E-14
 0.50429872328561E-14
 0.72871483231146E-14
 0.12244729507030E-13
 0.15290513369525E-13
 0.22042546523804E-13
 0.33010987959432E-13
 0.52791670705745E-13
 0.69437668331104E-13
 0.76311379136461E-13
 0.75510930448200E-13
 0.17978385545772E-13
 0.14069967958815E-28
 0.52738038396534E-13
 0.76122752459702E-13
 0.68833143187653E-13
 0.54814708579111E-13
 0.28805194050207E-13
 0.21117856479049E-13
 0.14321222363771E-13
 0.75155221645413E-14
 0.56974684509302E-14
 0.35481739392425E-14
 0.26769209081641E-14
 0.16302105757461E-14
 0.10448392283209E-14
 0.90196503830053E-15
 0.65473721818548E-15
 0.52746906364137E-15
 0.59855271708965E-15
 0.36264679654264E-15
 0.31055950265662E-15
 0.14891013209920E-15
 0.23674123808047E-15
 0.14090926146128E-15
 0.13369754063995E-15
 0.70191499135767E-16
 0.18486166869453E-15
 0.24009972986272E-15
 0.18343632106634E-15
 0.35019882144676E-15
 0.48536098338712E-15
 0.53862346809327E-15
 0.58163613641260E-15
 0.56999992386936E-15
 0.10977737207956E-14
 0.13776530676676E-14
 0.15982741289683E-14
 0.23059230423592E-14
 0.25466009308992E-14
 0.34061603514147E-14
 0.57080692044369E-14
 0.66923591945862E-14
 0.10572587947800E-13
 0.15005829032511E-13
 0.22446743823296E-13
 0.34363547387160E-13
 0.49373649310604E-13
 0.70145167197490E-13
 0.74963184234485E-13
 0.76632117456211E-13
 0.55133393711431E-13
 0.14069967958815E-28
 0.23971609670419E-14
 0.16140317304795E-13
 0.22061003237533E-13
 0.21763287702245E-13
 0.16181927795418E-13
 0.12162023739586E-13
 0.64654558648347E-14
 0.46427596811346E-14
 0.35671883090639E-14
 0.21227150360847E-14
 0.10397178299581E-14
 0.11344471150210E-14
 0.64092023852373E-15
 0.29500022143844E-15
 0.48294320527013E-15
 0.25243770859988E-15
 0.95612780212508E-16
 0.15375443773030E-15
 0.11532898534247E-15
 0.10011108322680E-16
 0.32318287139909E-16
 0.15529105728680E-16
 0.14069967958815E-28
 0.97236618233215E-17
 0.20336765295667E-15
 0.26552529861333E-15
 0.36888518715528E-15
 0.37647862032617E-15
 0.36835986272266E-15
 0.40205278807640E-15
 0.65027562174189E-15
 0.72485327644667E-15
 0.12637730900181E-14
 0.14463187585720E-14
 0.11477588546722E-14
 0.21983567112584E-14
 0.30793116924986E-14
 0.33884003435681E-14
 0.49763743441863E-14
 0.79227112801863E-14
 0.10974146993425E-13
 0.14950864148939E-13
 0.24941881561767E-13
 0.32611599079858E-13
 0.47285464711726E-13
 0.58187093929172E-13
 0.70454580310442E-13
 0.74745451319280E-13
 0.46013936461748E-13
 0.14069967958815E-28
 0.14069967958815E-28
 0.14069967958815E-28
 0.14069967958815E-28
 0.14069967958815E-28
 0.14069967958815E-28
 0.14069967958815E-28
 0.14069967958815E-28
 0.54424302049074E-16
 0.14386269670241E-15
 0.31116540901628E-16
 0.31116540901628E-16
 0.14069967958815E-28
 0.14069967958815E-28
 0.14069967958815E-28
 0.14069967958815E-28
 0.14069967958815E-28
 0.14069967958815E-28
 0.14069967958815E-28
 0.14069967958815E-28
 0.14069967958815E-28
 0.14069967958815E-28
 0.14069967958815E-28
 0.14069967958815E-28
 0.14069967958815E-28
 0.24867316465664E-15
 0.41105575749273E-15
 0.42006059032581E-15
 0.44231951807325E-15
 0.43850352581778E-15
 0.66133274531123E-15
 0.81717977123781E-15
 0.10405783057725E-14
 0.12346506495539E-14
 0.13443369719962E-14
 0.16041791781830E-14
 0.28043861453866E-14
 0.25062460969349E-14
 0.37365111538979E-14
 0.52789619082349E-14
 0.76399591895789E-14
 0.11771232522863E-13
 0.18111157845879E-13
 0.23152792377319E-13
 0.27899847670015E-13
 0.37605179921281E-13
 0.44763047592294E-13
 0.58389022546047E-13
 0.57508747164803E-13
 0.85287372176397E-14
 0.14069967958815E-28
 0.14069967958815E-28
 0.14069967958815E-28
 0.14069967958815E-28
 0.14069967958815E-28
 0.14069967958815E-28
 0.14069967958815E-28
 0.14069967958815E-28
 0.14069967958815E-28
 0.14069967958815E-28
 0.14069967958815E-28
 0.14069967958815E-28
 0.14069967958815E-28
 0.14069967958815E-28
 0.14069967958815E-28
 0.14069967958815E-28
 0.14069967958815E-28
 0.14069967958815E-28
 0.14069967958815E-28
 0.14069967958815E-28
 0.14069967958815E-28
 0.14069967958815E-28
 0.14069967958815E-28
 0.14069967958815E-28
 0.14069967958815E-28
 0.29103295263274E-15
 0.36719599664183E-15
 0.40966227940516E-15
 0.32741522934033E-15
 0.54236759995013E-15
 0.62206080026067E-15
 0.83158618785171E-15
 0.79290345900656E-15
 0.11565304992222E-14
 0.14857512555323E-14
 0.21441117935729E-14
 0.25538922885524E-14
 0.30770416578391E-14
 0.40068672108890E-14
 0.56507845508168E-14
 0.83920573840927E-14
 0.10593739412663E-13
 0.13139002540104E-13
 0.16859162891677E-13
 0.20294121015265E-13
 0.25873986081628E-13
 0.34547396900158E-13
 0.39259431900705E-13
 0.21615089963257E-13
 0.14069967958815E-28
 0.14069967958815E-28
 0.14069967958815E-28
 0.14069967958815E-28
 0.14069967958815E-28
 0.14069967958815E-28
 0.14069967958815E-28
 0.14069967958815E-28
 0.14069967958815E-28
 0.14069967958815E-28
 0.14069967958815E-28
 0.14069967958815E-28
 0.14069967958815E-28
 0.14069967958815E-28
 0.14069967958815E-28
 0.14069967958815E-28
 0.14069967958815E-28
 0.14069967958815E-28
 0.14069967958815E-28
 0.14069967958815E-28
 0.14069967958815E-28
 0.14069967958815E-28
 0.14069967958815E-28
 0.14069967958815E-28
 0.14069967958815E-28
 0.14069967958815E-28
 0.25934393131069E-15
 0.33792344376419E-15
 0.39069028514445E-15
 0.49314254123108E-15
 0.62488527744947E-15
 0.76686842900010E-15
 0.10066544816325E-14
 0.11690298511734E-14
 0.12091805076610E-14
 0.15495673276056E-14
 0.20047665673370E-14
 0.28913243254925E-14
 0.38199937238379E-14
 0.50626639923921E-14
 0.61298586467883E-14
 0.68241871309374E-14
 0.80094649566609E-14
 0.89092675202235E-14
 0.11322164685181E-13
 0.14272049446298E-13
 0.17716467109124E-13
 0.19313326214894E-13
 0.19219612518049E-13
 0.24405704936726E-14
 0.14069967958815E-28
 0.14069967958815E-28
 0.14069967958815E-28
 0.14069967958815E-28
 0.14069967958815E-28
 0.14069967958815E-28
 0.14069967958815E-28
 0.14069967958815E-28
 0.14069967958815E-28
 0.14069967958815E-28
 0.14069967958815E-28
 0.14069967958815E-28
 0.14069967958815E-28
 0.14069967958815E-28
 0.14069967958815E-28
 0.14069967958815E-28
 0.14069967958815E-28
 0.14069967958815E-28
 0.14069967958815E-28
 0.14069967958815E-28
 0.14069967958815E-28
 0.14069967958815E-28
 0.14069967958815E-28
 0.14069967958815E-28
 0.14069967958815E-28
 0.14069967958815E-28
 0.30156030690055E-15
 0.38220203058880E-15
 0.39096393381390E-15
 0.50714285531960E-15
 0.63157916352978E-15
 0.70860945910960E-15
 0.87918179307024E-15
 0.11795811084076E-14
 0.14255223630925E-14
 0.18174562099126E-14
 0.21076276571115E-14
 0.34091546162460E-14
 0.39288972404268E-14
 0.34736122936878E-14
 0.44521594047066E-14
 0.52455094012277E-14
 0.56460276543362E-14
 0.75794932986179E-14
 0.88151052408185E-14
 0.94967119870449E-14
 0.12605473309966E-13
 0.12411883053255E-13
 0.36699536153882E-14
 0.14069967958815E-28
 0.14069967958815E-28
 0.14069967958815E-28
 0.14069967958815E-28
 0.14069967958815E-28
 0.14069967958815E-28
 0.14069967958815E-28
 0.14069967958815E-28
 0.14069967958815E-28
 0.14069967958815E-28
 0.14069967958815E-28
 0.14069967958815E-28
 0.14069967958815E-28
 0.14069967958815E-28
 0.14069967958815E-28
 0.14069967958815E-28
 0.14069967958815E-28
 0.14069967958815E-28
 0.14069967958815E-28
 0.14069967958815E-28
 0.14069967958815E-28
 0.14069967958815E-28
 0.14069967958815E-28
 0.14069967958815E-28
 0.14069967958815E-28
 0.14069967958815E-28
 0.14069967958815E-28
 0.29808664295639E-15
 0.34267205982740E-15
 0.41870760051167E-15
 0.48386696091126E-15
 0.58321923072676E-15
 0.92648770918539E-15
 0.82617369463083E-15
 0.11907587409902E-14
 0.14949514580726E-14
 0.20144981437419E-14
 0.21980783143485E-14
 0.28393093936197E-14
 0.27098704872250E-14
 0.35204104096973E-14
 0.34446653940201E-14
 0.41094944322441E-14
 0.43382023757736E-14
 0.48994365724605E-14
 0.53279922756437E-14
 0.54761847630078E-14
 0.69796110434994E-14
 0.32297183657517E-14
 0.92351908334047E-16
 0.14069967958815E-28
 0.14069967958815E-28
 0.14069967958815E-28
 0.14069967958815E-28
 0.14069967958815E-28
 0.14069967958815E-28
 0.14069967958815E-28
 0.14069967958815E-28
 0.14069967958815E-28
 0.14069967958815E-28
 0.14069967958815E-28
 0.14069967958815E-28
 0.14069967958815E-28
 0.14069967958815E-28
 0.14069967958815E-28
 0.14069967958815E-28
 0.14069967958815E-28
 0.14069967958815E-28
 0.14069967958815E-28
 0.14069967958815E-28
 0.14069967958815E-28
 0.14069967958815E-28
 0.14069967958815E-28
 0.14069967958815E-28
 0.14069967958815E-28
 0.14069967958815E-28
 0.14069967958815E-28
 0.31992367853444E-15
 0.37271195863518E-15
 0.49479146711762E-15
 0.46527171057050E-15
 0.70042124009766E-15
 0.84574816010017E-15
 0.11940938962014E-14
 0.14934428870108E-14
 0.16217688716326E-14
 0.18001559881882E-14
 0.17246745888838E-14
 0.18930280623553E-14
 0.20887838020021E-14
 0.25289759188997E-14
 0.24068492178438E-14
 0.30863546211743E-14
 0.33741146521428E-14
 0.36603262435479E-14
 0.37154544234806E-14
 0.38030790850619E-14
 0.38199282759493E-14
 0.32702804114896E-15
 0.14069967958815E-28
 0.14069967958815E-28
 0.14069967958815E-28
 0.14069967958815E-28
 0.14069967958815E-28
 0.14069967958815E-28
 0.14069967958815E-28
 0.14069967958815E-28
 0.14069967958815E-28
 0.14069967958815E-28
 0.14069967958815E-28
 0.14069967958815E-28
 0.14069967958815E-28
 0.14069967958815E-28
 0.14069967958815E-28
 0.14069967958815E-28
 0.14069967958815E-28
 0.14069967958815E-28
 0.14069967958815E-28
 0.14069967958815E-28
 0.14069967958815E-28
 0.14069967958815E-28
 0.14069967958815E-28
 0.14069967958815E-28
 0.14069967958815E-28
 0.14069967958815E-28
 0.14069967958815E-28
 0.14069967958815E-28
 0.37887968638150E-15
 0.39820212152732E-15
 0.50408369224281E-15
 0.60790742947664E-15
 0.83216505345517E-15
 0.99918499496146E-15
 0.12638643440602E-14
 0.11382090813951E-14
 0.11503566654434E-14
 0.10376886338847E-14
 0.14197840297153E-14
 0.18929397539276E-14
 0.18270778933466E-14
 0.20877450747209E-14
 0.20273691555902E-14
 0.25510496781065E-14
 0.21197708377161E-14
 0.24185509929994E-14
 0.23829478395733E-14
 0.19900775639353E-14
 0.27051974703478E-15
 0.14069967958815E-28
 0.14069967958815E-28
 0.14069967958815E-28
 0.14069967958815E-28
 0.14069967958815E-28
 0.14069967958815E-28
 0.14069967958815E-28
 0.14069967958815E-28
 0.14069967958815E-28
 0.14069967958815E-28
 0.14069967958815E-28
 0.14069967958815E-28
 0.14069967958815E-28
 0.14069967958815E-28
 0.14069967958815E-28
 0.14069967958815E-28
 0.14069967958815E-28
 0.14069967958815E-28
 0.14069967958815E-28
 0.14069967958815E-28
 0.14069967958815E-28
 0.14069967958815E-28
 0.14069967958815E-28
 0.14069967958815E-28
 0.14069967958815E-28
 0.14069967958815E-28
 0.14069967958815E-28
 0.14069967958815E-28
 0.14069967958815E-28
 0.35165395309044E-15
 0.41546451222725E-15
 0.60888426294530E-15
 0.75027522638150E-15
 0.98610481767203E-15
 0.96046147948633E-15
 0.84096085444877E-15
 0.88142869120281E-15
 0.98062185329717E-15
 0.94269749420617E-15
 0.11595192057974E-14
 0.14597034022597E-14
 0.16143975108504E-14
 0.14060902819905E-14
 0.16341683237475E-14
 0.19026252035287E-14
 0.18604932192909E-14
 0.17545135706916E-14
 0.16096213146042E-14
 0.86762370127536E-15
 0.14069967958815E-28
 0.14069967958815E-28
 0.14069967958815E-28
 0.14069967958815E-28
 0.14069967958815E-28
 0.14069967958815E-28
 0.14069967958815E-28
 0.14069967958815E-28
 0.14069967958815E-28
 0.14069967958815E-28
 0.14069967958815E-28
 0.14069967958815E-28
 0.14069967958815E-28
 0.14069967958815E-28
 0.14069967958815E-28
 0.14069967958815E-28
 0.14069967958815E-28
 0.14069967958815E-28
 0.14069967958815E-28
 0.14069967958815E-28
 0.14069967958815E-28
 0.14069967958815E-28
 0.14069967958815E-28
 0.14069967958815E-28
 0.14069967958815E-28
 0.14069967958815E-28
 0.14069967958815E-28
 0.14069967958815E-28
 0.14069967958815E-28
 0.14069967958815E-28
 0.50316277468774E-15
 0.57660162169188E-15
 0.68150577493120E-15
 0.70128991359935E-15
 0.66007436118423E-15
 0.69804578292182E-15
 0.71313328298308E-15
 0.72152007348030E-15
 0.73893529946123E-15
 0.67655314699164E-15
 0.83399359704916E-15
 0.10000890799487E-14
 0.12145329358675E-14
 0.11456044187872E-14
 0.10575375940370E-14
 0.11826335863015E-14
 0.83081244013206E-15
 0.12141011326441E-14
 0.66794994468588E-15
 0.43412765856907E-16
 0.14069967958815E-28
 0.14069967958815E-28
 0.14069967958815E-28
 0.14069967958815E-28
 0.14069967958815E-28
 0.14069967958815E-28
 0.14069967958815E-28
 0.14069967958815E-28
 0.14069967958815E-28
 0.14069967958815E-28
 0.14069967958815E-28
 0.14069967958815E-28
 0.14069967958815E-28
 0.14069967958815E-28
 0.14069967958815E-28
 0.14069967958815E-28
 0.14069967958815E-28
 0.14069967958815E-28
 0.14069967958815E-28
 0.14069967958815E-28
 0.14069967958815E-28
 0.14069967958815E-28
 0.14069967958815E-28
 0.14069967958815E-28
 0.14069967958815E-28
 0.14069967958815E-28
 0.14069967958815E-28
 0.14069967958815E-28
 0.14069967958815E-28
 0.14069967958815E-28
 0.52779499937393E-15
 0.49242834035349E-15
 0.49725312667285E-15
 0.58015546387395E-15
 0.49811963166666E-15
 0.59763394628759E-15
 0.50067586403360E-15
 0.67147214088178E-15
 0.54051118671538E-15
 0.63872356482173E-15
 0.76561330453809E-15
 0.92086143479087E-15
 0.83573970173160E-15
 0.90819459246937E-15
 0.10485935026175E-14
 0.95140773398461E-15
 0.61392145720885E-15
 0.57306505361116E-15
 0.15945827759884E-16
 0.14069967958815E-28
 0.14069967958815E-28
 0.14069967958815E-28
 0.14069967958815E-28
 0.14069967958815E-28
 0.14069967958815E-28
 0.14069967958815E-28
 0.14069967958815E-28
 0.14069967958815E-28
 0.14069967958815E-28
 0.14069967958815E-28
 0.14069967958815E-28
 0.14069967958815E-28
 0.14069967958815E-28
 0.14069967958815E-28
 0.14069967958815E-28
 0.14069967958815E-28
 0.14069967958815E-28
 0.14069967958815E-28
 0.14069967958815E-28
 0.14069967958815E-28
 0.14069967958815E-28
 0.14069967958815E-28
 0.14069967958815E-28
 0.14069967958815E-28
 0.14069967958815E-28
 0.14069967958815E-28
 0.14069967958815E-28
 0.14069967958815E-28
 0.14069967958815E-28
 0.14069967958815E-28
 0.44790581492392E-15
 0.35050779068918E-15
 0.32864908348548E-15
 0.32672578506776E-15
 0.42624337069447E-15
 0.46777493115568E-15
 0.39267681551921E-15
 0.53963621188847E-15
 0.62751926453216E-15
 0.59697530694872E-15
 0.68647297453436E-15
 0.72540554797432E-15
 0.61491853236584E-15
 0.75587659691449E-15
 0.62180710179076E-15
 0.76836699275874E-15
 0.55039506193836E-15
 0.10902828295274E-15
 0.14069967958815E-28
 0.14069967958815E-28
 0.14069967958815E-28
 0.14069967958815E-28
 0.14069967958815E-28
 0.14069967958815E-28
 0.14069967958815E-28
 0.14069967958815E-28
 0.14069967958815E-28
 0.14069967958815E-28
 0.14069967958815E-28
 0.14069967958815E-28
 0.14069967958815E-28
 0.14069967958815E-28
 0.14069967958815E-28
 0.14069967958815E-28
 0.14069967958815E-28
 0.14069967958815E-28
 0.14069967958815E-28
 0.14069967958815E-28
 0.14069967958815E-28
 0.14069967958815E-28
 0.14069967958815E-28
 0.14069967958815E-28
 0.14069967958815E-28
 0.14069967958815E-28
 0.14069967958815E-28
 0.14069967958815E-28
 0.14069967958815E-28
 0.14069967958815E-28
 0.14069967958815E-28
 0.14069967958815E-28
 0.29822137818165E-15
 0.28118195420852E-15
 0.38808599491281E-15
 0.30421689076706E-15
 0.31279851338751E-15
 0.42808016251955E-15
 0.40776654719282E-15
 0.33580795244802E-15
 0.56597529670738E-15
 0.53908134229073E-15
 0.46771590756491E-15
 0.53878235546416E-15
 0.49050253809724E-15
 0.37349790802614E-15
 0.52559805735741E-15
 0.25614745221550E-15
 0.10121012640888E-15
 0.14069967958815E-28
 0.14069967958815E-28
 0.14069967958815E-28
 0.14069967958815E-28
 0.14069967958815E-28
 0.14069967958815E-28
 0.14069967958815E-28
 0.14069967958815E-28
 0.14069967958815E-28
 0.14069967958815E-28
 0.14069967958815E-28
 0.14069967958815E-28
 0.14069967958815E-28
 0.14069967958815E-28
 0.14069967958815E-28
 0.14069967958815E-28
 0.14069967958815E-28
 0.14069967958815E-28
 0.14069967958815E-28
 0.14069967958815E-28
 0.14069967958815E-28
 0.14069967958815E-28
 0.14069967958815E-28
 0.14069967958815E-28
 0.14069967958815E-28
 0.14069967958815E-28
 0.14069967958815E-28
 0.14069967958815E-28
 0.14069967958815E-28
 0.14069967958815E-28
 0.14069967958815E-28
 0.14069967958815E-28
 0.14069967958815E-28
 0.23561282205142E-15
 0.28745549322086E-15
 0.24999995731158E-15
 0.31866678787837E-15
 0.33028414906036E-15
 0.30181799552542E-15
 0.35313649546884E-15
 0.34212556926241E-15
 0.38175629822910E-15
 0.36585530089403E-15
 0.43395558903435E-15
 0.45121639717317E-15
 0.47698414468346E-15
 0.29876042903946E-15
 0.34383593736065E-15
 0.29593268758939E-16
 0.14069967958815E-28
 0.14069967958815E-28
 0.14069967958815E-28
 0.14069967958815E-28
 0.14069967958815E-28
 0.14069967958815E-28
 0.14069967958815E-28
 0.14069967958815E-28
 0.14069967958815E-28
 0.14069967958815E-28
 0.14069967958815E-28
 0.14069967958815E-28
 0.14069967958815E-28
 0.14069967958815E-28
 0.14069967958815E-28
 0.14069967958815E-28
 0.14069967958815E-28
 0.14069967958815E-28
 0.14069967958815E-28
 0.14069967958815E-28
 0.14069967958815E-28
 0.14069967958815E-28
 0.14069967958815E-28
 0.14069967958815E-28
 0.14069967958815E-28
 0.14069967958815E-28
 0.14069967958815E-28
 0.14069967958815E-28
 0.14069967958815E-28
 0.14069967958815E-28
 0.14069967958815E-28
 0.14069967958815E-28
 0.14069967958815E-28
 0.14069967958815E-28
 0.23126056071540E-15
 0.17372183484738E-15
 0.24618966759112E-15
 0.23353609981546E-15
 0.23073019496881E-15
 0.27501728196158E-15
 0.32932263363837E-15
 0.24195600658854E-15
 0.21080822097915E-15
 0.24872696684711E-15
 0.33081369879695E-15
 0.37305330237551E-15
 0.38072784192568E-15
 0.26247037007874E-15
 0.75742026296990E-16
 0.14069967958815E-28
 0.14069967958815E-28
 0.14069967958815E-28
 0.14069967958815E-28
 0.14069967958815E-28
 0.14069967958815E-28
 0.14069967958815E-28
 0.14069967958815E-28
 0.14069967958815E-28
 0.14069967958815E-28
 0.14069967958815E-28
 0.14069967958815E-28
 0.14069967958815E-28
 0.14069967958815E-28
 0.14069967958815E-28
 0.14069967958815E-28
 0.14069967958815E-28
 0.14069967958815E-28
 0.14069967958815E-28
 0.14069967958815E-28
 0.14069967958815E-28
 0.14069967958815E-28
 0.14069967958815E-28
 0.14069967958815E-28
 0.14069967958815E-28
 0.14069967958815E-28
 0.14069967958815E-28
 0.14069967958815E-28
 0.14069967958815E-28
 0.14069967958815E-28
 0.14069967958815E-28
 0.14069967958815E-28
 0.14069967958815E-28
 0.14069967958815E-28
 0.14069967958815E-28
 0.21615865678965E-15
 0.20736358251507E-15
 0.21757759248643E-15
 0.18209554912576E-15
 0.24318981558809E-15
 0.15627433619797E-15
 0.25879562159258E-15
 0.27110904068614E-15
 0.26885805065582E-15
 0.24730092148722E-15
 0.24721188582000E-15
 0.22396115228478E-15
 0.25432653265953E-15
 0.43718319283152E-16
 0.54624941144355E-17
 0.14069967958815E-28
 0.14069967958815E-28
 0.14069967958815E-28
 0.14069967958815E-28
 0.14069967958815E-28
 0.14069967958815E-28
 0.14069967958815E-28
 0.14069967958815E-28
 0.14069967958815E-28
 0.14069967958815E-28
 0.14069967958815E-28
 0.14069967958815E-28
 0.14069967958815E-28
 0.14069967958815E-28
 0.14069967958815E-28
 0.14069967958815E-28
 0.14069967958815E-28
 0.14069967958815E-28
 0.14069967958815E-28
 0.14069967958815E-28
 0.14069967958815E-28
 0.14069967958815E-28
 0.14069967958815E-28
 0.14069967958815E-28
 0.14069967958815E-28
 0.14069967958815E-28
 0.14069967958815E-28
 0.14069967958815E-28
 0.14069967958815E-28
 0.14069967958815E-28
 0.14069967958815E-28
 0.14069967958815E-28
 0.14069967958815E-28
 0.14069967958815E-28
 0.14069967958815E-28
 0.20119897601133E-15
 0.19598970300272E-15
 0.18013376009405E-15
 0.21450528181460E-15
 0.14190722873524E-15
 0.20454653534354E-15
 0.18194491669300E-15
 0.25984991401029E-15
 0.21974601570165E-15
 0.17062531226018E-15
 0.21763064806282E-15
 0.15052815604076E-15
 0.81267718671507E-16
 0.44654200586314E-17
 0.14069967958815E-28
 0.14069967958815E-28
 0.14069967958815E-28
 0.14069967958815E-28
 0.14069967958815E-28
 0.14069967958815E-28
 0.14069967958815E-28
 0.14069967958815E-28
 0.14069967958815E-28
 0.14069967958815E-28
 0.14069967958815E-28
 0.14069967958815E-28
 0.14069967958815E-28
 0.14069967958815E-28
 0.14069967958815E-28
 0.14069967958815E-28
 0.14069967958815E-28
 0.14069967958815E-28
 0.14069967958815E-28
 0.14069967958815E-28
 0.14069967958815E-28
 0.14069967958815E-28
 0.14069967958815E-28
 0.14069967958815E-28
 0.14069967958815E-28
 0.14069967958815E-28
 0.14069967958815E-28
 0.14069967958815E-28
 0.14069967958815E-28
 0.14069967958815E-28
 0.14069967958815E-28
 0.14069967958815E-28
 0.14069967958815E-28
 0.14069967958815E-28
 0.14069967958815E-28
 0.14069967958815E-28
 0.14457131569168E-15
 0.15338249380950E-15
 0.12055082212659E-15
 0.17220530698826E-15
 0.17227140294013E-15
 0.15440269859675E-15
 0.14702971163493E-15
 0.16967610960274E-15
 0.16909869467419E-15
 0.12002494099528E-15
 0.73394714615951E-16
 0.68994546560030E-16
 0.74527774123634E-17
 0.14069967958815E-28
 0.14069967958815E-28
 0.14069967958815E-28
 0.14069967958815E-28
 0.14069967958815E-28
 0.14069967958815E-28
 0.14069967958815E-28
 0.14069967958815E-28
 0.14069967958815E-28
 0.14069967958815E-28
 0.14069967958815E-28
 0.14069967958815E-28
 0.14069967958815E-28
 0.14069967958815E-28
 0.14069967958815E-28
 0.14069967958815E-28
 0.14069967958815E-28
 0.14069967958815E-28
 0.14069967958815E-28
 0.14069967958815E-28
 0.14069967958815E-28
 0.14069967958815E-28
 0.14069967958815E-28
 0.14069967958815E-28
 0.14069967958815E-28
 0.14069967958815E-28
 0.14069967958815E-28
 0.14069967958815E-28
 0.14069967958815E-28
 0.14069967958815E-28
 0.14069967958815E-28
 0.14069967958815E-28
 0.14069967958815E-28
 0.14069967958815E-28
 0.14069967958815E-28
 0.14069967958815E-28
 0.14069967958815E-28
 0.12281971535819E-15
 0.13365075580981E-15
 0.78301788219649E-16
 0.10565801960058E-15
 0.11385248368301E-15
 0.10809967544417E-15
 0.16802103503742E-15
 0.10498691666635E-15
 0.56351739841276E-16
 0.67694720750000E-16
 0.59079647925701E-16
 0.14069967958815E-28
 0.14069967958815E-28
 0.14069967958815E-28
 0.14069967958815E-28
 0.14069967958815E-28
 0.14069967958815E-28
 0.14069967958815E-28
 0.14069967958815E-28
 0.14069967958815E-28
 0.14069967958815E-28
 0.14069967958815E-28
 0.14069967958815E-28
 0.14069967958815E-28
 0.14069967958815E-28
 0.14069967958815E-28
 0.14069967958815E-28
 0.14069967958815E-28
 0.14069967958815E-28
 0.14069967958815E-28
 0.14069967958815E-28
 0.14069967958815E-28
 0.14069967958815E-28
 0.14069967958815E-28
 0.14069967958815E-28
 0.14069967958815E-28
 0.14069967958815E-28
 0.14069967958815E-28
 0.14069967958815E-28
 0.14069967958815E-28
 0.14069967958815E-28
 0.14069967958815E-28
 0.14069967958815E-28
 0.14069967958815E-28
 0.14069967958815E-28
 0.14069967958815E-28
 0.14069967958815E-28
 0.14069967958815E-28
 0.14069967958815E-28
 0.14069967958815E-28
 0.13855675502006E-15
 0.11733996706327E-15
 0.14559061608613E-15
 0.10952871976538E-15
 0.66451985674257E-16
 0.11546768997756E-15
 0.12694313716190E-15
 0.75759015043874E-16
 0.72261173853527E-16
 0.50103475390928E-16
 0.14069967958815E-28
 0.14069967958815E-28
 0.14069967958815E-28
 0.14069967958815E-28
 0.14069967958815E-28
 0.14069967958815E-28
 0.14069967958815E-28
 0.14069967958815E-28
 0.14069967958815E-28
 0.14069967958815E-28
 0.14069967958815E-28
 0.14069967958815E-28
 0.14069967958815E-28
 0.14069967958815E-28
 0.14069967958815E-28
 0.14069967958815E-28
 0.14069967958815E-28
 0.14069967958815E-28
 0.14069967958815E-28
 0.14069967958815E-28
 0.14069967958815E-28
 0.14069967958815E-28
 0.14069967958815E-28
 0.14069967958815E-28
 0.14069967958815E-28
 0.14069967958815E-28
 0.14069967958815E-28
 0.14069967958815E-28
 0.14069967958815E-28
 0.14069967958815E-28
 0.14069967958815E-28
 0.14069967958815E-28
 0.14069967958815E-28
 0.14069967958815E-28
 0.14069967958815E-28
 0.14069967958815E-28
 0.14069967958815E-28
 0.14069967958815E-28
 0.14069967958815E-28
 0.14069967958815E-28
 0.12511403524801E-15
 0.10425713537589E-15
 0.11330354754260E-15
 0.96170824391777E-16
 0.29572748345007E-16
 0.11436884194635E-15
 0.87798867623021E-16
 0.65380988501498E-16
 0.60264164847355E-16
 0.93728269459084E-17
 0.14069967958815E-28
 0.14069967958815E-28
 0.14069967958815E-28
 0.14069967958815E-28
 0.14069967958815E-28
 0.14069967958815E-28
 0.14069967958815E-28
 0.14069967958815E-28
 0.14069967958815E-28
 0.14069967958815E-28
 0.14069967958815E-28
 0.14069967958815E-28
 0.14069967958815E-28
 0.14069967958815E-28
 0.14069967958815E-28
 0.14069967958815E-28
 0.14069967958815E-28
 0.14069967958815E-28
 0.14069967958815E-28
 0.14069967958815E-28
 0.14069967958815E-28
 0.14069967958815E-28
 0.14069967958815E-28
 0.14069967958815E-28
 0.14069967958815E-28
 0.14069967958815E-28
 0.14069967958815E-28
 0.14069967958815E-28
 0.14069967958815E-28
 0.14069967958815E-28
 0.14069967958815E-28
 0.14069967958815E-28
 0.14069967958815E-28
 0.14069967958815E-28
 0.14069967958815E-28
 0.14069967958815E-28
 0.14069967958815E-28
 0.14069967958815E-28
 0.14069967958815E-28
 0.14069967958815E-28
 0.92866931766451E-16
 0.87937990749725E-16
 0.90069824305021E-16
 0.93094244433792E-16
 0.54451596061175E-16
 0.34843352762377E-16
 0.65308338746201E-16
 0.22289228399401E-16
 0.14069967958815E-28
 0.14069967958815E-28
 0.14069967958815E-28
 0.14069967958815E-28
 0.14069967958815E-28
 0.14069967958815E-28
 0.14069967958815E-28
 0.14069967958815E-28
 0.14069967958815E-28
 0.14069967958815E-28
 0.14069967958815E-28
 0.14069967958815E-28
 0.14069967958815E-28
 0.14069967958815E-28
 0.14069967958815E-28
 0.14069967958815E-28
 0.14069967958815E-28
 0.14069967958815E-28
 0.14069967958815E-28
 0.14069967958815E-28
 0.14069967958815E-28
 0.14069967958815E-28
 0.14069967958815E-28
 0.14069967958815E-28
 0.14069967958815E-28
 0.14069967958815E-28
 0.14069967958815E-28
 0.14069967958815E-28
 0.14069967958815E-28
 0.14069967958815E-28
 0.14069967958815E-28
 0.14069967958815E-28
 0.14069967958815E-28
 0.14069967958815E-28
 0.14069967958815E-28
 0.14069967958815E-28
 0.14069967958815E-28
 0.14069967958815E-28
 0.14069967958815E-28
 0.14069967958815E-28
 0.14069967958815E-28
 0.14069967958815E-28
 0.50597735345383E-16
 0.89002571057623E-16
 0.61469006618516E-16
 0.55766254831685E-16
 0.73618140005941E-16
 0.43505051843527E-16
 0.27917382116211E-16
 0.35273196128134E-17
 0.14069967958815E-28
 0.14069967958815E-28
 0.14069967958815E-28
 0.14069967958815E-28
 0.14069967958815E-28
 0.14069967958815E-28
 0.14069967958815E-28
 0.14069967958815E-28
 0.14069967958815E-28
 0.14069967958815E-28
 0.14069967958815E-28
 0.14069967958815E-28
 0.14069967958815E-28
 0.14069967958815E-28
 0.14069967958815E-28
 0.14069967958815E-28
 0.14069967958815E-28
 0.14069967958815E-28
 0.14069967958815E-28
 0.14069967958815E-28
 0.14069967958815E-28
 0.14069967958815E-28
 0.14069967958815E-28
 0.14069967958815E-28
 0.14069967958815E-28
 0.14069967958815E-28
 0.14069967958815E-28
 0.14069967958815E-28
 0.14069967958815E-28
 0.14069967958815E-28
 0.14069967958815E-28
 0.14069967958815E-28
 0.14069967958815E-28
 0.14069967958815E-28
 0.14069967958815E-28
 0.14069967958815E-28
 0.14069967958815E-28
 0.14069967958815E-28
 0.14069967958815E-28
 0.14069967958815E-28
 0.14069967958815E-28
 0.14069967958815E-28
  
