           1
          50          50
           1
   29920000000000.000        29920000000000.000     
 0.60000000000000E+05
  
 0.14069967958815E-28
 0.14069967958815E-28
 0.14069967958815E-28
 0.14069967958815E-28
 0.14069967958815E-28
 0.14069967958815E-28
 0.14069967958815E-28
 0.14069967958815E-28
 0.14069967958815E-28
 0.14069967958815E-28
 0.14069967958815E-28
 0.14069967958815E-28
 0.14069967958815E-28
 0.14069967958815E-28
 0.14069967958815E-28
 0.14069967958815E-28
 0.14069967958815E-28
 0.14069967958815E-28
 0.14069967958815E-28
 0.14069967958815E-28
 0.14069967958815E-28
 0.14069967958815E-28
 0.14069967958815E-28
 0.14069967958815E-28
 0.14069967958815E-28
 0.14069967958815E-28
 0.14069967958815E-28
 0.14069967958815E-28
 0.14069967958815E-28
 0.14069967958815E-28
 0.14069967958815E-28
 0.14069967958815E-28
 0.14069967958815E-28
 0.14069967958815E-28
 0.14069967958815E-28
 0.14069967958815E-28
 0.14069967958815E-28
 0.14069967958815E-28
 0.14069967958815E-28
 0.14069967958815E-28
 0.14069967958815E-28
 0.14069967958815E-28
 0.14069967958815E-28
 0.14069967958815E-28
 0.14069967958815E-28
 0.14069967958815E-28
 0.14069967958815E-28
 0.14069967958815E-28
 0.14069967958815E-28
 0.14069967958815E-28
 0.14069967958815E-28
 0.14069967958815E-28
 0.14069967958815E-28
 0.14069967958815E-28
 0.14069967958815E-28
 0.14069967958815E-28
 0.14069967958815E-28
 0.14069967958815E-28
 0.14069967958815E-28
 0.14069967958815E-28
 0.14069967958815E-28
 0.14069967958815E-28
 0.14069967958815E-28
 0.14069967958815E-28
 0.14069967958815E-28
 0.14069967958815E-28
 0.14069967958815E-28
 0.14069967958815E-28
 0.14069967958815E-28
 0.14069967958815E-28
 0.14069967958815E-28
 0.14069967958815E-28
 0.14069967958815E-28
 0.14069967958815E-28
 0.14069967958815E-28
 0.14069967958815E-28
 0.14069967958815E-28
 0.14069967958815E-28
 0.14069967958815E-28
 0.14069967958815E-28
 0.14069967958815E-28
 0.14069967958815E-28
 0.14069967958815E-28
 0.14069967958815E-28
 0.14069967958815E-28
 0.14069967958815E-28
 0.14069967958815E-28
 0.14069967958815E-28
 0.14069967958815E-28
 0.14069967958815E-28
 0.14069967958815E-28
 0.14069967958815E-28
 0.14069967958815E-28
 0.14069967958815E-28
 0.14069967958815E-28
 0.14069967958815E-28
 0.14069967958815E-28
 0.14069967958815E-28
 0.14069967958815E-28
 0.14069967958815E-28
 0.14069967958815E-28
 0.14069967958815E-28
 0.14069967958815E-28
 0.14069967958815E-28
 0.14069967958815E-28
 0.14069967958815E-28
 0.14069967958815E-28
 0.14069967958815E-28
 0.14069967958815E-28
 0.14069967958815E-28
 0.14069967958815E-28
 0.14069967958815E-28
 0.14069967958815E-28
 0.14069967958815E-28
 0.14069967958815E-28
 0.14069967958815E-28
 0.14069967958815E-28
 0.14069967958815E-28
 0.14069967958815E-28
 0.14069967958815E-28
 0.14069967958815E-28
 0.14069967958815E-28
 0.14069967958815E-28
 0.14069967958815E-28
 0.14069967958815E-28
 0.14069967958815E-28
 0.14069967958815E-28
 0.14069967958815E-28
 0.14069967958815E-28
 0.14069967958815E-28
 0.14069967958815E-28
 0.14069967958815E-28
 0.14069967958815E-28
 0.14069967958815E-28
 0.14069967958815E-28
 0.14069967958815E-28
 0.14069967958815E-28
 0.14069967958815E-28
 0.14069967958815E-28
 0.14069967958815E-28
 0.14069967958815E-28
 0.14069967958815E-28
 0.14069967958815E-28
 0.14069967958815E-28
 0.14069967958815E-28
 0.14069967958815E-28
 0.14069967958815E-28
 0.14069967958815E-28
 0.14069967958815E-28
 0.14069967958815E-28
 0.14069967958815E-28
 0.14069967958815E-28
 0.14069967958815E-28
 0.14069967958815E-28
 0.14069967958815E-28
 0.14069967958815E-28
 0.14069967958815E-28
 0.14069967958815E-28
 0.14069967958815E-28
 0.14069967958815E-28
 0.14069967958815E-28
 0.14069967958815E-28
 0.14069967958815E-28
 0.14069967958815E-28
 0.14069967958815E-28
 0.14069967958815E-28
 0.14069967958815E-28
 0.14069967958815E-28
 0.14069967958815E-28
 0.14069967958815E-28
 0.14069967958815E-28
 0.14069967958815E-28
 0.14069967958815E-28
 0.14069967958815E-28
 0.14069967958815E-28
 0.14069967958815E-28
 0.14069967958815E-28
 0.14069967958815E-28
 0.14069967958815E-28
 0.14069967958815E-28
 0.14069967958815E-28
 0.14069967958815E-28
 0.14069967958815E-28
 0.14069967958815E-28
 0.14069967958815E-28
 0.14069967958815E-28
 0.14069967958815E-28
 0.14069967958815E-28
 0.14069967958815E-28
 0.14069967958815E-28
 0.14069967958815E-28
 0.14069967958815E-28
 0.14069967958815E-28
 0.14069967958815E-28
 0.14069967958815E-28
 0.14069967958815E-28
 0.14069967958815E-28
 0.14069967958815E-28
 0.14069967958815E-28
 0.14069967958815E-28
 0.14069967958815E-28
 0.14069967958815E-28
 0.14069967958815E-28
 0.14069967958815E-28
 0.14069967958815E-28
 0.14069967958815E-28
 0.14069967958815E-28
 0.14069967958815E-28
 0.14069967958815E-28
 0.14069967958815E-28
 0.14069967958815E-28
 0.14069967958815E-28
 0.14069967958815E-28
 0.14069967958815E-28
 0.14069967958815E-28
 0.14069967958815E-28
 0.14069967958815E-28
 0.14069967958815E-28
 0.14069967958815E-28
 0.14069967958815E-28
 0.14069967958815E-28
 0.14069967958815E-28
 0.14069967958815E-28
 0.14069967958815E-28
 0.14069967958815E-28
 0.14069967958815E-28
 0.14069967958815E-28
 0.14069967958815E-28
 0.14069967958815E-28
 0.14069967958815E-28
 0.14069967958815E-28
 0.14069967958815E-28
 0.14069967958815E-28
 0.14069967958815E-28
 0.14069967958815E-28
 0.14069967958815E-28
 0.14069967958815E-28
 0.14069967958815E-28
 0.14069967958815E-28
 0.14069967958815E-28
 0.14069967958815E-28
 0.14069967958815E-28
 0.14069967958815E-28
 0.14069967958815E-28
 0.14069967958815E-28
 0.14069967958815E-28
 0.14069967958815E-28
 0.14069967958815E-28
 0.14069967958815E-28
 0.82308496308977E-17
 0.14069967958815E-28
 0.14069967958815E-28
 0.14069967958815E-28
 0.14069967958815E-28
 0.14069967958815E-28
 0.14069967958815E-28
 0.14069967958815E-28
 0.14069967958815E-28
 0.14069967958815E-28
 0.14069967958815E-28
 0.14069967958815E-28
 0.14069967958815E-28
 0.14069967958815E-28
 0.14069967958815E-28
 0.14069967958815E-28
 0.14069967958815E-28
 0.14069967958815E-28
 0.14069967958815E-28
 0.14069967958815E-28
 0.14069967958815E-28
 0.14069967958815E-28
 0.14069967958815E-28
 0.14069967958815E-28
 0.14069967958815E-28
 0.14069967958815E-28
 0.14069967958815E-28
 0.14069967958815E-28
 0.14069967958815E-28
 0.14069967958815E-28
 0.14069967958815E-28
 0.14069967958815E-28
 0.14069967958815E-28
 0.14069967958815E-28
 0.14069967958815E-28
 0.14069967958815E-28
 0.14069967958815E-28
 0.14069967958815E-28
 0.14069967958815E-28
 0.14069967958815E-28
 0.14069967958815E-28
 0.14069967958815E-28
 0.14069967958815E-28
 0.14069967958815E-28
 0.14069967958815E-28
 0.14069967958815E-28
 0.14069967958815E-28
 0.14069967958815E-28
 0.71027929596781E-17
 0.18879816652776E-16
 0.22209072591955E-16
 0.14069967958815E-28
 0.14069967958815E-28
 0.14069967958815E-28
 0.14069967958815E-28
 0.14069967958815E-28
 0.14069967958815E-28
 0.14069967958815E-28
 0.14069967958815E-28
 0.14069967958815E-28
 0.14069967958815E-28
 0.14069967958815E-28
 0.14069967958815E-28
 0.14069967958815E-28
 0.14069967958815E-28
 0.14069967958815E-28
 0.14069967958815E-28
 0.14069967958815E-28
 0.14069967958815E-28
 0.14069967958815E-28
 0.14069967958815E-28
 0.14069967958815E-28
 0.14069967958815E-28
 0.14069967958815E-28
 0.14069967958815E-28
 0.14069967958815E-28
 0.14069967958815E-28
 0.14069967958815E-28
 0.14069967958815E-28
 0.14069967958815E-28
 0.14069967958815E-28
 0.14069967958815E-28
 0.14069967958815E-28
 0.14069967958815E-28
 0.14069967958815E-28
 0.14069967958815E-28
 0.14069967958815E-28
 0.14069967958815E-28
 0.14069967958815E-28
 0.14069967958815E-28
 0.14069967958815E-28
 0.14069967958815E-28
 0.14069967958815E-28
 0.14069967958815E-28
 0.14069967958815E-28
 0.14069967958815E-28
 0.17786735803523E-17
 0.67477926614152E-17
 0.21274726050148E-16
 0.33790186448523E-16
 0.38771855053038E-16
 0.14069967958815E-28
 0.14069967958815E-28
 0.14069967958815E-28
 0.14069967958815E-28
 0.14069967958815E-28
 0.14069967958815E-28
 0.14069967958815E-28
 0.14069967958815E-28
 0.14069967958815E-28
 0.14069967958815E-28
 0.14069967958815E-28
 0.14069967958815E-28
 0.14069967958815E-28
 0.14069967958815E-28
 0.14069967958815E-28
 0.14069967958815E-28
 0.14069967958815E-28
 0.14069967958815E-28
 0.14069967958815E-28
 0.14069967958815E-28
 0.14069967958815E-28
 0.14069967958815E-28
 0.14069967958815E-28
 0.14069967958815E-28
 0.14069967958815E-28
 0.14069967958815E-28
 0.14069967958815E-28
 0.14069967958815E-28
 0.14069967958815E-28
 0.14069967958815E-28
 0.14069967958815E-28
 0.14069967958815E-28
 0.14069967958815E-28
 0.14069967958815E-28
 0.14069967958815E-28
 0.14069967958815E-28
 0.14069967958815E-28
 0.14069967958815E-28
 0.14069967958815E-28
 0.14069967958815E-28
 0.14069967958815E-28
 0.14069967958815E-28
 0.14069967958815E-28
 0.14069967958815E-28
 0.14069967958815E-28
 0.13343027955407E-16
 0.48371293414570E-16
 0.33683876061091E-16
 0.46970523503063E-16
 0.58762600429765E-16
 0.14069967958815E-28
 0.14069967958815E-28
 0.14069967958815E-28
 0.14069967958815E-28
 0.14069967958815E-28
 0.14069967958815E-28
 0.14069967958815E-28
 0.14069967958815E-28
 0.14069967958815E-28
 0.14069967958815E-28
 0.14069967958815E-28
 0.14069967958815E-28
 0.14069967958815E-28
 0.14069967958815E-28
 0.14069967958815E-28
 0.14069967958815E-28
 0.14069967958815E-28
 0.14069967958815E-28
 0.14069967958815E-28
 0.14069967958815E-28
 0.14069967958815E-28
 0.14069967958815E-28
 0.14069967958815E-28
 0.14069967958815E-28
 0.14069967958815E-28
 0.14069967958815E-28
 0.14069967958815E-28
 0.14069967958815E-28
 0.14069967958815E-28
 0.14069967958815E-28
 0.14069967958815E-28
 0.14069967958815E-28
 0.14069967958815E-28
 0.14069967958815E-28
 0.14069967958815E-28
 0.14069967958815E-28
 0.14069967958815E-28
 0.14069967958815E-28
 0.14069967958815E-28
 0.14069967958815E-28
 0.14069967958815E-28
 0.14069967958815E-28
 0.14069967958815E-28
 0.46569176851040E-17
 0.16969170522502E-16
 0.21163178650699E-16
 0.68586827386931E-16
 0.67314770271367E-16
 0.52726486974836E-16
 0.53836998095832E-16
 0.14069967958815E-28
 0.14069967958815E-28
 0.14069967958815E-28
 0.14069967958815E-28
 0.14069967958815E-28
 0.14069967958815E-28
 0.14069967958815E-28
 0.14069967958815E-28
 0.14069967958815E-28
 0.14069967958815E-28
 0.14069967958815E-28
 0.14069967958815E-28
 0.14069967958815E-28
 0.14069967958815E-28
 0.14069967958815E-28
 0.14069967958815E-28
 0.14069967958815E-28
 0.14069967958815E-28
 0.14069967958815E-28
 0.14069967958815E-28
 0.14069967958815E-28
 0.14069967958815E-28
 0.14069967958815E-28
 0.14069967958815E-28
 0.14069967958815E-28
 0.14069967958815E-28
 0.14069967958815E-28
 0.14069967958815E-28
 0.14069967958815E-28
 0.14069967958815E-28
 0.14069967958815E-28
 0.14069967958815E-28
 0.14069967958815E-28
 0.14069967958815E-28
 0.14069967958815E-28
 0.14069967958815E-28
 0.14069967958815E-28
 0.14069967958815E-28
 0.14069967958815E-28
 0.14069967958815E-28
 0.14069967958815E-28
 0.91376438870326E-17
 0.17016353551603E-16
 0.50354329514059E-16
 0.79674725837436E-16
 0.33169529526330E-16
 0.90389270674122E-16
 0.11614297427482E-15
 0.68214025298737E-16
 0.55592870562245E-16
 0.14069967958815E-28
 0.14069967958815E-28
 0.14069967958815E-28
 0.14069967958815E-28
 0.14069967958815E-28
 0.14069967958815E-28
 0.14069967958815E-28
 0.14069967958815E-28
 0.14069967958815E-28
 0.14069967958815E-28
 0.14069967958815E-28
 0.14069967958815E-28
 0.14069967958815E-28
 0.14069967958815E-28
 0.14069967958815E-28
 0.14069967958815E-28
 0.14069967958815E-28
 0.14069967958815E-28
 0.14069967958815E-28
 0.14069967958815E-28
 0.14069967958815E-28
 0.14069967958815E-28
 0.14069967958815E-28
 0.14069967958815E-28
 0.14069967958815E-28
 0.14069967958815E-28
 0.14069967958815E-28
 0.14069967958815E-28
 0.14069967958815E-28
 0.14069967958815E-28
 0.14069967958815E-28
 0.14069967958815E-28
 0.14069967958815E-28
 0.14069967958815E-28
 0.14069967958815E-28
 0.14069967958815E-28
 0.14069967958815E-28
 0.14069967958815E-28
 0.14069967958815E-28
 0.14069967958815E-28
 0.11152417566545E-16
 0.77827357614132E-16
 0.63335206122850E-16
 0.88437094358407E-16
 0.11490771842425E-15
 0.94275701840564E-16
 0.12980673827486E-15
 0.86101100616701E-16
 0.12278376018778E-15
 0.10010481813415E-15
 0.14069967958815E-28
 0.14069967958815E-28
 0.14069967958815E-28
 0.14069967958815E-28
 0.14069967958815E-28
 0.14069967958815E-28
 0.14069967958815E-28
 0.14069967958815E-28
 0.14069967958815E-28
 0.14069967958815E-28
 0.14069967958815E-28
 0.14069967958815E-28
 0.14069967958815E-28
 0.14069967958815E-28
 0.14069967958815E-28
 0.14069967958815E-28
 0.14069967958815E-28
 0.14069967958815E-28
 0.14069967958815E-28
 0.14069967958815E-28
 0.14069967958815E-28
 0.14069967958815E-28
 0.14069967958815E-28
 0.14069967958815E-28
 0.14069967958815E-28
 0.14069967958815E-28
 0.14069967958815E-28
 0.14069967958815E-28
 0.14069967958815E-28
 0.14069967958815E-28
 0.14069967958815E-28
 0.14069967958815E-28
 0.14069967958815E-28
 0.14069967958815E-28
 0.14069967958815E-28
 0.14069967958815E-28
 0.14069967958815E-28
 0.14069967958815E-28
 0.14069967958815E-28
 0.40780124540535E-17
 0.60231500077712E-16
 0.84587313835745E-16
 0.96786542324059E-16
 0.11515538121689E-15
 0.15461849781041E-15
 0.11213092670521E-15
 0.12359395529602E-15
 0.15033833320185E-15
 0.13133503441039E-15
 0.14322368345254E-15
 0.14069967958815E-28
 0.14069967958815E-28
 0.14069967958815E-28
 0.14069967958815E-28
 0.14069967958815E-28
 0.14069967958815E-28
 0.14069967958815E-28
 0.14069967958815E-28
 0.14069967958815E-28
 0.14069967958815E-28
 0.14069967958815E-28
 0.14069967958815E-28
 0.14069967958815E-28
 0.14069967958815E-28
 0.14069967958815E-28
 0.14069967958815E-28
 0.14069967958815E-28
 0.14069967958815E-28
 0.14069967958815E-28
 0.14069967958815E-28
 0.14069967958815E-28
 0.14069967958815E-28
 0.14069967958815E-28
 0.14069967958815E-28
 0.14069967958815E-28
 0.14069967958815E-28
 0.14069967958815E-28
 0.14069967958815E-28
 0.14069967958815E-28
 0.14069967958815E-28
 0.14069967958815E-28
 0.14069967958815E-28
 0.14069967958815E-28
 0.14069967958815E-28
 0.14069967958815E-28
 0.14069967958815E-28
 0.14069967958815E-28
 0.11933434783663E-16
 0.83931845398858E-16
 0.16195415469447E-15
 0.12709705221063E-15
 0.19902324051417E-15
 0.19935388399172E-15
 0.15371505270621E-15
 0.17360169184112E-15
 0.13609952544437E-15
 0.25479988418355E-15
 0.18600306288969E-15
 0.16603575570547E-15
 0.17435032958605E-15
 0.14069967958815E-28
 0.14069967958815E-28
 0.14069967958815E-28
 0.14069967958815E-28
 0.14069967958815E-28
 0.14069967958815E-28
 0.14069967958815E-28
 0.14069967958815E-28
 0.14069967958815E-28
 0.14069967958815E-28
 0.14069967958815E-28
 0.14069967958815E-28
 0.14069967958815E-28
 0.14069967958815E-28
 0.14069967958815E-28
 0.14069967958815E-28
 0.14069967958815E-28
 0.14069967958815E-28
 0.14069967958815E-28
 0.14069967958815E-28
 0.14069967958815E-28
 0.14069967958815E-28
 0.14069967958815E-28
 0.14069967958815E-28
 0.14069967958815E-28
 0.14069967958815E-28
 0.14069967958815E-28
 0.14069967958815E-28
 0.14069967958815E-28
 0.14069967958815E-28
 0.14069967958815E-28
 0.14069967958815E-28
 0.14069967958815E-28
 0.14069967958815E-28
 0.14069967958815E-28
 0.14069967958815E-28
 0.14050651910237E-16
 0.72288763642705E-16
 0.12092368939779E-15
 0.15345348161156E-15
 0.22029867601438E-15
 0.19630047466200E-15
 0.27593968929472E-15
 0.32228548203521E-15
 0.23945478009436E-15
 0.18020276191777E-15
 0.23875363055055E-15
 0.28033490596720E-15
 0.25508292254829E-15
 0.16402527906613E-15
 0.14069967958815E-28
 0.14069967958815E-28
 0.14069967958815E-28
 0.14069967958815E-28
 0.14069967958815E-28
 0.14069967958815E-28
 0.14069967958815E-28
 0.14069967958815E-28
 0.14069967958815E-28
 0.14069967958815E-28
 0.14069967958815E-28
 0.14069967958815E-28
 0.14069967958815E-28
 0.14069967958815E-28
 0.14069967958815E-28
 0.14069967958815E-28
 0.14069967958815E-28
 0.14069967958815E-28
 0.14069967958815E-28
 0.14069967958815E-28
 0.14069967958815E-28
 0.14069967958815E-28
 0.14069967958815E-28
 0.14069967958815E-28
 0.14069967958815E-28
 0.14069967958815E-28
 0.14069967958815E-28
 0.14069967958815E-28
 0.14069967958815E-28
 0.14069967958815E-28
 0.14069967958815E-28
 0.14069967958815E-28
 0.14069967958815E-28
 0.14069967958815E-28
 0.14069967958815E-28
 0.20937799172359E-16
 0.20864928122478E-15
 0.36166410304593E-15
 0.40245112123217E-15
 0.22307311732907E-15
 0.30030255123548E-15
 0.35041872323417E-15
 0.36017352494347E-15
 0.27612590162512E-15
 0.33899669625814E-15
 0.37336487550962E-15
 0.31925638924310E-15
 0.26108419097267E-15
 0.19484175835689E-15
 0.14161403068310E-15
 0.14069967958815E-28
 0.14069967958815E-28
 0.14069967958815E-28
 0.14069967958815E-28
 0.14069967958815E-28
 0.14069967958815E-28
 0.14069967958815E-28
 0.14069967958815E-28
 0.14069967958815E-28
 0.14069967958815E-28
 0.14069967958815E-28
 0.14069967958815E-28
 0.14069967958815E-28
 0.14069967958815E-28
 0.14069967958815E-28
 0.14069967958815E-28
 0.14069967958815E-28
 0.14069967958815E-28
 0.14069967958815E-28
 0.14069967958815E-28
 0.14069967958815E-28
 0.14069967958815E-28
 0.14069967958815E-28
 0.14069967958815E-28
 0.14069967958815E-28
 0.14069967958815E-28
 0.14069967958815E-28
 0.14069967958815E-28
 0.14069967958815E-28
 0.14069967958815E-28
 0.14069967958815E-28
 0.14069967958815E-28
 0.14069967958815E-28
 0.14069967958815E-28
 0.50267420004981E-16
 0.21990716252732E-15
 0.42797030566594E-15
 0.35123731095773E-15
 0.58777084591523E-15
 0.38123532413977E-15
 0.44393472300111E-15
 0.47730166708631E-15
 0.50630333049532E-15
 0.56121888041084E-15
 0.44446888944053E-15
 0.21521036473163E-15
 0.21744857906758E-15
 0.13019178230156E-15
 0.17022243029148E-15
 0.85244042597876E-16
 0.14069967958815E-28
 0.14069967958815E-28
 0.14069967958815E-28
 0.14069967958815E-28
 0.14069967958815E-28
 0.14069967958815E-28
 0.14069967958815E-28
 0.14069967958815E-28
 0.14069967958815E-28
 0.14069967958815E-28
 0.14069967958815E-28
 0.14069967958815E-28
 0.14069967958815E-28
 0.14069967958815E-28
 0.14069967958815E-28
 0.14069967958815E-28
 0.14069967958815E-28
 0.14069967958815E-28
 0.14069967958815E-28
 0.14069967958815E-28
 0.14069967958815E-28
 0.14069967958815E-28
 0.14069967958815E-28
 0.14069967958815E-28
 0.14069967958815E-28
 0.14069967958815E-28
 0.14069967958815E-28
 0.14069967958815E-28
 0.14069967958815E-28
 0.14069967958815E-28
 0.14069967958815E-28
 0.14069967958815E-28
 0.19785531167848E-16
 0.37700916364608E-15
 0.49297507652332E-15
 0.39198844866225E-15
 0.64208254260296E-15
 0.67534694033255E-15
 0.67615185625716E-15
 0.55841662419496E-15
 0.67289928222066E-15
 0.66939571275578E-15
 0.55643104222748E-15
 0.41836417640340E-15
 0.32992723490800E-15
 0.24618717400277E-15
 0.18572459651373E-15
 0.12329384537490E-15
 0.12647052902252E-15
 0.95961679050052E-16
 0.14069967958815E-28
 0.14069967958815E-28
 0.14069967958815E-28
 0.14069967958815E-28
 0.14069967958815E-28
 0.14069967958815E-28
 0.14069967958815E-28
 0.14069967958815E-28
 0.14069967958815E-28
 0.14069967958815E-28
 0.14069967958815E-28
 0.14069967958815E-28
 0.14069967958815E-28
 0.14069967958815E-28
 0.14069967958815E-28
 0.14069967958815E-28
 0.14069967958815E-28
 0.14069967958815E-28
 0.14069967958815E-28
 0.14069967958815E-28
 0.14069967958815E-28
 0.14069967958815E-28
 0.14069967958815E-28
 0.14069967958815E-28
 0.14069967958815E-28
 0.14069967958815E-28
 0.14069967958815E-28
 0.14069967958815E-28
 0.14069967958815E-28
 0.14069967958815E-28
 0.14069967958815E-28
 0.86168358828151E-16
 0.25293915499401E-15
 0.12050506468216E-14
 0.10339889473289E-14
 0.11155331511826E-14
 0.82135462829891E-15
 0.80724595845445E-15
 0.89978427907889E-15
 0.99731203150435E-15
 0.82630264359277E-15
 0.79734137699508E-15
 0.46890898770729E-15
 0.37183887744631E-15
 0.32457522959670E-15
 0.20002153769957E-15
 0.18288008821937E-15
 0.11704786120605E-15
 0.81468333215218E-16
 0.67304715043570E-16
 0.14069967958815E-28
 0.14069967958815E-28
 0.14069967958815E-28
 0.14069967958815E-28
 0.14069967958815E-28
 0.14069967958815E-28
 0.14069967958815E-28
 0.14069967958815E-28
 0.14069967958815E-28
 0.14069967958815E-28
 0.14069967958815E-28
 0.14069967958815E-28
 0.14069967958815E-28
 0.14069967958815E-28
 0.14069967958815E-28
 0.14069967958815E-28
 0.14069967958815E-28
 0.14069967958815E-28
 0.14069967958815E-28
 0.14069967958815E-28
 0.14069967958815E-28
 0.14069967958815E-28
 0.14069967958815E-28
 0.14069967958815E-28
 0.14069967958815E-28
 0.14069967958815E-28
 0.14069967958815E-28
 0.14069967958815E-28
 0.14069967958815E-28
 0.14069967958815E-28
 0.28050788643362E-15
 0.10637936487494E-14
 0.17243507628443E-14
 0.19576266949537E-14
 0.21280130626203E-14
 0.17442614149080E-14
 0.14880640919599E-14
 0.15428628986981E-14
 0.12901137648847E-14
 0.95800952966021E-15
 0.85143487780802E-15
 0.38889074922167E-15
 0.36927526543112E-15
 0.30305089438902E-15
 0.22155128928152E-15
 0.16743450517228E-15
 0.13020982533059E-15
 0.11488834018082E-15
 0.64385114601808E-16
 0.43316784596086E-16
 0.14069967958815E-28
 0.14069967958815E-28
 0.14069967958815E-28
 0.14069967958815E-28
 0.14069967958815E-28
 0.14069967958815E-28
 0.14069967958815E-28
 0.14069967958815E-28
 0.14069967958815E-28
 0.14069967958815E-28
 0.14069967958815E-28
 0.14069967958815E-28
 0.14069967958815E-28
 0.14069967958815E-28
 0.14069967958815E-28
 0.14069967958815E-28
 0.14069967958815E-28
 0.14069967958815E-28
 0.14069967958815E-28
 0.14069967958815E-28
 0.14069967958815E-28
 0.14069967958815E-28
 0.14069967958815E-28
 0.14069967958815E-28
 0.14069967958815E-28
 0.14069967958815E-28
 0.14069967958815E-28
 0.14069967958815E-28
 0.14069967958815E-28
 0.33868826530723E-15
 0.21579590599412E-14
 0.27716501052743E-14
 0.30345565966893E-14
 0.31557025745454E-14
 0.26630051514706E-14
 0.29269861606922E-14
 0.21899996495057E-14
 0.15237920300835E-14
 0.92113591065213E-15
 0.74994754303018E-15
 0.40633309122423E-15
 0.34460337192127E-15
 0.24255358118157E-15
 0.24061396821977E-15
 0.16343965893329E-15
 0.99016946914925E-16
 0.10825285508068E-15
 0.74735160052935E-16
 0.25280317564311E-16
 0.33992401242982E-16
 0.14069967958815E-28
 0.14069967958815E-28
 0.14069967958815E-28
 0.14069967958815E-28
 0.14069967958815E-28
 0.14069967958815E-28
 0.14069967958815E-28
 0.14069967958815E-28
 0.14069967958815E-28
 0.14069967958815E-28
 0.14069967958815E-28
 0.14069967958815E-28
 0.14069967958815E-28
 0.14069967958815E-28
 0.14069967958815E-28
 0.14069967958815E-28
 0.14069967958815E-28
 0.14069967958815E-28
 0.14069967958815E-28
 0.14069967958815E-28
 0.14069967958815E-28
 0.14069967958815E-28
 0.14069967958815E-28
 0.14069967958815E-28
 0.14069967958815E-28
 0.14069967958815E-28
 0.14069967958815E-28
 0.14069967958815E-28
 0.18381193423755E-14
 0.73988213516669E-14
 0.60371322920766E-14
 0.57368116804261E-14
 0.59618462804166E-14
 0.62111396140609E-14
 0.39527447179179E-14
 0.24810194921452E-14
 0.17026553749778E-14
 0.12231518504372E-14
 0.96412735383758E-15
 0.84264076423979E-15
 0.46730909007548E-15
 0.20090652717465E-15
 0.22189328633457E-15
 0.20179560992933E-15
 0.89700947644364E-16
 0.52496607510756E-16
 0.38760883532631E-16
 0.17526836316635E-16
 0.14069967958815E-28
 0.48407424535600E-17
 0.14069967958815E-28
 0.14069967958815E-28
 0.14069967958815E-28
 0.14069967958815E-28
 0.14069967958815E-28
 0.14069967958815E-28
 0.14069967958815E-28
 0.14069967958815E-28
 0.14069967958815E-28
 0.14069967958815E-28
 0.14069967958815E-28
 0.14069967958815E-28
 0.14069967958815E-28
 0.14069967958815E-28
 0.14069967958815E-28
 0.14069967958815E-28
 0.14069967958815E-28
 0.14069967958815E-28
 0.14069967958815E-28
 0.14069967958815E-28
 0.14069967958815E-28
 0.14069967958815E-28
 0.14069967958815E-28
 0.14069967958815E-28
 0.14069967958815E-28
 0.14069967958815E-28
 0.14069967958815E-28
 0.14253234560421E-14
 0.14606520445714E-13
 0.13354639299719E-13
 0.12504887124115E-13
 0.12016582382326E-13
 0.80517353162600E-14
 0.41407997936982E-14
 0.29225467184417E-14
 0.21575438978554E-14
 0.12579658920783E-14
 0.67040645342573E-15
 0.78423103574067E-15
 0.41192317664160E-15
 0.30999027907874E-15
 0.29934147080672E-15
 0.14050946974651E-15
 0.50059529764449E-16
 0.21064559589816E-16
 0.77800695911007E-17
 0.14069967958815E-28
 0.14069967958815E-28
 0.14069967958815E-28
 0.14069967958815E-28
 0.14069967958815E-28
 0.14069967958815E-28
 0.14069967958815E-28
 0.14069967958815E-28
 0.14069967958815E-28
 0.14069967958815E-28
 0.14069967958815E-28
 0.14069967958815E-28
 0.14069967958815E-28
 0.14069967958815E-28
 0.14069967958815E-28
 0.14069967958815E-28
 0.14069967958815E-28
 0.14069967958815E-28
 0.14069967958815E-28
 0.14069967958815E-28
 0.14069967958815E-28
 0.14069967958815E-28
 0.14069967958815E-28
 0.14069967958815E-28
 0.14069967958815E-28
 0.14069967958815E-28
 0.14069967958815E-28
 0.14069967958815E-28
 0.14069967958815E-28
 0.14069967958815E-28
 0.14069967958815E-28
 0.23705756520141E-15
 0.22583481864042E-13
 0.25815412970630E-13
 0.20243616123536E-13
 0.10839417591176E-13
 0.73329850708441E-14
 0.35109227951282E-14
 0.27707626325988E-14
 0.21153064980779E-14
 0.12679985166729E-14
 0.51004774169643E-15
 0.39187834974486E-15
 0.23758264444448E-15
 0.89175183654460E-16
 0.34896952490709E-16
 0.14069967958815E-28
 0.14069967958815E-28
 0.14069967958815E-28
 0.14069967958815E-28
 0.14069967958815E-28
 0.14069967958815E-28
 0.14069967958815E-28
 0.14069967958815E-28
 0.14069967958815E-28
 0.14069967958815E-28
 0.14069967958815E-28
 0.14069967958815E-28
 0.14069967958815E-28
 0.14069967958815E-28
 0.14069967958815E-28
 0.14069967958815E-28
 0.14069967958815E-28
 0.14069967958815E-28
 0.14069967958815E-28
 0.14069967958815E-28
 0.14069967958815E-28
 0.14069967958815E-28
 0.14069967958815E-28
 0.14069967958815E-28
 0.14069967958815E-28
 0.14069967958815E-28
 0.14069967958815E-28
 0.14069967958815E-28
 0.14069967958815E-28
 0.14069967958815E-28
 0.14069967958815E-28
 0.14069967958815E-28
 0.14069967958815E-28
 0.14069967958815E-28
 0.14069967958815E-28
 0.14069967958815E-28
 0.12110359592758E-13
 0.29580345853342E-13
 0.14887579622200E-13
 0.91483255231720E-14
 0.48643706385350E-14
 0.20725898364723E-14
 0.10147172804549E-14
 0.61457515187508E-15
 0.26597718739217E-15
 0.78214804757488E-16
 0.14069967958815E-28
 0.14069967958815E-28
 0.14069967958815E-28
 0.14069967958815E-28
 0.14069967958815E-28
 0.14069967958815E-28
 0.14069967958815E-28
 0.14069967958815E-28
 0.14069967958815E-28
 0.14069967958815E-28
 0.14069967958815E-28
 0.14069967958815E-28
 0.14069967958815E-28
 0.14069967958815E-28
 0.14069967958815E-28
 0.14069967958815E-28
 0.14069967958815E-28
 0.14069967958815E-28
 0.14069967958815E-28
 0.14069967958815E-28
 0.14069967958815E-28
 0.14069967958815E-28
 0.14069967958815E-28
 0.14069967958815E-28
 0.14069967958815E-28
 0.14069967958815E-28
 0.14069967958815E-28
 0.14069967958815E-28
 0.14069967958815E-28
 0.14069967958815E-28
 0.14069967958815E-28
 0.14069967958815E-28
 0.14069967958815E-28
 0.14069967958815E-28
 0.14069967958815E-28
 0.14069967958815E-28
 0.14069967958815E-28
 0.14069967958815E-28
 0.14069967958815E-28
 0.14069967958815E-28
 0.66537745086662E-15
 0.13582172822735E-13
 0.61654078361658E-14
 0.28311583301450E-14
 0.91250860583881E-15
 0.11800102083788E-15
 0.14069967958815E-28
 0.14069967958815E-28
 0.14069967958815E-28
 0.14069967958815E-28
 0.14069967958815E-28
 0.14069967958815E-28
 0.14069967958815E-28
 0.14069967958815E-28
 0.14069967958815E-28
 0.14069967958815E-28
 0.14069967958815E-28
 0.14069967958815E-28
 0.14069967958815E-28
 0.14069967958815E-28
 0.14069967958815E-28
 0.14069967958815E-28
 0.14069967958815E-28
 0.14069967958815E-28
 0.14069967958815E-28
 0.14069967958815E-28
 0.14069967958815E-28
 0.14069967958815E-28
 0.14069967958815E-28
 0.14069967958815E-28
 0.14069967958815E-28
 0.14069967958815E-28
 0.14069967958815E-28
 0.14069967958815E-28
 0.14069967958815E-28
 0.14069967958815E-28
 0.14069967958815E-28
 0.14069967958815E-28
 0.11800102083787E-15
 0.91250860583881E-15
 0.28311583301450E-14
 0.61654078361658E-14
 0.13582172822735E-13
 0.66537745086663E-15
 0.14069967958815E-28
 0.14069967958815E-28
 0.14069967958815E-28
 0.14069967958815E-28
 0.14069967958815E-28
 0.14069967958815E-28
 0.14069967958815E-28
 0.14069967958815E-28
 0.14069967958815E-28
 0.14069967958815E-28
 0.14069967958815E-28
 0.14069967958815E-28
 0.14069967958815E-28
 0.14069967958815E-28
 0.14069967958815E-28
 0.14069967958815E-28
 0.14069967958815E-28
 0.14069967958815E-28
 0.14069967958815E-28
 0.14069967958815E-28
 0.14069967958815E-28
 0.14069967958815E-28
 0.14069967958815E-28
 0.14069967958815E-28
 0.14069967958815E-28
 0.14069967958815E-28
 0.14069967958815E-28
 0.14069967958815E-28
 0.14069967958815E-28
 0.14069967958815E-28
 0.14069967958815E-28
 0.14069967958815E-28
 0.14069967958815E-28
 0.14069967958815E-28
 0.14069967958815E-28
 0.14069967958815E-28
 0.14069967958815E-28
 0.14069967958815E-28
 0.14069967958815E-28
 0.14069967958815E-28
 0.78214804757488E-16
 0.26597718739217E-15
 0.61457515187508E-15
 0.10147172804549E-14
 0.20725898364722E-14
 0.48643706385350E-14
 0.91483255231720E-14
 0.14887579622200E-13
 0.29580345853342E-13
 0.12110359592758E-13
 0.14069967958815E-28
 0.14069967958815E-28
 0.14069967958815E-28
 0.14069967958815E-28
 0.14069967958815E-28
 0.14069967958815E-28
 0.14069967958815E-28
 0.14069967958815E-28
 0.14069967958815E-28
 0.14069967958815E-28
 0.14069967958815E-28
 0.14069967958815E-28
 0.14069967958815E-28
 0.14069967958815E-28
 0.14069967958815E-28
 0.14069967958815E-28
 0.14069967958815E-28
 0.14069967958815E-28
 0.14069967958815E-28
 0.14069967958815E-28
 0.14069967958815E-28
 0.14069967958815E-28
 0.14069967958815E-28
 0.14069967958815E-28
 0.14069967958815E-28
 0.14069967958815E-28
 0.14069967958815E-28
 0.14069967958815E-28
 0.14069967958815E-28
 0.14069967958815E-28
 0.14069967958815E-28
 0.14069967958815E-28
 0.14069967958815E-28
 0.14069967958815E-28
 0.14069967958815E-28
 0.14069967958815E-28
 0.34896952490709E-16
 0.89175183654461E-16
 0.23758264444449E-15
 0.39187834974486E-15
 0.51004774169643E-15
 0.12679985166729E-14
 0.21153064980779E-14
 0.27707626325988E-14
 0.35109227951282E-14
 0.73329850708440E-14
 0.10839417591176E-13
 0.20243616123536E-13
 0.25815412970630E-13
 0.22583481864042E-13
 0.23705756520141E-15
 0.14069967958815E-28
 0.14069967958815E-28
 0.14069967958815E-28
 0.14069967958815E-28
 0.14069967958815E-28
 0.14069967958815E-28
 0.14069967958815E-28
 0.14069967958815E-28
 0.14069967958815E-28
 0.14069967958815E-28
 0.14069967958815E-28
 0.14069967958815E-28
 0.14069967958815E-28
 0.14069967958815E-28
 0.14069967958815E-28
 0.14069967958815E-28
 0.14069967958815E-28
 0.14069967958815E-28
 0.14069967958815E-28
 0.14069967958815E-28
 0.14069967958815E-28
 0.14069967958815E-28
 0.14069967958815E-28
 0.14069967958815E-28
 0.14069967958815E-28
 0.14069967958815E-28
 0.14069967958815E-28
 0.14069967958815E-28
 0.14069967958815E-28
 0.14069967958815E-28
 0.14069967958815E-28
 0.77800695911007E-17
 0.21064559589817E-16
 0.50059529764448E-16
 0.14050946974652E-15
 0.29934147080672E-15
 0.30999027907874E-15
 0.41192317664159E-15
 0.78423103574067E-15
 0.67040645342573E-15
 0.12579658920783E-14
 0.21575438978554E-14
 0.29225467184417E-14
 0.41407997936982E-14
 0.80517353162600E-14
 0.12016582382326E-13
 0.12504887124115E-13
 0.13354639299719E-13
 0.14606520445714E-13
 0.14253234560421E-14
 0.14069967958815E-28
 0.14069967958815E-28
 0.14069967958815E-28
 0.14069967958815E-28
 0.14069967958815E-28
 0.14069967958815E-28
 0.14069967958815E-28
 0.14069967958815E-28
 0.14069967958815E-28
 0.14069967958815E-28
 0.14069967958815E-28
 0.14069967958815E-28
 0.14069967958815E-28
 0.14069967958815E-28
 0.14069967958815E-28
 0.14069967958815E-28
 0.14069967958815E-28
 0.14069967958815E-28
 0.14069967958815E-28
 0.14069967958815E-28
 0.14069967958815E-28
 0.14069967958815E-28
 0.14069967958815E-28
 0.14069967958815E-28
 0.14069967958815E-28
 0.14069967958815E-28
 0.14069967958815E-28
 0.48407424535600E-17
 0.14069967958815E-28
 0.17526836316635E-16
 0.38760883532630E-16
 0.52496607510755E-16
 0.89700947644366E-16
 0.20179560992933E-15
 0.22189328633457E-15
 0.20090652717466E-15
 0.46730909007548E-15
 0.84264076423979E-15
 0.96412735383758E-15
 0.12231518504372E-14
 0.17026553749778E-14
 0.24810194921452E-14
 0.39527447179179E-14
 0.62111396140609E-14
 0.59618462804166E-14
 0.57368116804261E-14
 0.60371322920766E-14
 0.73988213516669E-14
 0.18381193423755E-14
 0.14069967958815E-28
 0.14069967958815E-28
 0.14069967958815E-28
 0.14069967958815E-28
 0.14069967958815E-28
 0.14069967958815E-28
 0.14069967958815E-28
 0.14069967958815E-28
 0.14069967958815E-28
 0.14069967958815E-28
 0.14069967958815E-28
 0.14069967958815E-28
 0.14069967958815E-28
 0.14069967958815E-28
 0.14069967958815E-28
 0.14069967958815E-28
 0.14069967958815E-28
 0.14069967958815E-28
 0.14069967958815E-28
 0.14069967958815E-28
 0.14069967958815E-28
 0.14069967958815E-28
 0.14069967958815E-28
 0.14069967958815E-28
 0.14069967958815E-28
 0.14069967958815E-28
 0.14069967958815E-28
 0.14069967958815E-28
 0.33992401242981E-16
 0.25280317564311E-16
 0.74735160052936E-16
 0.10825285508068E-15
 0.99016946914926E-16
 0.16343965893329E-15
 0.24061396821977E-15
 0.24255358118157E-15
 0.34460337192128E-15
 0.40633309122423E-15
 0.74994754303018E-15
 0.92113591065213E-15
 0.15237920300835E-14
 0.21899996495057E-14
 0.29269861606922E-14
 0.26630051514706E-14
 0.31557025745454E-14
 0.30345565966894E-14
 0.27716501052743E-14
 0.21579590599412E-14
 0.33868826530723E-15
 0.14069967958815E-28
 0.14069967958815E-28
 0.14069967958815E-28
 0.14069967958815E-28
 0.14069967958815E-28
 0.14069967958815E-28
 0.14069967958815E-28
 0.14069967958815E-28
 0.14069967958815E-28
 0.14069967958815E-28
 0.14069967958815E-28
 0.14069967958815E-28
 0.14069967958815E-28
 0.14069967958815E-28
 0.14069967958815E-28
 0.14069967958815E-28
 0.14069967958815E-28
 0.14069967958815E-28
 0.14069967958815E-28
 0.14069967958815E-28
 0.14069967958815E-28
 0.14069967958815E-28
 0.14069967958815E-28
 0.14069967958815E-28
 0.14069967958815E-28
 0.14069967958815E-28
 0.14069967958815E-28
 0.14069967958815E-28
 0.14069967958815E-28
 0.43316784596085E-16
 0.64385114601808E-16
 0.11488834018082E-15
 0.13020982533059E-15
 0.16743450517228E-15
 0.22155128928153E-15
 0.30305089438902E-15
 0.36927526543112E-15
 0.38889074922167E-15
 0.85143487780801E-15
 0.95800952966021E-15
 0.12901137648847E-14
 0.15428628986981E-14
 0.14880640919599E-14
 0.17442614149080E-14
 0.21280130626203E-14
 0.19576266949536E-14
 0.17243507628443E-14
 0.10637936487494E-14
 0.28050788643362E-15
 0.14069967958815E-28
 0.14069967958815E-28
 0.14069967958815E-28
 0.14069967958815E-28
 0.14069967958815E-28
 0.14069967958815E-28
 0.14069967958815E-28
 0.14069967958815E-28
 0.14069967958815E-28
 0.14069967958815E-28
 0.14069967958815E-28
 0.14069967958815E-28
 0.14069967958815E-28
 0.14069967958815E-28
 0.14069967958815E-28
 0.14069967958815E-28
 0.14069967958815E-28
 0.14069967958815E-28
 0.14069967958815E-28
 0.14069967958815E-28
 0.14069967958815E-28
 0.14069967958815E-28
 0.14069967958815E-28
 0.14069967958815E-28
 0.14069967958815E-28
 0.14069967958815E-28
 0.14069967958815E-28
 0.14069967958815E-28
 0.14069967958815E-28
 0.14069967958815E-28
 0.67304715043570E-16
 0.81468333215218E-16
 0.11704786120605E-15
 0.18288008821937E-15
 0.20002153769957E-15
 0.32457522959670E-15
 0.37183887744631E-15
 0.46890898770729E-15
 0.79734137699507E-15
 0.82630264359277E-15
 0.99731203150436E-15
 0.89978427907889E-15
 0.80724595845445E-15
 0.82135462829891E-15
 0.11155331511826E-14
 0.10339889473289E-14
 0.12050506468216E-14
 0.25293915499401E-15
 0.86168358828150E-16
 0.14069967958815E-28
 0.14069967958815E-28
 0.14069967958815E-28
 0.14069967958815E-28
 0.14069967958815E-28
 0.14069967958815E-28
 0.14069967958815E-28
 0.14069967958815E-28
 0.14069967958815E-28
 0.14069967958815E-28
 0.14069967958815E-28
 0.14069967958815E-28
 0.14069967958815E-28
 0.14069967958815E-28
 0.14069967958815E-28
 0.14069967958815E-28
 0.14069967958815E-28
 0.14069967958815E-28
 0.14069967958815E-28
 0.14069967958815E-28
 0.14069967958815E-28
 0.14069967958815E-28
 0.14069967958815E-28
 0.14069967958815E-28
 0.14069967958815E-28
 0.14069967958815E-28
 0.14069967958815E-28
 0.14069967958815E-28
 0.14069967958815E-28
 0.14069967958815E-28
 0.14069967958815E-28
 0.95961679050052E-16
 0.12647052902252E-15
 0.12329384537490E-15
 0.18572459651373E-15
 0.24618717400277E-15
 0.32992723490800E-15
 0.41836417640340E-15
 0.55643104222747E-15
 0.66939571275578E-15
 0.67289928222067E-15
 0.55841662419496E-15
 0.67615185625716E-15
 0.67534694033255E-15
 0.64208254260297E-15
 0.39198844866225E-15
 0.49297507652332E-15
 0.37700916364608E-15
 0.19785531167848E-16
 0.14069967958815E-28
 0.14069967958815E-28
 0.14069967958815E-28
 0.14069967958815E-28
 0.14069967958815E-28
 0.14069967958815E-28
 0.14069967958815E-28
 0.14069967958815E-28
 0.14069967958815E-28
 0.14069967958815E-28
 0.14069967958815E-28
 0.14069967958815E-28
 0.14069967958815E-28
 0.14069967958815E-28
 0.14069967958815E-28
 0.14069967958815E-28
 0.14069967958815E-28
 0.14069967958815E-28
 0.14069967958815E-28
 0.14069967958815E-28
 0.14069967958815E-28
 0.14069967958815E-28
 0.14069967958815E-28
 0.14069967958815E-28
 0.14069967958815E-28
 0.14069967958815E-28
 0.14069967958815E-28
 0.14069967958815E-28
 0.14069967958815E-28
 0.14069967958815E-28
 0.14069967958815E-28
 0.14069967958815E-28
 0.85244042597877E-16
 0.17022243029148E-15
 0.13019178230156E-15
 0.21744857906758E-15
 0.21521036473163E-15
 0.44446888944053E-15
 0.56121888041084E-15
 0.50630333049532E-15
 0.47730166708631E-15
 0.44393472300111E-15
 0.38123532413977E-15
 0.58777084591523E-15
 0.35123731095773E-15
 0.42797030566594E-15
 0.21990716252732E-15
 0.50267420004981E-16
 0.14069967958815E-28
 0.14069967958815E-28
 0.14069967958815E-28
 0.14069967958815E-28
 0.14069967958815E-28
 0.14069967958815E-28
 0.14069967958815E-28
 0.14069967958815E-28
 0.14069967958815E-28
 0.14069967958815E-28
 0.14069967958815E-28
 0.14069967958815E-28
 0.14069967958815E-28
 0.14069967958815E-28
 0.14069967958815E-28
 0.14069967958815E-28
 0.14069967958815E-28
 0.14069967958815E-28
 0.14069967958815E-28
 0.14069967958815E-28
 0.14069967958815E-28
 0.14069967958815E-28
 0.14069967958815E-28
 0.14069967958815E-28
 0.14069967958815E-28
 0.14069967958815E-28
 0.14069967958815E-28
 0.14069967958815E-28
 0.14069967958815E-28
 0.14069967958815E-28
 0.14069967958815E-28
 0.14069967958815E-28
 0.14069967958815E-28
 0.14069967958815E-28
 0.14161403068310E-15
 0.19484175835689E-15
 0.26108419097267E-15
 0.31925638924310E-15
 0.37336487550962E-15
 0.33899669625814E-15
 0.27612590162512E-15
 0.36017352494347E-15
 0.35041872323417E-15
 0.30030255123548E-15
 0.22307311732906E-15
 0.40245112123217E-15
 0.36166410304593E-15
 0.20864928122478E-15
 0.20937799172358E-16
 0.14069967958815E-28
 0.14069967958815E-28
 0.14069967958815E-28
 0.14069967958815E-28
 0.14069967958815E-28
 0.14069967958815E-28
 0.14069967958815E-28
 0.14069967958815E-28
 0.14069967958815E-28
 0.14069967958815E-28
 0.14069967958815E-28
 0.14069967958815E-28
 0.14069967958815E-28
 0.14069967958815E-28
 0.14069967958815E-28
 0.14069967958815E-28
 0.14069967958815E-28
 0.14069967958815E-28
 0.14069967958815E-28
 0.14069967958815E-28
 0.14069967958815E-28
 0.14069967958815E-28
 0.14069967958815E-28
 0.14069967958815E-28
 0.14069967958815E-28
 0.14069967958815E-28
 0.14069967958815E-28
 0.14069967958815E-28
 0.14069967958815E-28
 0.14069967958815E-28
 0.14069967958815E-28
 0.14069967958815E-28
 0.14069967958815E-28
 0.14069967958815E-28
 0.14069967958815E-28
 0.16402527906613E-15
 0.25508292254829E-15
 0.28033490596720E-15
 0.23875363055056E-15
 0.18020276191777E-15
 0.23945478009437E-15
 0.32228548203521E-15
 0.27593968929472E-15
 0.19630047466199E-15
 0.22029867601438E-15
 0.15345348161156E-15
 0.12092368939779E-15
 0.72288763642705E-16
 0.14050651910237E-16
 0.14069967958815E-28
 0.14069967958815E-28
 0.14069967958815E-28
 0.14069967958815E-28
 0.14069967958815E-28
 0.14069967958815E-28
 0.14069967958815E-28
 0.14069967958815E-28
 0.14069967958815E-28
 0.14069967958815E-28
 0.14069967958815E-28
 0.14069967958815E-28
 0.14069967958815E-28
 0.14069967958815E-28
 0.14069967958815E-28
 0.14069967958815E-28
 0.14069967958815E-28
 0.14069967958815E-28
 0.14069967958815E-28
 0.14069967958815E-28
 0.14069967958815E-28
 0.14069967958815E-28
 0.14069967958815E-28
 0.14069967958815E-28
 0.14069967958815E-28
 0.14069967958815E-28
 0.14069967958815E-28
 0.14069967958815E-28
 0.14069967958815E-28
 0.14069967958815E-28
 0.14069967958815E-28
 0.14069967958815E-28
 0.14069967958815E-28
 0.14069967958815E-28
 0.14069967958815E-28
 0.14069967958815E-28
 0.17435032958605E-15
 0.16603575570547E-15
 0.18600306288969E-15
 0.25479988418355E-15
 0.13609952544438E-15
 0.17360169184112E-15
 0.15371505270621E-15
 0.19935388399172E-15
 0.19902324051418E-15
 0.12709705221063E-15
 0.16195415469447E-15
 0.83931845398858E-16
 0.11933434783663E-16
 0.14069967958815E-28
 0.14069967958815E-28
 0.14069967958815E-28
 0.14069967958815E-28
 0.14069967958815E-28
 0.14069967958815E-28
 0.14069967958815E-28
 0.14069967958815E-28
 0.14069967958815E-28
 0.14069967958815E-28
 0.14069967958815E-28
 0.14069967958815E-28
 0.14069967958815E-28
 0.14069967958815E-28
 0.14069967958815E-28
 0.14069967958815E-28
 0.14069967958815E-28
 0.14069967958815E-28
 0.14069967958815E-28
 0.14069967958815E-28
 0.14069967958815E-28
 0.14069967958815E-28
 0.14069967958815E-28
 0.14069967958815E-28
 0.14069967958815E-28
 0.14069967958815E-28
 0.14069967958815E-28
 0.14069967958815E-28
 0.14069967958815E-28
 0.14069967958815E-28
 0.14069967958815E-28
 0.14069967958815E-28
 0.14069967958815E-28
 0.14069967958815E-28
 0.14069967958815E-28
 0.14069967958815E-28
 0.14069967958815E-28
 0.14322368345254E-15
 0.13133503441039E-15
 0.15033833320185E-15
 0.12359395529602E-15
 0.11213092670521E-15
 0.15461849781041E-15
 0.11515538121689E-15
 0.96786542324058E-16
 0.84587313835746E-16
 0.60231500077711E-16
 0.40780124540536E-17
 0.14069967958815E-28
 0.14069967958815E-28
 0.14069967958815E-28
 0.14069967958815E-28
 0.14069967958815E-28
 0.14069967958815E-28
 0.14069967958815E-28
 0.14069967958815E-28
 0.14069967958815E-28
 0.14069967958815E-28
 0.14069967958815E-28
 0.14069967958815E-28
 0.14069967958815E-28
 0.14069967958815E-28
 0.14069967958815E-28
 0.14069967958815E-28
 0.14069967958815E-28
 0.14069967958815E-28
 0.14069967958815E-28
 0.14069967958815E-28
 0.14069967958815E-28
 0.14069967958815E-28
 0.14069967958815E-28
 0.14069967958815E-28
 0.14069967958815E-28
 0.14069967958815E-28
 0.14069967958815E-28
 0.14069967958815E-28
 0.14069967958815E-28
 0.14069967958815E-28
 0.14069967958815E-28
 0.14069967958815E-28
 0.14069967958815E-28
 0.14069967958815E-28
 0.14069967958815E-28
 0.14069967958815E-28
 0.14069967958815E-28
 0.14069967958815E-28
 0.14069967958815E-28
 0.10010481813415E-15
 0.12278376018778E-15
 0.86101100616700E-16
 0.12980673827486E-15
 0.94275701840563E-16
 0.11490771842425E-15
 0.88437094358406E-16
 0.63335206122850E-16
 0.77827357614132E-16
 0.11152417566545E-16
 0.14069967958815E-28
 0.14069967958815E-28
 0.14069967958815E-28
 0.14069967958815E-28
 0.14069967958815E-28
 0.14069967958815E-28
 0.14069967958815E-28
 0.14069967958815E-28
 0.14069967958815E-28
 0.14069967958815E-28
 0.14069967958815E-28
 0.14069967958815E-28
 0.14069967958815E-28
 0.14069967958815E-28
 0.14069967958815E-28
 0.14069967958815E-28
 0.14069967958815E-28
 0.14069967958815E-28
 0.14069967958815E-28
 0.14069967958815E-28
 0.14069967958815E-28
 0.14069967958815E-28
 0.14069967958815E-28
 0.14069967958815E-28
 0.14069967958815E-28
 0.14069967958815E-28
 0.14069967958815E-28
 0.14069967958815E-28
 0.14069967958815E-28
 0.14069967958815E-28
 0.14069967958815E-28
 0.14069967958815E-28
 0.14069967958815E-28
 0.14069967958815E-28
 0.14069967958815E-28
 0.14069967958815E-28
 0.14069967958815E-28
 0.14069967958815E-28
 0.14069967958815E-28
 0.14069967958815E-28
 0.55592870562245E-16
 0.68214025298740E-16
 0.11614297427482E-15
 0.90389270674122E-16
 0.33169529526330E-16
 0.79674725837436E-16
 0.50354329514059E-16
 0.17016353551603E-16
 0.91376438870326E-17
 0.14069967958815E-28
 0.14069967958815E-28
 0.14069967958815E-28
 0.14069967958815E-28
 0.14069967958815E-28
 0.14069967958815E-28
 0.14069967958815E-28
 0.14069967958815E-28
 0.14069967958815E-28
 0.14069967958815E-28
 0.14069967958815E-28
 0.14069967958815E-28
 0.14069967958815E-28
 0.14069967958815E-28
 0.14069967958815E-28
 0.14069967958815E-28
 0.14069967958815E-28
 0.14069967958815E-28
 0.14069967958815E-28
 0.14069967958815E-28
 0.14069967958815E-28
 0.14069967958815E-28
 0.14069967958815E-28
 0.14069967958815E-28
 0.14069967958815E-28
 0.14069967958815E-28
 0.14069967958815E-28
 0.14069967958815E-28
 0.14069967958815E-28
 0.14069967958815E-28
 0.14069967958815E-28
 0.14069967958815E-28
 0.14069967958815E-28
 0.14069967958815E-28
 0.14069967958815E-28
 0.14069967958815E-28
 0.14069967958815E-28
 0.14069967958815E-28
 0.14069967958815E-28
 0.14069967958815E-28
 0.14069967958815E-28
 0.53836998095832E-16
 0.52726486974836E-16
 0.67314770271368E-16
 0.68586827386932E-16
 0.21163178650699E-16
 0.16969170522501E-16
 0.46569176851041E-17
 0.14069967958815E-28
 0.14069967958815E-28
 0.14069967958815E-28
 0.14069967958815E-28
 0.14069967958815E-28
 0.14069967958815E-28
 0.14069967958815E-28
 0.14069967958815E-28
 0.14069967958815E-28
 0.14069967958815E-28
 0.14069967958815E-28
 0.14069967958815E-28
 0.14069967958815E-28
 0.14069967958815E-28
 0.14069967958815E-28
 0.14069967958815E-28
 0.14069967958815E-28
 0.14069967958815E-28
 0.14069967958815E-28
 0.14069967958815E-28
 0.14069967958815E-28
 0.14069967958815E-28
 0.14069967958815E-28
 0.14069967958815E-28
 0.14069967958815E-28
 0.14069967958815E-28
 0.14069967958815E-28
 0.14069967958815E-28
 0.14069967958815E-28
 0.14069967958815E-28
 0.14069967958815E-28
 0.14069967958815E-28
 0.14069967958815E-28
 0.14069967958815E-28
 0.14069967958815E-28
 0.14069967958815E-28
 0.14069967958815E-28
 0.14069967958815E-28
 0.14069967958815E-28
 0.14069967958815E-28
 0.14069967958815E-28
 0.14069967958815E-28
 0.14069967958815E-28
 0.58762600429765E-16
 0.46970523503063E-16
 0.33683876061091E-16
 0.48371293414571E-16
 0.13343027955407E-16
 0.14069967958815E-28
 0.14069967958815E-28
 0.14069967958815E-28
 0.14069967958815E-28
 0.14069967958815E-28
 0.14069967958815E-28
 0.14069967958815E-28
 0.14069967958815E-28
 0.14069967958815E-28
 0.14069967958815E-28
 0.14069967958815E-28
 0.14069967958815E-28
 0.14069967958815E-28
 0.14069967958815E-28
 0.14069967958815E-28
 0.14069967958815E-28
 0.14069967958815E-28
 0.14069967958815E-28
 0.14069967958815E-28
 0.14069967958815E-28
 0.14069967958815E-28
 0.14069967958815E-28
 0.14069967958815E-28
 0.14069967958815E-28
 0.14069967958815E-28
 0.14069967958815E-28
 0.14069967958815E-28
 0.14069967958815E-28
 0.14069967958815E-28
 0.14069967958815E-28
 0.14069967958815E-28
 0.14069967958815E-28
 0.14069967958815E-28
 0.14069967958815E-28
 0.14069967958815E-28
 0.14069967958815E-28
 0.14069967958815E-28
 0.14069967958815E-28
 0.14069967958815E-28
 0.14069967958815E-28
 0.14069967958815E-28
 0.14069967958815E-28
 0.14069967958815E-28
 0.14069967958815E-28
 0.14069967958815E-28
 0.38771855053038E-16
 0.33790186448523E-16
 0.21274726050148E-16
 0.67477926614152E-17
 0.17786735803523E-17
 0.14069967958815E-28
 0.14069967958815E-28
 0.14069967958815E-28
 0.14069967958815E-28
 0.14069967958815E-28
 0.14069967958815E-28
 0.14069967958815E-28
 0.14069967958815E-28
 0.14069967958815E-28
 0.14069967958815E-28
 0.14069967958815E-28
 0.14069967958815E-28
 0.14069967958815E-28
 0.14069967958815E-28
 0.14069967958815E-28
 0.14069967958815E-28
 0.14069967958815E-28
 0.14069967958815E-28
 0.14069967958815E-28
 0.14069967958815E-28
 0.14069967958815E-28
 0.14069967958815E-28
 0.14069967958815E-28
 0.14069967958815E-28
 0.14069967958815E-28
 0.14069967958815E-28
 0.14069967958815E-28
 0.14069967958815E-28
 0.14069967958815E-28
 0.14069967958815E-28
 0.14069967958815E-28
 0.14069967958815E-28
 0.14069967958815E-28
 0.14069967958815E-28
 0.14069967958815E-28
 0.14069967958815E-28
 0.14069967958815E-28
 0.14069967958815E-28
 0.14069967958815E-28
 0.14069967958815E-28
 0.14069967958815E-28
 0.14069967958815E-28
 0.14069967958815E-28
 0.14069967958815E-28
 0.14069967958815E-28
 0.22209072591955E-16
 0.18879816652776E-16
 0.71027929596780E-17
 0.14069967958815E-28
 0.14069967958815E-28
 0.14069967958815E-28
 0.14069967958815E-28
 0.14069967958815E-28
 0.14069967958815E-28
 0.14069967958815E-28
 0.14069967958815E-28
 0.14069967958815E-28
 0.14069967958815E-28
 0.14069967958815E-28
 0.14069967958815E-28
 0.14069967958815E-28
 0.14069967958815E-28
 0.14069967958815E-28
 0.14069967958815E-28
 0.14069967958815E-28
 0.14069967958815E-28
 0.14069967958815E-28
 0.14069967958815E-28
 0.14069967958815E-28
 0.14069967958815E-28
 0.14069967958815E-28
 0.14069967958815E-28
 0.14069967958815E-28
 0.14069967958815E-28
 0.14069967958815E-28
 0.14069967958815E-28
 0.14069967958815E-28
 0.14069967958815E-28
 0.14069967958815E-28
 0.14069967958815E-28
 0.14069967958815E-28
 0.14069967958815E-28
 0.14069967958815E-28
 0.14069967958815E-28
 0.14069967958815E-28
 0.14069967958815E-28
 0.14069967958815E-28
 0.14069967958815E-28
 0.14069967958815E-28
 0.14069967958815E-28
 0.14069967958815E-28
 0.14069967958815E-28
 0.14069967958815E-28
 0.14069967958815E-28
 0.14069967958815E-28
 0.82308496308978E-17
 0.14069967958815E-28
 0.14069967958815E-28
 0.14069967958815E-28
 0.14069967958815E-28
 0.14069967958815E-28
 0.14069967958815E-28
 0.14069967958815E-28
 0.14069967958815E-28
 0.14069967958815E-28
 0.14069967958815E-28
 0.14069967958815E-28
 0.14069967958815E-28
 0.14069967958815E-28
 0.14069967958815E-28
 0.14069967958815E-28
 0.14069967958815E-28
 0.14069967958815E-28
 0.14069967958815E-28
 0.14069967958815E-28
 0.14069967958815E-28
 0.14069967958815E-28
 0.14069967958815E-28
 0.14069967958815E-28
 0.14069967958815E-28
 0.14069967958815E-28
 0.14069967958815E-28
 0.14069967958815E-28
 0.14069967958815E-28
 0.14069967958815E-28
 0.14069967958815E-28
 0.14069967958815E-28
 0.14069967958815E-28
 0.14069967958815E-28
 0.14069967958815E-28
 0.14069967958815E-28
 0.14069967958815E-28
 0.14069967958815E-28
 0.14069967958815E-28
 0.14069967958815E-28
 0.14069967958815E-28
 0.14069967958815E-28
 0.14069967958815E-28
 0.14069967958815E-28
 0.14069967958815E-28
 0.14069967958815E-28
 0.14069967958815E-28
 0.14069967958815E-28
 0.14069967958815E-28
 0.14069967958815E-28
 0.14069967958815E-28
 0.14069967958815E-28
 0.14069967958815E-28
 0.14069967958815E-28
 0.14069967958815E-28
 0.14069967958815E-28
 0.14069967958815E-28
 0.14069967958815E-28
 0.14069967958815E-28
 0.14069967958815E-28
 0.14069967958815E-28
 0.14069967958815E-28
 0.14069967958815E-28
 0.14069967958815E-28
 0.14069967958815E-28
 0.14069967958815E-28
 0.14069967958815E-28
 0.14069967958815E-28
 0.14069967958815E-28
 0.14069967958815E-28
 0.14069967958815E-28
 0.14069967958815E-28
 0.14069967958815E-28
 0.14069967958815E-28
 0.14069967958815E-28
 0.14069967958815E-28
 0.14069967958815E-28
 0.14069967958815E-28
 0.14069967958815E-28
 0.14069967958815E-28
 0.14069967958815E-28
 0.14069967958815E-28
 0.14069967958815E-28
 0.14069967958815E-28
 0.14069967958815E-28
 0.14069967958815E-28
 0.14069967958815E-28
 0.14069967958815E-28
 0.14069967958815E-28
 0.14069967958815E-28
 0.14069967958815E-28
 0.14069967958815E-28
 0.14069967958815E-28
 0.14069967958815E-28
 0.14069967958815E-28
 0.14069967958815E-28
 0.14069967958815E-28
 0.14069967958815E-28
 0.14069967958815E-28
 0.14069967958815E-28
 0.14069967958815E-28
 0.14069967958815E-28
 0.14069967958815E-28
 0.14069967958815E-28
 0.14069967958815E-28
 0.14069967958815E-28
 0.14069967958815E-28
 0.14069967958815E-28
 0.14069967958815E-28
 0.14069967958815E-28
 0.14069967958815E-28
 0.14069967958815E-28
 0.14069967958815E-28
 0.14069967958815E-28
 0.14069967958815E-28
 0.14069967958815E-28
 0.14069967958815E-28
 0.14069967958815E-28
 0.14069967958815E-28
 0.14069967958815E-28
 0.14069967958815E-28
 0.14069967958815E-28
 0.14069967958815E-28
 0.14069967958815E-28
 0.14069967958815E-28
 0.14069967958815E-28
 0.14069967958815E-28
 0.14069967958815E-28
 0.14069967958815E-28
 0.14069967958815E-28
 0.14069967958815E-28
 0.14069967958815E-28
 0.14069967958815E-28
 0.14069967958815E-28
 0.14069967958815E-28
 0.14069967958815E-28
 0.14069967958815E-28
 0.14069967958815E-28
 0.14069967958815E-28
 0.14069967958815E-28
 0.14069967958815E-28
 0.14069967958815E-28
 0.14069967958815E-28
 0.14069967958815E-28
 0.14069967958815E-28
 0.14069967958815E-28
 0.14069967958815E-28
 0.14069967958815E-28
 0.14069967958815E-28
 0.14069967958815E-28
 0.14069967958815E-28
 0.14069967958815E-28
 0.14069967958815E-28
 0.14069967958815E-28
 0.14069967958815E-28
 0.14069967958815E-28
 0.14069967958815E-28
 0.14069967958815E-28
 0.14069967958815E-28
 0.14069967958815E-28
 0.14069967958815E-28
 0.14069967958815E-28
 0.14069967958815E-28
 0.14069967958815E-28
 0.14069967958815E-28
 0.14069967958815E-28
 0.14069967958815E-28
 0.14069967958815E-28
 0.14069967958815E-28
 0.14069967958815E-28
 0.14069967958815E-28
 0.14069967958815E-28
 0.14069967958815E-28
 0.14069967958815E-28
 0.14069967958815E-28
 0.14069967958815E-28
 0.14069967958815E-28
 0.14069967958815E-28
 0.14069967958815E-28
 0.14069967958815E-28
 0.14069967958815E-28
 0.14069967958815E-28
 0.14069967958815E-28
 0.14069967958815E-28
 0.14069967958815E-28
 0.14069967958815E-28
 0.14069967958815E-28
 0.14069967958815E-28
 0.14069967958815E-28
 0.14069967958815E-28
 0.14069967958815E-28
 0.14069967958815E-28
 0.14069967958815E-28
 0.14069967958815E-28
 0.14069967958815E-28
 0.14069967958815E-28
 0.14069967958815E-28
 0.14069967958815E-28
 0.14069967958815E-28
 0.14069967958815E-28
 0.14069967958815E-28
 0.14069967958815E-28
 0.14069967958815E-28
 0.14069967958815E-28
 0.14069967958815E-28
 0.14069967958815E-28
 0.14069967958815E-28
 0.14069967958815E-28
 0.14069967958815E-28
 0.14069967958815E-28
 0.14069967958815E-28
 0.14069967958815E-28
 0.14069967958815E-28
 0.14069967958815E-28
 0.14069967958815E-28
 0.14069967958815E-28
 0.14069967958815E-28
 0.14069967958815E-28
 0.14069967958815E-28
 0.14069967958815E-28
 0.14069967958815E-28
 0.14069967958815E-28
 0.14069967958815E-28
 0.14069967958815E-28
 0.14069967958815E-28
 0.14069967958815E-28
 0.14069967958815E-28
 0.14069967958815E-28
 0.14069967958815E-28
 0.14069967958815E-28
 0.14069967958815E-28
 0.14069967958815E-28
 0.14069967958815E-28
 0.14069967958815E-28
 0.14069967958815E-28
 0.14069967958815E-28
 0.14069967958815E-28
 0.14069967958815E-28
 0.14069967958815E-28
 0.14069967958815E-28
 0.14069967958815E-28
 0.14069967958815E-28
 0.14069967958815E-28
 0.14069967958815E-28
 0.14069967958815E-28
 0.14069967958815E-28
 0.14069967958815E-28
 0.14069967958815E-28
 0.14069967958815E-28
 0.14069967958815E-28
  
