           1
          50          50
           1
   29920000000000.000        29920000000000.000     
 0.60000000000000E+05
  
 0.14069967958816E-28
 0.14069967958816E-28
 0.14069967958816E-28
 0.14069967958816E-28
 0.14069967958816E-28
 0.14069967958816E-28
 0.14069967958816E-28
 0.14069967958816E-28
 0.14069967958816E-28
 0.14069967958816E-28
 0.14069967958816E-28
 0.14069967958816E-28
 0.14069967958816E-28
 0.14069967958816E-28
 0.14069967958816E-28
 0.14069967958816E-28
 0.14069967958816E-28
 0.14069967958816E-28
 0.14069967958816E-28
 0.14069967958816E-28
 0.14069967958816E-28
 0.14069967958816E-28
 0.14069967958816E-28
 0.14069967958816E-28
 0.14069967958816E-28
 0.14069967958816E-28
 0.14069967958816E-28
 0.14069967958816E-28
 0.14069967958816E-28
 0.14069967958816E-28
 0.14069967958816E-28
 0.14069967958816E-28
 0.14069967958816E-28
 0.14069967958816E-28
 0.14069967958816E-28
 0.14069967958816E-28
 0.14069967958816E-28
 0.14069967958816E-28
 0.14069967958816E-28
 0.14069967958816E-28
 0.14069967958816E-28
 0.14069967958816E-28
 0.14069967958816E-28
 0.14069967958816E-28
 0.14069967958816E-28
 0.14069967958816E-28
 0.14069967958816E-28
 0.14069967958816E-28
 0.14069967958816E-28
 0.14069967958816E-28
 0.14069967958816E-28
 0.14069967958816E-28
 0.14069967958816E-28
 0.14069967958816E-28
 0.14069967958816E-28
 0.14069967958816E-28
 0.14069967958816E-28
 0.14069967958816E-28
 0.14069967958816E-28
 0.14069967958816E-28
 0.14069967958816E-28
 0.14069967958816E-28
 0.14069967958816E-28
 0.14069967958816E-28
 0.14069967958816E-28
 0.14069967958816E-28
 0.14069967958816E-28
 0.14069967958816E-28
 0.14069967958816E-28
 0.14069967958816E-28
 0.14069967958816E-28
 0.14069967958816E-28
 0.14069967958816E-28
 0.14069967958816E-28
 0.14069967958816E-28
 0.14069967958816E-28
 0.14069967958816E-28
 0.14069967958816E-28
 0.14069967958816E-28
 0.14069967958816E-28
 0.14069967958816E-28
 0.14069967958816E-28
 0.14069967958816E-28
 0.14069967958816E-28
 0.14069967958816E-28
 0.14069967958816E-28
 0.14069967958816E-28
 0.14069967958816E-28
 0.14069967958816E-28
 0.14069967958816E-28
 0.14069967958816E-28
 0.14069967958816E-28
 0.14069967958816E-28
 0.14069967958816E-28
 0.14069967958816E-28
 0.14069967958816E-28
 0.14069967958816E-28
 0.14069967958816E-28
 0.14069967958816E-28
 0.14069967958816E-28
 0.14069967958816E-28
 0.14069967958816E-28
 0.14069967958816E-28
 0.14069967958816E-28
 0.14069967958816E-28
 0.14069967958816E-28
 0.14069967958816E-28
 0.14069967958816E-28
 0.14069967958816E-28
 0.14069967958816E-28
 0.14069967958816E-28
 0.14069967958816E-28
 0.14069967958816E-28
 0.14069967958816E-28
 0.14069967958816E-28
 0.14069967958816E-28
 0.14069967958816E-28
 0.14069967958816E-28
 0.14069967958816E-28
 0.14069967958816E-28
 0.14069967958816E-28
 0.14069967958816E-28
 0.14069967958816E-28
 0.14069967958816E-28
 0.14069967958816E-28
 0.14069967958816E-28
 0.14069967958816E-28
 0.14069967958816E-28
 0.14069967958816E-28
 0.14069967958816E-28
 0.14069967958816E-28
 0.14069967958816E-28
 0.14069967958816E-28
 0.14069967958816E-28
 0.14069967958816E-28
 0.14069967958816E-28
 0.14069967958816E-28
 0.14069967958816E-28
 0.14069967958816E-28
 0.14069967958816E-28
 0.14069967958816E-28
 0.14069967958816E-28
 0.14069967958816E-28
 0.14069967958816E-28
 0.14069967958816E-28
 0.14069967958816E-28
 0.14069967958816E-28
 0.14069967958816E-28
 0.14069967958816E-28
 0.14069967958816E-28
 0.14069967958816E-28
 0.14069967958816E-28
 0.14069967958816E-28
 0.14069967958816E-28
 0.14069967958816E-28
 0.14069967958816E-28
 0.14069967958816E-28
 0.14069967958816E-28
 0.14069967958816E-28
 0.14069967958816E-28
 0.14069967958816E-28
 0.14069967958816E-28
 0.14069967958816E-28
 0.14069967958816E-28
 0.14069967958816E-28
 0.14069967958816E-28
 0.14069967958816E-28
 0.14069967958816E-28
 0.14069967958816E-28
 0.14069967958816E-28
 0.14069967958816E-28
 0.14069967958816E-28
 0.14069967958816E-28
 0.14069967958816E-28
 0.14069967958816E-28
 0.14069967958816E-28
 0.14069967958816E-28
 0.14069967958816E-28
 0.14069967958816E-28
 0.14069967958816E-28
 0.14069967958816E-28
 0.14069967958816E-28
 0.14069967958816E-28
 0.14069967958816E-28
 0.14069967958816E-28
 0.14069967958816E-28
 0.14069967958816E-28
 0.14069967958816E-28
 0.14069967958816E-28
 0.14069967958816E-28
 0.14069967958816E-28
 0.14069967958816E-28
 0.14069967958816E-28
 0.14069967958816E-28
 0.14069967958816E-28
 0.14069967958816E-28
 0.14069967958816E-28
 0.14069967958816E-28
 0.11283252775506E-17
 0.39396953503080E-16
 0.14069967958816E-28
 0.14069967958816E-28
 0.14069967958816E-28
 0.14069967958816E-28
 0.14069967958816E-28
 0.14069967958816E-28
 0.14069967958816E-28
 0.14069967958816E-28
 0.14069967958816E-28
 0.14069967958816E-28
 0.14069967958816E-28
 0.14069967958816E-28
 0.14069967958816E-28
 0.14069967958816E-28
 0.14069967958816E-28
 0.14069967958816E-28
 0.14069967958816E-28
 0.14069967958816E-28
 0.14069967958816E-28
 0.14069967958816E-28
 0.14069967958816E-28
 0.14069967958816E-28
 0.14069967958816E-28
 0.14069967958816E-28
 0.14069967958816E-28
 0.14069967958816E-28
 0.14069967958816E-28
 0.14069967958816E-28
 0.14069967958816E-28
 0.14069967958816E-28
 0.14069967958816E-28
 0.14069967958816E-28
 0.14069967958816E-28
 0.14069967958816E-28
 0.14069967958816E-28
 0.14069967958816E-28
 0.14069967958816E-28
 0.14069967958816E-28
 0.14069967958816E-28
 0.14069967958816E-28
 0.14069967958816E-28
 0.14069967958816E-28
 0.14069967958816E-28
 0.14069967958816E-28
 0.14069967958816E-28
 0.14069967958816E-28
 0.14069967958816E-28
 0.84591118142254E-17
 0.74700356665354E-16
 0.13228133945622E-15
 0.14069967958816E-28
 0.14069967958816E-28
 0.14069967958816E-28
 0.14069967958816E-28
 0.14069967958816E-28
 0.14069967958816E-28
 0.14069967958816E-28
 0.14069967958816E-28
 0.14069967958816E-28
 0.14069967958816E-28
 0.14069967958816E-28
 0.14069967958816E-28
 0.14069967958816E-28
 0.14069967958816E-28
 0.14069967958816E-28
 0.14069967958816E-28
 0.14069967958816E-28
 0.14069967958816E-28
 0.14069967958816E-28
 0.14069967958816E-28
 0.14069967958816E-28
 0.14069967958816E-28
 0.14069967958816E-28
 0.14069967958816E-28
 0.14069967958816E-28
 0.14069967958816E-28
 0.14069967958816E-28
 0.14069967958816E-28
 0.14069967958816E-28
 0.14069967958816E-28
 0.14069967958816E-28
 0.14069967958816E-28
 0.14069967958816E-28
 0.14069967958816E-28
 0.14069967958816E-28
 0.14069967958816E-28
 0.14069967958816E-28
 0.14069967958816E-28
 0.14069967958816E-28
 0.14069967958816E-28
 0.14069967958816E-28
 0.14069967958816E-28
 0.14069967958816E-28
 0.14069967958816E-28
 0.14069967958816E-28
 0.14069967958816E-28
 0.32575381487577E-16
 0.12110516277314E-15
 0.17080310675602E-15
 0.20171254266195E-15
 0.14069967958816E-28
 0.14069967958816E-28
 0.14069967958816E-28
 0.14069967958816E-28
 0.14069967958816E-28
 0.14069967958816E-28
 0.14069967958816E-28
 0.14069967958816E-28
 0.14069967958816E-28
 0.14069967958816E-28
 0.14069967958816E-28
 0.14069967958816E-28
 0.14069967958816E-28
 0.14069967958816E-28
 0.14069967958816E-28
 0.14069967958816E-28
 0.14069967958816E-28
 0.14069967958816E-28
 0.14069967958816E-28
 0.14069967958816E-28
 0.14069967958816E-28
 0.14069967958816E-28
 0.14069967958816E-28
 0.14069967958816E-28
 0.14069967958816E-28
 0.14069967958816E-28
 0.14069967958816E-28
 0.14069967958816E-28
 0.14069967958816E-28
 0.14069967958816E-28
 0.14069967958816E-28
 0.14069967958816E-28
 0.14069967958816E-28
 0.14069967958816E-28
 0.14069967958816E-28
 0.14069967958816E-28
 0.14069967958816E-28
 0.14069967958816E-28
 0.14069967958816E-28
 0.14069967958816E-28
 0.14069967958816E-28
 0.14069967958816E-28
 0.14069967958816E-28
 0.14069967958816E-28
 0.29569249788849E-17
 0.72656541079933E-16
 0.17613536781647E-15
 0.22587897543885E-15
 0.26040549177282E-15
 0.27252743084816E-15
 0.14069967958816E-28
 0.14069967958816E-28
 0.14069967958816E-28
 0.14069967958816E-28
 0.14069967958816E-28
 0.14069967958816E-28
 0.14069967958816E-28
 0.14069967958816E-28
 0.14069967958816E-28
 0.14069967958816E-28
 0.14069967958816E-28
 0.14069967958816E-28
 0.14069967958816E-28
 0.14069967958816E-28
 0.14069967958816E-28
 0.14069967958816E-28
 0.14069967958816E-28
 0.14069967958816E-28
 0.14069967958816E-28
 0.14069967958816E-28
 0.14069967958816E-28
 0.14069967958816E-28
 0.14069967958816E-28
 0.14069967958816E-28
 0.14069967958816E-28
 0.14069967958816E-28
 0.14069967958816E-28
 0.14069967958816E-28
 0.14069967958816E-28
 0.14069967958816E-28
 0.14069967958816E-28
 0.14069967958816E-28
 0.14069967958816E-28
 0.14069967958816E-28
 0.14069967958816E-28
 0.14069967958816E-28
 0.14069967958816E-28
 0.14069967958816E-28
 0.14069967958816E-28
 0.14069967958816E-28
 0.14069967958816E-28
 0.14069967958816E-28
 0.14069967958816E-28
 0.16138298924412E-16
 0.13213626717711E-15
 0.24278054331547E-15
 0.29284787161564E-15
 0.32116216568505E-15
 0.33873904460134E-15
 0.36541352291215E-15
 0.14069967958816E-28
 0.14069967958816E-28
 0.14069967958816E-28
 0.14069967958816E-28
 0.14069967958816E-28
 0.14069967958816E-28
 0.14069967958816E-28
 0.14069967958816E-28
 0.14069967958816E-28
 0.14069967958816E-28
 0.14069967958816E-28
 0.14069967958816E-28
 0.14069967958816E-28
 0.14069967958816E-28
 0.14069967958816E-28
 0.14069967958816E-28
 0.14069967958816E-28
 0.14069967958816E-28
 0.14069967958816E-28
 0.14069967958816E-28
 0.14069967958816E-28
 0.14069967958816E-28
 0.14069967958816E-28
 0.14069967958816E-28
 0.14069967958816E-28
 0.14069967958816E-28
 0.14069967958816E-28
 0.14069967958816E-28
 0.14069967958816E-28
 0.14069967958816E-28
 0.14069967958816E-28
 0.14069967958816E-28
 0.14069967958816E-28
 0.14069967958816E-28
 0.14069967958816E-28
 0.14069967958816E-28
 0.14069967958816E-28
 0.14069967958816E-28
 0.14069967958816E-28
 0.14069967958816E-28
 0.14069967958816E-28
 0.14069967958816E-28
 0.54311293267637E-16
 0.22161015216597E-15
 0.32013963133641E-15
 0.38135746350456E-15
 0.40390955770763E-15
 0.43400222928410E-15
 0.44966318439529E-15
 0.45262197095472E-15
 0.14069967958816E-28
 0.14069967958816E-28
 0.14069967958816E-28
 0.14069967958816E-28
 0.14069967958816E-28
 0.14069967958816E-28
 0.14069967958816E-28
 0.14069967958816E-28
 0.14069967958816E-28
 0.14069967958816E-28
 0.14069967958816E-28
 0.14069967958816E-28
 0.14069967958816E-28
 0.14069967958816E-28
 0.14069967958816E-28
 0.14069967958816E-28
 0.14069967958816E-28
 0.14069967958816E-28
 0.14069967958816E-28
 0.14069967958816E-28
 0.14069967958816E-28
 0.14069967958816E-28
 0.14069967958816E-28
 0.14069967958816E-28
 0.14069967958816E-28
 0.14069967958816E-28
 0.14069967958816E-28
 0.14069967958816E-28
 0.14069967958816E-28
 0.14069967958816E-28
 0.14069967958816E-28
 0.14069967958816E-28
 0.14069967958816E-28
 0.14069967958816E-28
 0.14069967958816E-28
 0.14069967958816E-28
 0.14069967958816E-28
 0.14069967958816E-28
 0.14069967958816E-28
 0.14069967958816E-28
 0.26548147465408E-17
 0.12478160702639E-15
 0.33409371765717E-15
 0.42566575595855E-15
 0.48118468658074E-15
 0.51190257246932E-15
 0.53550321626893E-15
 0.54825567575665E-15
 0.55576513865780E-15
 0.54335688709594E-15
 0.14069967958816E-28
 0.14069967958816E-28
 0.14069967958816E-28
 0.14069967958816E-28
 0.14069967958816E-28
 0.14069967958816E-28
 0.14069967958816E-28
 0.14069967958816E-28
 0.14069967958816E-28
 0.14069967958816E-28
 0.14069967958816E-28
 0.14069967958816E-28
 0.14069967958816E-28
 0.14069967958816E-28
 0.14069967958816E-28
 0.14069967958816E-28
 0.14069967958816E-28
 0.14069967958816E-28
 0.14069967958816E-28
 0.14069967958816E-28
 0.14069967958816E-28
 0.14069967958816E-28
 0.14069967958816E-28
 0.14069967958816E-28
 0.14069967958816E-28
 0.14069967958816E-28
 0.14069967958816E-28
 0.14069967958816E-28
 0.14069967958816E-28
 0.14069967958816E-28
 0.14069967958816E-28
 0.14069967958816E-28
 0.14069967958816E-28
 0.14069967958816E-28
 0.14069967958816E-28
 0.14069967958816E-28
 0.14069967958816E-28
 0.14069967958816E-28
 0.14069967958816E-28
 0.20389874714568E-16
 0.24304109944118E-15
 0.47511299515246E-15
 0.55792552844121E-15
 0.60529154545448E-15
 0.64484412736010E-15
 0.67228642008359E-15
 0.66802893328035E-15
 0.66400395328401E-15
 0.65798630324601E-15
 0.63111507166685E-15
 0.14069967958816E-28
 0.14069967958816E-28
 0.14069967958816E-28
 0.14069967958816E-28
 0.14069967958816E-28
 0.14069967958816E-28
 0.14069967958816E-28
 0.14069967958816E-28
 0.14069967958816E-28
 0.14069967958816E-28
 0.14069967958816E-28
 0.14069967958816E-28
 0.14069967958816E-28
 0.14069967958816E-28
 0.14069967958816E-28
 0.14069967958816E-28
 0.14069967958816E-28
 0.14069967958816E-28
 0.14069967958816E-28
 0.14069967958816E-28
 0.14069967958816E-28
 0.14069967958816E-28
 0.14069967958816E-28
 0.14069967958816E-28
 0.14069967958816E-28
 0.14069967958816E-28
 0.14069967958816E-28
 0.14069967958816E-28
 0.14069967958816E-28
 0.14069967958816E-28
 0.14069967958816E-28
 0.14069967958816E-28
 0.14069967958816E-28
 0.14069967958816E-28
 0.14069967958816E-28
 0.14069967958816E-28
 0.14069967958816E-28
 0.14069967958816E-28
 0.70281259549663E-16
 0.41272506170119E-15
 0.63465119527163E-15
 0.73845481168837E-15
 0.80161180955519E-15
 0.83601267712356E-15
 0.84520952817803E-15
 0.83981063155491E-15
 0.79891647225123E-15
 0.76805857170054E-15
 0.74672957059765E-15
 0.69678463928236E-15
 0.14069967958816E-28
 0.14069967958816E-28
 0.14069967958816E-28
 0.14069967958816E-28
 0.14069967958816E-28
 0.14069967958816E-28
 0.14069967958816E-28
 0.14069967958816E-28
 0.14069967958816E-28
 0.14069967958816E-28
 0.14069967958816E-28
 0.14069967958816E-28
 0.14069967958816E-28
 0.14069967958816E-28
 0.14069967958816E-28
 0.14069967958816E-28
 0.14069967958816E-28
 0.14069967958816E-28
 0.14069967958816E-28
 0.14069967958816E-28
 0.14069967958816E-28
 0.14069967958816E-28
 0.14069967958816E-28
 0.14069967958816E-28
 0.14069967958816E-28
 0.14069967958816E-28
 0.14069967958816E-28
 0.14069967958816E-28
 0.14069967958816E-28
 0.14069967958816E-28
 0.14069967958816E-28
 0.14069967958816E-28
 0.14069967958816E-28
 0.14069967958816E-28
 0.14069967958816E-28
 0.14069967958816E-28
 0.44087553202165E-18
 0.17728223282931E-15
 0.64118552099003E-15
 0.87206480983401E-15
 0.98594951434758E-15
 0.10271915229767E-14
 0.10462492805831E-14
 0.10461521990563E-14
 0.10233763171519E-14
 0.98570945529295E-15
 0.93209610652274E-15
 0.86388262201038E-15
 0.80378737368040E-15
 0.73311000862977E-15
 0.14069967958816E-28
 0.14069967958816E-28
 0.14069967958816E-28
 0.14069967958816E-28
 0.14069967958816E-28
 0.14069967958816E-28
 0.14069967958816E-28
 0.14069967958816E-28
 0.14069967958816E-28
 0.14069967958816E-28
 0.14069967958816E-28
 0.14069967958816E-28
 0.14069967958816E-28
 0.14069967958816E-28
 0.14069967958816E-28
 0.14069967958816E-28
 0.14069967958816E-28
 0.14069967958816E-28
 0.14069967958816E-28
 0.14069967958816E-28
 0.14069967958816E-28
 0.14069967958816E-28
 0.14069967958816E-28
 0.14069967958816E-28
 0.14069967958816E-28
 0.14069967958816E-28
 0.14069967958816E-28
 0.14069967958816E-28
 0.14069967958816E-28
 0.14069967958816E-28
 0.14069967958816E-28
 0.14069967958816E-28
 0.14069967958816E-28
 0.14069967958816E-28
 0.14069967958816E-28
 0.12057372604799E-16
 0.40624737871441E-15
 0.96898060551329E-15
 0.11991982791833E-14
 0.12961160487309E-14
 0.13408206438351E-14
 0.13733775094650E-14
 0.13092239328079E-14
 0.12635479477173E-14
 0.11709861559957E-14
 0.10878590743742E-14
 0.10126945101118E-14
 0.91726029738923E-15
 0.82542788048733E-15
 0.75720564319234E-15
 0.14069967958816E-28
 0.14069967958816E-28
 0.14069967958816E-28
 0.14069967958816E-28
 0.14069967958816E-28
 0.14069967958816E-28
 0.14069967958816E-28
 0.14069967958816E-28
 0.14069967958816E-28
 0.14069967958816E-28
 0.14069967958816E-28
 0.14069967958816E-28
 0.14069967958816E-28
 0.14069967958816E-28
 0.14069967958816E-28
 0.14069967958816E-28
 0.14069967958816E-28
 0.14069967958816E-28
 0.14069967958816E-28
 0.14069967958816E-28
 0.14069967958816E-28
 0.14069967958816E-28
 0.14069967958816E-28
 0.14069967958816E-28
 0.14069967958816E-28
 0.14069967958816E-28
 0.14069967958816E-28
 0.14069967958816E-28
 0.14069967958816E-28
 0.14069967958816E-28
 0.14069967958816E-28
 0.14069967958816E-28
 0.14069967958816E-28
 0.14069967958816E-28
 0.54863766387717E-16
 0.78145759425248E-15
 0.14088999108678E-14
 0.16722457250264E-14
 0.17459758706452E-14
 0.17611264319037E-14
 0.16989788777042E-14
 0.16437230676731E-14
 0.15247443924537E-14
 0.14090107486254E-14
 0.12694317822361E-14
 0.11626064832809E-14
 0.10418187503994E-14
 0.94892362850883E-15
 0.85808925522042E-15
 0.77587345197650E-15
 0.14069967958816E-28
 0.14069967958816E-28
 0.14069967958816E-28
 0.14069967958816E-28
 0.14069967958816E-28
 0.14069967958816E-28
 0.14069967958816E-28
 0.14069967958816E-28
 0.14069967958816E-28
 0.14069967958816E-28
 0.14069967958816E-28
 0.14069967958816E-28
 0.14069967958816E-28
 0.14069967958816E-28
 0.14069967958816E-28
 0.14069967958816E-28
 0.14069967958816E-28
 0.14069967958816E-28
 0.14069967958816E-28
 0.14069967958816E-28
 0.14069967958816E-28
 0.14069967958816E-28
 0.14069967958816E-28
 0.14069967958816E-28
 0.14069967958816E-28
 0.14069967958816E-28
 0.14069967958816E-28
 0.14069967958816E-28
 0.14069967958816E-28
 0.14069967958816E-28
 0.14069967958816E-28
 0.14069967958816E-28
 0.14069967958816E-28
 0.17516895864631E-15
 0.13301211696877E-14
 0.20223128321311E-14
 0.22658685877850E-14
 0.23462066917363E-14
 0.23101868536273E-14
 0.21872284456042E-14
 0.20177448421775E-14
 0.18529533127111E-14
 0.16661166940747E-14
 0.14965046635898E-14
 0.13386764379072E-14
 0.12093946088169E-14
 0.10799573980565E-14
 0.98056784173540E-15
 0.84543914480452E-15
 0.73712946379139E-15
 0.14069967958816E-28
 0.14069967958816E-28
 0.14069967958816E-28
 0.14069967958816E-28
 0.14069967958816E-28
 0.14069967958816E-28
 0.14069967958816E-28
 0.14069967958816E-28
 0.14069967958816E-28
 0.14069967958816E-28
 0.14069967958816E-28
 0.14069967958816E-28
 0.14069967958816E-28
 0.14069967958816E-28
 0.14069967958816E-28
 0.14069967958816E-28
 0.14069967958816E-28
 0.14069967958816E-28
 0.14069967958816E-28
 0.14069967958816E-28
 0.14069967958816E-28
 0.14069967958816E-28
 0.14069967958816E-28
 0.14069967958816E-28
 0.14069967958816E-28
 0.14069967958816E-28
 0.14069967958816E-28
 0.14069967958816E-28
 0.14069967958816E-28
 0.14069967958816E-28
 0.14069967958816E-28
 0.14069967958816E-28
 0.49369254170794E-15
 0.21425797882893E-14
 0.29529383728708E-14
 0.31925522596667E-14
 0.31285231156532E-14
 0.29849493489999E-14
 0.27600743725061E-14
 0.25005037107912E-14
 0.22089043140655E-14
 0.19740039857236E-14
 0.17720476388426E-14
 0.15772022296749E-14
 0.14111565992951E-14
 0.12335508859160E-14
 0.10841340816396E-14
 0.93099606056320E-15
 0.80314355066997E-15
 0.67880422146547E-15
 0.14069967958816E-28
 0.14069967958816E-28
 0.14069967958816E-28
 0.14069967958816E-28
 0.14069967958816E-28
 0.14069967958816E-28
 0.14069967958816E-28
 0.14069967958816E-28
 0.14069967958816E-28
 0.14069967958816E-28
 0.14069967958816E-28
 0.14069967958816E-28
 0.14069967958816E-28
 0.14069967958816E-28
 0.14069967958816E-28
 0.14069967958816E-28
 0.14069967958816E-28
 0.14069967958816E-28
 0.14069967958816E-28
 0.14069967958816E-28
 0.14069967958816E-28
 0.14069967958816E-28
 0.14069967958816E-28
 0.14069967958816E-28
 0.14069967958816E-28
 0.14069967958816E-28
 0.14069967958816E-28
 0.14069967958816E-28
 0.14069967958816E-28
 0.14069967958816E-28
 0.14069967958816E-28
 0.10916761263542E-14
 0.35426807839020E-14
 0.42804133651632E-14
 0.44106470240013E-14
 0.42361068075651E-14
 0.38607667852389E-14
 0.34625946218561E-14
 0.30693403645993E-14
 0.26819596243079E-14
 0.23639070543735E-14
 0.20832577143816E-14
 0.18501979987575E-14
 0.16179899237275E-14
 0.13892041512157E-14
 0.11774901200842E-14
 0.99515932391583E-15
 0.83846904949977E-15
 0.70016045833212E-15
 0.58832654052681E-15
 0.14069967958816E-28
 0.14069967958816E-28
 0.14069967958816E-28
 0.14069967958816E-28
 0.14069967958816E-28
 0.14069967958816E-28
 0.14069967958816E-28
 0.14069967958816E-28
 0.14069967958816E-28
 0.14069967958816E-28
 0.14069967958816E-28
 0.14069967958816E-28
 0.14069967958816E-28
 0.14069967958816E-28
 0.14069967958816E-28
 0.14069967958816E-28
 0.14069967958816E-28
 0.14069967958816E-28
 0.14069967958816E-28
 0.14069967958816E-28
 0.14069967958816E-28
 0.14069967958816E-28
 0.14069967958816E-28
 0.14069967958816E-28
 0.14069967958816E-28
 0.14069967958816E-28
 0.14069967958816E-28
 0.14069967958816E-28
 0.14069967958816E-28
 0.13512863843084E-16
 0.21053967750124E-14
 0.56384382167750E-14
 0.63123731110544E-14
 0.61985340064072E-14
 0.56735722466593E-14
 0.50233066257675E-14
 0.43809928443115E-14
 0.38138482130549E-14
 0.32614885545167E-14
 0.28516120518083E-14
 0.24864961937862E-14
 0.21474459876920E-14
 0.18372912431704E-14
 0.15346691410835E-14
 0.12901304829214E-14
 0.10532174837482E-14
 0.87920292983890E-15
 0.71999973242673E-15
 0.59255289535913E-15
 0.47924212452704E-15
 0.14069967958816E-28
 0.14069967958816E-28
 0.14069967958816E-28
 0.14069967958816E-28
 0.14069967958816E-28
 0.14069967958816E-28
 0.14069967958816E-28
 0.14069967958816E-28
 0.14069967958816E-28
 0.14069967958816E-28
 0.14069967958816E-28
 0.14069967958816E-28
 0.14069967958816E-28
 0.14069967958816E-28
 0.14069967958816E-28
 0.14069967958816E-28
 0.14069967958816E-28
 0.14069967958816E-28
 0.14069967958816E-28
 0.14069967958816E-28
 0.14069967958816E-28
 0.14069967958816E-28
 0.14069967958816E-28
 0.14069967958816E-28
 0.14069967958816E-28
 0.14069967958816E-28
 0.14069967958816E-28
 0.14069967958816E-28
 0.51772672798278E-16
 0.41859386527937E-14
 0.90765152781857E-14
 0.94838515596740E-14
 0.87521240426726E-14
 0.76664955988885E-14
 0.65353597326499E-14
 0.55749886873752E-14
 0.47509355740047E-14
 0.40599971055030E-14
 0.34748274937240E-14
 0.29450118339888E-14
 0.24661980547341E-14
 0.20374987011991E-14
 0.16756779082332E-14
 0.13489387567180E-14
 0.10973267878785E-14
 0.88127129699909E-15
 0.70008641199171E-15
 0.55284181582103E-15
 0.42315515945116E-15
 0.32135633099159E-15
 0.14069967958816E-28
 0.14069967958816E-28
 0.14069967958816E-28
 0.14069967958816E-28
 0.14069967958816E-28
 0.14069967958816E-28
 0.14069967958816E-28
 0.14069967958816E-28
 0.14069967958816E-28
 0.14069967958816E-28
 0.14069967958816E-28
 0.14069967958816E-28
 0.14069967958816E-28
 0.14069967958816E-28
 0.14069967958816E-28
 0.14069967958816E-28
 0.14069967958816E-28
 0.14069967958816E-28
 0.14069967958816E-28
 0.14069967958816E-28
 0.14069967958816E-28
 0.14069967958816E-28
 0.14069967958816E-28
 0.14069967958816E-28
 0.14069967958816E-28
 0.14069967958816E-28
 0.14069967958816E-28
 0.93620225616868E-16
 0.78196464695364E-14
 0.14860032329566E-13
 0.14316421708180E-13
 0.12427340354353E-13
 0.10467821494729E-13
 0.87142997813641E-14
 0.72026931325266E-14
 0.60425063412054E-14
 0.50198440730700E-14
 0.42002182167550E-14
 0.34244582447142E-14
 0.27807242480823E-14
 0.21994127167953E-14
 0.17648283320656E-14
 0.14087531235710E-14
 0.10917276188725E-14
 0.81826758155424E-15
 0.63256933800951E-15
 0.45533529821691E-15
 0.30807003585901E-15
 0.17259960214396E-15
 0.83690531468890E-16
 0.14069967958816E-28
 0.14069967958816E-28
 0.14069967958816E-28
 0.14069967958816E-28
 0.14069967958816E-28
 0.14069967958816E-28
 0.14069967958816E-28
 0.14069967958816E-28
 0.14069967958816E-28
 0.14069967958816E-28
 0.14069967958816E-28
 0.14069967958816E-28
 0.14069967958816E-28
 0.14069967958816E-28
 0.14069967958816E-28
 0.14069967958816E-28
 0.14069967958816E-28
 0.14069967958816E-28
 0.14069967958816E-28
 0.14069967958816E-28
 0.14069967958816E-28
 0.14069967958816E-28
 0.14069967958816E-28
 0.14069967958816E-28
 0.14069967958816E-28
 0.14069967958816E-28
 0.14069967958816E-28
 0.11873694777344E-13
 0.24665813096571E-13
 0.22245294071794E-13
 0.18187190650994E-13
 0.14637161357579E-13
 0.11764861920146E-13
 0.94841988752535E-14
 0.76779735614979E-14
 0.61808924199065E-14
 0.49011747045232E-14
 0.38465976317955E-14
 0.29941516988586E-14
 0.23073590169693E-14
 0.17440524765661E-14
 0.12990807373211E-14
 0.92291939719862E-15
 0.64445590159027E-15
 0.38986657301949E-15
 0.20064838203009E-15
 0.73188679670873E-16
 0.10769426157484E-16
 0.14069967958816E-28
 0.14069967958816E-28
 0.14069967958816E-28
 0.14069967958816E-28
 0.14069967958816E-28
 0.14069967958816E-28
 0.14069967958816E-28
 0.14069967958816E-28
 0.14069967958816E-28
 0.14069967958816E-28
 0.14069967958816E-28
 0.14069967958816E-28
 0.14069967958816E-28
 0.14069967958816E-28
 0.14069967958816E-28
 0.14069967958816E-28
 0.14069967958816E-28
 0.14069967958816E-28
 0.14069967958816E-28
 0.14069967958816E-28
 0.14069967958816E-28
 0.14069967958816E-28
 0.14069967958816E-28
 0.14069967958816E-28
 0.14069967958816E-28
 0.14069967958816E-28
 0.14069967958816E-28
 0.14069967958816E-28
 0.89013107650425E-16
 0.18020366827158E-13
 0.31571100140387E-13
 0.27673105799140E-13
 0.21207966305910E-13
 0.16190055436952E-13
 0.12415355930965E-13
 0.96158639390659E-14
 0.73423347346658E-14
 0.55147379631862E-14
 0.41173133489045E-14
 0.29794641854849E-14
 0.21295034534099E-14
 0.14363601644998E-14
 0.87235163257520E-15
 0.45682823721204E-15
 0.18910295999905E-15
 0.42741398269496E-16
 0.93467915072398E-18
 0.14069967958816E-28
 0.14069967958816E-28
 0.14069967958816E-28
 0.14069967958816E-28
 0.14069967958816E-28
 0.14069967958816E-28
 0.14069967958816E-28
 0.14069967958816E-28
 0.14069967958816E-28
 0.14069967958816E-28
 0.14069967958816E-28
 0.14069967958816E-28
 0.14069967958816E-28
 0.14069967958816E-28
 0.14069967958816E-28
 0.14069967958816E-28
 0.14069967958816E-28
 0.14069967958816E-28
 0.14069967958816E-28
 0.14069967958816E-28
 0.14069967958816E-28
 0.14069967958816E-28
 0.14069967958816E-28
 0.14069967958816E-28
 0.14069967958816E-28
 0.14069967958816E-28
 0.14069967958816E-28
 0.14069967958816E-28
 0.14069967958816E-28
 0.14069967958816E-28
 0.14069967958816E-28
 0.14069967958816E-28
 0.10613431790737E-13
 0.28574084430725E-13
 0.30572125412512E-13
 0.22159395766788E-13
 0.15841463635087E-13
 0.11323517299647E-13
 0.79985432126715E-14
 0.54172949624418E-14
 0.35495487538709E-14
 0.20704707020848E-14
 0.10274040330400E-14
 0.42887352947485E-15
 0.10691369419045E-15
 0.41452245425513E-17
 0.14069967958816E-28
 0.14069967958816E-28
 0.14069967958816E-28
 0.14069967958816E-28
 0.14069967958816E-28
 0.14069967958816E-28
 0.14069967958816E-28
 0.14069967958816E-28
 0.14069967958816E-28
 0.14069967958816E-28
 0.14069967958816E-28
 0.14069967958816E-28
 0.14069967958816E-28
 0.14069967958816E-28
 0.14069967958816E-28
 0.14069967958816E-28
 0.14069967958816E-28
 0.14069967958816E-28
 0.14069967958816E-28
 0.14069967958816E-28
 0.14069967958816E-28
 0.14069967958816E-28
 0.14069967958816E-28
 0.14069967958816E-28
 0.14069967958816E-28
 0.14069967958816E-28
 0.14069967958816E-28
 0.14069967958816E-28
 0.37302654412645E-15
 0.22206638789444E-14
 0.10286534222492E-14
 0.14069967958816E-28
 0.14069967958816E-28
 0.14069967958816E-28
 0.14069967958816E-28
 0.14069967958816E-28
 0.17275119358337E-14
 0.18173282749446E-13
 0.26167946439335E-13
 0.16789022919517E-13
 0.92895131265218E-14
 0.48402687891566E-14
 0.21885380328010E-14
 0.78018555736247E-15
 0.13261483514497E-15
 0.13976103587076E-17
 0.14069967958816E-28
 0.14069967958816E-28
 0.14069967958816E-28
 0.14069967958816E-28
 0.14069967958816E-28
 0.14069967958816E-28
 0.14069967958816E-28
 0.14069967958816E-28
 0.14069967958816E-28
 0.14069967958816E-28
 0.14069967958816E-28
 0.14069967958816E-28
 0.14069967958816E-28
 0.14069967958816E-28
 0.14069967958816E-28
 0.14069967958816E-28
 0.14069967958816E-28
 0.14069967958816E-28
 0.14069967958816E-28
 0.14069967958816E-28
 0.14069967958816E-28
 0.14069967958816E-28
 0.14069967958816E-28
 0.14069967958816E-28
 0.14069967958816E-28
 0.14069967958816E-28
 0.13976103587075E-17
 0.13261483514496E-15
 0.78018555736242E-15
 0.21885380328008E-14
 0.48402687891563E-14
 0.92895131265214E-14
 0.16789022919517E-13
 0.26167946439334E-13
 0.18173282749445E-13
 0.17275119358336E-14
 0.14069967958816E-28
 0.14069967958816E-28
 0.14069967958816E-28
 0.14069967958816E-28
 0.14069967958816E-28
 0.10286534222492E-14
 0.22206638789444E-14
 0.37302654412646E-15
 0.14069967958816E-28
 0.14069967958816E-28
 0.14069967958816E-28
 0.14069967958816E-28
 0.14069967958816E-28
 0.14069967958816E-28
 0.14069967958816E-28
 0.14069967958816E-28
 0.14069967958816E-28
 0.14069967958816E-28
 0.14069967958816E-28
 0.14069967958816E-28
 0.14069967958816E-28
 0.14069967958816E-28
 0.14069967958816E-28
 0.14069967958816E-28
 0.14069967958816E-28
 0.14069967958816E-28
 0.14069967958816E-28
 0.14069967958816E-28
 0.14069967958816E-28
 0.14069967958816E-28
 0.14069967958816E-28
 0.14069967958816E-28
 0.14069967958816E-28
 0.14069967958816E-28
 0.14069967958816E-28
 0.14069967958816E-28
 0.41452245425509E-17
 0.10691369419044E-15
 0.42887352947481E-15
 0.10274040330399E-14
 0.20704707020847E-14
 0.35495487538706E-14
 0.54172949624414E-14
 0.79985432126710E-14
 0.11323517299646E-13
 0.15841463635087E-13
 0.22159395766787E-13
 0.30572125412511E-13
 0.28574084430724E-13
 0.10613431790736E-13
 0.14069967958816E-28
 0.14069967958816E-28
 0.14069967958816E-28
 0.14069967958816E-28
 0.14069967958816E-28
 0.14069967958816E-28
 0.14069967958816E-28
 0.14069967958816E-28
 0.14069967958816E-28
 0.14069967958816E-28
 0.14069967958816E-28
 0.14069967958816E-28
 0.14069967958816E-28
 0.14069967958816E-28
 0.14069967958816E-28
 0.14069967958816E-28
 0.14069967958816E-28
 0.14069967958816E-28
 0.14069967958816E-28
 0.14069967958816E-28
 0.14069967958816E-28
 0.14069967958816E-28
 0.14069967958816E-28
 0.14069967958816E-28
 0.14069967958816E-28
 0.14069967958816E-28
 0.14069967958816E-28
 0.14069967958816E-28
 0.14069967958816E-28
 0.14069967958816E-28
 0.14069967958816E-28
 0.14069967958816E-28
 0.93467915072386E-18
 0.42741398269491E-16
 0.18910295999902E-15
 0.45682823721198E-15
 0.87235163257510E-15
 0.14363601644996E-14
 0.21295034534097E-14
 0.29794641854846E-14
 0.41173133489042E-14
 0.55147379631858E-14
 0.73423347346652E-14
 0.96158639390652E-14
 0.12415355930964E-13
 0.16190055436951E-13
 0.21207966305909E-13
 0.27673105799138E-13
 0.31571100140386E-13
 0.18020366827157E-13
 0.89013107650422E-16
 0.14069967958816E-28
 0.14069967958816E-28
 0.14069967958816E-28
 0.14069967958816E-28
 0.14069967958816E-28
 0.14069967958816E-28
 0.14069967958816E-28
 0.14069967958816E-28
 0.14069967958816E-28
 0.14069967958816E-28
 0.14069967958816E-28
 0.14069967958816E-28
 0.14069967958816E-28
 0.14069967958816E-28
 0.14069967958816E-28
 0.14069967958816E-28
 0.14069967958816E-28
 0.14069967958816E-28
 0.14069967958816E-28
 0.14069967958816E-28
 0.14069967958816E-28
 0.14069967958816E-28
 0.14069967958816E-28
 0.14069967958816E-28
 0.14069967958816E-28
 0.14069967958816E-28
 0.14069967958816E-28
 0.14069967958816E-28
 0.10769426157482E-16
 0.73188679670862E-16
 0.20064838203006E-15
 0.38986657301943E-15
 0.64445590159018E-15
 0.92291939719851E-15
 0.12990807373210E-14
 0.17440524765659E-14
 0.23073590169691E-14
 0.29941516988583E-14
 0.38465976317951E-14
 0.49011747045227E-14
 0.61808924199060E-14
 0.76779735614974E-14
 0.94841988752529E-14
 0.11764861920145E-13
 0.14637161357578E-13
 0.18187190650993E-13
 0.22245294071793E-13
 0.24665813096570E-13
 0.11873694777344E-13
 0.14069967958816E-28
 0.14069967958816E-28
 0.14069967958816E-28
 0.14069967958816E-28
 0.14069967958816E-28
 0.14069967958816E-28
 0.14069967958816E-28
 0.14069967958816E-28
 0.14069967958816E-28
 0.14069967958816E-28
 0.14069967958816E-28
 0.14069967958816E-28
 0.14069967958816E-28
 0.14069967958816E-28
 0.14069967958816E-28
 0.14069967958816E-28
 0.14069967958816E-28
 0.14069967958816E-28
 0.14069967958816E-28
 0.14069967958816E-28
 0.14069967958816E-28
 0.14069967958816E-28
 0.14069967958816E-28
 0.14069967958816E-28
 0.14069967958816E-28
 0.14069967958816E-28
 0.14069967958816E-28
 0.83690531468876E-16
 0.17259960214393E-15
 0.30807003585896E-15
 0.45533529821684E-15
 0.63256933800942E-15
 0.81826758155412E-15
 0.10917276188724E-14
 0.14087531235708E-14
 0.17648283320654E-14
 0.21994127167950E-14
 0.27807242480820E-14
 0.34244582447138E-14
 0.42002182167546E-14
 0.50198440730695E-14
 0.60425063412049E-14
 0.72026931325261E-14
 0.87142997813635E-14
 0.10467821494729E-13
 0.12427340354353E-13
 0.14316421708179E-13
 0.14860032329565E-13
 0.78196464695361E-14
 0.93620225616864E-16
 0.14069967958816E-28
 0.14069967958816E-28
 0.14069967958816E-28
 0.14069967958816E-28
 0.14069967958816E-28
 0.14069967958816E-28
 0.14069967958816E-28
 0.14069967958816E-28
 0.14069967958816E-28
 0.14069967958816E-28
 0.14069967958816E-28
 0.14069967958816E-28
 0.14069967958816E-28
 0.14069967958816E-28
 0.14069967958816E-28
 0.14069967958816E-28
 0.14069967958816E-28
 0.14069967958816E-28
 0.14069967958816E-28
 0.14069967958816E-28
 0.14069967958816E-28
 0.14069967958816E-28
 0.14069967958816E-28
 0.14069967958816E-28
 0.14069967958816E-28
 0.14069967958816E-28
 0.14069967958816E-28
 0.32135633063064E-15
 0.42315515945109E-15
 0.55284181582094E-15
 0.70008641199160E-15
 0.88127129699896E-15
 0.10973267878783E-14
 0.13489387567178E-14
 0.16756779082330E-14
 0.20374987011988E-14
 0.24661980547338E-14
 0.29450118339885E-14
 0.34748274937236E-14
 0.40599971055026E-14
 0.47509355740043E-14
 0.55749886873747E-14
 0.65353597326494E-14
 0.76664955988879E-14
 0.87521240426720E-14
 0.94838515596734E-14
 0.90765152781852E-14
 0.41859386527935E-14
 0.51772672798275E-16
 0.14069967958816E-28
 0.14069967958816E-28
 0.14069967958816E-28
 0.14069967958816E-28
 0.14069967958816E-28
 0.14069967958816E-28
 0.14069967958816E-28
 0.14069967958816E-28
 0.14069967958816E-28
 0.14069967958816E-28
 0.14069967958816E-28
 0.14069967958816E-28
 0.14069967958816E-28
 0.14069967958816E-28
 0.14069967958816E-28
 0.14069967958816E-28
 0.14069967958816E-28
 0.14069967958816E-28
 0.14069967958816E-28
 0.14069967958816E-28
 0.14069967958816E-28
 0.14069967958816E-28
 0.14069967958816E-28
 0.14069967958816E-28
 0.14069967958816E-28
 0.14069967958816E-28
 0.14069967958816E-28
 0.14069967958816E-28
 0.47924211205564E-15
 0.59255289344995E-15
 0.71999973242661E-15
 0.87920292983877E-15
 0.10532174837481E-14
 0.12901304829212E-14
 0.15346691410833E-14
 0.18372912431701E-14
 0.21474459876918E-14
 0.24864961937859E-14
 0.28516120518080E-14
 0.32614885545164E-14
 0.38138482130545E-14
 0.43809928443111E-14
 0.50233066257670E-14
 0.56735722466588E-14
 0.61985340064067E-14
 0.63123731110539E-14
 0.56384382167747E-14
 0.21053967750123E-14
 0.13512863843084E-16
 0.14069967958816E-28
 0.14069967958816E-28
 0.14069967958816E-28
 0.14069967958816E-28
 0.14069967958816E-28
 0.14069967958816E-28
 0.14069967958816E-28
 0.14069967958816E-28
 0.14069967958816E-28
 0.14069967958816E-28
 0.14069967958816E-28
 0.14069967958816E-28
 0.14069967958816E-28
 0.14069967958816E-28
 0.14069967958816E-28
 0.14069967958816E-28
 0.14069967958816E-28
 0.14069967958816E-28
 0.14069967958816E-28
 0.14069967958816E-28
 0.14069967958816E-28
 0.14069967958816E-28
 0.14069967958816E-28
 0.14069967958816E-28
 0.14069967958816E-28
 0.14069967958816E-28
 0.14069967958816E-28
 0.14069967958816E-28
 0.14069967958816E-28
 0.58832650792661E-15
 0.70016043812073E-15
 0.83846904812125E-15
 0.99515932391567E-15
 0.11774901200841E-14
 0.13892041512155E-14
 0.16179899237273E-14
 0.18501979987573E-14
 0.20832577143814E-14
 0.23639070543732E-14
 0.26819596243076E-14
 0.30693403645990E-14
 0.34625946218558E-14
 0.38607667852386E-14
 0.42361068075647E-14
 0.44106470240009E-14
 0.42804133651629E-14
 0.35426807839017E-14
 0.10916761263541E-14
 0.14069967958816E-28
 0.14069967958816E-28
 0.14069967958816E-28
 0.14069967958816E-28
 0.14069967958816E-28
 0.14069967958816E-28
 0.14069967958816E-28
 0.14069967958816E-28
 0.14069967958816E-28
 0.14069967958816E-28
 0.14069967958816E-28
 0.14069967958816E-28
 0.14069967958816E-28
 0.14069967958816E-28
 0.14069967958816E-28
 0.14069967958816E-28
 0.14069967958816E-28
 0.14069967958816E-28
 0.14069967958816E-28
 0.14069967958816E-28
 0.14069967958816E-28
 0.14069967958816E-28
 0.14069967958816E-28
 0.14069967958816E-28
 0.14069967958816E-28
 0.14069967958816E-28
 0.14069967958816E-28
 0.14069967958816E-28
 0.14069967958816E-28
 0.14069967958816E-28
 0.14069967958816E-28
 0.67880416825776E-15
 0.80314350773573E-15
 0.93099604512744E-15
 0.10841340812103E-14
 0.12335508859158E-14
 0.14111565992948E-14
 0.15772022296746E-14
 0.17720476388424E-14
 0.19740039857234E-14
 0.22089043140652E-14
 0.25005037107909E-14
 0.27600743725057E-14
 0.29849493489996E-14
 0.31285231156528E-14
 0.31925522596664E-14
 0.29529383728705E-14
 0.21425797882891E-14
 0.49369254170790E-15
 0.14069967958816E-28
 0.14069967958816E-28
 0.14069967958816E-28
 0.14069967958816E-28
 0.14069967958816E-28
 0.14069967958816E-28
 0.14069967958816E-28
 0.14069967958816E-28
 0.14069967958816E-28
 0.14069967958816E-28
 0.14069967958816E-28
 0.14069967958816E-28
 0.14069967958816E-28
 0.14069967958816E-28
 0.14069967958816E-28
 0.14069967958816E-28
 0.14069967958816E-28
 0.14069967958816E-28
 0.14069967958816E-28
 0.14069967958816E-28
 0.14069967958816E-28
 0.14069967958816E-28
 0.14069967958816E-28
 0.14069967958816E-28
 0.14069967958816E-28
 0.14069967958816E-28
 0.14069967958816E-28
 0.14069967958816E-28
 0.14069967958816E-28
 0.14069967958816E-28
 0.14069967958816E-28
 0.14069967958816E-28
 0.73712939519816E-15
 0.84543908292363E-15
 0.98056780316711E-15
 0.10799573906606E-14
 0.12093946088167E-14
 0.13386764379070E-14
 0.14965046635896E-14
 0.16661166940744E-14
 0.18529533127109E-14
 0.20177448421773E-14
 0.21872284456040E-14
 0.23101868536271E-14
 0.23462066917361E-14
 0.22658685877848E-14
 0.20223128321309E-14
 0.13301211696875E-14
 0.17516895864630E-15
 0.14069967958816E-28
 0.14069967958816E-28
 0.14069967958816E-28
 0.14069967958816E-28
 0.14069967958816E-28
 0.14069967958816E-28
 0.14069967958816E-28
 0.14069967958816E-28
 0.14069967958816E-28
 0.14069967958816E-28
 0.14069967958816E-28
 0.14069967958816E-28
 0.14069967958816E-28
 0.14069967958816E-28
 0.14069967958816E-28
 0.14069967958816E-28
 0.14069967958816E-28
 0.14069967958816E-28
 0.14069967958816E-28
 0.14069967958816E-28
 0.14069967958816E-28
 0.14069967958816E-28
 0.14069967958816E-28
 0.14069967958816E-28
 0.14069967958816E-28
 0.14069967958816E-28
 0.14069967958816E-28
 0.14069967958816E-28
 0.14069967958816E-28
 0.14069967958816E-28
 0.14069967958816E-28
 0.14069967958816E-28
 0.14069967958816E-28
 0.77587337138296E-15
 0.85808917846555E-15
 0.94892357501179E-15
 0.10418187268370E-14
 0.11626064826386E-14
 0.12694317822359E-14
 0.14090107486252E-14
 0.15247443924534E-14
 0.16437230676729E-14
 0.16989788777040E-14
 0.17611264319035E-14
 0.17459758706450E-14
 0.16722457250262E-14
 0.14088999108677E-14
 0.78145759425240E-15
 0.54863766387712E-16
 0.14069967958816E-28
 0.14069967958816E-28
 0.14069967958816E-28
 0.14069967958816E-28
 0.14069967958816E-28
 0.14069967958816E-28
 0.14069967958816E-28
 0.14069967958816E-28
 0.14069967958816E-28
 0.14069967958816E-28
 0.14069967958816E-28
 0.14069967958816E-28
 0.14069967958816E-28
 0.14069967958816E-28
 0.14069967958816E-28
 0.14069967958816E-28
 0.14069967958816E-28
 0.14069967958816E-28
 0.14069967958816E-28
 0.14069967958816E-28
 0.14069967958816E-28
 0.14069967958816E-28
 0.14069967958816E-28
 0.14069967958816E-28
 0.14069967958816E-28
 0.14069967958816E-28
 0.14069967958816E-28
 0.14069967958816E-28
 0.14069967958816E-28
 0.14069967958816E-28
 0.14069967958816E-28
 0.14069967958816E-28
 0.14069967958816E-28
 0.14069967958816E-28
 0.75720556698302E-15
 0.82542779892734E-15
 0.91726022827293E-15
 0.10126944674573E-14
 0.10878590673081E-14
 0.11709861559956E-14
 0.12635479477171E-14
 0.13092239328077E-14
 0.13733775094648E-14
 0.13408206438349E-14
 0.12961160487307E-14
 0.11991982791832E-14
 0.96898060551318E-15
 0.40624737871436E-15
 0.12057372604798E-16
 0.14069967958816E-28
 0.14069967958816E-28
 0.14069967958816E-28
 0.14069967958816E-28
 0.14069967958816E-28
 0.14069967958816E-28
 0.14069967958816E-28
 0.14069967958816E-28
 0.14069967958816E-28
 0.14069967958816E-28
 0.14069967958816E-28
 0.14069967958816E-28
 0.14069967958816E-28
 0.14069967958816E-28
 0.14069967958816E-28
 0.14069967958816E-28
 0.14069967958816E-28
 0.14069967958816E-28
 0.14069967958816E-28
 0.14069967958816E-28
 0.14069967958816E-28
 0.14069967958816E-28
 0.14069967958816E-28
 0.14069967958816E-28
 0.14069967958816E-28
 0.14069967958816E-28
 0.14069967958816E-28
 0.14069967958816E-28
 0.14069967958816E-28
 0.14069967958816E-28
 0.14069967958816E-28
 0.14069967958816E-28
 0.14069967958816E-28
 0.14069967958816E-28
 0.14069967958816E-28
 0.73310994401022E-15
 0.80378728820154E-15
 0.86388254495876E-15
 0.93209605230160E-15
 0.98570943710111E-15
 0.10233763170960E-14
 0.10461521990562E-14
 0.10462492805830E-14
 0.10271915229765E-14
 0.98594951434744E-15
 0.87206480983388E-15
 0.64118552098995E-15
 0.17728223282929E-15
 0.44087553202161E-18
 0.14069967958816E-28
 0.14069967958816E-28
 0.14069967958816E-28
 0.14069967958816E-28
 0.14069967958816E-28
 0.14069967958816E-28
 0.14069967958816E-28
 0.14069967958816E-28
 0.14069967958816E-28
 0.14069967958816E-28
 0.14069967958816E-28
 0.14069967958816E-28
 0.14069967958816E-28
 0.14069967958816E-28
 0.14069967958816E-28
 0.14069967958816E-28
 0.14069967958816E-28
 0.14069967958816E-28
 0.14069967958816E-28
 0.14069967958816E-28
 0.14069967958816E-28
 0.14069967958816E-28
 0.14069967958816E-28
 0.14069967958816E-28
 0.14069967958816E-28
 0.14069967958816E-28
 0.14069967958816E-28
 0.14069967958816E-28
 0.14069967958816E-28
 0.14069967958816E-28
 0.14069967958816E-28
 0.14069967958816E-28
 0.14069967958816E-28
 0.14069967958816E-28
 0.14069967958816E-28
 0.14069967958816E-28
 0.69678459094999E-15
 0.74672949597883E-15
 0.76805849858538E-15
 0.79891641672361E-15
 0.83981060236071E-15
 0.84520952650392E-15
 0.83601267712343E-15
 0.80161180955507E-15
 0.73845481168825E-15
 0.63465119527154E-15
 0.41272506170113E-15
 0.70281259549653E-16
 0.14069967958816E-28
 0.14069967958816E-28
 0.14069967958816E-28
 0.14069967958816E-28
 0.14069967958816E-28
 0.14069967958816E-28
 0.14069967958816E-28
 0.14069967958816E-28
 0.14069967958816E-28
 0.14069967958816E-28
 0.14069967958816E-28
 0.14069967958816E-28
 0.14069967958816E-28
 0.14069967958816E-28
 0.14069967958816E-28
 0.14069967958816E-28
 0.14069967958816E-28
 0.14069967958816E-28
 0.14069967958816E-28
 0.14069967958816E-28
 0.14069967958816E-28
 0.14069967958816E-28
 0.14069967958816E-28
 0.14069967958816E-28
 0.14069967958816E-28
 0.14069967958816E-28
 0.14069967958816E-28
 0.14069967958816E-28
 0.14069967958816E-28
 0.14069967958816E-28
 0.14069967958816E-28
 0.14069967958816E-28
 0.14069967958816E-28
 0.14069967958816E-28
 0.14069967958816E-28
 0.14069967958816E-28
 0.14069967958816E-28
 0.14069967958816E-28
 0.63111504201247E-15
 0.65798624939146E-15
 0.66400389388145E-15
 0.66802888316075E-15
 0.67228639036778E-15
 0.64484412344097E-15
 0.60529154545438E-15
 0.55792552844112E-15
 0.47511299515239E-15
 0.24304109944114E-15
 0.20389874714565E-16
 0.14069967958816E-28
 0.14069967958816E-28
 0.14069967958816E-28
 0.14069967958816E-28
 0.14069967958816E-28
 0.14069967958816E-28
 0.14069967958816E-28
 0.14069967958816E-28
 0.14069967958816E-28
 0.14069967958816E-28
 0.14069967958816E-28
 0.14069967958816E-28
 0.14069967958816E-28
 0.14069967958816E-28
 0.14069967958816E-28
 0.14069967958816E-28
 0.14069967958816E-28
 0.14069967958816E-28
 0.14069967958816E-28
 0.14069967958816E-28
 0.14069967958816E-28
 0.14069967958816E-28
 0.14069967958816E-28
 0.14069967958816E-28
 0.14069967958816E-28
 0.14069967958816E-28
 0.14069967958816E-28
 0.14069967958816E-28
 0.14069967958816E-28
 0.14069967958816E-28
 0.14069967958816E-28
 0.14069967958816E-28
 0.14069967958816E-28
 0.14069967958816E-28
 0.14069967958816E-28
 0.14069967958816E-28
 0.14069967958816E-28
 0.14069967958816E-28
 0.14069967958816E-28
 0.54335687368255E-15
 0.55576510605081E-15
 0.54825563550358E-15
 0.53550317841694E-15
 0.51190254810962E-15
 0.48118468211086E-15
 0.42566575595848E-15
 0.33409371765711E-15
 0.12478160702637E-15
 0.26548147465404E-17
 0.14069967958816E-28
 0.14069967958816E-28
 0.14069967958816E-28
 0.14069967958816E-28
 0.14069967958816E-28
 0.14069967958816E-28
 0.14069967958816E-28
 0.14069967958816E-28
 0.14069967958816E-28
 0.14069967958816E-28
 0.14069967958816E-28
 0.14069967958816E-28
 0.14069967958816E-28
 0.14069967958816E-28
 0.14069967958816E-28
 0.14069967958816E-28
 0.14069967958816E-28
 0.14069967958816E-28
 0.14069967958816E-28
 0.14069967958816E-28
 0.14069967958816E-28
 0.14069967958816E-28
 0.14069967958816E-28
 0.14069967958816E-28
 0.14069967958816E-28
 0.14069967958816E-28
 0.14069967958816E-28
 0.14069967958816E-28
 0.14069967958816E-28
 0.14069967958816E-28
 0.14069967958816E-28
 0.14069967958816E-28
 0.14069967958816E-28
 0.14069967958816E-28
 0.14069967958816E-28
 0.14069967958816E-28
 0.14069967958816E-28
 0.14069967958816E-28
 0.14069967958816E-28
 0.14069967958816E-28
 0.45262197009673E-15
 0.44966316945911E-15
 0.43400220679850E-15
 0.40390953498820E-15
 0.38135744603067E-15
 0.32013962852567E-15
 0.22161015216593E-15
 0.54311293267628E-16
 0.14069967958816E-28
 0.14069967958816E-28
 0.14069967958816E-28
 0.14069967958816E-28
 0.14069967958816E-28
 0.14069967958816E-28
 0.14069967958816E-28
 0.14069967958816E-28
 0.14069967958816E-28
 0.14069967958816E-28
 0.14069967958816E-28
 0.14069967958816E-28
 0.14069967958816E-28
 0.14069967958816E-28
 0.14069967958816E-28
 0.14069967958816E-28
 0.14069967958816E-28
 0.14069967958816E-28
 0.14069967958816E-28
 0.14069967958816E-28
 0.14069967958816E-28
 0.14069967958816E-28
 0.14069967958816E-28
 0.14069967958816E-28
 0.14069967958816E-28
 0.14069967958816E-28
 0.14069967958816E-28
 0.14069967958816E-28
 0.14069967958816E-28
 0.14069967958816E-28
 0.14069967958816E-28
 0.14069967958816E-28
 0.14069967958816E-28
 0.14069967958816E-28
 0.14069967958816E-28
 0.14069967958816E-28
 0.14069967958816E-28
 0.14069967958816E-28
 0.14069967958816E-28
 0.14069967958816E-28
 0.14069967958816E-28
 0.14069967958816E-28
 0.36541352800858E-15
 0.33873904301308E-15
 0.32116215739008E-15
 0.29284786053364E-15
 0.24278053498428E-15
 0.13213626632005E-15
 0.16138298924409E-16
 0.14069967958816E-28
 0.14069967958816E-28
 0.14069967958816E-28
 0.14069967958816E-28
 0.14069967958816E-28
 0.14069967958816E-28
 0.14069967958816E-28
 0.14069967958816E-28
 0.14069967958816E-28
 0.14069967958816E-28
 0.14069967958816E-28
 0.14069967958816E-28
 0.14069967958816E-28
 0.14069967958816E-28
 0.14069967958816E-28
 0.14069967958816E-28
 0.14069967958816E-28
 0.14069967958816E-28
 0.14069967958816E-28
 0.14069967958816E-28
 0.14069967958816E-28
 0.14069967958816E-28
 0.14069967958816E-28
 0.14069967958816E-28
 0.14069967958816E-28
 0.14069967958816E-28
 0.14069967958816E-28
 0.14069967958816E-28
 0.14069967958816E-28
 0.14069967958816E-28
 0.14069967958816E-28
 0.14069967958816E-28
 0.14069967958816E-28
 0.14069967958816E-28
 0.14069967958816E-28
 0.14069967958816E-28
 0.14069967958816E-28
 0.14069967958816E-28
 0.14069967958816E-28
 0.14069967958816E-28
 0.14069967958816E-28
 0.14069967958816E-28
 0.14069967958816E-28
 0.27252743361323E-15
 0.26040549407517E-15
 0.22587897565049E-15
 0.17613536571516E-15
 0.72656539832562E-16
 0.29569249745211E-17
 0.14069967958816E-28
 0.14069967958816E-28
 0.14069967958816E-28
 0.14069967958816E-28
 0.14069967958816E-28
 0.14069967958816E-28
 0.14069967958816E-28
 0.14069967958816E-28
 0.14069967958816E-28
 0.14069967958816E-28
 0.14069967958816E-28
 0.14069967958816E-28
 0.14069967958816E-28
 0.14069967958816E-28
 0.14069967958816E-28
 0.14069967958816E-28
 0.14069967958816E-28
 0.14069967958816E-28
 0.14069967958816E-28
 0.14069967958816E-28
 0.14069967958816E-28
 0.14069967958816E-28
 0.14069967958816E-28
 0.14069967958816E-28
 0.14069967958816E-28
 0.14069967958816E-28
 0.14069967958816E-28
 0.14069967958816E-28
 0.14069967958816E-28
 0.14069967958816E-28
 0.14069967958816E-28
 0.14069967958816E-28
 0.14069967958816E-28
 0.14069967958816E-28
 0.14069967958816E-28
 0.14069967958816E-28
 0.14069967958816E-28
 0.14069967958816E-28
 0.14069967958816E-28
 0.14069967958816E-28
 0.14069967958816E-28
 0.14069967958816E-28
 0.14069967958816E-28
 0.14069967958816E-28
 0.20171254387884E-15
 0.17080310755898E-15
 0.12110516315130E-15
 0.32575381545900E-16
 0.14069967958816E-28
 0.14069967958816E-28
 0.14069967958816E-28
 0.14069967958816E-28
 0.14069967958816E-28
 0.14069967958816E-28
 0.14069967958816E-28
 0.14069967958816E-28
 0.14069967958816E-28
 0.14069967958816E-28
 0.14069967958816E-28
 0.14069967958816E-28
 0.14069967958816E-28
 0.14069967958816E-28
 0.14069967958816E-28
 0.14069967958816E-28
 0.14069967958816E-28
 0.14069967958816E-28
 0.14069967958816E-28
 0.14069967958816E-28
 0.14069967958816E-28
 0.14069967958816E-28
 0.14069967958816E-28
 0.14069967958816E-28
 0.14069967958816E-28
 0.14069967958816E-28
 0.14069967958816E-28
 0.14069967958816E-28
 0.14069967958816E-28
 0.14069967958816E-28
 0.14069967958816E-28
 0.14069967958816E-28
 0.14069967958816E-28
 0.14069967958816E-28
 0.14069967958816E-28
 0.14069967958816E-28
 0.14069967958816E-28
 0.14069967958816E-28
 0.14069967958816E-28
 0.14069967958816E-28
 0.14069967958816E-28
 0.14069967958816E-28
 0.14069967958816E-28
 0.14069967958816E-28
 0.14069967958816E-28
 0.14069967958816E-28
 0.13228133985890E-15
 0.74700356795254E-16
 0.84591118207274E-17
 0.14069967958816E-28
 0.14069967958816E-28
 0.14069967958816E-28
 0.14069967958816E-28
 0.14069967958816E-28
 0.14069967958816E-28
 0.14069967958816E-28
 0.14069967958816E-28
 0.14069967958816E-28
 0.14069967958816E-28
 0.14069967958816E-28
 0.14069967958816E-28
 0.14069967958816E-28
 0.14069967958816E-28
 0.14069967958816E-28
 0.14069967958816E-28
 0.14069967958816E-28
 0.14069967958816E-28
 0.14069967958816E-28
 0.14069967958816E-28
 0.14069967958816E-28
 0.14069967958816E-28
 0.14069967958816E-28
 0.14069967958816E-28
 0.14069967958816E-28
 0.14069967958816E-28
 0.14069967958816E-28
 0.14069967958816E-28
 0.14069967958816E-28
 0.14069967958816E-28
 0.14069967958816E-28
 0.14069967958816E-28
 0.14069967958816E-28
 0.14069967958816E-28
 0.14069967958816E-28
 0.14069967958816E-28
 0.14069967958816E-28
 0.14069967958816E-28
 0.14069967958816E-28
 0.14069967958816E-28
 0.14069967958816E-28
 0.14069967958816E-28
 0.14069967958816E-28
 0.14069967958816E-28
 0.14069967958816E-28
 0.14069967958816E-28
 0.14069967958816E-28
 0.39396953544782E-16
 0.11283252777381E-17
 0.14069967958816E-28
 0.14069967958816E-28
 0.14069967958816E-28
 0.14069967958816E-28
 0.14069967958816E-28
 0.14069967958816E-28
 0.14069967958816E-28
 0.14069967958816E-28
 0.14069967958816E-28
 0.14069967958816E-28
 0.14069967958816E-28
 0.14069967958816E-28
 0.14069967958816E-28
 0.14069967958816E-28
 0.14069967958816E-28
 0.14069967958816E-28
 0.14069967958816E-28
 0.14069967958816E-28
 0.14069967958816E-28
 0.14069967958816E-28
 0.14069967958816E-28
 0.14069967958816E-28
 0.14069967958816E-28
 0.14069967958816E-28
 0.14069967958816E-28
 0.14069967958816E-28
 0.14069967958816E-28
 0.14069967958816E-28
 0.14069967958816E-28
 0.14069967958816E-28
 0.14069967958816E-28
 0.14069967958816E-28
 0.14069967958816E-28
 0.14069967958816E-28
 0.14069967958816E-28
 0.14069967958816E-28
 0.14069967958816E-28
 0.14069967958816E-28
 0.14069967958816E-28
 0.14069967958816E-28
 0.14069967958816E-28
 0.14069967958816E-28
 0.14069967958816E-28
 0.14069967958816E-28
 0.14069967958816E-28
 0.14069967958816E-28
 0.14069967958816E-28
 0.14069967958816E-28
 0.14069967958816E-28
 0.14069967958816E-28
 0.14069967958816E-28
 0.14069967958816E-28
 0.14069967958816E-28
 0.14069967958816E-28
 0.14069967958816E-28
 0.14069967958816E-28
 0.14069967958816E-28
 0.14069967958816E-28
 0.14069967958816E-28
 0.14069967958816E-28
 0.14069967958816E-28
 0.14069967958816E-28
 0.14069967958816E-28
 0.14069967958816E-28
 0.14069967958816E-28
 0.14069967958816E-28
 0.14069967958816E-28
 0.14069967958816E-28
 0.14069967958816E-28
 0.14069967958816E-28
 0.14069967958816E-28
 0.14069967958816E-28
 0.14069967958816E-28
 0.14069967958816E-28
 0.14069967958816E-28
 0.14069967958816E-28
 0.14069967958816E-28
 0.14069967958816E-28
 0.14069967958816E-28
 0.14069967958816E-28
 0.14069967958816E-28
 0.14069967958816E-28
 0.14069967958816E-28
 0.14069967958816E-28
 0.14069967958816E-28
 0.14069967958816E-28
 0.14069967958816E-28
 0.14069967958816E-28
 0.14069967958816E-28
 0.14069967958816E-28
 0.14069967958816E-28
 0.14069967958816E-28
 0.14069967958816E-28
 0.14069967958816E-28
 0.14069967958816E-28
 0.14069967958816E-28
 0.14069967958816E-28
 0.14069967958816E-28
 0.14069967958816E-28
 0.14069967958816E-28
 0.14069967958816E-28
 0.14069967958816E-28
 0.14069967958816E-28
 0.14069967958816E-28
 0.14069967958816E-28
 0.14069967958816E-28
 0.14069967958816E-28
 0.14069967958816E-28
 0.14069967958816E-28
 0.14069967958816E-28
 0.14069967958816E-28
 0.14069967958816E-28
 0.14069967958816E-28
 0.14069967958816E-28
 0.14069967958816E-28
 0.14069967958816E-28
 0.14069967958816E-28
 0.14069967958816E-28
 0.14069967958816E-28
 0.14069967958816E-28
 0.14069967958816E-28
 0.14069967958816E-28
 0.14069967958816E-28
 0.14069967958816E-28
 0.14069967958816E-28
 0.14069967958816E-28
 0.14069967958816E-28
 0.14069967958816E-28
 0.14069967958816E-28
 0.14069967958816E-28
 0.14069967958816E-28
 0.14069967958816E-28
 0.14069967958816E-28
 0.14069967958816E-28
 0.14069967958816E-28
 0.14069967958816E-28
 0.14069967958816E-28
 0.14069967958816E-28
 0.14069967958816E-28
 0.14069967958816E-28
 0.14069967958816E-28
 0.14069967958816E-28
 0.14069967958816E-28
 0.14069967958816E-28
 0.14069967958816E-28
 0.14069967958816E-28
 0.14069967958816E-28
 0.14069967958816E-28
 0.14069967958816E-28
 0.14069967958816E-28
 0.14069967958816E-28
 0.14069967958816E-28
 0.14069967958816E-28
 0.14069967958816E-28
 0.14069967958816E-28
 0.14069967958816E-28
 0.14069967958816E-28
 0.14069967958816E-28
 0.14069967958816E-28
 0.14069967958816E-28
 0.14069967958816E-28
 0.14069967958816E-28
 0.14069967958816E-28
 0.14069967958816E-28
 0.14069967958816E-28
 0.14069967958816E-28
 0.14069967958816E-28
 0.14069967958816E-28
 0.14069967958816E-28
 0.14069967958816E-28
 0.14069967958816E-28
 0.14069967958816E-28
 0.14069967958816E-28
 0.14069967958816E-28
 0.14069967958816E-28
 0.14069967958816E-28
 0.14069967958816E-28
 0.14069967958816E-28
 0.14069967958816E-28
 0.14069967958816E-28
 0.14069967958816E-28
 0.14069967958816E-28
 0.14069967958816E-28
 0.14069967958816E-28
 0.14069967958816E-28
 0.14069967958816E-28
 0.14069967958816E-28
 0.14069967958816E-28
 0.14069967958816E-28
 0.14069967958816E-28
 0.14069967958816E-28
 0.14069967958816E-28
 0.14069967958816E-28
 0.14069967958816E-28
 0.14069967958816E-28
 0.14069967958816E-28
 0.14069967958816E-28
 0.14069967958816E-28
  
