           1
          50          50
           1
   29920000000000.000        29920000000000.000     
 0.60000000000000E+05
  
 0.14069967958815E-28
 0.14069967958815E-28
 0.14069967958815E-28
 0.14069967958815E-28
 0.14069967958815E-28
 0.14069967958815E-28
 0.14069967958815E-28
 0.14069967958815E-28
 0.14069967958815E-28
 0.14069967958815E-28
 0.14069967958815E-28
 0.14069967958815E-28
 0.14069967958815E-28
 0.14069967958815E-28
 0.14069967958815E-28
 0.14069967958815E-28
 0.14069967958815E-28
 0.14069967958815E-28
 0.14069967958815E-28
 0.14069967958815E-28
 0.14069967958815E-28
 0.14069967958815E-28
 0.14069967958815E-28
 0.14069967958815E-28
 0.14069967958815E-28
 0.14069967958815E-28
 0.14069967958815E-28
 0.14069967958815E-28
 0.14069967958815E-28
 0.14069967958815E-28
 0.14069967958815E-28
 0.14069967958815E-28
 0.14069967958815E-28
 0.14069967958815E-28
 0.14069967958815E-28
 0.14069967958815E-28
 0.14069967958815E-28
 0.14069967958815E-28
 0.14069967958815E-28
 0.14069967958815E-28
 0.14069967958815E-28
 0.14069967958815E-28
 0.14069967958815E-28
 0.11562823111327E-16
 0.68023345648085E-16
 0.48731947593720E-16
 0.62067317587756E-16
 0.82529612851201E-16
 0.62080050170339E-16
 0.61882234792336E-16
 0.14069967958815E-28
 0.14069967958815E-28
 0.14069967958815E-28
 0.14069967958815E-28
 0.14069967958815E-28
 0.14069967958815E-28
 0.14069967958815E-28
 0.14069967958815E-28
 0.14069967958815E-28
 0.14069967958815E-28
 0.14069967958815E-28
 0.14069967958815E-28
 0.14069967958815E-28
 0.14069967958815E-28
 0.14069967958815E-28
 0.14069967958815E-28
 0.14069967958815E-28
 0.14069967958815E-28
 0.14069967958815E-28
 0.14069967958815E-28
 0.14069967958815E-28
 0.14069967958815E-28
 0.14069967958815E-28
 0.14069967958815E-28
 0.14069967958815E-28
 0.14069967958815E-28
 0.14069967958815E-28
 0.14069967958815E-28
 0.14069967958815E-28
 0.14069967958815E-28
 0.14069967958815E-28
 0.14069967958815E-28
 0.14069967958815E-28
 0.14069967958815E-28
 0.14069967958815E-28
 0.14069967958815E-28
 0.14069967958815E-28
 0.14069967958815E-28
 0.14069967958815E-28
 0.14069967958815E-28
 0.14069967958815E-28
 0.39568232770661E-17
 0.56222294283114E-16
 0.64746635550299E-16
 0.64690722541911E-16
 0.84218624147535E-16
 0.80558125614500E-16
 0.73072085153809E-16
 0.82292467375096E-16
 0.83940028430904E-16
 0.14069967958815E-28
 0.14069967958815E-28
 0.14069967958815E-28
 0.14069967958815E-28
 0.14069967958815E-28
 0.14069967958815E-28
 0.14069967958815E-28
 0.14069967958815E-28
 0.14069967958815E-28
 0.14069967958815E-28
 0.14069967958815E-28
 0.14069967958815E-28
 0.14069967958815E-28
 0.14069967958815E-28
 0.14069967958815E-28
 0.14069967958815E-28
 0.14069967958815E-28
 0.14069967958815E-28
 0.14069967958815E-28
 0.14069967958815E-28
 0.14069967958815E-28
 0.14069967958815E-28
 0.14069967958815E-28
 0.14069967958815E-28
 0.14069967958815E-28
 0.14069967958815E-28
 0.14069967958815E-28
 0.14069967958815E-28
 0.14069967958815E-28
 0.14069967958815E-28
 0.14069967958815E-28
 0.14069967958815E-28
 0.14069967958815E-28
 0.14069967958815E-28
 0.14069967958815E-28
 0.14069967958815E-28
 0.14069967958815E-28
 0.14069967958815E-28
 0.14069967958815E-28
 0.14069967958815E-28
 0.14069967958815E-28
 0.27531487488917E-16
 0.44478997772768E-16
 0.11087830545226E-15
 0.76871426731966E-16
 0.98322177088286E-16
 0.88543195342092E-16
 0.10823179701922E-15
 0.91811932759837E-16
 0.10820609442832E-15
 0.14069967958815E-28
 0.14069967958815E-28
 0.14069967958815E-28
 0.14069967958815E-28
 0.14069967958815E-28
 0.14069967958815E-28
 0.14069967958815E-28
 0.14069967958815E-28
 0.14069967958815E-28
 0.14069967958815E-28
 0.14069967958815E-28
 0.14069967958815E-28
 0.14069967958815E-28
 0.14069967958815E-28
 0.14069967958815E-28
 0.14069967958815E-28
 0.14069967958815E-28
 0.14069967958815E-28
 0.14069967958815E-28
 0.14069967958815E-28
 0.14069967958815E-28
 0.14069967958815E-28
 0.14069967958815E-28
 0.14069967958815E-28
 0.14069967958815E-28
 0.14069967958815E-28
 0.14069967958815E-28
 0.14069967958815E-28
 0.14069967958815E-28
 0.14069967958815E-28
 0.14069967958815E-28
 0.14069967958815E-28
 0.14069967958815E-28
 0.14069967958815E-28
 0.14069967958815E-28
 0.14069967958815E-28
 0.14069967958815E-28
 0.14069967958815E-28
 0.14069967958815E-28
 0.14069967958815E-28
 0.44717586408582E-16
 0.61601492837180E-16
 0.75512542290899E-16
 0.10589460850727E-15
 0.70775790006399E-16
 0.13459572939560E-15
 0.11270846025413E-15
 0.11911090282685E-15
 0.11299765697222E-15
 0.12433402259567E-15
 0.14069967958815E-28
 0.14069967958815E-28
 0.14069967958815E-28
 0.14069967958815E-28
 0.14069967958815E-28
 0.14069967958815E-28
 0.14069967958815E-28
 0.14069967958815E-28
 0.14069967958815E-28
 0.14069967958815E-28
 0.14069967958815E-28
 0.14069967958815E-28
 0.14069967958815E-28
 0.14069967958815E-28
 0.14069967958815E-28
 0.14069967958815E-28
 0.14069967958815E-28
 0.14069967958815E-28
 0.14069967958815E-28
 0.14069967958815E-28
 0.14069967958815E-28
 0.14069967958815E-28
 0.14069967958815E-28
 0.14069967958815E-28
 0.14069967958815E-28
 0.14069967958815E-28
 0.14069967958815E-28
 0.14069967958815E-28
 0.14069967958815E-28
 0.14069967958815E-28
 0.14069967958815E-28
 0.14069967958815E-28
 0.14069967958815E-28
 0.14069967958815E-28
 0.14069967958815E-28
 0.14069967958815E-28
 0.14069967958815E-28
 0.14069967958815E-28
 0.19334559368928E-16
 0.26335168799160E-16
 0.11115852927133E-15
 0.14544898422046E-15
 0.14232675327508E-15
 0.14892871700129E-15
 0.10565762303923E-15
 0.98579903537888E-16
 0.12470262296067E-15
 0.11467577075162E-15
 0.10953332256394E-15
 0.14150448727101E-15
 0.14069967958815E-28
 0.14069967958815E-28
 0.14069967958815E-28
 0.14069967958815E-28
 0.14069967958815E-28
 0.14069967958815E-28
 0.14069967958815E-28
 0.14069967958815E-28
 0.14069967958815E-28
 0.14069967958815E-28
 0.14069967958815E-28
 0.14069967958815E-28
 0.14069967958815E-28
 0.14069967958815E-28
 0.14069967958815E-28
 0.14069967958815E-28
 0.14069967958815E-28
 0.14069967958815E-28
 0.14069967958815E-28
 0.14069967958815E-28
 0.14069967958815E-28
 0.14069967958815E-28
 0.14069967958815E-28
 0.14069967958815E-28
 0.14069967958815E-28
 0.14069967958815E-28
 0.14069967958815E-28
 0.14069967958815E-28
 0.14069967958815E-28
 0.14069967958815E-28
 0.14069967958815E-28
 0.14069967958815E-28
 0.14069967958815E-28
 0.14069967958815E-28
 0.14069967958815E-28
 0.14069967958815E-28
 0.14069967958815E-28
 0.74099808176918E-17
 0.58402270170480E-16
 0.92431487600805E-16
 0.12444409048328E-15
 0.16974640893270E-15
 0.18846715766851E-15
 0.16836221703874E-15
 0.16519797163067E-15
 0.15296001554876E-15
 0.14466665431404E-15
 0.15073082922490E-15
 0.16256412319699E-15
 0.13373647839135E-15
 0.14069967958815E-28
 0.14069967958815E-28
 0.14069967958815E-28
 0.14069967958815E-28
 0.14069967958815E-28
 0.14069967958815E-28
 0.14069967958815E-28
 0.14069967958815E-28
 0.14069967958815E-28
 0.14069967958815E-28
 0.14069967958815E-28
 0.14069967958815E-28
 0.14069967958815E-28
 0.14069967958815E-28
 0.14069967958815E-28
 0.14069967958815E-28
 0.14069967958815E-28
 0.14069967958815E-28
 0.14069967958815E-28
 0.14069967958815E-28
 0.14069967958815E-28
 0.14069967958815E-28
 0.14069967958815E-28
 0.14069967958815E-28
 0.14069967958815E-28
 0.14069967958815E-28
 0.14069967958815E-28
 0.14069967958815E-28
 0.14069967958815E-28
 0.14069967958815E-28
 0.14069967958815E-28
 0.14069967958815E-28
 0.14069967958815E-28
 0.14069967958815E-28
 0.14069967958815E-28
 0.14069967958815E-28
 0.14069967958815E-28
 0.81715465293009E-16
 0.19233629246921E-15
 0.21083099908194E-15
 0.14827774211190E-15
 0.20443162341426E-15
 0.26342883293897E-15
 0.19509104247994E-15
 0.22689463615935E-15
 0.21509718645022E-15
 0.19030684676220E-15
 0.15099514660895E-15
 0.17048472465765E-15
 0.13472306976779E-15
 0.14069967958815E-28
 0.14069967958815E-28
 0.14069967958815E-28
 0.14069967958815E-28
 0.14069967958815E-28
 0.14069967958815E-28
 0.14069967958815E-28
 0.14069967958815E-28
 0.14069967958815E-28
 0.14069967958815E-28
 0.14069967958815E-28
 0.14069967958815E-28
 0.14069967958815E-28
 0.14069967958815E-28
 0.14069967958815E-28
 0.14069967958815E-28
 0.14069967958815E-28
 0.14069967958815E-28
 0.14069967958815E-28
 0.14069967958815E-28
 0.14069967958815E-28
 0.14069967958815E-28
 0.14069967958815E-28
 0.14069967958815E-28
 0.14069967958815E-28
 0.14069967958815E-28
 0.14069967958815E-28
 0.14069967958815E-28
 0.14069967958815E-28
 0.14069967958815E-28
 0.14069967958815E-28
 0.14069967958815E-28
 0.14069967958815E-28
 0.14069967958815E-28
 0.14069967958815E-28
 0.14069967958815E-28
 0.59673113294379E-16
 0.25963097580041E-15
 0.16362112459191E-15
 0.23062701136713E-15
 0.21839269944556E-15
 0.23822113939942E-15
 0.31768237590155E-15
 0.20413668921619E-15
 0.21868469111804E-15
 0.20351617241740E-15
 0.25531257008342E-15
 0.23807712241758E-15
 0.20690769033837E-15
 0.14482441923448E-15
 0.14069967958815E-28
 0.14069967958815E-28
 0.14069967958815E-28
 0.14069967958815E-28
 0.14069967958815E-28
 0.14069967958815E-28
 0.14069967958815E-28
 0.14069967958815E-28
 0.14069967958815E-28
 0.14069967958815E-28
 0.14069967958815E-28
 0.14069967958815E-28
 0.14069967958815E-28
 0.14069967958815E-28
 0.14069967958815E-28
 0.14069967958815E-28
 0.14069967958815E-28
 0.14069967958815E-28
 0.14069967958815E-28
 0.14069967958815E-28
 0.14069967958815E-28
 0.14069967958815E-28
 0.14069967958815E-28
 0.14069967958815E-28
 0.14069967958815E-28
 0.14069967958815E-28
 0.14069967958815E-28
 0.14069967958815E-28
 0.14069967958815E-28
 0.14069967958815E-28
 0.14069967958815E-28
 0.14069967958815E-28
 0.14069967958815E-28
 0.14069967958815E-28
 0.14069967958815E-28
 0.69605086896417E-16
 0.24695501430958E-15
 0.35849454670634E-15
 0.43588778300997E-15
 0.40969918744613E-15
 0.34116102431050E-15
 0.40527395196177E-15
 0.26223984523373E-15
 0.22234943727635E-15
 0.28965186421125E-15
 0.26781631058008E-15
 0.23511153355257E-15
 0.26949023451520E-15
 0.20395262327132E-15
 0.26388894906213E-15
 0.14069967958815E-28
 0.14069967958815E-28
 0.14069967958815E-28
 0.14069967958815E-28
 0.14069967958815E-28
 0.14069967958815E-28
 0.14069967958815E-28
 0.14069967958815E-28
 0.14069967958815E-28
 0.14069967958815E-28
 0.14069967958815E-28
 0.14069967958815E-28
 0.14069967958815E-28
 0.14069967958815E-28
 0.14069967958815E-28
 0.14069967958815E-28
 0.14069967958815E-28
 0.14069967958815E-28
 0.14069967958815E-28
 0.14069967958815E-28
 0.14069967958815E-28
 0.14069967958815E-28
 0.14069967958815E-28
 0.14069967958815E-28
 0.14069967958815E-28
 0.14069967958815E-28
 0.14069967958815E-28
 0.14069967958815E-28
 0.14069967958815E-28
 0.14069967958815E-28
 0.14069967958815E-28
 0.14069967958815E-28
 0.14069967958815E-28
 0.14069967958815E-28
 0.45650722921858E-16
 0.28257320560481E-15
 0.35007439645612E-15
 0.48901945724027E-15
 0.30738550014294E-15
 0.50599139316248E-15
 0.32334366436514E-15
 0.33570864222938E-15
 0.38723757150218E-15
 0.31548157272839E-15
 0.28578508190781E-15
 0.30525145704992E-15
 0.26438258999109E-15
 0.26454638053965E-15
 0.21656643121573E-15
 0.21434939456188E-15
 0.14069967958815E-28
 0.14069967958815E-28
 0.14069967958815E-28
 0.14069967958815E-28
 0.14069967958815E-28
 0.14069967958815E-28
 0.14069967958815E-28
 0.14069967958815E-28
 0.14069967958815E-28
 0.14069967958815E-28
 0.14069967958815E-28
 0.14069967958815E-28
 0.14069967958815E-28
 0.14069967958815E-28
 0.14069967958815E-28
 0.14069967958815E-28
 0.14069967958815E-28
 0.14069967958815E-28
 0.14069967958815E-28
 0.14069967958815E-28
 0.14069967958815E-28
 0.14069967958815E-28
 0.14069967958815E-28
 0.14069967958815E-28
 0.14069967958815E-28
 0.14069967958815E-28
 0.14069967958815E-28
 0.14069967958815E-28
 0.14069967958815E-28
 0.14069967958815E-28
 0.14069967958815E-28
 0.14069967958815E-28
 0.14069967958815E-28
 0.96787190338154E-16
 0.37064552742382E-15
 0.63466426654649E-15
 0.32730736100719E-15
 0.51729724399759E-15
 0.42459194158084E-15
 0.37950935802340E-15
 0.50705481014244E-15
 0.50668078399598E-15
 0.46265634852012E-15
 0.38765722366994E-15
 0.35459187781092E-15
 0.36438981078941E-15
 0.27626934187446E-15
 0.32508159866824E-15
 0.30356885425107E-15
 0.29904831365197E-15
 0.14069967958815E-28
 0.14069967958815E-28
 0.14069967958815E-28
 0.14069967958815E-28
 0.14069967958815E-28
 0.14069967958815E-28
 0.14069967958815E-28
 0.14069967958815E-28
 0.14069967958815E-28
 0.14069967958815E-28
 0.14069967958815E-28
 0.14069967958815E-28
 0.14069967958815E-28
 0.14069967958815E-28
 0.14069967958815E-28
 0.14069967958815E-28
 0.14069967958815E-28
 0.14069967958815E-28
 0.14069967958815E-28
 0.14069967958815E-28
 0.14069967958815E-28
 0.14069967958815E-28
 0.14069967958815E-28
 0.14069967958815E-28
 0.14069967958815E-28
 0.14069967958815E-28
 0.14069967958815E-28
 0.14069967958815E-28
 0.14069967958815E-28
 0.14069967958815E-28
 0.14069967958815E-28
 0.14069967958815E-28
 0.60184242933027E-16
 0.36679465808953E-15
 0.81929453699704E-15
 0.68615877052871E-15
 0.61525242054825E-15
 0.80714822041882E-15
 0.73024189709588E-15
 0.72641035572599E-15
 0.50040133666710E-15
 0.63762479403914E-15
 0.46588027998856E-15
 0.43022007973434E-15
 0.44085069402684E-15
 0.42266177395359E-15
 0.50009482757458E-15
 0.37139256971006E-15
 0.32350173785868E-15
 0.38677793253615E-15
 0.14069967958815E-28
 0.14069967958815E-28
 0.14069967958815E-28
 0.14069967958815E-28
 0.14069967958815E-28
 0.14069967958815E-28
 0.14069967958815E-28
 0.14069967958815E-28
 0.14069967958815E-28
 0.14069967958815E-28
 0.14069967958815E-28
 0.14069967958815E-28
 0.14069967958815E-28
 0.14069967958815E-28
 0.14069967958815E-28
 0.14069967958815E-28
 0.14069967958815E-28
 0.14069967958815E-28
 0.14069967958815E-28
 0.14069967958815E-28
 0.14069967958815E-28
 0.14069967958815E-28
 0.14069967958815E-28
 0.14069967958815E-28
 0.14069967958815E-28
 0.14069967958815E-28
 0.14069967958815E-28
 0.14069967958815E-28
 0.14069967958815E-28
 0.14069967958815E-28
 0.14069967958815E-28
 0.81899101384922E-16
 0.66915205082640E-15
 0.88448221061935E-15
 0.89328519901084E-15
 0.98896051623912E-15
 0.99724332132412E-15
 0.85795969221203E-15
 0.84935900053323E-15
 0.61461186834106E-15
 0.76400952551580E-15
 0.64325382842384E-15
 0.57749385548730E-15
 0.55619046540360E-15
 0.50318326092710E-15
 0.53989349423870E-15
 0.52877505128381E-15
 0.37892429899700E-15
 0.39717401412396E-15
 0.54676993501339E-15
 0.14069967958815E-28
 0.14069967958815E-28
 0.14069967958815E-28
 0.14069967958815E-28
 0.14069967958815E-28
 0.14069967958815E-28
 0.14069967958815E-28
 0.14069967958815E-28
 0.14069967958815E-28
 0.14069967958815E-28
 0.14069967958815E-28
 0.14069967958815E-28
 0.14069967958815E-28
 0.14069967958815E-28
 0.14069967958815E-28
 0.14069967958815E-28
 0.14069967958815E-28
 0.14069967958815E-28
 0.14069967958815E-28
 0.14069967958815E-28
 0.14069967958815E-28
 0.14069967958815E-28
 0.14069967958815E-28
 0.14069967958815E-28
 0.14069967958815E-28
 0.14069967958815E-28
 0.14069967958815E-28
 0.14069967958815E-28
 0.14069967958815E-28
 0.14069967958815E-28
 0.42688031287221E-16
 0.66181036106719E-15
 0.94122917589100E-15
 0.89430552994069E-15
 0.11876427002201E-14
 0.98530868723784E-15
 0.10540392256259E-14
 0.11643399502964E-14
 0.10853058862363E-14
 0.71422902750159E-15
 0.10206365669133E-14
 0.79620573527708E-15
 0.69505865866484E-15
 0.61404258162480E-15
 0.67718575449268E-15
 0.64367752512561E-15
 0.60406751463657E-15
 0.63800311061261E-15
 0.62786723568234E-15
 0.46665786054914E-15
 0.14069967958815E-28
 0.14069967958815E-28
 0.14069967958815E-28
 0.14069967958815E-28
 0.14069967958815E-28
 0.14069967958815E-28
 0.14069967958815E-28
 0.14069967958815E-28
 0.14069967958815E-28
 0.14069967958815E-28
 0.14069967958815E-28
 0.14069967958815E-28
 0.14069967958815E-28
 0.14069967958815E-28
 0.14069967958815E-28
 0.14069967958815E-28
 0.14069967958815E-28
 0.14069967958815E-28
 0.14069967958815E-28
 0.14069967958815E-28
 0.14069967958815E-28
 0.14069967958815E-28
 0.14069967958815E-28
 0.14069967958815E-28
 0.14069967958815E-28
 0.14069967958815E-28
 0.14069967958815E-28
 0.14069967958815E-28
 0.14069967958815E-28
 0.14069967958815E-28
 0.10696051807326E-14
 0.13846921092590E-14
 0.19419522862666E-14
 0.19797690384193E-14
 0.17988081465965E-14
 0.14611361546430E-14
 0.12330835989028E-14
 0.15668842668101E-14
 0.11059684040221E-14
 0.11104508326920E-14
 0.99946754355463E-15
 0.10270322050141E-14
 0.79301353759726E-15
 0.78566599484152E-15
 0.80128089764502E-15
 0.75293516532720E-15
 0.79516262527386E-15
 0.53512507445349E-15
 0.49871578279093E-15
 0.34016906239871E-15
 0.14069967958815E-28
 0.14069967958815E-28
 0.14069967958815E-28
 0.14069967958815E-28
 0.14069967958815E-28
 0.14069967958815E-28
 0.14069967958815E-28
 0.14069967958815E-28
 0.14069967958815E-28
 0.14069967958815E-28
 0.14069967958815E-28
 0.14069967958815E-28
 0.14069967958815E-28
 0.14069967958815E-28
 0.14069967958815E-28
 0.14069967958815E-28
 0.14069967958815E-28
 0.14069967958815E-28
 0.14069967958815E-28
 0.14069967958815E-28
 0.14069967958815E-28
 0.14069967958815E-28
 0.14069967958815E-28
 0.14069967958815E-28
 0.14069967958815E-28
 0.14069967958815E-28
 0.14069967958815E-28
 0.14069967958815E-28
 0.14069967958815E-28
 0.76748668873504E-15
 0.22620949277399E-14
 0.26245029880617E-14
 0.26358043635485E-14
 0.26677548305976E-14
 0.20249311000020E-14
 0.21461998647089E-14
 0.17089151813265E-14
 0.15413381769010E-14
 0.15075112191243E-14
 0.11434333671275E-14
 0.12522305997317E-14
 0.11610587249523E-14
 0.11572890135305E-14
 0.10356437043007E-14
 0.91040008758145E-15
 0.83103194178234E-15
 0.56537965790693E-15
 0.45873705555301E-15
 0.44073784841010E-15
 0.32952949906560E-15
 0.14069967958815E-28
 0.14069967958815E-28
 0.14069967958815E-28
 0.14069967958815E-28
 0.14069967958815E-28
 0.14069967958815E-28
 0.14069967958815E-28
 0.14069967958815E-28
 0.14069967958815E-28
 0.14069967958815E-28
 0.14069967958815E-28
 0.14069967958815E-28
 0.14069967958815E-28
 0.14069967958815E-28
 0.14069967958815E-28
 0.14069967958815E-28
 0.14069967958815E-28
 0.14069967958815E-28
 0.14069967958815E-28
 0.14069967958815E-28
 0.14069967958815E-28
 0.14069967958815E-28
 0.14069967958815E-28
 0.14069967958815E-28
 0.14069967958815E-28
 0.14069967958815E-28
 0.14069967958815E-28
 0.14069967958815E-28
 0.37979920523435E-15
 0.33775738228528E-14
 0.41245467740707E-14
 0.40720863815153E-14
 0.39883961189126E-14
 0.34016965429295E-14
 0.26753310047950E-14
 0.22517694266204E-14
 0.26315387159638E-14
 0.23162667305478E-14
 0.20067591123576E-14
 0.18769319415603E-14
 0.15783620217771E-14
 0.17743879553742E-14
 0.13771547721541E-14
 0.10088349904483E-14
 0.76246373406931E-15
 0.80086768764280E-15
 0.55977258845237E-15
 0.37217154907143E-15
 0.46917178975733E-15
 0.32259754633537E-15
 0.14069967958815E-28
 0.14069967958815E-28
 0.14069967958815E-28
 0.14069967958815E-28
 0.14069967958815E-28
 0.14069967958815E-28
 0.14069967958815E-28
 0.14069967958815E-28
 0.14069967958815E-28
 0.14069967958815E-28
 0.14069967958815E-28
 0.14069967958815E-28
 0.14069967958815E-28
 0.14069967958815E-28
 0.14069967958815E-28
 0.14069967958815E-28
 0.14069967958815E-28
 0.14069967958815E-28
 0.14069967958815E-28
 0.14069967958815E-28
 0.14069967958815E-28
 0.14069967958815E-28
 0.14069967958815E-28
 0.14069967958815E-28
 0.14069967958815E-28
 0.14069967958815E-28
 0.14069967958815E-28
 0.19129461148741E-15
 0.50818212039875E-14
 0.63831932617802E-14
 0.64898441862711E-14
 0.60588561871202E-14
 0.47232280738372E-14
 0.39683645553208E-14
 0.41750269527246E-14
 0.33266900655563E-14
 0.29154943904829E-14
 0.29639827531646E-14
 0.25294333714846E-14
 0.25568520842598E-14
 0.20178430461644E-14
 0.15406433289605E-14
 0.12239079957972E-14
 0.89345850224035E-15
 0.63408154894327E-15
 0.54557739855179E-15
 0.47066684417858E-15
 0.41185754077495E-15
 0.43534713193041E-15
 0.32198898478196E-15
 0.14069967958815E-28
 0.14069967958815E-28
 0.14069967958815E-28
 0.14069967958815E-28
 0.14069967958815E-28
 0.14069967958815E-28
 0.14069967958815E-28
 0.14069967958815E-28
 0.14069967958815E-28
 0.14069967958815E-28
 0.14069967958815E-28
 0.14069967958815E-28
 0.14069967958815E-28
 0.14069967958815E-28
 0.14069967958815E-28
 0.14069967958815E-28
 0.14069967958815E-28
 0.14069967958815E-28
 0.14069967958815E-28
 0.14069967958815E-28
 0.14069967958815E-28
 0.14069967958815E-28
 0.14069967958815E-28
 0.14069967958815E-28
 0.14069967958815E-28
 0.14069967958815E-28
 0.14069967958815E-28
 0.35686829882458E-14
 0.12736267716068E-13
 0.12379067848345E-13
 0.93830725365398E-14
 0.76784120760016E-14
 0.65043858505051E-14
 0.65786219725502E-14
 0.42710678627702E-14
 0.45557867598720E-14
 0.38591907289351E-14
 0.34448530548894E-14
 0.30518456763060E-14
 0.22318064066912E-14
 0.20439929882369E-14
 0.14959767159493E-14
 0.96227973458702E-15
 0.78972888587923E-15
 0.61203684078065E-15
 0.49632031603803E-15
 0.46198794303090E-15
 0.33103944629042E-15
 0.37027402713398E-15
 0.27502589779134E-15
 0.14069967958815E-28
 0.14069967958815E-28
 0.14069967958815E-28
 0.14069967958815E-28
 0.14069967958815E-28
 0.14069967958815E-28
 0.14069967958815E-28
 0.14069967958815E-28
 0.14069967958815E-28
 0.14069967958815E-28
 0.14069967958815E-28
 0.14069967958815E-28
 0.14069967958815E-28
 0.14069967958815E-28
 0.14069967958815E-28
 0.14069967958815E-28
 0.14069967958815E-28
 0.14069967958815E-28
 0.14069967958815E-28
 0.14069967958815E-28
 0.14069967958815E-28
 0.14069967958815E-28
 0.14069967958815E-28
 0.14069967958815E-28
 0.14069967958815E-28
 0.14069967958815E-28
 0.22057232617424E-14
 0.15389530442620E-13
 0.19287730143985E-13
 0.18662591845342E-13
 0.14267797956697E-13
 0.10602631725404E-13
 0.89753687857847E-14
 0.71238850207958E-14
 0.66845169588321E-14
 0.64576297444997E-14
 0.52419508443232E-14
 0.34011650461207E-14
 0.23627489211631E-14
 0.17095800729672E-14
 0.16804604083691E-14
 0.14186845544119E-14
 0.10866267793107E-14
 0.84956236967459E-15
 0.61768395404600E-15
 0.52636367144360E-15
 0.38042417151144E-15
 0.38391858437922E-15
 0.30577606843615E-15
 0.33290683492990E-15
 0.14069967958815E-28
 0.14069967958815E-28
 0.14069967958815E-28
 0.14069967958815E-28
 0.14069967958815E-28
 0.14069967958815E-28
 0.14069967958815E-28
 0.14069967958815E-28
 0.14069967958815E-28
 0.14069967958815E-28
 0.14069967958815E-28
 0.14069967958815E-28
 0.14069967958815E-28
 0.14069967958815E-28
 0.14069967958815E-28
 0.14069967958815E-28
 0.14069967958815E-28
 0.14069967958815E-28
 0.14069967958815E-28
 0.14069967958815E-28
 0.14069967958815E-28
 0.14069967958815E-28
 0.14069967958815E-28
 0.14069967958815E-28
 0.14069967958815E-28
 0.14069967958815E-28
 0.20936534853853E-13
 0.39103810940280E-13
 0.32649829065752E-13
 0.25001809972759E-13
 0.21239646047113E-13
 0.15981572070659E-13
 0.12429527861826E-13
 0.11154234569175E-13
 0.74768987032090E-14
 0.61113454153365E-14
 0.47442195533276E-14
 0.30438951836824E-14
 0.24718331646970E-14
 0.16186887243189E-14
 0.12981491044348E-14
 0.12066947428863E-14
 0.10811181720316E-14
 0.78624225709081E-15
 0.66973104433099E-15
 0.52549572715778E-15
 0.44710695244082E-15
 0.37200592134673E-15
 0.32679741172074E-15
 0.30295331602118E-15
 0.14069967958815E-28
 0.14069967958815E-28
 0.14069967958815E-28
 0.14069967958815E-28
 0.14069967958815E-28
 0.14069967958815E-28
 0.14069967958815E-28
 0.14069967958815E-28
 0.14069967958815E-28
 0.14069967958815E-28
 0.14069967958815E-28
 0.14069967958815E-28
 0.14069967958815E-28
 0.14069967958815E-28
 0.14069967958815E-28
 0.14069967958815E-28
 0.14069967958815E-28
 0.14069967958815E-28
 0.14069967958815E-28
 0.14069967958815E-28
 0.14069967958815E-28
 0.14069967958815E-28
 0.14069967958815E-28
 0.14069967958815E-28
 0.14069967958815E-28
 0.90708475539227E-14
 0.56134553974917E-13
 0.53399230003752E-13
 0.43615472937828E-13
 0.35382404897246E-13
 0.28050156526786E-13
 0.21192305418865E-13
 0.16979238520092E-13
 0.11293867976411E-13
 0.86023175343702E-14
 0.58314322229057E-14
 0.41812652274615E-14
 0.28091871609522E-14
 0.24007209359462E-14
 0.16087333645978E-14
 0.12650256308283E-14
 0.12984137180562E-14
 0.86115572626598E-15
 0.73656724313419E-15
 0.58300852881336E-15
 0.56937439876335E-15
 0.42210492264439E-15
 0.45006638613405E-15
 0.31413190391664E-15
 0.24646350724534E-15
 0.14069967958815E-28
 0.14069967958815E-28
 0.14069967958815E-28
 0.14069967958815E-28
 0.14069967958815E-28
 0.14069967958815E-28
 0.14069967958815E-28
 0.14069967958815E-28
 0.14069967958815E-28
 0.14069967958815E-28
 0.14069967958815E-28
 0.35780957869120E-16
 0.45702307514586E-16
 0.14069967958815E-28
 0.11425614393494E-15
 0.40475585118165E-16
 0.64684970767635E-16
 0.14069967958815E-28
 0.14069967958815E-28
 0.14069967958815E-28
 0.14069967958815E-28
 0.14069967958815E-28
 0.14069967958815E-28
 0.14069967958815E-28
 0.14069967958815E-28
 0.32050766451272E-13
 0.75035547802959E-13
 0.71225766302332E-13
 0.58068820573986E-13
 0.48108769960064E-13
 0.35087313184829E-13
 0.25037966755980E-13
 0.14882635358562E-13
 0.11368729889263E-13
 0.77778333905221E-14
 0.51831499744221E-14
 0.37797237866295E-14
 0.30391898324137E-14
 0.24063804530432E-14
 0.16778838160336E-14
 0.12361276038293E-14
 0.11467554373800E-14
 0.87670303571507E-15
 0.64903987220572E-15
 0.50360726597920E-15
 0.35154102169589E-15
 0.34769925650438E-15
 0.36866096447300E-15
 0.29733631199881E-15
 0.28874422632547E-15
 0.31772844352755E-17
 0.73597841172270E-17
 0.14069967958815E-28
 0.28304978998430E-16
 0.62670155011581E-16
 0.47667750368756E-16
 0.19222205964719E-15
 0.14489077590574E-15
 0.15887558141081E-15
 0.35846394172850E-15
 0.43538912939638E-15
 0.73553282414095E-15
 0.11516191003585E-14
 0.12318497538723E-14
 0.17233472508415E-14
 0.30392422525489E-14
 0.50521051445963E-14
 0.56865142479627E-14
 0.97586826425286E-14
 0.16450913190034E-13
 0.15595679598337E-13
 0.23650201950104E-13
 0.11995272313752E-13
 0.14069967958815E-28
 0.14069967958815E-28
 0.13120293616434E-13
 0.75391262225834E-13
 0.76138142564058E-13
 0.68845433659095E-13
 0.54057014790839E-13
 0.34670289424698E-13
 0.24719627822456E-13
 0.15357761422169E-13
 0.91309536194381E-14
 0.70852030430296E-14
 0.55187369893680E-14
 0.35542295935475E-14
 0.26199828926433E-14
 0.25076104497758E-14
 0.16280071591246E-14
 0.14329973810646E-14
 0.10073645776028E-14
 0.78725787540797E-15
 0.55949481058981E-15
 0.54380780976557E-15
 0.33717415731442E-15
 0.37373857300753E-15
 0.31800714471442E-15
 0.26840980857191E-15
 0.17006409288815E-15
 0.69787765702424E-16
 0.11384048838221E-15
 0.11473170919727E-15
 0.16269247202536E-15
 0.30721111678075E-15
 0.32393098059602E-15
 0.33521020610328E-15
 0.50050866117881E-15
 0.65248773834139E-15
 0.44241667299943E-15
 0.10111315700330E-14
 0.15562781422749E-14
 0.19499237222462E-14
 0.29105728479298E-14
 0.40846039789331E-14
 0.50298303787238E-14
 0.65080751091968E-14
 0.12165793921281E-13
 0.16689029473500E-13
 0.29600263618917E-13
 0.48161806974376E-13
 0.69049578321298E-13
 0.74509403237134E-13
 0.13179677870027E-13
 0.14069967958815E-28
 0.14069967958815E-28
 0.55129562732818E-13
 0.76470252157162E-13
 0.70179393492944E-13
 0.53695643769538E-13
 0.30907763788917E-13
 0.23325879461792E-13
 0.14039182609283E-13
 0.92237374434146E-14
 0.64014145257913E-14
 0.47300490366659E-14
 0.31381641524538E-14
 0.24342241282908E-14
 0.16489720863163E-14
 0.14385853870542E-14
 0.94065766473731E-15
 0.72603253875874E-15
 0.81533697616162E-15
 0.54140819766416E-15
 0.38640225585999E-15
 0.45653527675959E-15
 0.36126483041004E-15
 0.30257127101878E-15
 0.14769854154949E-15
 0.12325628384422E-15
 0.12325628384422E-15
 0.14769854154949E-15
 0.30257127101878E-15
 0.36126483041004E-15
 0.45653527675958E-15
 0.38640225585999E-15
 0.54140819766416E-15
 0.81533697616161E-15
 0.72603253875874E-15
 0.94065766473733E-15
 0.14385853870542E-14
 0.16489720863163E-14
 0.24342241282908E-14
 0.31381641524538E-14
 0.47300490366659E-14
 0.64014145257913E-14
 0.92237374434145E-14
 0.14039182609283E-13
 0.23325879461792E-13
 0.30907763788917E-13
 0.53695643769538E-13
 0.70179393492944E-13
 0.76470252157163E-13
 0.55129562732819E-13
 0.14069967958815E-28
 0.14069967958815E-28
 0.13179677870027E-13
 0.74509403237134E-13
 0.69049578321298E-13
 0.48161806974376E-13
 0.29600263618917E-13
 0.16689029473500E-13
 0.12165793921281E-13
 0.65080751091968E-14
 0.50298303787237E-14
 0.40846039789331E-14
 0.29105728479298E-14
 0.19499237222462E-14
 0.15562781422749E-14
 0.10111315700330E-14
 0.44241667299944E-15
 0.65248773834139E-15
 0.50050866117881E-15
 0.33521020610328E-15
 0.32393098059602E-15
 0.30721111678075E-15
 0.16269247202536E-15
 0.11473170919727E-15
 0.11384048838221E-15
 0.69787765702425E-16
 0.17006409288815E-15
 0.26840980857191E-15
 0.31800714471442E-15
 0.37373857300752E-15
 0.33717415731442E-15
 0.54380780976557E-15
 0.55949481058981E-15
 0.78725787540798E-15
 0.10073645776028E-14
 0.14329973810646E-14
 0.16280071591246E-14
 0.25076104497758E-14
 0.26199828926434E-14
 0.35542295935475E-14
 0.55187369893680E-14
 0.70852030430295E-14
 0.91309536194381E-14
 0.15357761422169E-13
 0.24719627822456E-13
 0.34670289424698E-13
 0.54057014790839E-13
 0.68845433659095E-13
 0.76138142564058E-13
 0.75391262225834E-13
 0.13120293616434E-13
 0.14069967958815E-28
 0.14069967958815E-28
 0.11995272313752E-13
 0.23650201950104E-13
 0.15595679598337E-13
 0.16450913190034E-13
 0.97586826425286E-14
 0.56865142479627E-14
 0.50521051445963E-14
 0.30392422525489E-14
 0.17233472508415E-14
 0.12318497538723E-14
 0.11516191003585E-14
 0.73553282414095E-15
 0.43538912939638E-15
 0.35846394172850E-15
 0.15887558141081E-15
 0.14489077590574E-15
 0.19222205964719E-15
 0.47667750368757E-16
 0.62670155011581E-16
 0.28304978998430E-16
 0.14069967958815E-28
 0.73597841172272E-17
 0.31772844352754E-17
 0.28874422632547E-15
 0.29733631199881E-15
 0.36866096447300E-15
 0.34769925650437E-15
 0.35154102169589E-15
 0.50360726597919E-15
 0.64903987220572E-15
 0.87670303571509E-15
 0.11467554373801E-14
 0.12361276038293E-14
 0.16778838160336E-14
 0.24063804530432E-14
 0.30391898324137E-14
 0.37797237866296E-14
 0.51831499744221E-14
 0.77778333905221E-14
 0.11368729889264E-13
 0.14882635358562E-13
 0.25037966755980E-13
 0.35087313184829E-13
 0.48108769960064E-13
 0.58068820573986E-13
 0.71225766302332E-13
 0.75035547802959E-13
 0.32050766451272E-13
 0.14069967958815E-28
 0.14069967958815E-28
 0.14069967958815E-28
 0.14069967958815E-28
 0.14069967958815E-28
 0.14069967958815E-28
 0.14069967958815E-28
 0.14069967958815E-28
 0.64684970767635E-16
 0.40475585118165E-16
 0.11425614393494E-15
 0.14069967958815E-28
 0.45702307514586E-16
 0.35780957869120E-16
 0.14069967958815E-28
 0.14069967958815E-28
 0.14069967958815E-28
 0.14069967958815E-28
 0.14069967958815E-28
 0.14069967958815E-28
 0.14069967958815E-28
 0.14069967958815E-28
 0.14069967958815E-28
 0.14069967958815E-28
 0.14069967958815E-28
 0.24646350724533E-15
 0.31413190391664E-15
 0.45006638613405E-15
 0.42210492264438E-15
 0.56937439876334E-15
 0.58300852881336E-15
 0.73656724313418E-15
 0.86115572626599E-15
 0.12984137180562E-14
 0.12650256308283E-14
 0.16087333645978E-14
 0.24007209359462E-14
 0.28091871609522E-14
 0.41812652274615E-14
 0.58314322229057E-14
 0.86023175343701E-14
 0.11293867976411E-13
 0.16979238520092E-13
 0.21192305418865E-13
 0.28050156526786E-13
 0.35382404897246E-13
 0.43615472937828E-13
 0.53399230003752E-13
 0.56134553974917E-13
 0.90708475539227E-14
 0.14069967958815E-28
 0.14069967958815E-28
 0.14069967958815E-28
 0.14069967958815E-28
 0.14069967958815E-28
 0.14069967958815E-28
 0.14069967958815E-28
 0.14069967958815E-28
 0.14069967958815E-28
 0.14069967958815E-28
 0.14069967958815E-28
 0.14069967958815E-28
 0.14069967958815E-28
 0.14069967958815E-28
 0.14069967958815E-28
 0.14069967958815E-28
 0.14069967958815E-28
 0.14069967958815E-28
 0.14069967958815E-28
 0.14069967958815E-28
 0.14069967958815E-28
 0.14069967958815E-28
 0.14069967958815E-28
 0.14069967958815E-28
 0.14069967958815E-28
 0.30295331602118E-15
 0.32679741172074E-15
 0.37200592134674E-15
 0.44710695244081E-15
 0.52549572715778E-15
 0.66973104433099E-15
 0.78624225709082E-15
 0.10811181720316E-14
 0.12066947428863E-14
 0.12981491044348E-14
 0.16186887243189E-14
 0.24718331646970E-14
 0.30438951836824E-14
 0.47442195533276E-14
 0.61113454153365E-14
 0.74768987032090E-14
 0.11154234569175E-13
 0.12429527861826E-13
 0.15981572070658E-13
 0.21239646047113E-13
 0.25001809972759E-13
 0.32649829065751E-13
 0.39103810940280E-13
 0.20936534853853E-13
 0.14069967958815E-28
 0.14069967958815E-28
 0.14069967958815E-28
 0.14069967958815E-28
 0.14069967958815E-28
 0.14069967958815E-28
 0.14069967958815E-28
 0.14069967958815E-28
 0.14069967958815E-28
 0.14069967958815E-28
 0.14069967958815E-28
 0.14069967958815E-28
 0.14069967958815E-28
 0.14069967958815E-28
 0.14069967958815E-28
 0.14069967958815E-28
 0.14069967958815E-28
 0.14069967958815E-28
 0.14069967958815E-28
 0.14069967958815E-28
 0.14069967958815E-28
 0.14069967958815E-28
 0.14069967958815E-28
 0.14069967958815E-28
 0.14069967958815E-28
 0.14069967958815E-28
 0.33290683492990E-15
 0.30577606843614E-15
 0.38391858437923E-15
 0.38042417151144E-15
 0.52636367144359E-15
 0.61768395404601E-15
 0.84956236967459E-15
 0.10866267793107E-14
 0.14186845544119E-14
 0.16804604083691E-14
 0.17095800729672E-14
 0.23627489211632E-14
 0.34011650461207E-14
 0.52419508443233E-14
 0.64576297444997E-14
 0.66845169588321E-14
 0.71238850207959E-14
 0.89753687857847E-14
 0.10602631725404E-13
 0.14267797956697E-13
 0.18662591845341E-13
 0.19287730143985E-13
 0.15389530442620E-13
 0.22057232617424E-14
 0.14069967958815E-28
 0.14069967958815E-28
 0.14069967958815E-28
 0.14069967958815E-28
 0.14069967958815E-28
 0.14069967958815E-28
 0.14069967958815E-28
 0.14069967958815E-28
 0.14069967958815E-28
 0.14069967958815E-28
 0.14069967958815E-28
 0.14069967958815E-28
 0.14069967958815E-28
 0.14069967958815E-28
 0.14069967958815E-28
 0.14069967958815E-28
 0.14069967958815E-28
 0.14069967958815E-28
 0.14069967958815E-28
 0.14069967958815E-28
 0.14069967958815E-28
 0.14069967958815E-28
 0.14069967958815E-28
 0.14069967958815E-28
 0.14069967958815E-28
 0.14069967958815E-28
 0.27502589779134E-15
 0.37027402713398E-15
 0.33103944629042E-15
 0.46198794303091E-15
 0.49632031603803E-15
 0.61203684078065E-15
 0.78972888587923E-15
 0.96227973458702E-15
 0.14959767159493E-14
 0.20439929882369E-14
 0.22318064066912E-14
 0.30518456763060E-14
 0.34448530548894E-14
 0.38591907289351E-14
 0.45557867598720E-14
 0.42710678627702E-14
 0.65786219725502E-14
 0.65043858505051E-14
 0.76784120760016E-14
 0.93830725365398E-14
 0.12379067848345E-13
 0.12736267716068E-13
 0.35686829882458E-14
 0.14069967958815E-28
 0.14069967958815E-28
 0.14069967958815E-28
 0.14069967958815E-28
 0.14069967958815E-28
 0.14069967958815E-28
 0.14069967958815E-28
 0.14069967958815E-28
 0.14069967958815E-28
 0.14069967958815E-28
 0.14069967958815E-28
 0.14069967958815E-28
 0.14069967958815E-28
 0.14069967958815E-28
 0.14069967958815E-28
 0.14069967958815E-28
 0.14069967958815E-28
 0.14069967958815E-28
 0.14069967958815E-28
 0.14069967958815E-28
 0.14069967958815E-28
 0.14069967958815E-28
 0.14069967958815E-28
 0.14069967958815E-28
 0.14069967958815E-28
 0.14069967958815E-28
 0.14069967958815E-28
 0.32198898478196E-15
 0.43534713193042E-15
 0.41185754077495E-15
 0.47066684417858E-15
 0.54557739855180E-15
 0.63408154894328E-15
 0.89345850224034E-15
 0.12239079957972E-14
 0.15406433289605E-14
 0.20178430461644E-14
 0.25568520842598E-14
 0.25294333714846E-14
 0.29639827531646E-14
 0.29154943904829E-14
 0.33266900655563E-14
 0.41750269527246E-14
 0.39683645553208E-14
 0.47232280738372E-14
 0.60588561871202E-14
 0.64898441862711E-14
 0.63831932617801E-14
 0.50818212039875E-14
 0.19129461148741E-15
 0.14069967958815E-28
 0.14069967958815E-28
 0.14069967958815E-28
 0.14069967958815E-28
 0.14069967958815E-28
 0.14069967958815E-28
 0.14069967958815E-28
 0.14069967958815E-28
 0.14069967958815E-28
 0.14069967958815E-28
 0.14069967958815E-28
 0.14069967958815E-28
 0.14069967958815E-28
 0.14069967958815E-28
 0.14069967958815E-28
 0.14069967958815E-28
 0.14069967958815E-28
 0.14069967958815E-28
 0.14069967958815E-28
 0.14069967958815E-28
 0.14069967958815E-28
 0.14069967958815E-28
 0.14069967958815E-28
 0.14069967958815E-28
 0.14069967958815E-28
 0.14069967958815E-28
 0.14069967958815E-28
 0.32259754633537E-15
 0.46917178975734E-15
 0.37217154907143E-15
 0.55977258845237E-15
 0.80086768764281E-15
 0.76246373406931E-15
 0.10088349904483E-14
 0.13771547721541E-14
 0.17743879553742E-14
 0.15783620217771E-14
 0.18769319415604E-14
 0.20067591123576E-14
 0.23162667305478E-14
 0.26315387159638E-14
 0.22517694266204E-14
 0.26753310047950E-14
 0.34016965429295E-14
 0.39883961189126E-14
 0.40720863815153E-14
 0.41245467740707E-14
 0.33775738228528E-14
 0.37979920523434E-15
 0.14069967958815E-28
 0.14069967958815E-28
 0.14069967958815E-28
 0.14069967958815E-28
 0.14069967958815E-28
 0.14069967958815E-28
 0.14069967958815E-28
 0.14069967958815E-28
 0.14069967958815E-28
 0.14069967958815E-28
 0.14069967958815E-28
 0.14069967958815E-28
 0.14069967958815E-28
 0.14069967958815E-28
 0.14069967958815E-28
 0.14069967958815E-28
 0.14069967958815E-28
 0.14069967958815E-28
 0.14069967958815E-28
 0.14069967958815E-28
 0.14069967958815E-28
 0.14069967958815E-28
 0.14069967958815E-28
 0.14069967958815E-28
 0.14069967958815E-28
 0.14069967958815E-28
 0.14069967958815E-28
 0.14069967958815E-28
 0.32952949906560E-15
 0.44073784841010E-15
 0.45873705555301E-15
 0.56537965790693E-15
 0.83103194178233E-15
 0.91040008758146E-15
 0.10356437043007E-14
 0.11572890135305E-14
 0.11610587249523E-14
 0.12522305997317E-14
 0.11434333671275E-14
 0.15075112191243E-14
 0.15413381769010E-14
 0.17089151813266E-14
 0.21461998647089E-14
 0.20249311000020E-14
 0.26677548305976E-14
 0.26358043635485E-14
 0.26245029880617E-14
 0.22620949277399E-14
 0.76748668873504E-15
 0.14069967958815E-28
 0.14069967958815E-28
 0.14069967958815E-28
 0.14069967958815E-28
 0.14069967958815E-28
 0.14069967958815E-28
 0.14069967958815E-28
 0.14069967958815E-28
 0.14069967958815E-28
 0.14069967958815E-28
 0.14069967958815E-28
 0.14069967958815E-28
 0.14069967958815E-28
 0.14069967958815E-28
 0.14069967958815E-28
 0.14069967958815E-28
 0.14069967958815E-28
 0.14069967958815E-28
 0.14069967958815E-28
 0.14069967958815E-28
 0.14069967958815E-28
 0.14069967958815E-28
 0.14069967958815E-28
 0.14069967958815E-28
 0.14069967958815E-28
 0.14069967958815E-28
 0.14069967958815E-28
 0.14069967958815E-28
 0.14069967958815E-28
 0.34016906239871E-15
 0.49871578279093E-15
 0.53512507445350E-15
 0.79516262527385E-15
 0.75293516532720E-15
 0.80128089764501E-15
 0.78566599484151E-15
 0.79301353759725E-15
 0.10270322050141E-14
 0.99946754355462E-15
 0.11104508326920E-14
 0.11059684040221E-14
 0.15668842668101E-14
 0.12330835989028E-14
 0.14611361546430E-14
 0.17988081465965E-14
 0.19797690384193E-14
 0.19419522862667E-14
 0.13846921092590E-14
 0.10696051807326E-14
 0.14069967958815E-28
 0.14069967958815E-28
 0.14069967958815E-28
 0.14069967958815E-28
 0.14069967958815E-28
 0.14069967958815E-28
 0.14069967958815E-28
 0.14069967958815E-28
 0.14069967958815E-28
 0.14069967958815E-28
 0.14069967958815E-28
 0.14069967958815E-28
 0.14069967958815E-28
 0.14069967958815E-28
 0.14069967958815E-28
 0.14069967958815E-28
 0.14069967958815E-28
 0.14069967958815E-28
 0.14069967958815E-28
 0.14069967958815E-28
 0.14069967958815E-28
 0.14069967958815E-28
 0.14069967958815E-28
 0.14069967958815E-28
 0.14069967958815E-28
 0.14069967958815E-28
 0.14069967958815E-28
 0.14069967958815E-28
 0.14069967958815E-28
 0.14069967958815E-28
 0.46665786054914E-15
 0.62786723568233E-15
 0.63800311061261E-15
 0.60406751463658E-15
 0.64367752512561E-15
 0.67718575449268E-15
 0.61404258162480E-15
 0.69505865866484E-15
 0.79620573527708E-15
 0.10206365669133E-14
 0.71422902750159E-15
 0.10853058862363E-14
 0.11643399502965E-14
 0.10540392256259E-14
 0.98530868723784E-15
 0.11876427002201E-14
 0.89430552994068E-15
 0.94122917589100E-15
 0.66181036106720E-15
 0.42688031287222E-16
 0.14069967958815E-28
 0.14069967958815E-28
 0.14069967958815E-28
 0.14069967958815E-28
 0.14069967958815E-28
 0.14069967958815E-28
 0.14069967958815E-28
 0.14069967958815E-28
 0.14069967958815E-28
 0.14069967958815E-28
 0.14069967958815E-28
 0.14069967958815E-28
 0.14069967958815E-28
 0.14069967958815E-28
 0.14069967958815E-28
 0.14069967958815E-28
 0.14069967958815E-28
 0.14069967958815E-28
 0.14069967958815E-28
 0.14069967958815E-28
 0.14069967958815E-28
 0.14069967958815E-28
 0.14069967958815E-28
 0.14069967958815E-28
 0.14069967958815E-28
 0.14069967958815E-28
 0.14069967958815E-28
 0.14069967958815E-28
 0.14069967958815E-28
 0.14069967958815E-28
 0.54676993501339E-15
 0.39717401412396E-15
 0.37892429899699E-15
 0.52877505128380E-15
 0.53989349423870E-15
 0.50318326092711E-15
 0.55619046540360E-15
 0.57749385548730E-15
 0.64325382842384E-15
 0.76400952551580E-15
 0.61461186834106E-15
 0.84935900053324E-15
 0.85795969221203E-15
 0.99724332132412E-15
 0.98896051623912E-15
 0.89328519901084E-15
 0.88448221061935E-15
 0.66915205082640E-15
 0.81899101384922E-16
 0.14069967958815E-28
 0.14069967958815E-28
 0.14069967958815E-28
 0.14069967958815E-28
 0.14069967958815E-28
 0.14069967958815E-28
 0.14069967958815E-28
 0.14069967958815E-28
 0.14069967958815E-28
 0.14069967958815E-28
 0.14069967958815E-28
 0.14069967958815E-28
 0.14069967958815E-28
 0.14069967958815E-28
 0.14069967958815E-28
 0.14069967958815E-28
 0.14069967958815E-28
 0.14069967958815E-28
 0.14069967958815E-28
 0.14069967958815E-28
 0.14069967958815E-28
 0.14069967958815E-28
 0.14069967958815E-28
 0.14069967958815E-28
 0.14069967958815E-28
 0.14069967958815E-28
 0.14069967958815E-28
 0.14069967958815E-28
 0.14069967958815E-28
 0.14069967958815E-28
 0.14069967958815E-28
 0.38677793253615E-15
 0.32350173785867E-15
 0.37139256971005E-15
 0.50009482757458E-15
 0.42266177395359E-15
 0.44085069402685E-15
 0.43022007973434E-15
 0.46588027998856E-15
 0.63762479403914E-15
 0.50040133666709E-15
 0.72641035572599E-15
 0.73024189709588E-15
 0.80714822041883E-15
 0.61525242054825E-15
 0.68615877052872E-15
 0.81929453699703E-15
 0.36679465808954E-15
 0.60184242933026E-16
 0.14069967958815E-28
 0.14069967958815E-28
 0.14069967958815E-28
 0.14069967958815E-28
 0.14069967958815E-28
 0.14069967958815E-28
 0.14069967958815E-28
 0.14069967958815E-28
 0.14069967958815E-28
 0.14069967958815E-28
 0.14069967958815E-28
 0.14069967958815E-28
 0.14069967958815E-28
 0.14069967958815E-28
 0.14069967958815E-28
 0.14069967958815E-28
 0.14069967958815E-28
 0.14069967958815E-28
 0.14069967958815E-28
 0.14069967958815E-28
 0.14069967958815E-28
 0.14069967958815E-28
 0.14069967958815E-28
 0.14069967958815E-28
 0.14069967958815E-28
 0.14069967958815E-28
 0.14069967958815E-28
 0.14069967958815E-28
 0.14069967958815E-28
 0.14069967958815E-28
 0.14069967958815E-28
 0.14069967958815E-28
 0.29904831365197E-15
 0.30356885425106E-15
 0.32508159866824E-15
 0.27626934187445E-15
 0.36438981078941E-15
 0.35459187781093E-15
 0.38765722366995E-15
 0.46265634852012E-15
 0.50668078399598E-15
 0.50705481014243E-15
 0.37950935802340E-15
 0.42459194158085E-15
 0.51729724399758E-15
 0.32730736100720E-15
 0.63466426654648E-15
 0.37064552742381E-15
 0.96787190338153E-16
 0.14069967958815E-28
 0.14069967958815E-28
 0.14069967958815E-28
 0.14069967958815E-28
 0.14069967958815E-28
 0.14069967958815E-28
 0.14069967958815E-28
 0.14069967958815E-28
 0.14069967958815E-28
 0.14069967958815E-28
 0.14069967958815E-28
 0.14069967958815E-28
 0.14069967958815E-28
 0.14069967958815E-28
 0.14069967958815E-28
 0.14069967958815E-28
 0.14069967958815E-28
 0.14069967958815E-28
 0.14069967958815E-28
 0.14069967958815E-28
 0.14069967958815E-28
 0.14069967958815E-28
 0.14069967958815E-28
 0.14069967958815E-28
 0.14069967958815E-28
 0.14069967958815E-28
 0.14069967958815E-28
 0.14069967958815E-28
 0.14069967958815E-28
 0.14069967958815E-28
 0.14069967958815E-28
 0.14069967958815E-28
 0.14069967958815E-28
 0.21434939456189E-15
 0.21656643121573E-15
 0.26454638053965E-15
 0.26438258999109E-15
 0.30525145704992E-15
 0.28578508190781E-15
 0.31548157272839E-15
 0.38723757150218E-15
 0.33570864222938E-15
 0.32334366436514E-15
 0.50599139316248E-15
 0.30738550014295E-15
 0.48901945724027E-15
 0.35007439645612E-15
 0.28257320560481E-15
 0.45650722921858E-16
 0.14069967958815E-28
 0.14069967958815E-28
 0.14069967958815E-28
 0.14069967958815E-28
 0.14069967958815E-28
 0.14069967958815E-28
 0.14069967958815E-28
 0.14069967958815E-28
 0.14069967958815E-28
 0.14069967958815E-28
 0.14069967958815E-28
 0.14069967958815E-28
 0.14069967958815E-28
 0.14069967958815E-28
 0.14069967958815E-28
 0.14069967958815E-28
 0.14069967958815E-28
 0.14069967958815E-28
 0.14069967958815E-28
 0.14069967958815E-28
 0.14069967958815E-28
 0.14069967958815E-28
 0.14069967958815E-28
 0.14069967958815E-28
 0.14069967958815E-28
 0.14069967958815E-28
 0.14069967958815E-28
 0.14069967958815E-28
 0.14069967958815E-28
 0.14069967958815E-28
 0.14069967958815E-28
 0.14069967958815E-28
 0.14069967958815E-28
 0.14069967958815E-28
 0.26388894906213E-15
 0.20395262327132E-15
 0.26949023451520E-15
 0.23511153355256E-15
 0.26781631058009E-15
 0.28965186421125E-15
 0.22234943727636E-15
 0.26223984523372E-15
 0.40527395196177E-15
 0.34116102431050E-15
 0.40969918744613E-15
 0.43588778300997E-15
 0.35849454670634E-15
 0.24695501430958E-15
 0.69605086896417E-16
 0.14069967958815E-28
 0.14069967958815E-28
 0.14069967958815E-28
 0.14069967958815E-28
 0.14069967958815E-28
 0.14069967958815E-28
 0.14069967958815E-28
 0.14069967958815E-28
 0.14069967958815E-28
 0.14069967958815E-28
 0.14069967958815E-28
 0.14069967958815E-28
 0.14069967958815E-28
 0.14069967958815E-28
 0.14069967958815E-28
 0.14069967958815E-28
 0.14069967958815E-28
 0.14069967958815E-28
 0.14069967958815E-28
 0.14069967958815E-28
 0.14069967958815E-28
 0.14069967958815E-28
 0.14069967958815E-28
 0.14069967958815E-28
 0.14069967958815E-28
 0.14069967958815E-28
 0.14069967958815E-28
 0.14069967958815E-28
 0.14069967958815E-28
 0.14069967958815E-28
 0.14069967958815E-28
 0.14069967958815E-28
 0.14069967958815E-28
 0.14069967958815E-28
 0.14069967958815E-28
 0.14482441923448E-15
 0.20690769033837E-15
 0.23807712241758E-15
 0.25531257008342E-15
 0.20351617241740E-15
 0.21868469111804E-15
 0.20413668921618E-15
 0.31768237590155E-15
 0.23822113939942E-15
 0.21839269944557E-15
 0.23062701136713E-15
 0.16362112459191E-15
 0.25963097580041E-15
 0.59673113294380E-16
 0.14069967958815E-28
 0.14069967958815E-28
 0.14069967958815E-28
 0.14069967958815E-28
 0.14069967958815E-28
 0.14069967958815E-28
 0.14069967958815E-28
 0.14069967958815E-28
 0.14069967958815E-28
 0.14069967958815E-28
 0.14069967958815E-28
 0.14069967958815E-28
 0.14069967958815E-28
 0.14069967958815E-28
 0.14069967958815E-28
 0.14069967958815E-28
 0.14069967958815E-28
 0.14069967958815E-28
 0.14069967958815E-28
 0.14069967958815E-28
 0.14069967958815E-28
 0.14069967958815E-28
 0.14069967958815E-28
 0.14069967958815E-28
 0.14069967958815E-28
 0.14069967958815E-28
 0.14069967958815E-28
 0.14069967958815E-28
 0.14069967958815E-28
 0.14069967958815E-28
 0.14069967958815E-28
 0.14069967958815E-28
 0.14069967958815E-28
 0.14069967958815E-28
 0.14069967958815E-28
 0.14069967958815E-28
 0.13472306976779E-15
 0.17048472465765E-15
 0.15099514660895E-15
 0.19030684676220E-15
 0.21509718645023E-15
 0.22689463615935E-15
 0.19509104247994E-15
 0.26342883293897E-15
 0.20443162341427E-15
 0.14827774211190E-15
 0.21083099908193E-15
 0.19233629246921E-15
 0.81715465293008E-16
 0.14069967958815E-28
 0.14069967958815E-28
 0.14069967958815E-28
 0.14069967958815E-28
 0.14069967958815E-28
 0.14069967958815E-28
 0.14069967958815E-28
 0.14069967958815E-28
 0.14069967958815E-28
 0.14069967958815E-28
 0.14069967958815E-28
 0.14069967958815E-28
 0.14069967958815E-28
 0.14069967958815E-28
 0.14069967958815E-28
 0.14069967958815E-28
 0.14069967958815E-28
 0.14069967958815E-28
 0.14069967958815E-28
 0.14069967958815E-28
 0.14069967958815E-28
 0.14069967958815E-28
 0.14069967958815E-28
 0.14069967958815E-28
 0.14069967958815E-28
 0.14069967958815E-28
 0.14069967958815E-28
 0.14069967958815E-28
 0.14069967958815E-28
 0.14069967958815E-28
 0.14069967958815E-28
 0.14069967958815E-28
 0.14069967958815E-28
 0.14069967958815E-28
 0.14069967958815E-28
 0.14069967958815E-28
 0.14069967958815E-28
 0.13373647839135E-15
 0.16256412319699E-15
 0.15073082922490E-15
 0.14466665431404E-15
 0.15296001554876E-15
 0.16519797163067E-15
 0.16836221703874E-15
 0.18846715766850E-15
 0.16974640893269E-15
 0.12444409048328E-15
 0.92431487600804E-16
 0.58402270170478E-16
 0.74099808176918E-17
 0.14069967958815E-28
 0.14069967958815E-28
 0.14069967958815E-28
 0.14069967958815E-28
 0.14069967958815E-28
 0.14069967958815E-28
 0.14069967958815E-28
 0.14069967958815E-28
 0.14069967958815E-28
 0.14069967958815E-28
 0.14069967958815E-28
 0.14069967958815E-28
 0.14069967958815E-28
 0.14069967958815E-28
 0.14069967958815E-28
 0.14069967958815E-28
 0.14069967958815E-28
 0.14069967958815E-28
 0.14069967958815E-28
 0.14069967958815E-28
 0.14069967958815E-28
 0.14069967958815E-28
 0.14069967958815E-28
 0.14069967958815E-28
 0.14069967958815E-28
 0.14069967958815E-28
 0.14069967958815E-28
 0.14069967958815E-28
 0.14069967958815E-28
 0.14069967958815E-28
 0.14069967958815E-28
 0.14069967958815E-28
 0.14069967958815E-28
 0.14069967958815E-28
 0.14069967958815E-28
 0.14069967958815E-28
 0.14069967958815E-28
 0.14150448727101E-15
 0.10953332256394E-15
 0.11467577075162E-15
 0.12470262296068E-15
 0.98579903537888E-16
 0.10565762303923E-15
 0.14892871700129E-15
 0.14232675327508E-15
 0.14544898422046E-15
 0.11115852927133E-15
 0.26335168799161E-16
 0.19334559368928E-16
 0.14069967958815E-28
 0.14069967958815E-28
 0.14069967958815E-28
 0.14069967958815E-28
 0.14069967958815E-28
 0.14069967958815E-28
 0.14069967958815E-28
 0.14069967958815E-28
 0.14069967958815E-28
 0.14069967958815E-28
 0.14069967958815E-28
 0.14069967958815E-28
 0.14069967958815E-28
 0.14069967958815E-28
 0.14069967958815E-28
 0.14069967958815E-28
 0.14069967958815E-28
 0.14069967958815E-28
 0.14069967958815E-28
 0.14069967958815E-28
 0.14069967958815E-28
 0.14069967958815E-28
 0.14069967958815E-28
 0.14069967958815E-28
 0.14069967958815E-28
 0.14069967958815E-28
 0.14069967958815E-28
 0.14069967958815E-28
 0.14069967958815E-28
 0.14069967958815E-28
 0.14069967958815E-28
 0.14069967958815E-28
 0.14069967958815E-28
 0.14069967958815E-28
 0.14069967958815E-28
 0.14069967958815E-28
 0.14069967958815E-28
 0.14069967958815E-28
 0.12433402259568E-15
 0.11299765697222E-15
 0.11911090282685E-15
 0.11270846025414E-15
 0.13459572939561E-15
 0.70775790006397E-16
 0.10589460850727E-15
 0.75512542290897E-16
 0.61601492837180E-16
 0.44717586408583E-16
 0.14069967958815E-28
 0.14069967958815E-28
 0.14069967958815E-28
 0.14069967958815E-28
 0.14069967958815E-28
 0.14069967958815E-28
 0.14069967958815E-28
 0.14069967958815E-28
 0.14069967958815E-28
 0.14069967958815E-28
 0.14069967958815E-28
 0.14069967958815E-28
 0.14069967958815E-28
 0.14069967958815E-28
 0.14069967958815E-28
 0.14069967958815E-28
 0.14069967958815E-28
 0.14069967958815E-28
 0.14069967958815E-28
 0.14069967958815E-28
 0.14069967958815E-28
 0.14069967958815E-28
 0.14069967958815E-28
 0.14069967958815E-28
 0.14069967958815E-28
 0.14069967958815E-28
 0.14069967958815E-28
 0.14069967958815E-28
 0.14069967958815E-28
 0.14069967958815E-28
 0.14069967958815E-28
 0.14069967958815E-28
 0.14069967958815E-28
 0.14069967958815E-28
 0.14069967958815E-28
 0.14069967958815E-28
 0.14069967958815E-28
 0.14069967958815E-28
 0.14069967958815E-28
 0.14069967958815E-28
 0.10820609442832E-15
 0.91811932759836E-16
 0.10823179701921E-15
 0.88543195342090E-16
 0.98322177088285E-16
 0.76871426731966E-16
 0.11087830545226E-15
 0.44478997772768E-16
 0.27531487488917E-16
 0.14069967958815E-28
 0.14069967958815E-28
 0.14069967958815E-28
 0.14069967958815E-28
 0.14069967958815E-28
 0.14069967958815E-28
 0.14069967958815E-28
 0.14069967958815E-28
 0.14069967958815E-28
 0.14069967958815E-28
 0.14069967958815E-28
 0.14069967958815E-28
 0.14069967958815E-28
 0.14069967958815E-28
 0.14069967958815E-28
 0.14069967958815E-28
 0.14069967958815E-28
 0.14069967958815E-28
 0.14069967958815E-28
 0.14069967958815E-28
 0.14069967958815E-28
 0.14069967958815E-28
 0.14069967958815E-28
 0.14069967958815E-28
 0.14069967958815E-28
 0.14069967958815E-28
 0.14069967958815E-28
 0.14069967958815E-28
 0.14069967958815E-28
 0.14069967958815E-28
 0.14069967958815E-28
 0.14069967958815E-28
 0.14069967958815E-28
 0.14069967958815E-28
 0.14069967958815E-28
 0.14069967958815E-28
 0.14069967958815E-28
 0.14069967958815E-28
 0.14069967958815E-28
 0.14069967958815E-28
 0.14069967958815E-28
 0.83940028430905E-16
 0.82292467375098E-16
 0.73072085153809E-16
 0.80558125614499E-16
 0.84218624147536E-16
 0.64690722541910E-16
 0.64746635550299E-16
 0.56222294283114E-16
 0.39568232770662E-17
 0.14069967958815E-28
 0.14069967958815E-28
 0.14069967958815E-28
 0.14069967958815E-28
 0.14069967958815E-28
 0.14069967958815E-28
 0.14069967958815E-28
 0.14069967958815E-28
 0.14069967958815E-28
 0.14069967958815E-28
 0.14069967958815E-28
 0.14069967958815E-28
 0.14069967958815E-28
 0.14069967958815E-28
 0.14069967958815E-28
 0.14069967958815E-28
 0.14069967958815E-28
 0.14069967958815E-28
 0.14069967958815E-28
 0.14069967958815E-28
 0.14069967958815E-28
 0.14069967958815E-28
 0.14069967958815E-28
 0.14069967958815E-28
 0.14069967958815E-28
 0.14069967958815E-28
 0.14069967958815E-28
 0.14069967958815E-28
 0.14069967958815E-28
 0.14069967958815E-28
 0.14069967958815E-28
 0.14069967958815E-28
 0.14069967958815E-28
 0.14069967958815E-28
 0.14069967958815E-28
 0.14069967958815E-28
 0.14069967958815E-28
 0.14069967958815E-28
 0.14069967958815E-28
 0.14069967958815E-28
 0.14069967958815E-28
 0.61882234792335E-16
 0.62080050170339E-16
 0.82529612851201E-16
 0.62067317587757E-16
 0.48731947593720E-16
 0.68023345648086E-16
 0.11562823111327E-16
 0.14069967958815E-28
 0.14069967958815E-28
 0.14069967958815E-28
 0.14069967958815E-28
 0.14069967958815E-28
 0.14069967958815E-28
 0.14069967958815E-28
 0.14069967958815E-28
 0.14069967958815E-28
 0.14069967958815E-28
 0.14069967958815E-28
 0.14069967958815E-28
 0.14069967958815E-28
 0.14069967958815E-28
 0.14069967958815E-28
 0.14069967958815E-28
 0.14069967958815E-28
 0.14069967958815E-28
 0.14069967958815E-28
 0.14069967958815E-28
 0.14069967958815E-28
 0.14069967958815E-28
 0.14069967958815E-28
 0.14069967958815E-28
 0.14069967958815E-28
 0.14069967958815E-28
 0.14069967958815E-28
 0.14069967958815E-28
 0.14069967958815E-28
 0.14069967958815E-28
 0.14069967958815E-28
 0.14069967958815E-28
 0.14069967958815E-28
 0.14069967958815E-28
 0.14069967958815E-28
 0.14069967958815E-28
 0.14069967958815E-28
 0.14069967958815E-28
 0.14069967958815E-28
 0.14069967958815E-28
 0.14069967958815E-28
 0.14069967958815E-28
 0.14069967958815E-28
  
