           1
          50          50
           1
   29920000000000.000        29920000000000.000     
 0.60000000000000E+05
  
 0.14069967958815E-28
 0.14069967958815E-28
 0.14069967958815E-28
 0.14069967958815E-28
 0.14069967958815E-28
 0.14069967958815E-28
 0.14069967958815E-28
 0.14069967958815E-28
 0.14069967958815E-28
 0.14069967958815E-28
 0.14069967958815E-28
 0.14069967958815E-28
 0.14069967958815E-28
 0.14069967958815E-28
 0.14069967958815E-28
 0.14069967958815E-28
 0.14069967958815E-28
 0.14069967958815E-28
 0.14069967958815E-28
 0.14069967958815E-28
 0.14069967958815E-28
 0.14069967958815E-28
 0.14069967958815E-28
 0.14069967958815E-28
 0.14069967958815E-28
 0.14069967958815E-28
 0.14069967958815E-28
 0.14069967958815E-28
 0.14069967958815E-28
 0.14069967958815E-28
 0.14069967958815E-28
 0.14069967958815E-28
 0.14069967958815E-28
 0.14069967958815E-28
 0.14069967958815E-28
 0.14069967958815E-28
 0.14069967958815E-28
 0.14069967958815E-28
 0.14069967958815E-28
 0.14069967958815E-28
 0.14069967958815E-28
 0.14069967958815E-28
 0.34924560348520E-17
 0.21306534084435E-16
 0.36413298632516E-16
 0.30312170806130E-16
 0.52329794000093E-16
 0.68995364955939E-16
 0.66518343884106E-16
 0.70865795200505E-16
 0.14069967958815E-28
 0.14069967958815E-28
 0.14069967958815E-28
 0.14069967958815E-28
 0.14069967958815E-28
 0.14069967958815E-28
 0.14069967958815E-28
 0.14069967958815E-28
 0.14069967958815E-28
 0.14069967958815E-28
 0.14069967958815E-28
 0.14069967958815E-28
 0.14069967958815E-28
 0.14069967958815E-28
 0.14069967958815E-28
 0.14069967958815E-28
 0.14069967958815E-28
 0.14069967958815E-28
 0.14069967958815E-28
 0.14069967958815E-28
 0.14069967958815E-28
 0.14069967958815E-28
 0.14069967958815E-28
 0.14069967958815E-28
 0.14069967958815E-28
 0.14069967958815E-28
 0.14069967958815E-28
 0.14069967958815E-28
 0.14069967958815E-28
 0.14069967958815E-28
 0.14069967958815E-28
 0.14069967958815E-28
 0.14069967958815E-28
 0.14069967958815E-28
 0.14069967958815E-28
 0.14069967958815E-28
 0.14069967958815E-28
 0.14069967958815E-28
 0.14069967958815E-28
 0.14069967958815E-28
 0.14069967958815E-28
 0.16209053657861E-16
 0.43123183562196E-16
 0.50456197413614E-16
 0.18801987386742E-16
 0.10145009262608E-15
 0.56819432897811E-16
 0.77795500184031E-16
 0.79018228044847E-16
 0.96150456739847E-16
 0.14069967958815E-28
 0.14069967958815E-28
 0.14069967958815E-28
 0.14069967958815E-28
 0.14069967958815E-28
 0.14069967958815E-28
 0.14069967958815E-28
 0.14069967958815E-28
 0.14069967958815E-28
 0.14069967958815E-28
 0.14069967958815E-28
 0.14069967958815E-28
 0.14069967958815E-28
 0.14069967958815E-28
 0.14069967958815E-28
 0.14069967958815E-28
 0.14069967958815E-28
 0.14069967958815E-28
 0.14069967958815E-28
 0.14069967958815E-28
 0.14069967958815E-28
 0.14069967958815E-28
 0.14069967958815E-28
 0.14069967958815E-28
 0.14069967958815E-28
 0.14069967958815E-28
 0.14069967958815E-28
 0.14069967958815E-28
 0.14069967958815E-28
 0.14069967958815E-28
 0.14069967958815E-28
 0.14069967958815E-28
 0.14069967958815E-28
 0.14069967958815E-28
 0.14069967958815E-28
 0.14069967958815E-28
 0.14069967958815E-28
 0.14069967958815E-28
 0.14069967958815E-28
 0.14069967958815E-28
 0.92993427720642E-17
 0.18871965328831E-16
 0.62607080662158E-16
 0.93938183470270E-16
 0.10571325482070E-15
 0.13705941554731E-15
 0.88018622764449E-16
 0.62965844955851E-16
 0.97300868351188E-16
 0.11939959811508E-15
 0.14069967958815E-28
 0.14069967958815E-28
 0.14069967958815E-28
 0.14069967958815E-28
 0.14069967958815E-28
 0.14069967958815E-28
 0.14069967958815E-28
 0.14069967958815E-28
 0.14069967958815E-28
 0.14069967958815E-28
 0.14069967958815E-28
 0.14069967958815E-28
 0.14069967958815E-28
 0.14069967958815E-28
 0.14069967958815E-28
 0.14069967958815E-28
 0.14069967958815E-28
 0.14069967958815E-28
 0.14069967958815E-28
 0.14069967958815E-28
 0.14069967958815E-28
 0.14069967958815E-28
 0.14069967958815E-28
 0.14069967958815E-28
 0.14069967958815E-28
 0.14069967958815E-28
 0.14069967958815E-28
 0.14069967958815E-28
 0.14069967958815E-28
 0.14069967958815E-28
 0.14069967958815E-28
 0.14069967958815E-28
 0.14069967958815E-28
 0.14069967958815E-28
 0.14069967958815E-28
 0.14069967958815E-28
 0.14069967958815E-28
 0.14069967958815E-28
 0.14069967958815E-28
 0.14069967958815E-28
 0.51533044380314E-16
 0.62605618648770E-16
 0.10935923679845E-15
 0.11420128084975E-15
 0.70433999761898E-16
 0.12727223674429E-15
 0.73480347902695E-16
 0.10783226250160E-15
 0.14139195068508E-15
 0.12718297280553E-15
 0.14069967958815E-28
 0.14069967958815E-28
 0.14069967958815E-28
 0.14069967958815E-28
 0.14069967958815E-28
 0.14069967958815E-28
 0.14069967958815E-28
 0.14069967958815E-28
 0.14069967958815E-28
 0.14069967958815E-28
 0.14069967958815E-28
 0.14069967958815E-28
 0.14069967958815E-28
 0.14069967958815E-28
 0.14069967958815E-28
 0.14069967958815E-28
 0.14069967958815E-28
 0.14069967958815E-28
 0.14069967958815E-28
 0.14069967958815E-28
 0.14069967958815E-28
 0.14069967958815E-28
 0.14069967958815E-28
 0.14069967958815E-28
 0.14069967958815E-28
 0.14069967958815E-28
 0.14069967958815E-28
 0.14069967958815E-28
 0.14069967958815E-28
 0.14069967958815E-28
 0.14069967958815E-28
 0.14069967958815E-28
 0.14069967958815E-28
 0.14069967958815E-28
 0.14069967958815E-28
 0.14069967958815E-28
 0.14069967958815E-28
 0.14069967958815E-28
 0.14069967958815E-28
 0.57221498234664E-16
 0.10557632774780E-15
 0.11039639030895E-15
 0.13340828266667E-15
 0.98664679144899E-16
 0.13239045374794E-15
 0.12812688757641E-15
 0.11577653775998E-15
 0.93218445154374E-16
 0.10636606209326E-15
 0.15047395752219E-15
 0.14069967958815E-28
 0.14069967958815E-28
 0.14069967958815E-28
 0.14069967958815E-28
 0.14069967958815E-28
 0.14069967958815E-28
 0.14069967958815E-28
 0.14069967958815E-28
 0.14069967958815E-28
 0.14069967958815E-28
 0.14069967958815E-28
 0.14069967958815E-28
 0.14069967958815E-28
 0.14069967958815E-28
 0.14069967958815E-28
 0.14069967958815E-28
 0.14069967958815E-28
 0.14069967958815E-28
 0.14069967958815E-28
 0.14069967958815E-28
 0.14069967958815E-28
 0.14069967958815E-28
 0.14069967958815E-28
 0.14069967958815E-28
 0.14069967958815E-28
 0.14069967958815E-28
 0.14069967958815E-28
 0.14069967958815E-28
 0.14069967958815E-28
 0.14069967958815E-28
 0.14069967958815E-28
 0.14069967958815E-28
 0.14069967958815E-28
 0.14069967958815E-28
 0.14069967958815E-28
 0.14069967958815E-28
 0.14069967958815E-28
 0.14069967958815E-28
 0.62948319991612E-16
 0.86172519081161E-16
 0.86237421849947E-16
 0.15371718656875E-15
 0.99678799329206E-16
 0.17882114091809E-15
 0.15529600192383E-15
 0.17087099876811E-15
 0.15550864421628E-15
 0.15369037272061E-15
 0.19073601799792E-15
 0.18945462431591E-15
 0.14069967958815E-28
 0.14069967958815E-28
 0.14069967958815E-28
 0.14069967958815E-28
 0.14069967958815E-28
 0.14069967958815E-28
 0.14069967958815E-28
 0.14069967958815E-28
 0.14069967958815E-28
 0.14069967958815E-28
 0.14069967958815E-28
 0.14069967958815E-28
 0.14069967958815E-28
 0.14069967958815E-28
 0.14069967958815E-28
 0.14069967958815E-28
 0.14069967958815E-28
 0.14069967958815E-28
 0.14069967958815E-28
 0.14069967958815E-28
 0.14069967958815E-28
 0.14069967958815E-28
 0.14069967958815E-28
 0.14069967958815E-28
 0.14069967958815E-28
 0.14069967958815E-28
 0.14069967958815E-28
 0.14069967958815E-28
 0.14069967958815E-28
 0.14069967958815E-28
 0.14069967958815E-28
 0.14069967958815E-28
 0.14069967958815E-28
 0.14069967958815E-28
 0.14069967958815E-28
 0.14069967958815E-28
 0.14069967958815E-28
 0.16564886772067E-16
 0.86706955541978E-16
 0.16308162905568E-15
 0.10076840994664E-15
 0.24968035742805E-15
 0.24683340664805E-15
 0.15943819384957E-15
 0.20121273955784E-15
 0.18231531203155E-15
 0.20134458622465E-15
 0.16507970693590E-15
 0.21718875163877E-15
 0.19925028297442E-15
 0.14069967958815E-28
 0.14069967958815E-28
 0.14069967958815E-28
 0.14069967958815E-28
 0.14069967958815E-28
 0.14069967958815E-28
 0.14069967958815E-28
 0.14069967958815E-28
 0.14069967958815E-28
 0.14069967958815E-28
 0.14069967958815E-28
 0.14069967958815E-28
 0.14069967958815E-28
 0.14069967958815E-28
 0.14069967958815E-28
 0.14069967958815E-28
 0.14069967958815E-28
 0.14069967958815E-28
 0.14069967958815E-28
 0.14069967958815E-28
 0.14069967958815E-28
 0.14069967958815E-28
 0.14069967958815E-28
 0.14069967958815E-28
 0.14069967958815E-28
 0.14069967958815E-28
 0.14069967958815E-28
 0.14069967958815E-28
 0.14069967958815E-28
 0.14069967958815E-28
 0.14069967958815E-28
 0.14069967958815E-28
 0.14069967958815E-28
 0.14069967958815E-28
 0.14069967958815E-28
 0.54701597877939E-17
 0.97114169849919E-16
 0.14901662505014E-15
 0.23281477116355E-15
 0.25306764769628E-15
 0.21632738616255E-15
 0.15026748048668E-15
 0.21435183265414E-15
 0.26045466796567E-15
 0.26038025580094E-15
 0.20645834971452E-15
 0.20331418041827E-15
 0.22337258310886E-15
 0.18217711771522E-15
 0.16865504622756E-15
 0.14069967958815E-28
 0.14069967958815E-28
 0.14069967958815E-28
 0.14069967958815E-28
 0.14069967958815E-28
 0.14069967958815E-28
 0.14069967958815E-28
 0.14069967958815E-28
 0.14069967958815E-28
 0.14069967958815E-28
 0.14069967958815E-28
 0.14069967958815E-28
 0.14069967958815E-28
 0.14069967958815E-28
 0.14069967958815E-28
 0.14069967958815E-28
 0.14069967958815E-28
 0.14069967958815E-28
 0.14069967958815E-28
 0.14069967958815E-28
 0.14069967958815E-28
 0.14069967958815E-28
 0.14069967958815E-28
 0.14069967958815E-28
 0.14069967958815E-28
 0.14069967958815E-28
 0.14069967958815E-28
 0.14069967958815E-28
 0.14069967958815E-28
 0.14069967958815E-28
 0.14069967958815E-28
 0.14069967958815E-28
 0.14069967958815E-28
 0.14069967958815E-28
 0.14069967958815E-28
 0.59297129256174E-16
 0.17957782935477E-15
 0.16394496840855E-15
 0.23741816403641E-15
 0.35582950629507E-15
 0.29332138093395E-15
 0.25185854722296E-15
 0.30859300155861E-15
 0.24509703073977E-15
 0.29330343503170E-15
 0.26806714499776E-15
 0.24302997571901E-15
 0.21899016549414E-15
 0.22477321326708E-15
 0.23702561888893E-15
 0.14069967958815E-28
 0.14069967958815E-28
 0.14069967958815E-28
 0.14069967958815E-28
 0.14069967958815E-28
 0.14069967958815E-28
 0.14069967958815E-28
 0.14069967958815E-28
 0.14069967958815E-28
 0.14069967958815E-28
 0.14069967958815E-28
 0.14069967958815E-28
 0.14069967958815E-28
 0.14069967958815E-28
 0.14069967958815E-28
 0.14069967958815E-28
 0.14069967958815E-28
 0.14069967958815E-28
 0.14069967958815E-28
 0.14069967958815E-28
 0.14069967958815E-28
 0.14069967958815E-28
 0.14069967958815E-28
 0.14069967958815E-28
 0.14069967958815E-28
 0.14069967958815E-28
 0.14069967958815E-28
 0.14069967958815E-28
 0.14069967958815E-28
 0.14069967958815E-28
 0.14069967958815E-28
 0.14069967958815E-28
 0.14069967958815E-28
 0.14069967958815E-28
 0.81864634889813E-16
 0.19655496307121E-15
 0.36336831115743E-15
 0.33470526324612E-15
 0.38616604746938E-15
 0.38482965608035E-15
 0.35361205903114E-15
 0.32566434764172E-15
 0.39315568062419E-15
 0.33846660410106E-15
 0.35158169970522E-15
 0.32399206425282E-15
 0.31017973567748E-15
 0.23134396728836E-15
 0.30340370266467E-15
 0.26620936393249E-15
 0.14069967958815E-28
 0.14069967958815E-28
 0.14069967958815E-28
 0.14069967958815E-28
 0.14069967958815E-28
 0.14069967958815E-28
 0.14069967958815E-28
 0.14069967958815E-28
 0.14069967958815E-28
 0.14069967958815E-28
 0.14069967958815E-28
 0.14069967958815E-28
 0.14069967958815E-28
 0.14069967958815E-28
 0.14069967958815E-28
 0.14069967958815E-28
 0.14069967958815E-28
 0.14069967958815E-28
 0.14069967958815E-28
 0.14069967958815E-28
 0.14069967958815E-28
 0.14069967958815E-28
 0.14069967958815E-28
 0.14069967958815E-28
 0.14069967958815E-28
 0.14069967958815E-28
 0.14069967958815E-28
 0.14069967958815E-28
 0.14069967958815E-28
 0.14069967958815E-28
 0.14069967958815E-28
 0.14069967958815E-28
 0.14069967958815E-28
 0.13846809030749E-15
 0.30959739849998E-15
 0.35368556550541E-15
 0.45905335593439E-15
 0.36634352174857E-15
 0.54189457978647E-15
 0.40527862655054E-15
 0.45204083924897E-15
 0.46759342751533E-15
 0.41831653664277E-15
 0.42970264831775E-15
 0.40197257680744E-15
 0.34818316351593E-15
 0.29061123685915E-15
 0.23488193352726E-15
 0.24677969225783E-15
 0.32327003683383E-15
 0.14069967958815E-28
 0.14069967958815E-28
 0.14069967958815E-28
 0.14069967958815E-28
 0.14069967958815E-28
 0.14069967958815E-28
 0.14069967958815E-28
 0.14069967958815E-28
 0.14069967958815E-28
 0.14069967958815E-28
 0.14069967958815E-28
 0.14069967958815E-28
 0.14069967958815E-28
 0.14069967958815E-28
 0.14069967958815E-28
 0.14069967958815E-28
 0.14069967958815E-28
 0.14069967958815E-28
 0.14069967958815E-28
 0.14069967958815E-28
 0.14069967958815E-28
 0.14069967958815E-28
 0.14069967958815E-28
 0.14069967958815E-28
 0.14069967958815E-28
 0.14069967958815E-28
 0.14069967958815E-28
 0.14069967958815E-28
 0.14069967958815E-28
 0.14069967958815E-28
 0.14069967958815E-28
 0.14069967958815E-28
 0.58342545476571E-16
 0.25890550925884E-15
 0.45270495133589E-15
 0.77129767833536E-15
 0.61491333588458E-15
 0.65127637063702E-15
 0.65942976866429E-15
 0.52573654261862E-15
 0.59645770189444E-15
 0.55574626140349E-15
 0.53516883681425E-15
 0.49901504677847E-15
 0.44782436543371E-15
 0.43149261742912E-15
 0.38005173862810E-15
 0.39680643930385E-15
 0.34543011890512E-15
 0.39183148269058E-15
 0.14069967958815E-28
 0.14069967958815E-28
 0.14069967958815E-28
 0.14069967958815E-28
 0.14069967958815E-28
 0.14069967958815E-28
 0.14069967958815E-28
 0.14069967958815E-28
 0.14069967958815E-28
 0.14069967958815E-28
 0.14069967958815E-28
 0.14069967958815E-28
 0.14069967958815E-28
 0.14069967958815E-28
 0.14069967958815E-28
 0.14069967958815E-28
 0.14069967958815E-28
 0.14069967958815E-28
 0.14069967958815E-28
 0.14069967958815E-28
 0.14069967958815E-28
 0.14069967958815E-28
 0.14069967958815E-28
 0.14069967958815E-28
 0.14069967958815E-28
 0.14069967958815E-28
 0.14069967958815E-28
 0.14069967958815E-28
 0.14069967958815E-28
 0.14069967958815E-28
 0.14069967958815E-28
 0.15235420120423E-16
 0.47027587110342E-15
 0.76463502081486E-15
 0.87044336289717E-15
 0.92167805759463E-15
 0.81442099794356E-15
 0.89962545796802E-15
 0.72173891545805E-15
 0.83727691775271E-15
 0.67764141068606E-15
 0.67949168454551E-15
 0.58891795953740E-15
 0.53390460660929E-15
 0.54374743586556E-15
 0.47129246353767E-15
 0.43420847171204E-15
 0.39998620884579E-15
 0.44358421706487E-15
 0.44923710516861E-15
 0.14069967958815E-28
 0.14069967958815E-28
 0.14069967958815E-28
 0.14069967958815E-28
 0.14069967958815E-28
 0.14069967958815E-28
 0.14069967958815E-28
 0.14069967958815E-28
 0.14069967958815E-28
 0.14069967958815E-28
 0.14069967958815E-28
 0.14069967958815E-28
 0.14069967958815E-28
 0.14069967958815E-28
 0.14069967958815E-28
 0.14069967958815E-28
 0.14069967958815E-28
 0.14069967958815E-28
 0.14069967958815E-28
 0.14069967958815E-28
 0.14069967958815E-28
 0.14069967958815E-28
 0.14069967958815E-28
 0.14069967958815E-28
 0.14069967958815E-28
 0.14069967958815E-28
 0.14069967958815E-28
 0.14069967958815E-28
 0.14069967958815E-28
 0.14069967958815E-28
 0.22630300841884E-16
 0.46281357877625E-15
 0.11387167417893E-14
 0.13240589417385E-14
 0.12583807028363E-14
 0.96743948740587E-15
 0.10748595421150E-14
 0.11833838315964E-14
 0.10719025940306E-14
 0.85978246521292E-15
 0.76189877348084E-15
 0.75618063727303E-15
 0.72945693968452E-15
 0.63910031537681E-15
 0.52413125742899E-15
 0.53934994283093E-15
 0.53267991508293E-15
 0.63405924549051E-15
 0.54103011991049E-15
 0.46563521618392E-15
 0.14069967958815E-28
 0.14069967958815E-28
 0.14069967958815E-28
 0.14069967958815E-28
 0.14069967958815E-28
 0.14069967958815E-28
 0.14069967958815E-28
 0.14069967958815E-28
 0.14069967958815E-28
 0.14069967958815E-28
 0.14069967958815E-28
 0.14069967958815E-28
 0.14069967958815E-28
 0.14069967958815E-28
 0.14069967958815E-28
 0.14069967958815E-28
 0.14069967958815E-28
 0.14069967958815E-28
 0.14069967958815E-28
 0.14069967958815E-28
 0.14069967958815E-28
 0.14069967958815E-28
 0.14069967958815E-28
 0.14069967958815E-28
 0.14069967958815E-28
 0.14069967958815E-28
 0.14069967958815E-28
 0.14069967958815E-28
 0.14069967958815E-28
 0.14069967958815E-28
 0.98120348354048E-15
 0.17151787989648E-14
 0.18624388157167E-14
 0.16233865903189E-14
 0.12863745803745E-14
 0.13407989750862E-14
 0.12660148660688E-14
 0.12569510093167E-14
 0.14238172602767E-14
 0.98839435848852E-15
 0.92174328519843E-15
 0.97249024579144E-15
 0.10219448354032E-14
 0.86032554980406E-15
 0.67525900286760E-15
 0.84931405649462E-15
 0.71769576343289E-15
 0.55176249706976E-15
 0.40389656138286E-15
 0.43976045482266E-15
 0.14069967958815E-28
 0.14069967958815E-28
 0.14069967958815E-28
 0.14069967958815E-28
 0.14069967958815E-28
 0.14069967958815E-28
 0.14069967958815E-28
 0.14069967958815E-28
 0.14069967958815E-28
 0.14069967958815E-28
 0.14069967958815E-28
 0.14069967958815E-28
 0.14069967958815E-28
 0.14069967958815E-28
 0.14069967958815E-28
 0.14069967958815E-28
 0.14069967958815E-28
 0.14069967958815E-28
 0.14069967958815E-28
 0.14069967958815E-28
 0.14069967958815E-28
 0.14069967958815E-28
 0.14069967958815E-28
 0.14069967958815E-28
 0.14069967958815E-28
 0.14069967958815E-28
 0.14069967958815E-28
 0.14069967958815E-28
 0.14069967958815E-28
 0.75083959046137E-15
 0.18540449986826E-14
 0.23361169427314E-14
 0.20278711628076E-14
 0.21541370113324E-14
 0.24156546307029E-14
 0.15899516056966E-14
 0.13560971829992E-14
 0.13290573570136E-14
 0.15176000485707E-14
 0.12493640962205E-14
 0.11996578326144E-14
 0.11869444609890E-14
 0.11138160243812E-14
 0.10162094942144E-14
 0.10352094704386E-14
 0.81132244130676E-15
 0.59790021104186E-15
 0.46630165130653E-15
 0.34598227339681E-15
 0.30854289551242E-15
 0.14069967958815E-28
 0.14069967958815E-28
 0.14069967958815E-28
 0.14069967958815E-28
 0.14069967958815E-28
 0.14069967958815E-28
 0.14069967958815E-28
 0.14069967958815E-28
 0.14069967958815E-28
 0.14069967958815E-28
 0.14069967958815E-28
 0.14069967958815E-28
 0.14069967958815E-28
 0.14069967958815E-28
 0.14069967958815E-28
 0.14069967958815E-28
 0.14069967958815E-28
 0.14069967958815E-28
 0.14069967958815E-28
 0.14069967958815E-28
 0.14069967958815E-28
 0.14069967958815E-28
 0.14069967958815E-28
 0.14069967958815E-28
 0.14069967958815E-28
 0.14069967958815E-28
 0.14069967958815E-28
 0.14069967958815E-28
 0.17079321689934E-15
 0.18470612602937E-14
 0.46914880766513E-14
 0.46557910348598E-14
 0.36702165564373E-14
 0.28394300730798E-14
 0.30430546188482E-14
 0.25118320171056E-14
 0.22340893736982E-14
 0.19508695626532E-14
 0.14439434169000E-14
 0.15140037696940E-14
 0.16416810733426E-14
 0.16362714682218E-14
 0.13918498043752E-14
 0.97346863056028E-15
 0.71825624998081E-15
 0.58350122468309E-15
 0.55165542062965E-15
 0.46412576857317E-15
 0.35736230531569E-15
 0.31124288966312E-15
 0.14069967958815E-28
 0.14069967958815E-28
 0.14069967958815E-28
 0.14069967958815E-28
 0.14069967958815E-28
 0.14069967958815E-28
 0.14069967958815E-28
 0.14069967958815E-28
 0.14069967958815E-28
 0.14069967958815E-28
 0.14069967958815E-28
 0.14069967958815E-28
 0.14069967958815E-28
 0.14069967958815E-28
 0.14069967958815E-28
 0.14069967958815E-28
 0.14069967958815E-28
 0.14069967958815E-28
 0.14069967958815E-28
 0.14069967958815E-28
 0.14069967958815E-28
 0.14069967958815E-28
 0.14069967958815E-28
 0.14069967958815E-28
 0.14069967958815E-28
 0.14069967958815E-28
 0.14069967958815E-28
 0.14069967958815E-28
 0.28215377597020E-14
 0.46694871381013E-14
 0.61867711239511E-14
 0.56641769968641E-14
 0.39591208884290E-14
 0.46656538463509E-14
 0.41957197972906E-14
 0.30285606181115E-14
 0.28565584284950E-14
 0.28222119573069E-14
 0.23892230240945E-14
 0.22434979185932E-14
 0.20289070160673E-14
 0.14868924168286E-14
 0.10740648545329E-14
 0.82317867626667E-15
 0.80121176850252E-15
 0.63467911402846E-15
 0.45353819707791E-15
 0.40227891957302E-15
 0.35657105854200E-15
 0.35451560312286E-15
 0.14069967958815E-28
 0.14069967958815E-28
 0.14069967958815E-28
 0.14069967958815E-28
 0.14069967958815E-28
 0.14069967958815E-28
 0.14069967958815E-28
 0.14069967958815E-28
 0.14069967958815E-28
 0.14069967958815E-28
 0.14069967958815E-28
 0.14069967958815E-28
 0.14069967958815E-28
 0.14069967958815E-28
 0.14069967958815E-28
 0.14069967958815E-28
 0.14069967958815E-28
 0.14069967958815E-28
 0.14069967958815E-28
 0.14069967958815E-28
 0.14069967958815E-28
 0.14069967958815E-28
 0.14069967958815E-28
 0.14069967958815E-28
 0.14069967958815E-28
 0.14069967958815E-28
 0.14069967958815E-28
 0.40327296085434E-14
 0.11320302184503E-13
 0.11647475845467E-13
 0.10537715136066E-13
 0.75801119889070E-14
 0.67322120991465E-14
 0.60779738861299E-14
 0.50093257022370E-14
 0.44131480495769E-14
 0.34847204356588E-14
 0.38249397605630E-14
 0.32433677073397E-14
 0.22744560882755E-14
 0.17273452972963E-14
 0.13319405892073E-14
 0.10465270428965E-14
 0.92030786074415E-15
 0.60822230113936E-15
 0.54585581880571E-15
 0.46045254170259E-15
 0.36511041011219E-15
 0.30402810416585E-15
 0.27467121667447E-15
 0.14069967958815E-28
 0.14069967958815E-28
 0.14069967958815E-28
 0.14069967958815E-28
 0.14069967958815E-28
 0.14069967958815E-28
 0.14069967958815E-28
 0.14069967958815E-28
 0.14069967958815E-28
 0.14069967958815E-28
 0.14069967958815E-28
 0.14069967958815E-28
 0.14069967958815E-28
 0.14069967958815E-28
 0.14069967958815E-28
 0.14069967958815E-28
 0.14069967958815E-28
 0.14069967958815E-28
 0.14069967958815E-28
 0.14069967958815E-28
 0.14069967958815E-28
 0.14069967958815E-28
 0.14069967958815E-28
 0.14069967958815E-28
 0.14069967958815E-28
 0.14069967958815E-28
 0.80728292769745E-15
 0.14613056231153E-13
 0.21047362663534E-13
 0.15784033636275E-13
 0.12666318483546E-13
 0.10829728109520E-13
 0.92834598887826E-14
 0.68652947817297E-14
 0.66654254249779E-14
 0.60989241992411E-14
 0.46957735830573E-14
 0.33392342874499E-14
 0.24701061078937E-14
 0.19187039962368E-14
 0.17704878799721E-14
 0.11849205607913E-14
 0.11580601055409E-14
 0.75757866684209E-15
 0.63474785159874E-15
 0.56660620553397E-15
 0.44929895298444E-15
 0.32818565826488E-15
 0.30380313094040E-15
 0.24150797789186E-15
 0.14069967958815E-28
 0.14069967958815E-28
 0.14069967958815E-28
 0.14069967958815E-28
 0.14069967958815E-28
 0.14069967958815E-28
 0.14069967958815E-28
 0.14069967958815E-28
 0.14069967958815E-28
 0.14069967958815E-28
 0.14069967958815E-28
 0.14069967958815E-28
 0.14069967958815E-28
 0.14069967958815E-28
 0.14069967958815E-28
 0.14069967958815E-28
 0.14069967958815E-28
 0.14069967958815E-28
 0.14069967958815E-28
 0.14069967958815E-28
 0.14069967958815E-28
 0.14069967958815E-28
 0.14069967958815E-28
 0.14069967958815E-28
 0.14069967958815E-28
 0.14069967958815E-28
 0.22092343394432E-13
 0.32308270937006E-13
 0.30624239128109E-13
 0.24610532906422E-13
 0.19482767559052E-13
 0.15466295045147E-13
 0.13692059698380E-13
 0.11298704527795E-13
 0.86432229805739E-14
 0.55557112102692E-14
 0.34103919296491E-14
 0.29814891470787E-14
 0.23613577620770E-14
 0.15938682272718E-14
 0.14921945629206E-14
 0.10481175142812E-14
 0.99873994504022E-15
 0.84661205723211E-15
 0.65091335741940E-15
 0.52061169229058E-15
 0.41088005680019E-15
 0.40295307017042E-15
 0.29391566981848E-15
 0.26484126744031E-15
 0.14069967958815E-28
 0.14069967958815E-28
 0.14069967958815E-28
 0.14069967958815E-28
 0.14069967958815E-28
 0.14069967958815E-28
 0.14069967958815E-28
 0.14069967958815E-28
 0.14069967958815E-28
 0.14069967958815E-28
 0.14069967958815E-28
 0.14069967958815E-28
 0.14069967958815E-28
 0.14069967958815E-28
 0.14069967958815E-28
 0.14069967958815E-28
 0.14069967958815E-28
 0.14069967958815E-28
 0.14069967958815E-28
 0.14069967958815E-28
 0.14069967958815E-28
 0.14069967958815E-28
 0.14069967958815E-28
 0.14069967958815E-28
 0.14069967958815E-28
 0.24212161940003E-14
 0.48036635252415E-13
 0.54478558838305E-13
 0.43335010993499E-13
 0.36379596150635E-13
 0.27559646679153E-13
 0.21558015822226E-13
 0.17521266452070E-13
 0.11077853064026E-13
 0.73636056913002E-14
 0.61974644586106E-14
 0.38224745796247E-14
 0.31645881723728E-14
 0.18607984793450E-14
 0.16694381044525E-14
 0.12066552247976E-14
 0.12444942018496E-14
 0.91650847241614E-15
 0.76452936496832E-15
 0.63904110013562E-15
 0.42462504294766E-15
 0.51090337124537E-15
 0.43068346258012E-15
 0.21600567928056E-15
 0.21654397815432E-15
 0.14069967958815E-28
 0.14069967958815E-28
 0.14069967958815E-28
 0.14069967958815E-28
 0.14069967958815E-28
 0.14069967958815E-28
 0.14069967958815E-28
 0.14069967958815E-28
 0.14069967958815E-28
 0.14069967958815E-28
 0.14069967958815E-28
 0.14069967958815E-28
 0.23647742941420E-16
 0.55354203589688E-16
 0.14069967958815E-28
 0.18671434621788E-15
 0.72890548749563E-16
 0.14069967958815E-28
 0.14069967958815E-28
 0.14069967958815E-28
 0.14069967958815E-28
 0.14069967958815E-28
 0.14069967958815E-28
 0.14069967958815E-28
 0.14069967958815E-28
 0.14069967958815E-28
 0.36221291543839E-13
 0.70217102663711E-13
 0.57087494318885E-13
 0.48115306713651E-13
 0.33881463181754E-13
 0.22353663664351E-13
 0.14338997906605E-13
 0.86674770996005E-14
 0.65093491447020E-14
 0.60026991835760E-14
 0.36370954063644E-14
 0.29063441394668E-14
 0.22816953726186E-14
 0.19538692985148E-14
 0.12620656451455E-14
 0.11734053292394E-14
 0.79766839699102E-15
 0.62933704197199E-15
 0.49335304062420E-15
 0.36126754626087E-15
 0.32266237885257E-15
 0.24882748229945E-15
 0.22857896625947E-15
 0.25004810307553E-15
 0.63959779476958E-17
 0.66850601836128E-17
 0.15314441274413E-16
 0.23341385015886E-16
 0.51006510578242E-16
 0.12538564858656E-15
 0.11727764827249E-15
 0.27262287373585E-15
 0.18895448829226E-15
 0.27091090150958E-15
 0.63849547099624E-15
 0.61534408388535E-15
 0.76941176734391E-15
 0.12549848175956E-14
 0.21407675539766E-14
 0.35489236328786E-14
 0.39071493687039E-14
 0.55801728707396E-14
 0.71856332686205E-14
 0.16664713524561E-13
 0.23945134117123E-13
 0.12535633985826E-13
 0.14069967958815E-28
 0.14069967958815E-28
 0.14069967958815E-28
 0.14069967958815E-28
 0.78921410276919E-14
 0.71276617401867E-13
 0.69946359453176E-13
 0.50709555669945E-13
 0.34886656275839E-13
 0.22576272255033E-13
 0.16385923446043E-13
 0.10891967778952E-13
 0.68828340060631E-14
 0.53964524344847E-14
 0.37440478650677E-14
 0.26885426322513E-14
 0.15468960323407E-14
 0.15510902976249E-14
 0.13178285635305E-14
 0.92756802526743E-15
 0.83075199833171E-15
 0.64925978887055E-15
 0.40652493104788E-15
 0.40626166362581E-15
 0.33116220501285E-15
 0.19350394396045E-15
 0.25310272384140E-15
 0.12946313500477E-15
 0.71090430088509E-16
 0.14034844022817E-15
 0.89955784052462E-16
 0.15454713974633E-15
 0.21083230690908E-15
 0.28166575190391E-15
 0.43054603131516E-15
 0.50136757814951E-15
 0.44454239054925E-15
 0.75420585629223E-15
 0.11534601737217E-14
 0.16572108150130E-14
 0.21471108324270E-14
 0.22435113231444E-14
 0.30552158328135E-14
 0.45688756079673E-14
 0.88960690195357E-14
 0.14083288873822E-13
 0.20295334878502E-13
 0.30896720547637E-13
 0.47783913610179E-13
 0.54930337054273E-13
 0.44841432349624E-14
 0.14069967958815E-28
 0.14069967958815E-28
 0.14069967958815E-28
 0.14069967958815E-28
 0.41455201290312E-13
 0.68570074971303E-13
 0.57348232745674E-13
 0.35257370281434E-13
 0.23181450861554E-13
 0.14810840765878E-13
 0.98625226783454E-14
 0.60176436068371E-14
 0.44956212881701E-14
 0.31732345507248E-14
 0.27415277660783E-14
 0.19924242028008E-14
 0.15476387456513E-14
 0.10512438835080E-14
 0.90959762314622E-15
 0.80620702114149E-15
 0.46880679709954E-15
 0.28965951997287E-15
 0.41938852882063E-15
 0.33871692222245E-15
 0.14014536255084E-15
 0.22406491597955E-15
 0.11288998972020E-15
 0.11288998972020E-15
 0.22406491597956E-15
 0.14014536255084E-15
 0.33871692222245E-15
 0.41938852882063E-15
 0.28965951997287E-15
 0.46880679709953E-15
 0.80620702114149E-15
 0.90959762314620E-15
 0.10512438835080E-14
 0.15476387456513E-14
 0.19924242028008E-14
 0.27415277660783E-14
 0.31732345507248E-14
 0.44956212881701E-14
 0.60176436068371E-14
 0.98625226783454E-14
 0.14810840765878E-13
 0.23181450861554E-13
 0.35257370281434E-13
 0.57348232745674E-13
 0.68570074971302E-13
 0.41455201290312E-13
 0.14069967958815E-28
 0.14069967958815E-28
 0.14069967958815E-28
 0.14069967958815E-28
 0.44841432349624E-14
 0.54930337054273E-13
 0.47783913610179E-13
 0.30896720547637E-13
 0.20295334878502E-13
 0.14083288873822E-13
 0.88960690195358E-14
 0.45688756079673E-14
 0.30552158328135E-14
 0.22435113231444E-14
 0.21471108324270E-14
 0.16572108150130E-14
 0.11534601737217E-14
 0.75420585629222E-15
 0.44454239054925E-15
 0.50136757814951E-15
 0.43054603131516E-15
 0.28166575190391E-15
 0.21083230690908E-15
 0.15454713974633E-15
 0.89955784052462E-16
 0.14034844022817E-15
 0.71090430088509E-16
 0.12946313500477E-15
 0.25310272384140E-15
 0.19350394396045E-15
 0.33116220501286E-15
 0.40626166362581E-15
 0.40652493104788E-15
 0.64925978887055E-15
 0.83075199833171E-15
 0.92756802526743E-15
 0.13178285635305E-14
 0.15510902976249E-14
 0.15468960323407E-14
 0.26885426322513E-14
 0.37440478650677E-14
 0.53964524344846E-14
 0.68828340060631E-14
 0.10891967778952E-13
 0.16385923446043E-13
 0.22576272255033E-13
 0.34886656275839E-13
 0.50709555669945E-13
 0.69946359453176E-13
 0.71276617401867E-13
 0.78921410276919E-14
 0.14069967958815E-28
 0.14069967958815E-28
 0.14069967958815E-28
 0.14069967958815E-28
 0.12535633985826E-13
 0.23945134117123E-13
 0.16664713524561E-13
 0.71856332686205E-14
 0.55801728707396E-14
 0.39071493687039E-14
 0.35489236328786E-14
 0.21407675539766E-14
 0.12549848175956E-14
 0.76941176734391E-15
 0.61534408388535E-15
 0.63849547099625E-15
 0.27091090150959E-15
 0.18895448829226E-15
 0.27262287373585E-15
 0.11727764827249E-15
 0.12538564858656E-15
 0.51006510578243E-16
 0.23341385015886E-16
 0.15314441274413E-16
 0.66850601836130E-17
 0.63959779476958E-17
 0.25004810307553E-15
 0.22857896625947E-15
 0.24882748229945E-15
 0.32266237885257E-15
 0.36126754626087E-15
 0.49335304062420E-15
 0.62933704197198E-15
 0.79766839699101E-15
 0.11734053292394E-14
 0.12620656451455E-14
 0.19538692985147E-14
 0.22816953726186E-14
 0.29063441394668E-14
 0.36370954063644E-14
 0.60026991835760E-14
 0.65093491447020E-14
 0.86674770996005E-14
 0.14338997906605E-13
 0.22353663664351E-13
 0.33881463181754E-13
 0.48115306713651E-13
 0.57087494318885E-13
 0.70217102663711E-13
 0.36221291543839E-13
 0.14069967958815E-28
 0.14069967958815E-28
 0.14069967958815E-28
 0.14069967958815E-28
 0.14069967958815E-28
 0.14069967958815E-28
 0.14069967958815E-28
 0.14069967958815E-28
 0.14069967958815E-28
 0.72890548749563E-16
 0.18671434621788E-15
 0.14069967958815E-28
 0.55354203589688E-16
 0.23647742941420E-16
 0.14069967958815E-28
 0.14069967958815E-28
 0.14069967958815E-28
 0.14069967958815E-28
 0.14069967958815E-28
 0.14069967958815E-28
 0.14069967958815E-28
 0.14069967958815E-28
 0.14069967958815E-28
 0.14069967958815E-28
 0.14069967958815E-28
 0.14069967958815E-28
 0.21654397815432E-15
 0.21600567928056E-15
 0.43068346258013E-15
 0.51090337124537E-15
 0.42462504294766E-15
 0.63904110013562E-15
 0.76452936496831E-15
 0.91650847241614E-15
 0.12444942018496E-14
 0.12066552247975E-14
 0.16694381044525E-14
 0.18607984793450E-14
 0.31645881723728E-14
 0.38224745796247E-14
 0.61974644586106E-14
 0.73636056913002E-14
 0.11077853064026E-13
 0.17521266452070E-13
 0.21558015822226E-13
 0.27559646679153E-13
 0.36379596150635E-13
 0.43335010993499E-13
 0.54478558838305E-13
 0.48036635252415E-13
 0.24212161940003E-14
 0.14069967958815E-28
 0.14069967958815E-28
 0.14069967958815E-28
 0.14069967958815E-28
 0.14069967958815E-28
 0.14069967958815E-28
 0.14069967958815E-28
 0.14069967958815E-28
 0.14069967958815E-28
 0.14069967958815E-28
 0.14069967958815E-28
 0.14069967958815E-28
 0.14069967958815E-28
 0.14069967958815E-28
 0.14069967958815E-28
 0.14069967958815E-28
 0.14069967958815E-28
 0.14069967958815E-28
 0.14069967958815E-28
 0.14069967958815E-28
 0.14069967958815E-28
 0.14069967958815E-28
 0.14069967958815E-28
 0.14069967958815E-28
 0.14069967958815E-28
 0.26484126744031E-15
 0.29391566981848E-15
 0.40295307017042E-15
 0.41088005680019E-15
 0.52061169229058E-15
 0.65091335741939E-15
 0.84661205723211E-15
 0.99873994504023E-15
 0.10481175142812E-14
 0.14921945629206E-14
 0.15938682272718E-14
 0.23613577620769E-14
 0.29814891470788E-14
 0.34103919296491E-14
 0.55557112102692E-14
 0.86432229805739E-14
 0.11298704527795E-13
 0.13692059698380E-13
 0.15466295045147E-13
 0.19482767559052E-13
 0.24610532906422E-13
 0.30624239128109E-13
 0.32308270937006E-13
 0.22092343394432E-13
 0.14069967958815E-28
 0.14069967958815E-28
 0.14069967958815E-28
 0.14069967958815E-28
 0.14069967958815E-28
 0.14069967958815E-28
 0.14069967958815E-28
 0.14069967958815E-28
 0.14069967958815E-28
 0.14069967958815E-28
 0.14069967958815E-28
 0.14069967958815E-28
 0.14069967958815E-28
 0.14069967958815E-28
 0.14069967958815E-28
 0.14069967958815E-28
 0.14069967958815E-28
 0.14069967958815E-28
 0.14069967958815E-28
 0.14069967958815E-28
 0.14069967958815E-28
 0.14069967958815E-28
 0.14069967958815E-28
 0.14069967958815E-28
 0.14069967958815E-28
 0.14069967958815E-28
 0.24150797789186E-15
 0.30380313094040E-15
 0.32818565826488E-15
 0.44929895298443E-15
 0.56660620553397E-15
 0.63474785159874E-15
 0.75757866684209E-15
 0.11580601055409E-14
 0.11849205607913E-14
 0.17704878799721E-14
 0.19187039962368E-14
 0.24701061078937E-14
 0.33392342874499E-14
 0.46957735830573E-14
 0.60989241992411E-14
 0.66654254249780E-14
 0.68652947817297E-14
 0.92834598887827E-14
 0.10829728109520E-13
 0.12666318483546E-13
 0.15784033636275E-13
 0.21047362663534E-13
 0.14613056231153E-13
 0.80728292769745E-15
 0.14069967958815E-28
 0.14069967958815E-28
 0.14069967958815E-28
 0.14069967958815E-28
 0.14069967958815E-28
 0.14069967958815E-28
 0.14069967958815E-28
 0.14069967958815E-28
 0.14069967958815E-28
 0.14069967958815E-28
 0.14069967958815E-28
 0.14069967958815E-28
 0.14069967958815E-28
 0.14069967958815E-28
 0.14069967958815E-28
 0.14069967958815E-28
 0.14069967958815E-28
 0.14069967958815E-28
 0.14069967958815E-28
 0.14069967958815E-28
 0.14069967958815E-28
 0.14069967958815E-28
 0.14069967958815E-28
 0.14069967958815E-28
 0.14069967958815E-28
 0.14069967958815E-28
 0.27467121667447E-15
 0.30402810416585E-15
 0.36511041011219E-15
 0.46045254170260E-15
 0.54585581880570E-15
 0.60822230113937E-15
 0.92030786074416E-15
 0.10465270428965E-14
 0.13319405892073E-14
 0.17273452972963E-14
 0.22744560882755E-14
 0.32433677073397E-14
 0.38249397605630E-14
 0.34847204356588E-14
 0.44131480495769E-14
 0.50093257022370E-14
 0.60779738861299E-14
 0.67322120991465E-14
 0.75801119889070E-14
 0.10537715136066E-13
 0.11647475845467E-13
 0.11320302184503E-13
 0.40327296085434E-14
 0.14069967958815E-28
 0.14069967958815E-28
 0.14069967958815E-28
 0.14069967958815E-28
 0.14069967958815E-28
 0.14069967958815E-28
 0.14069967958815E-28
 0.14069967958815E-28
 0.14069967958815E-28
 0.14069967958815E-28
 0.14069967958815E-28
 0.14069967958815E-28
 0.14069967958815E-28
 0.14069967958815E-28
 0.14069967958815E-28
 0.14069967958815E-28
 0.14069967958815E-28
 0.14069967958815E-28
 0.14069967958815E-28
 0.14069967958815E-28
 0.14069967958815E-28
 0.14069967958815E-28
 0.14069967958815E-28
 0.14069967958815E-28
 0.14069967958815E-28
 0.14069967958815E-28
 0.14069967958815E-28
 0.35451560312286E-15
 0.35657105854200E-15
 0.40227891957302E-15
 0.45353819707790E-15
 0.63467911402845E-15
 0.80121176850253E-15
 0.82317867626667E-15
 0.10740648545329E-14
 0.14868924168286E-14
 0.20289070160673E-14
 0.22434979185932E-14
 0.23892230240945E-14
 0.28222119573069E-14
 0.28565584284950E-14
 0.30285606181115E-14
 0.41957197972906E-14
 0.46656538463508E-14
 0.39591208884289E-14
 0.56641769968641E-14
 0.61867711239511E-14
 0.46694871381013E-14
 0.28215377597020E-14
 0.14069967958815E-28
 0.14069967958815E-28
 0.14069967958815E-28
 0.14069967958815E-28
 0.14069967958815E-28
 0.14069967958815E-28
 0.14069967958815E-28
 0.14069967958815E-28
 0.14069967958815E-28
 0.14069967958815E-28
 0.14069967958815E-28
 0.14069967958815E-28
 0.14069967958815E-28
 0.14069967958815E-28
 0.14069967958815E-28
 0.14069967958815E-28
 0.14069967958815E-28
 0.14069967958815E-28
 0.14069967958815E-28
 0.14069967958815E-28
 0.14069967958815E-28
 0.14069967958815E-28
 0.14069967958815E-28
 0.14069967958815E-28
 0.14069967958815E-28
 0.14069967958815E-28
 0.14069967958815E-28
 0.14069967958815E-28
 0.31124288966312E-15
 0.35736230531570E-15
 0.46412576857317E-15
 0.55165542062966E-15
 0.58350122468308E-15
 0.71825624998081E-15
 0.97346863056027E-15
 0.13918498043752E-14
 0.16362714682218E-14
 0.16416810733426E-14
 0.15140037696940E-14
 0.14439434169000E-14
 0.19508695626532E-14
 0.22340893736982E-14
 0.25118320171056E-14
 0.30430546188482E-14
 0.28394300730798E-14
 0.36702165564373E-14
 0.46557910348598E-14
 0.46914880766513E-14
 0.18470612602937E-14
 0.17079321689934E-15
 0.14069967958815E-28
 0.14069967958815E-28
 0.14069967958815E-28
 0.14069967958815E-28
 0.14069967958815E-28
 0.14069967958815E-28
 0.14069967958815E-28
 0.14069967958815E-28
 0.14069967958815E-28
 0.14069967958815E-28
 0.14069967958815E-28
 0.14069967958815E-28
 0.14069967958815E-28
 0.14069967958815E-28
 0.14069967958815E-28
 0.14069967958815E-28
 0.14069967958815E-28
 0.14069967958815E-28
 0.14069967958815E-28
 0.14069967958815E-28
 0.14069967958815E-28
 0.14069967958815E-28
 0.14069967958815E-28
 0.14069967958815E-28
 0.14069967958815E-28
 0.14069967958815E-28
 0.14069967958815E-28
 0.14069967958815E-28
 0.30854289551242E-15
 0.34598227339681E-15
 0.46630165130653E-15
 0.59790021104186E-15
 0.81132244130675E-15
 0.10352094704386E-14
 0.10162094942144E-14
 0.11138160243812E-14
 0.11869444609890E-14
 0.11996578326143E-14
 0.12493640962205E-14
 0.15176000485707E-14
 0.13290573570136E-14
 0.13560971829992E-14
 0.15899516056966E-14
 0.24156546307029E-14
 0.21541370113324E-14
 0.20278711628076E-14
 0.23361169427314E-14
 0.18540449986826E-14
 0.75083959046137E-15
 0.14069967958815E-28
 0.14069967958815E-28
 0.14069967958815E-28
 0.14069967958815E-28
 0.14069967958815E-28
 0.14069967958815E-28
 0.14069967958815E-28
 0.14069967958815E-28
 0.14069967958815E-28
 0.14069967958815E-28
 0.14069967958815E-28
 0.14069967958815E-28
 0.14069967958815E-28
 0.14069967958815E-28
 0.14069967958815E-28
 0.14069967958815E-28
 0.14069967958815E-28
 0.14069967958815E-28
 0.14069967958815E-28
 0.14069967958815E-28
 0.14069967958815E-28
 0.14069967958815E-28
 0.14069967958815E-28
 0.14069967958815E-28
 0.14069967958815E-28
 0.14069967958815E-28
 0.14069967958815E-28
 0.14069967958815E-28
 0.14069967958815E-28
 0.43976045482266E-15
 0.40389656138286E-15
 0.55176249706976E-15
 0.71769576343288E-15
 0.84931405649461E-15
 0.67525900286760E-15
 0.86032554980406E-15
 0.10219448354032E-14
 0.97249024579144E-15
 0.92174328519842E-15
 0.98839435848850E-15
 0.14238172602767E-14
 0.12569510093167E-14
 0.12660148660688E-14
 0.13407989750862E-14
 0.12863745803745E-14
 0.16233865903189E-14
 0.18624388157166E-14
 0.17151787989648E-14
 0.98120348354049E-15
 0.14069967958815E-28
 0.14069967958815E-28
 0.14069967958815E-28
 0.14069967958815E-28
 0.14069967958815E-28
 0.14069967958815E-28
 0.14069967958815E-28
 0.14069967958815E-28
 0.14069967958815E-28
 0.14069967958815E-28
 0.14069967958815E-28
 0.14069967958815E-28
 0.14069967958815E-28
 0.14069967958815E-28
 0.14069967958815E-28
 0.14069967958815E-28
 0.14069967958815E-28
 0.14069967958815E-28
 0.14069967958815E-28
 0.14069967958815E-28
 0.14069967958815E-28
 0.14069967958815E-28
 0.14069967958815E-28
 0.14069967958815E-28
 0.14069967958815E-28
 0.14069967958815E-28
 0.14069967958815E-28
 0.14069967958815E-28
 0.14069967958815E-28
 0.14069967958815E-28
 0.46563521618393E-15
 0.54103011991049E-15
 0.63405924549051E-15
 0.53267991508293E-15
 0.53934994283093E-15
 0.52413125742899E-15
 0.63910031537680E-15
 0.72945693968451E-15
 0.75618063727302E-15
 0.76189877348084E-15
 0.85978246521291E-15
 0.10719025940306E-14
 0.11833838315964E-14
 0.10748595421150E-14
 0.96743948740586E-15
 0.12583807028363E-14
 0.13240589417385E-14
 0.11387167417893E-14
 0.46281357877625E-15
 0.22630300841884E-16
 0.14069967958815E-28
 0.14069967958815E-28
 0.14069967958815E-28
 0.14069967958815E-28
 0.14069967958815E-28
 0.14069967958815E-28
 0.14069967958815E-28
 0.14069967958815E-28
 0.14069967958815E-28
 0.14069967958815E-28
 0.14069967958815E-28
 0.14069967958815E-28
 0.14069967958815E-28
 0.14069967958815E-28
 0.14069967958815E-28
 0.14069967958815E-28
 0.14069967958815E-28
 0.14069967958815E-28
 0.14069967958815E-28
 0.14069967958815E-28
 0.14069967958815E-28
 0.14069967958815E-28
 0.14069967958815E-28
 0.14069967958815E-28
 0.14069967958815E-28
 0.14069967958815E-28
 0.14069967958815E-28
 0.14069967958815E-28
 0.14069967958815E-28
 0.14069967958815E-28
 0.44923710516861E-15
 0.44358421706487E-15
 0.39998620884578E-15
 0.43420847171204E-15
 0.47129246353767E-15
 0.54374743586557E-15
 0.53390460660929E-15
 0.58891795953740E-15
 0.67949168454549E-15
 0.67764141068606E-15
 0.83727691775271E-15
 0.72173891545806E-15
 0.89962545796802E-15
 0.81442099794356E-15
 0.92167805759463E-15
 0.87044336289715E-15
 0.76463502081486E-15
 0.47027587110342E-15
 0.15235420120423E-16
 0.14069967958815E-28
 0.14069967958815E-28
 0.14069967958815E-28
 0.14069967958815E-28
 0.14069967958815E-28
 0.14069967958815E-28
 0.14069967958815E-28
 0.14069967958815E-28
 0.14069967958815E-28
 0.14069967958815E-28
 0.14069967958815E-28
 0.14069967958815E-28
 0.14069967958815E-28
 0.14069967958815E-28
 0.14069967958815E-28
 0.14069967958815E-28
 0.14069967958815E-28
 0.14069967958815E-28
 0.14069967958815E-28
 0.14069967958815E-28
 0.14069967958815E-28
 0.14069967958815E-28
 0.14069967958815E-28
 0.14069967958815E-28
 0.14069967958815E-28
 0.14069967958815E-28
 0.14069967958815E-28
 0.14069967958815E-28
 0.14069967958815E-28
 0.14069967958815E-28
 0.14069967958815E-28
 0.39183148269058E-15
 0.34543011890512E-15
 0.39680643930385E-15
 0.38005173862810E-15
 0.43149261742912E-15
 0.44782436543371E-15
 0.49901504677848E-15
 0.53516883681426E-15
 0.55574626140349E-15
 0.59645770189444E-15
 0.52573654261862E-15
 0.65942976866430E-15
 0.65127637063702E-15
 0.61491333588459E-15
 0.77129767833536E-15
 0.45270495133589E-15
 0.25890550925884E-15
 0.58342545476571E-16
 0.14069967958815E-28
 0.14069967958815E-28
 0.14069967958815E-28
 0.14069967958815E-28
 0.14069967958815E-28
 0.14069967958815E-28
 0.14069967958815E-28
 0.14069967958815E-28
 0.14069967958815E-28
 0.14069967958815E-28
 0.14069967958815E-28
 0.14069967958815E-28
 0.14069967958815E-28
 0.14069967958815E-28
 0.14069967958815E-28
 0.14069967958815E-28
 0.14069967958815E-28
 0.14069967958815E-28
 0.14069967958815E-28
 0.14069967958815E-28
 0.14069967958815E-28
 0.14069967958815E-28
 0.14069967958815E-28
 0.14069967958815E-28
 0.14069967958815E-28
 0.14069967958815E-28
 0.14069967958815E-28
 0.14069967958815E-28
 0.14069967958815E-28
 0.14069967958815E-28
 0.14069967958815E-28
 0.14069967958815E-28
 0.32327003683383E-15
 0.24677969225783E-15
 0.23488193352726E-15
 0.29061123685915E-15
 0.34818316351593E-15
 0.40197257680744E-15
 0.42970264831774E-15
 0.41831653664277E-15
 0.46759342751533E-15
 0.45204083924896E-15
 0.40527862655053E-15
 0.54189457978647E-15
 0.36634352174857E-15
 0.45905335593439E-15
 0.35368556550541E-15
 0.30959739849998E-15
 0.13846809030749E-15
 0.14069967958815E-28
 0.14069967958815E-28
 0.14069967958815E-28
 0.14069967958815E-28
 0.14069967958815E-28
 0.14069967958815E-28
 0.14069967958815E-28
 0.14069967958815E-28
 0.14069967958815E-28
 0.14069967958815E-28
 0.14069967958815E-28
 0.14069967958815E-28
 0.14069967958815E-28
 0.14069967958815E-28
 0.14069967958815E-28
 0.14069967958815E-28
 0.14069967958815E-28
 0.14069967958815E-28
 0.14069967958815E-28
 0.14069967958815E-28
 0.14069967958815E-28
 0.14069967958815E-28
 0.14069967958815E-28
 0.14069967958815E-28
 0.14069967958815E-28
 0.14069967958815E-28
 0.14069967958815E-28
 0.14069967958815E-28
 0.14069967958815E-28
 0.14069967958815E-28
 0.14069967958815E-28
 0.14069967958815E-28
 0.14069967958815E-28
 0.26620936393249E-15
 0.30340370266467E-15
 0.23134396728836E-15
 0.31017973567747E-15
 0.32399206425282E-15
 0.35158169970522E-15
 0.33846660410106E-15
 0.39315568062420E-15
 0.32566434764172E-15
 0.35361205903113E-15
 0.38482965608035E-15
 0.38616604746938E-15
 0.33470526324612E-15
 0.36336831115743E-15
 0.19655496307121E-15
 0.81864634889813E-16
 0.14069967958815E-28
 0.14069967958815E-28
 0.14069967958815E-28
 0.14069967958815E-28
 0.14069967958815E-28
 0.14069967958815E-28
 0.14069967958815E-28
 0.14069967958815E-28
 0.14069967958815E-28
 0.14069967958815E-28
 0.14069967958815E-28
 0.14069967958815E-28
 0.14069967958815E-28
 0.14069967958815E-28
 0.14069967958815E-28
 0.14069967958815E-28
 0.14069967958815E-28
 0.14069967958815E-28
 0.14069967958815E-28
 0.14069967958815E-28
 0.14069967958815E-28
 0.14069967958815E-28
 0.14069967958815E-28
 0.14069967958815E-28
 0.14069967958815E-28
 0.14069967958815E-28
 0.14069967958815E-28
 0.14069967958815E-28
 0.14069967958815E-28
 0.14069967958815E-28
 0.14069967958815E-28
 0.14069967958815E-28
 0.14069967958815E-28
 0.14069967958815E-28
 0.23702561888893E-15
 0.22477321326708E-15
 0.21899016549414E-15
 0.24302997571900E-15
 0.26806714499776E-15
 0.29330343503170E-15
 0.24509703073977E-15
 0.30859300155861E-15
 0.25185854722296E-15
 0.29332138093394E-15
 0.35582950629507E-15
 0.23741816403641E-15
 0.16394496840855E-15
 0.17957782935477E-15
 0.59297129256175E-16
 0.14069967958815E-28
 0.14069967958815E-28
 0.14069967958815E-28
 0.14069967958815E-28
 0.14069967958815E-28
 0.14069967958815E-28
 0.14069967958815E-28
 0.14069967958815E-28
 0.14069967958815E-28
 0.14069967958815E-28
 0.14069967958815E-28
 0.14069967958815E-28
 0.14069967958815E-28
 0.14069967958815E-28
 0.14069967958815E-28
 0.14069967958815E-28
 0.14069967958815E-28
 0.14069967958815E-28
 0.14069967958815E-28
 0.14069967958815E-28
 0.14069967958815E-28
 0.14069967958815E-28
 0.14069967958815E-28
 0.14069967958815E-28
 0.14069967958815E-28
 0.14069967958815E-28
 0.14069967958815E-28
 0.14069967958815E-28
 0.14069967958815E-28
 0.14069967958815E-28
 0.14069967958815E-28
 0.14069967958815E-28
 0.14069967958815E-28
 0.14069967958815E-28
 0.14069967958815E-28
 0.16865504622756E-15
 0.18217711771521E-15
 0.22337258310886E-15
 0.20331418041827E-15
 0.20645834971453E-15
 0.26038025580094E-15
 0.26045466796567E-15
 0.21435183265415E-15
 0.15026748048668E-15
 0.21632738616255E-15
 0.25306764769628E-15
 0.23281477116355E-15
 0.14901662505014E-15
 0.97114169849920E-16
 0.54701597877939E-17
 0.14069967958815E-28
 0.14069967958815E-28
 0.14069967958815E-28
 0.14069967958815E-28
 0.14069967958815E-28
 0.14069967958815E-28
 0.14069967958815E-28
 0.14069967958815E-28
 0.14069967958815E-28
 0.14069967958815E-28
 0.14069967958815E-28
 0.14069967958815E-28
 0.14069967958815E-28
 0.14069967958815E-28
 0.14069967958815E-28
 0.14069967958815E-28
 0.14069967958815E-28
 0.14069967958815E-28
 0.14069967958815E-28
 0.14069967958815E-28
 0.14069967958815E-28
 0.14069967958815E-28
 0.14069967958815E-28
 0.14069967958815E-28
 0.14069967958815E-28
 0.14069967958815E-28
 0.14069967958815E-28
 0.14069967958815E-28
 0.14069967958815E-28
 0.14069967958815E-28
 0.14069967958815E-28
 0.14069967958815E-28
 0.14069967958815E-28
 0.14069967958815E-28
 0.14069967958815E-28
 0.19925028297442E-15
 0.21718875163877E-15
 0.16507970693590E-15
 0.20134458622465E-15
 0.18231531203156E-15
 0.20121273955784E-15
 0.15943819384956E-15
 0.24683340664805E-15
 0.24968035742805E-15
 0.10076840994664E-15
 0.16308162905568E-15
 0.86706955541978E-16
 0.16564886772067E-16
 0.14069967958815E-28
 0.14069967958815E-28
 0.14069967958815E-28
 0.14069967958815E-28
 0.14069967958815E-28
 0.14069967958815E-28
 0.14069967958815E-28
 0.14069967958815E-28
 0.14069967958815E-28
 0.14069967958815E-28
 0.14069967958815E-28
 0.14069967958815E-28
 0.14069967958815E-28
 0.14069967958815E-28
 0.14069967958815E-28
 0.14069967958815E-28
 0.14069967958815E-28
 0.14069967958815E-28
 0.14069967958815E-28
 0.14069967958815E-28
 0.14069967958815E-28
 0.14069967958815E-28
 0.14069967958815E-28
 0.14069967958815E-28
 0.14069967958815E-28
 0.14069967958815E-28
 0.14069967958815E-28
 0.14069967958815E-28
 0.14069967958815E-28
 0.14069967958815E-28
 0.14069967958815E-28
 0.14069967958815E-28
 0.14069967958815E-28
 0.14069967958815E-28
 0.14069967958815E-28
 0.14069967958815E-28
 0.14069967958815E-28
 0.18945462431591E-15
 0.19073601799792E-15
 0.15369037272061E-15
 0.15550864421627E-15
 0.17087099876811E-15
 0.15529600192383E-15
 0.17882114091808E-15
 0.99678799329207E-16
 0.15371718656875E-15
 0.86237421849948E-16
 0.86172519081163E-16
 0.62948319991612E-16
 0.14069967958815E-28
 0.14069967958815E-28
 0.14069967958815E-28
 0.14069967958815E-28
 0.14069967958815E-28
 0.14069967958815E-28
 0.14069967958815E-28
 0.14069967958815E-28
 0.14069967958815E-28
 0.14069967958815E-28
 0.14069967958815E-28
 0.14069967958815E-28
 0.14069967958815E-28
 0.14069967958815E-28
 0.14069967958815E-28
 0.14069967958815E-28
 0.14069967958815E-28
 0.14069967958815E-28
 0.14069967958815E-28
 0.14069967958815E-28
 0.14069967958815E-28
 0.14069967958815E-28
 0.14069967958815E-28
 0.14069967958815E-28
 0.14069967958815E-28
 0.14069967958815E-28
 0.14069967958815E-28
 0.14069967958815E-28
 0.14069967958815E-28
 0.14069967958815E-28
 0.14069967958815E-28
 0.14069967958815E-28
 0.14069967958815E-28
 0.14069967958815E-28
 0.14069967958815E-28
 0.14069967958815E-28
 0.14069967958815E-28
 0.14069967958815E-28
 0.15047395752219E-15
 0.10636606209326E-15
 0.93218445154373E-16
 0.11577653775998E-15
 0.12812688757641E-15
 0.13239045374793E-15
 0.98664679144899E-16
 0.13340828266667E-15
 0.11039639030895E-15
 0.10557632774780E-15
 0.57221498234664E-16
 0.14069967958815E-28
 0.14069967958815E-28
 0.14069967958815E-28
 0.14069967958815E-28
 0.14069967958815E-28
 0.14069967958815E-28
 0.14069967958815E-28
 0.14069967958815E-28
 0.14069967958815E-28
 0.14069967958815E-28
 0.14069967958815E-28
 0.14069967958815E-28
 0.14069967958815E-28
 0.14069967958815E-28
 0.14069967958815E-28
 0.14069967958815E-28
 0.14069967958815E-28
 0.14069967958815E-28
 0.14069967958815E-28
 0.14069967958815E-28
 0.14069967958815E-28
 0.14069967958815E-28
 0.14069967958815E-28
 0.14069967958815E-28
 0.14069967958815E-28
 0.14069967958815E-28
 0.14069967958815E-28
 0.14069967958815E-28
 0.14069967958815E-28
 0.14069967958815E-28
 0.14069967958815E-28
 0.14069967958815E-28
 0.14069967958815E-28
 0.14069967958815E-28
 0.14069967958815E-28
 0.14069967958815E-28
 0.14069967958815E-28
 0.14069967958815E-28
 0.14069967958815E-28
 0.12718297280553E-15
 0.14139195068507E-15
 0.10783226250160E-15
 0.73480347902693E-16
 0.12727223674429E-15
 0.70433999761897E-16
 0.11420128084975E-15
 0.10935923679845E-15
 0.62605618648771E-16
 0.51533044380313E-16
 0.14069967958815E-28
 0.14069967958815E-28
 0.14069967958815E-28
 0.14069967958815E-28
 0.14069967958815E-28
 0.14069967958815E-28
 0.14069967958815E-28
 0.14069967958815E-28
 0.14069967958815E-28
 0.14069967958815E-28
 0.14069967958815E-28
 0.14069967958815E-28
 0.14069967958815E-28
 0.14069967958815E-28
 0.14069967958815E-28
 0.14069967958815E-28
 0.14069967958815E-28
 0.14069967958815E-28
 0.14069967958815E-28
 0.14069967958815E-28
 0.14069967958815E-28
 0.14069967958815E-28
 0.14069967958815E-28
 0.14069967958815E-28
 0.14069967958815E-28
 0.14069967958815E-28
 0.14069967958815E-28
 0.14069967958815E-28
 0.14069967958815E-28
 0.14069967958815E-28
 0.14069967958815E-28
 0.14069967958815E-28
 0.14069967958815E-28
 0.14069967958815E-28
 0.14069967958815E-28
 0.14069967958815E-28
 0.14069967958815E-28
 0.14069967958815E-28
 0.14069967958815E-28
 0.14069967958815E-28
 0.11939959811508E-15
 0.97300868351190E-16
 0.62965844955850E-16
 0.88018622764448E-16
 0.13705941554731E-15
 0.10571325482070E-15
 0.93938183470272E-16
 0.62607080662157E-16
 0.18871965328830E-16
 0.92993427720641E-17
 0.14069967958815E-28
 0.14069967958815E-28
 0.14069967958815E-28
 0.14069967958815E-28
 0.14069967958815E-28
 0.14069967958815E-28
 0.14069967958815E-28
 0.14069967958815E-28
 0.14069967958815E-28
 0.14069967958815E-28
 0.14069967958815E-28
 0.14069967958815E-28
 0.14069967958815E-28
 0.14069967958815E-28
 0.14069967958815E-28
 0.14069967958815E-28
 0.14069967958815E-28
 0.14069967958815E-28
 0.14069967958815E-28
 0.14069967958815E-28
 0.14069967958815E-28
 0.14069967958815E-28
 0.14069967958815E-28
 0.14069967958815E-28
 0.14069967958815E-28
 0.14069967958815E-28
 0.14069967958815E-28
 0.14069967958815E-28
 0.14069967958815E-28
 0.14069967958815E-28
 0.14069967958815E-28
 0.14069967958815E-28
 0.14069967958815E-28
 0.14069967958815E-28
 0.14069967958815E-28
 0.14069967958815E-28
 0.14069967958815E-28
 0.14069967958815E-28
 0.14069967958815E-28
 0.14069967958815E-28
 0.96150456739849E-16
 0.79018228044849E-16
 0.77795500184032E-16
 0.56819432897812E-16
 0.10145009262608E-15
 0.18801987386742E-16
 0.50456197413614E-16
 0.43123183562195E-16
 0.16209053657861E-16
 0.14069967958815E-28
 0.14069967958815E-28
 0.14069967958815E-28
 0.14069967958815E-28
 0.14069967958815E-28
 0.14069967958815E-28
 0.14069967958815E-28
 0.14069967958815E-28
 0.14069967958815E-28
 0.14069967958815E-28
 0.14069967958815E-28
 0.14069967958815E-28
 0.14069967958815E-28
 0.14069967958815E-28
 0.14069967958815E-28
 0.14069967958815E-28
 0.14069967958815E-28
 0.14069967958815E-28
 0.14069967958815E-28
 0.14069967958815E-28
 0.14069967958815E-28
 0.14069967958815E-28
 0.14069967958815E-28
 0.14069967958815E-28
 0.14069967958815E-28
 0.14069967958815E-28
 0.14069967958815E-28
 0.14069967958815E-28
 0.14069967958815E-28
 0.14069967958815E-28
 0.14069967958815E-28
 0.14069967958815E-28
 0.14069967958815E-28
 0.14069967958815E-28
 0.14069967958815E-28
 0.14069967958815E-28
 0.14069967958815E-28
 0.14069967958815E-28
 0.14069967958815E-28
 0.14069967958815E-28
 0.14069967958815E-28
 0.70865795200502E-16
 0.66518343884105E-16
 0.68995364955939E-16
 0.52329794000093E-16
 0.30312170806130E-16
 0.36413298632517E-16
 0.21306534084436E-16
 0.34924560348520E-17
 0.14069967958815E-28
 0.14069967958815E-28
 0.14069967958815E-28
 0.14069967958815E-28
 0.14069967958815E-28
 0.14069967958815E-28
 0.14069967958815E-28
 0.14069967958815E-28
 0.14069967958815E-28
 0.14069967958815E-28
 0.14069967958815E-28
 0.14069967958815E-28
 0.14069967958815E-28
 0.14069967958815E-28
 0.14069967958815E-28
 0.14069967958815E-28
 0.14069967958815E-28
 0.14069967958815E-28
 0.14069967958815E-28
 0.14069967958815E-28
 0.14069967958815E-28
 0.14069967958815E-28
 0.14069967958815E-28
 0.14069967958815E-28
 0.14069967958815E-28
 0.14069967958815E-28
 0.14069967958815E-28
 0.14069967958815E-28
 0.14069967958815E-28
 0.14069967958815E-28
 0.14069967958815E-28
 0.14069967958815E-28
 0.14069967958815E-28
 0.14069967958815E-28
 0.14069967958815E-28
 0.14069967958815E-28
 0.14069967958815E-28
 0.14069967958815E-28
 0.14069967958815E-28
 0.14069967958815E-28
 0.14069967958815E-28
 0.14069967958815E-28
  
