           1
          80
  
  0.1000000000000E+00   0.3368546211680E-26
  0.1530906000000E+00   0.3371394857144E-24
  0.2343673000000E+00   0.5992654514072E-23
  0.3587943000000E+00   0.3489009553872E-22
  0.5492803000000E+00   0.1011722607045E-21
  0.8408964000000E+00   0.1935485990970E-21
  0.1287333000000E+01   0.2907272198725E-21
  0.1970786000000E+01   0.3792342211786E-21
  0.3017088000000E+01   0.4548507184253E-21
  0.4618878000000E+01   0.5183521216745E-21
  0.7071068000000E+01   0.5722434648542E-21
  0.1082514000000E+02   0.6191935506253E-21
  0.1657227000000E+02   0.6614737095206E-21
  0.2537059000000E+02   0.7008466482670E-21
  0.3883998000000E+02   0.7386206698763E-21
  0.5946036000000E+02   0.7757466095421E-21
  0.9102821000000E+02   0.8129105620923E-21
  0.1393556000000E+03   0.8506093907620E-21
  0.2133404000000E+03   0.8892074472195E-21
  0.3266040000000E+03   0.9289771607369E-21
  0.5000000000000E+03   0.9701276786070E-21
  0.6012748000000E+03   0.9884214316464E-21
  0.7230628000000E+03   0.1007016467862E-20
  0.8695189000000E+03   0.1025922653999E-20
  0.1045640000000E+04   0.1045148569016E-20
  0.1257433000000E+04   0.1064701033710E-20
  0.1512126000000E+04   0.1084585283267E-20
  0.1818407000000E+04   0.1104802479028E-20
  0.2186724000000E+04   0.1125344159121E-20
  0.2629644000000E+04   0.1146209636637E-20
  0.3162278000000E+04   0.1167380644884E-20
  0.3802796000000E+04   0.1188827504250E-20
  0.4573051000000E+04   0.1210502465717E-20
  0.5499320000000E+04   0.1232328610559E-20
  0.6613205000000E+04   0.1254187764644E-20
  0.7952707000000E+04   0.1275898920619E-20
  0.9563525000000E+04   0.1297189490912E-20
  0.1150061000000E+05   0.1317652195066E-20
  0.1383006000000E+05   0.1336684935489E-20
  0.1663133000000E+05   0.1353408428652E-20
  0.2000000000000E+05   0.1366560331477E-20
  0.2070530000000E+05   0.1368498695551E-20
  0.2143547000000E+05   0.1370236246418E-20
  0.2219139000000E+05   0.1371758126357E-20
  0.2297397000000E+05   0.1373048658542E-20
  0.2378414000000E+05   0.1374091294037E-20
  0.2462289000000E+05   0.1374868645812E-20
  0.2549121000000E+05   0.1375362438968E-20
  0.2639016000000E+05   0.1375553534866E-20
  0.2732081000000E+05   0.1375421944663E-20
  0.2828427000000E+05   0.1374946839566E-20
  0.2928171000000E+05   0.1374106574986E-20
  0.3031433000000E+05   0.1372878760871E-20
  0.3138336000000E+05   0.1371240305798E-20
  0.3249010000000E+05   0.1369167460222E-20
  0.3363586000000E+05   0.1366636014932E-20
  0.3482202000000E+05   0.1363621316570E-20
  0.3605002000000E+05   0.1360098405564E-20
  0.3732132000000E+05   0.1356042275682E-20
  0.3863745000000E+05   0.1351427993602E-20
  0.4000000000000E+05   0.1346230883380E-20
  0.4447499000000E+05   0.1326461028698E-20
  0.4945062000000E+05   0.1300391033938E-20
  0.5498289000000E+05   0.1267558086711E-20
  0.6113408000000E+05   0.1227760631540E-20
  0.6797344000000E+05   0.1181152890139E-20
  0.7557795000000E+05   0.1128307629049E-20
  0.8403322000000E+05   0.1070213974906E-20
  0.9343441000000E+05   0.1008189036739E-20
  0.1038874000000E+06   0.9437087285701E-21
  0.1155097000000E+06   0.8782068100253E-21
  0.1284323000000E+06   0.8129046076337E-21
  0.1428007000000E+06   0.7487357573104E-21
  0.1587765000000E+06   0.6863603454052E-21
  0.1765395000000E+06   0.6262285879674E-21
  0.1962898000000E+06   0.5686496265503E-21
  0.2182497000000E+06   0.5138425821696E-21
  0.2426663000000E+06   0.4619664436673E-21
  0.2698146000000E+06   0.4131365498986E-21
  0.3000000000000E+06   0.3674348194449E-21
